[2024-10-26T19:21:35.648+0000] {local_task_job_runner.py:123} INFO - ::group::Pre task execution logs
[2024-10-26T19:21:35.674+0000] {taskinstance.py:2612} INFO - Dependencies all met for dep_context=non-requeueable deps ti=<TaskInstance: fetch_and_store_amazon_books.fetch_book_data scheduled__2024-07-01T00:00:00+00:00 [queued]>
[2024-10-26T19:21:35.692+0000] {taskinstance.py:2612} INFO - Dependencies all met for dep_context=requeueable deps ti=<TaskInstance: fetch_and_store_amazon_books.fetch_book_data scheduled__2024-07-01T00:00:00+00:00 [queued]>
[2024-10-26T19:21:35.693+0000] {taskinstance.py:2865} INFO - Starting attempt 1 of 2
[2024-10-26T19:21:35.722+0000] {taskinstance.py:2888} INFO - Executing <Task(PythonOperator): fetch_book_data> on 2024-07-01 00:00:00+00:00
[2024-10-26T19:21:35.740+0000] {warnings.py:112} WARNING - /home/***/.local/lib/python3.12/site-packages/***/task/task_runner/standard_task_runner.py:70: DeprecationWarning: This process (pid=552) is multi-threaded, use of fork() may lead to deadlocks in the child.
  pid = os.fork()

[2024-10-26T19:21:35.743+0000] {standard_task_runner.py:72} INFO - Started process 597 to run task
[2024-10-26T19:21:35.744+0000] {standard_task_runner.py:104} INFO - Running: ['***', 'tasks', 'run', 'fetch_and_store_amazon_books', 'fetch_book_data', 'scheduled__2024-07-01T00:00:00+00:00', '--job-id', '35', '--raw', '--subdir', 'DAGS_FOLDER/dag.py', '--cfg-path', '/tmp/tmpre5mpjjy']
[2024-10-26T19:21:35.747+0000] {standard_task_runner.py:105} INFO - Job 35: Subtask fetch_book_data
[2024-10-26T19:21:35.829+0000] {task_command.py:467} INFO - Running <TaskInstance: fetch_and_store_amazon_books.fetch_book_data scheduled__2024-07-01T00:00:00+00:00 [running]> on host f1b284c02f67
[2024-10-26T19:21:35.972+0000] {taskinstance.py:3131} INFO - Exporting env vars: AIRFLOW_CTX_DAG_OWNER='***' AIRFLOW_CTX_DAG_ID='fetch_and_store_amazon_books' AIRFLOW_CTX_TASK_ID='fetch_book_data' AIRFLOW_CTX_EXECUTION_DATE='2024-07-01T00:00:00+00:00' AIRFLOW_CTX_TRY_NUMBER='1' AIRFLOW_CTX_DAG_RUN_ID='scheduled__2024-07-01T00:00:00+00:00'
[2024-10-26T19:21:35.974+0000] {logging_mixin.py:190} INFO - Task instance is in running state
[2024-10-26T19:21:35.975+0000] {logging_mixin.py:190} INFO -  Previous state of the Task instance: queued
[2024-10-26T19:21:35.976+0000] {logging_mixin.py:190} INFO - Current task name:fetch_book_data state:running start_date:2024-10-26 19:21:35.675522+00:00
[2024-10-26T19:21:35.976+0000] {logging_mixin.py:190} INFO - Dag name:fetch_and_store_amazon_books and current dag run status:running
[2024-10-26T19:21:35.977+0000] {taskinstance.py:731} INFO - ::endgroup::
[2024-10-26T19:21:36.121+0000] {logging_mixin.py:190} INFO - Failed to retrieve the page
[2024-10-26T19:21:36.154+0000] {python.py:240} INFO - Done. Returned value was: None
[2024-10-26T19:21:36.171+0000] {taskinstance.py:340} INFO - ::group::Post task execution logs
[2024-10-26T19:21:36.173+0000] {taskinstance.py:352} INFO - Marking task as SUCCESS. dag_id=fetch_and_store_amazon_books, task_id=fetch_book_data, run_id=scheduled__2024-07-01T00:00:00+00:00, execution_date=20240701T000000, start_date=20241026T192135, end_date=20241026T192136
[2024-10-26T19:21:36.197+0000] {logging_mixin.py:190} INFO - Task instance in success state
[2024-10-26T19:21:36.198+0000] {logging_mixin.py:190} INFO -  Previous state of the Task instance: running
[2024-10-26T19:21:36.199+0000] {logging_mixin.py:190} INFO - Dag name:fetch_and_store_amazon_books queued_at:2024-10-26 19:21:30.625720+00:00
[2024-10-26T19:21:36.200+0000] {logging_mixin.py:190} INFO - Task hostname:f1b284c02f67 operator:PythonOperator
[2024-10-26T19:21:36.244+0000] {local_task_job_runner.py:266} INFO - Task exited with return code 0
[2024-10-26T19:21:36.260+0000] {warnings.py:112} WARNING - /home/***/.local/lib/python3.12/site-packages/***/models/baseoperator.py:1378: AirflowProviderDeprecationWarning: Call to deprecated class PostgresOperator. (Please use `***.providers.common.sql.operators.sql.SQLExecuteQueryOperator`.Also, you can provide `hook_params={'schema': <database>}`.)
  result = cls.__new__(cls)

[2024-10-26T19:21:36.295+0000] {taskinstance.py:3900} INFO - 1 downstream tasks scheduled from follow-on schedule check
[2024-10-26T19:21:36.297+0000] {local_task_job_runner.py:245} INFO - ::endgroup::
[2024-10-26T19:24:04.252+0000] {local_task_job_runner.py:123} INFO - ::group::Pre task execution logs
[2024-10-26T19:24:04.277+0000] {taskinstance.py:2612} INFO - Dependencies all met for dep_context=non-requeueable deps ti=<TaskInstance: fetch_and_store_amazon_books.fetch_book_data scheduled__2024-07-01T00:00:00+00:00 [queued]>
[2024-10-26T19:24:04.291+0000] {taskinstance.py:2612} INFO - Dependencies all met for dep_context=requeueable deps ti=<TaskInstance: fetch_and_store_amazon_books.fetch_book_data scheduled__2024-07-01T00:00:00+00:00 [queued]>
[2024-10-26T19:24:04.292+0000] {taskinstance.py:2865} INFO - Starting attempt 1 of 2
[2024-10-26T19:24:04.313+0000] {taskinstance.py:2888} INFO - Executing <Task(PythonOperator): fetch_book_data> on 2024-07-01 00:00:00+00:00
[2024-10-26T19:24:04.323+0000] {warnings.py:112} WARNING - /home/***/.local/lib/python3.12/site-packages/***/task/task_runner/standard_task_runner.py:70: DeprecationWarning: This process (pid=780) is multi-threaded, use of fork() may lead to deadlocks in the child.
  pid = os.fork()

[2024-10-26T19:24:04.325+0000] {standard_task_runner.py:72} INFO - Started process 826 to run task
[2024-10-26T19:24:04.325+0000] {standard_task_runner.py:104} INFO - Running: ['***', 'tasks', 'run', 'fetch_and_store_amazon_books', 'fetch_book_data', 'scheduled__2024-07-01T00:00:00+00:00', '--job-id', '82', '--raw', '--subdir', 'DAGS_FOLDER/dag.py', '--cfg-path', '/tmp/tmphami26fb']
[2024-10-26T19:24:04.327+0000] {standard_task_runner.py:105} INFO - Job 82: Subtask fetch_book_data
[2024-10-26T19:24:04.399+0000] {task_command.py:467} INFO - Running <TaskInstance: fetch_and_store_amazon_books.fetch_book_data scheduled__2024-07-01T00:00:00+00:00 [running]> on host f1b284c02f67
[2024-10-26T19:24:04.533+0000] {taskinstance.py:3131} INFO - Exporting env vars: AIRFLOW_CTX_DAG_OWNER='***' AIRFLOW_CTX_DAG_ID='fetch_and_store_amazon_books' AIRFLOW_CTX_TASK_ID='fetch_book_data' AIRFLOW_CTX_EXECUTION_DATE='2024-07-01T00:00:00+00:00' AIRFLOW_CTX_TRY_NUMBER='1' AIRFLOW_CTX_DAG_RUN_ID='scheduled__2024-07-01T00:00:00+00:00'
[2024-10-26T19:24:04.536+0000] {logging_mixin.py:190} INFO - Task instance is in running state
[2024-10-26T19:24:04.537+0000] {logging_mixin.py:190} INFO -  Previous state of the Task instance: queued
[2024-10-26T19:24:04.539+0000] {logging_mixin.py:190} INFO - Current task name:fetch_book_data state:running start_date:2024-10-26 19:24:04.278620+00:00
[2024-10-26T19:24:04.540+0000] {logging_mixin.py:190} INFO - Dag name:fetch_and_store_amazon_books and current dag run status:running
[2024-10-26T19:24:04.541+0000] {taskinstance.py:731} INFO - ::endgroup::
[2024-10-26T19:24:04.678+0000] {logging_mixin.py:190} INFO - Failed to retrieve the page
[2024-10-26T19:24:04.721+0000] {logging_mixin.py:190} INFO - --> <TaskInstance: fetch_and_store_amazon_books.fetch_book_data scheduled__2024-07-01T00:00:00+00:00 [running]>
[2024-10-26T19:24:04.724+0000] {python.py:240} INFO - Done. Returned value was: None
[2024-10-26T19:24:04.754+0000] {taskinstance.py:340} INFO - ::group::Post task execution logs
[2024-10-26T19:24:04.755+0000] {taskinstance.py:352} INFO - Marking task as SUCCESS. dag_id=fetch_and_store_amazon_books, task_id=fetch_book_data, run_id=scheduled__2024-07-01T00:00:00+00:00, execution_date=20240701T000000, start_date=20241026T192404, end_date=20241026T192404
[2024-10-26T19:24:04.781+0000] {logging_mixin.py:190} INFO - Task instance in success state
[2024-10-26T19:24:04.782+0000] {logging_mixin.py:190} INFO -  Previous state of the Task instance: running
[2024-10-26T19:24:04.783+0000] {logging_mixin.py:190} INFO - Dag name:fetch_and_store_amazon_books queued_at:2024-10-26 19:24:01.808220+00:00
[2024-10-26T19:24:04.783+0000] {logging_mixin.py:190} INFO - Task hostname:f1b284c02f67 operator:PythonOperator
[2024-10-26T19:24:04.824+0000] {local_task_job_runner.py:266} INFO - Task exited with return code 0
[2024-10-26T19:24:04.846+0000] {warnings.py:112} WARNING - /home/***/.local/lib/python3.12/site-packages/***/models/baseoperator.py:1378: AirflowProviderDeprecationWarning: Call to deprecated class PostgresOperator. (Please use `***.providers.common.sql.operators.sql.SQLExecuteQueryOperator`.Also, you can provide `hook_params={'schema': <database>}`.)
  result = cls.__new__(cls)

[2024-10-26T19:24:04.883+0000] {taskinstance.py:3900} INFO - 1 downstream tasks scheduled from follow-on schedule check
[2024-10-26T19:24:04.886+0000] {local_task_job_runner.py:245} INFO - ::endgroup::
[2024-10-26T19:29:05.379+0000] {local_task_job_runner.py:123} INFO - ::group::Pre task execution logs
[2024-10-26T19:29:05.403+0000] {taskinstance.py:2612} INFO - Dependencies all met for dep_context=non-requeueable deps ti=<TaskInstance: fetch_and_store_amazon_books.fetch_book_data scheduled__2024-07-01T00:00:00+00:00 [queued]>
[2024-10-26T19:29:05.415+0000] {taskinstance.py:2612} INFO - Dependencies all met for dep_context=requeueable deps ti=<TaskInstance: fetch_and_store_amazon_books.fetch_book_data scheduled__2024-07-01T00:00:00+00:00 [queued]>
[2024-10-26T19:29:05.415+0000] {taskinstance.py:2865} INFO - Starting attempt 1 of 2
[2024-10-26T19:29:05.575+0000] {taskinstance.py:2888} INFO - Executing <Task(PythonOperator): fetch_book_data> on 2024-07-01 00:00:00+00:00
[2024-10-26T19:29:05.586+0000] {warnings.py:112} WARNING - /home/***/.local/lib/python3.12/site-packages/***/task/task_runner/standard_task_runner.py:70: DeprecationWarning: This process (pid=1068) is multi-threaded, use of fork() may lead to deadlocks in the child.
  pid = os.fork()

[2024-10-26T19:29:05.589+0000] {standard_task_runner.py:72} INFO - Started process 1110 to run task
[2024-10-26T19:29:05.589+0000] {standard_task_runner.py:104} INFO - Running: ['***', 'tasks', 'run', 'fetch_and_store_amazon_books', 'fetch_book_data', 'scheduled__2024-07-01T00:00:00+00:00', '--job-id', '137', '--raw', '--subdir', 'DAGS_FOLDER/dag.py', '--cfg-path', '/tmp/tmp9bc565w3']
[2024-10-26T19:29:05.591+0000] {standard_task_runner.py:105} INFO - Job 137: Subtask fetch_book_data
[2024-10-26T19:29:05.707+0000] {task_command.py:467} INFO - Running <TaskInstance: fetch_and_store_amazon_books.fetch_book_data scheduled__2024-07-01T00:00:00+00:00 [running]> on host f1b284c02f67
[2024-10-26T19:29:05.819+0000] {taskinstance.py:3131} INFO - Exporting env vars: AIRFLOW_CTX_DAG_OWNER='***' AIRFLOW_CTX_DAG_ID='fetch_and_store_amazon_books' AIRFLOW_CTX_TASK_ID='fetch_book_data' AIRFLOW_CTX_EXECUTION_DATE='2024-07-01T00:00:00+00:00' AIRFLOW_CTX_TRY_NUMBER='1' AIRFLOW_CTX_DAG_RUN_ID='scheduled__2024-07-01T00:00:00+00:00'
[2024-10-26T19:29:05.821+0000] {logging_mixin.py:190} INFO - Task instance is in running state
[2024-10-26T19:29:05.821+0000] {logging_mixin.py:190} INFO -  Previous state of the Task instance: queued
[2024-10-26T19:29:05.822+0000] {logging_mixin.py:190} INFO - Current task name:fetch_book_data state:running start_date:2024-10-26 19:29:05.404328+00:00
[2024-10-26T19:29:05.823+0000] {logging_mixin.py:190} INFO - Dag name:fetch_and_store_amazon_books and current dag run status:running
[2024-10-26T19:29:05.823+0000] {taskinstance.py:731} INFO - ::endgroup::
[2024-10-26T19:29:05.930+0000] {logging_mixin.py:190} INFO - Failed to retrieve the page
[2024-10-26T19:29:05.961+0000] {logging_mixin.py:190} INFO - --> <TaskInstance: fetch_and_store_amazon_books.fetch_book_data scheduled__2024-07-01T00:00:00+00:00 [running]>
[2024-10-26T19:29:05.962+0000] {python.py:240} INFO - Done. Returned value was: None
[2024-10-26T19:29:05.979+0000] {taskinstance.py:340} INFO - ::group::Post task execution logs
[2024-10-26T19:29:05.980+0000] {taskinstance.py:352} INFO - Marking task as SUCCESS. dag_id=fetch_and_store_amazon_books, task_id=fetch_book_data, run_id=scheduled__2024-07-01T00:00:00+00:00, execution_date=20240701T000000, start_date=20241026T192905, end_date=20241026T192905
[2024-10-26T19:29:06.165+0000] {logging_mixin.py:190} INFO - Task instance in success state
[2024-10-26T19:29:06.166+0000] {logging_mixin.py:190} INFO -  Previous state of the Task instance: running
[2024-10-26T19:29:06.167+0000] {logging_mixin.py:190} INFO - Dag name:fetch_and_store_amazon_books queued_at:2024-10-26 19:29:03.326924+00:00
[2024-10-26T19:29:06.167+0000] {logging_mixin.py:190} INFO - Task hostname:f1b284c02f67 operator:PythonOperator
[2024-10-26T19:29:06.209+0000] {local_task_job_runner.py:266} INFO - Task exited with return code 0
[2024-10-26T19:29:06.230+0000] {warnings.py:112} WARNING - /home/***/.local/lib/python3.12/site-packages/***/models/baseoperator.py:1378: AirflowProviderDeprecationWarning: Call to deprecated class PostgresOperator. (Please use `***.providers.common.sql.operators.sql.SQLExecuteQueryOperator`.Also, you can provide `hook_params={'schema': <database>}`.)
  result = cls.__new__(cls)

[2024-10-26T19:29:06.253+0000] {taskinstance.py:3900} INFO - 1 downstream tasks scheduled from follow-on schedule check
[2024-10-26T19:29:06.256+0000] {local_task_job_runner.py:245} INFO - ::endgroup::
