[2024-10-26T19:34:22.630+0000] {local_task_job_runner.py:123} INFO - ::group::Pre task execution logs
[2024-10-26T19:34:22.655+0000] {taskinstance.py:2612} INFO - Dependencies all met for dep_context=non-requeueable deps ti=<TaskInstance: fetch_and_store_amazon_books.create_table scheduled__2024-07-10T00:00:00+00:00 [queued]>
[2024-10-26T19:34:22.667+0000] {taskinstance.py:2612} INFO - Dependencies all met for dep_context=requeueable deps ti=<TaskInstance: fetch_and_store_amazon_books.create_table scheduled__2024-07-10T00:00:00+00:00 [queued]>
[2024-10-26T19:34:22.668+0000] {taskinstance.py:2865} INFO - Starting attempt 1 of 2
[2024-10-26T19:34:22.685+0000] {taskinstance.py:2888} INFO - Executing <Task(PostgresOperator): create_table> on 2024-07-10 00:00:00+00:00
[2024-10-26T19:34:22.696+0000] {warnings.py:112} WARNING - /home/***/.local/lib/python3.12/site-packages/***/task/task_runner/standard_task_runner.py:70: DeprecationWarning: This process (pid=1426) is multi-threaded, use of fork() may lead to deadlocks in the child.
  pid = os.fork()

[2024-10-26T19:34:22.698+0000] {standard_task_runner.py:72} INFO - Started process 1478 to run task
[2024-10-26T19:34:22.699+0000] {standard_task_runner.py:104} INFO - Running: ['***', 'tasks', 'run', 'fetch_and_store_amazon_books', 'create_table', 'scheduled__2024-07-10T00:00:00+00:00', '--job-id', '212', '--raw', '--subdir', 'DAGS_FOLDER/dag.py', '--cfg-path', '/tmp/tmpprvo9g_1']
[2024-10-26T19:34:22.700+0000] {standard_task_runner.py:105} INFO - Job 212: Subtask create_table
[2024-10-26T19:34:22.765+0000] {task_command.py:467} INFO - Running <TaskInstance: fetch_and_store_amazon_books.create_table scheduled__2024-07-10T00:00:00+00:00 [running]> on host f1b284c02f67
[2024-10-26T19:34:22.896+0000] {taskinstance.py:3131} INFO - Exporting env vars: AIRFLOW_CTX_DAG_OWNER='***' AIRFLOW_CTX_DAG_ID='fetch_and_store_amazon_books' AIRFLOW_CTX_TASK_ID='create_table' AIRFLOW_CTX_EXECUTION_DATE='2024-07-10T00:00:00+00:00' AIRFLOW_CTX_TRY_NUMBER='1' AIRFLOW_CTX_DAG_RUN_ID='scheduled__2024-07-10T00:00:00+00:00'
[2024-10-26T19:34:22.900+0000] {logging_mixin.py:190} INFO - Task instance is in running state
[2024-10-26T19:34:22.900+0000] {logging_mixin.py:190} INFO -  Previous state of the Task instance: queued
[2024-10-26T19:34:22.902+0000] {logging_mixin.py:190} INFO - Current task name:create_table state:running start_date:2024-10-26 19:34:22.656348+00:00
[2024-10-26T19:34:22.903+0000] {logging_mixin.py:190} INFO - Dag name:fetch_and_store_amazon_books and current dag run status:running
[2024-10-26T19:34:22.904+0000] {taskinstance.py:731} INFO - ::endgroup::
[2024-10-26T19:34:22.905+0000] {sql.py:266} INFO - Executing: 
    CREATE TABLE IF NOT EXISTS books (
        id SERIAL PRIMARY KEY,
        title TEXT NOT NULL,
        authors TEXT,
        price TEXT,
        rating TEXT
    );
    
[2024-10-26T19:34:22.917+0000] {base.py:84} INFO - Retrieving connection 'books_connection'
[2024-10-26T19:34:22.929+0000] {base.py:84} INFO - Retrieving connection 'books_connection'
[2024-10-26T19:34:22.934+0000] {sql.py:509} INFO - Running statement: 
    CREATE TABLE IF NOT EXISTS books (
        id SERIAL PRIMARY KEY,
        title TEXT NOT NULL,
        authors TEXT,
        price TEXT,
        rating TEXT
    );
    , parameters: None
[2024-10-26T19:34:22.951+0000] {taskinstance.py:340} INFO - ::group::Post task execution logs
[2024-10-26T19:34:22.952+0000] {taskinstance.py:352} INFO - Marking task as SUCCESS. dag_id=fetch_and_store_amazon_books, task_id=create_table, run_id=scheduled__2024-07-10T00:00:00+00:00, execution_date=20240710T000000, start_date=20241026T193422, end_date=20241026T193422
[2024-10-26T19:34:22.967+0000] {logging_mixin.py:190} INFO - Task instance in success state
[2024-10-26T19:34:22.969+0000] {logging_mixin.py:190} INFO -  Previous state of the Task instance: running
[2024-10-26T19:34:22.970+0000] {logging_mixin.py:190} INFO - Dag name:fetch_and_store_amazon_books queued_at:2024-10-26 19:34:17.429600+00:00
[2024-10-26T19:34:22.971+0000] {logging_mixin.py:190} INFO - Task hostname:f1b284c02f67 operator:PostgresOperator
[2024-10-26T19:34:23.002+0000] {local_task_job_runner.py:266} INFO - Task exited with return code 0
[2024-10-26T19:34:23.016+0000] {local_task_job_runner.py:245} INFO - ::endgroup::
