[2024-10-26T19:21:33.963+0000] {local_task_job_runner.py:123} INFO - ::group::Pre task execution logs
[2024-10-26T19:21:34.001+0000] {taskinstance.py:2612} INFO - Dependencies all met for dep_context=non-requeueable deps ti=<TaskInstance: fetch_and_store_amazon_books.fetch_book_data scheduled__2024-06-26T00:00:00+00:00 [queued]>
[2024-10-26T19:21:34.024+0000] {taskinstance.py:2612} INFO - Dependencies all met for dep_context=requeueable deps ti=<TaskInstance: fetch_and_store_amazon_books.fetch_book_data scheduled__2024-06-26T00:00:00+00:00 [queued]>
[2024-10-26T19:21:34.030+0000] {taskinstance.py:2865} INFO - Starting attempt 1 of 2
[2024-10-26T19:21:34.074+0000] {taskinstance.py:2888} INFO - Executing <Task(PythonOperator): fetch_book_data> on 2024-06-26 00:00:00+00:00
[2024-10-26T19:21:34.096+0000] {warnings.py:112} WARNING - /home/***/.local/lib/python3.12/site-packages/***/task/task_runner/standard_task_runner.py:70: DeprecationWarning: This process (pid=540) is multi-threaded, use of fork() may lead to deadlocks in the child.
  pid = os.fork()

[2024-10-26T19:21:34.109+0000] {standard_task_runner.py:72} INFO - Started process 574 to run task
[2024-10-26T19:21:34.117+0000] {standard_task_runner.py:104} INFO - Running: ['***', 'tasks', 'run', 'fetch_and_store_amazon_books', 'fetch_book_data', 'scheduled__2024-06-26T00:00:00+00:00', '--job-id', '29', '--raw', '--subdir', 'DAGS_FOLDER/dag.py', '--cfg-path', '/tmp/tmpk_5ay4vv']
[2024-10-26T19:21:34.119+0000] {standard_task_runner.py:105} INFO - Job 29: Subtask fetch_book_data
[2024-10-26T19:21:34.373+0000] {task_command.py:467} INFO - Running <TaskInstance: fetch_and_store_amazon_books.fetch_book_data scheduled__2024-06-26T00:00:00+00:00 [running]> on host f1b284c02f67
[2024-10-26T19:21:34.521+0000] {taskinstance.py:3131} INFO - Exporting env vars: AIRFLOW_CTX_DAG_OWNER='***' AIRFLOW_CTX_DAG_ID='fetch_and_store_amazon_books' AIRFLOW_CTX_TASK_ID='fetch_book_data' AIRFLOW_CTX_EXECUTION_DATE='2024-06-26T00:00:00+00:00' AIRFLOW_CTX_TRY_NUMBER='1' AIRFLOW_CTX_DAG_RUN_ID='scheduled__2024-06-26T00:00:00+00:00'
[2024-10-26T19:21:34.523+0000] {logging_mixin.py:190} INFO - Task instance is in running state
[2024-10-26T19:21:34.525+0000] {logging_mixin.py:190} INFO -  Previous state of the Task instance: queued
[2024-10-26T19:21:34.528+0000] {logging_mixin.py:190} INFO - Current task name:fetch_book_data state:running start_date:2024-10-26 19:21:34.003791+00:00
[2024-10-26T19:21:34.529+0000] {logging_mixin.py:190} INFO - Dag name:fetch_and_store_amazon_books and current dag run status:running
[2024-10-26T19:21:34.531+0000] {taskinstance.py:731} INFO - ::endgroup::
[2024-10-26T19:21:34.663+0000] {logging_mixin.py:190} INFO - Failed to retrieve the page
[2024-10-26T19:21:34.691+0000] {python.py:240} INFO - Done. Returned value was: None
[2024-10-26T19:21:34.707+0000] {taskinstance.py:340} INFO - ::group::Post task execution logs
[2024-10-26T19:21:34.708+0000] {taskinstance.py:352} INFO - Marking task as SUCCESS. dag_id=fetch_and_store_amazon_books, task_id=fetch_book_data, run_id=scheduled__2024-06-26T00:00:00+00:00, execution_date=20240626T000000, start_date=20241026T192134, end_date=20241026T192134
[2024-10-26T19:21:34.730+0000] {logging_mixin.py:190} INFO - Task instance in success state
[2024-10-26T19:21:34.732+0000] {logging_mixin.py:190} INFO -  Previous state of the Task instance: running
[2024-10-26T19:21:34.733+0000] {logging_mixin.py:190} INFO - Dag name:fetch_and_store_amazon_books queued_at:2024-10-26 19:21:29.426323+00:00
[2024-10-26T19:21:34.735+0000] {logging_mixin.py:190} INFO - Task hostname:f1b284c02f67 operator:PythonOperator
[2024-10-26T19:21:34.793+0000] {local_task_job_runner.py:266} INFO - Task exited with return code 0
[2024-10-26T19:21:34.811+0000] {warnings.py:112} WARNING - /home/***/.local/lib/python3.12/site-packages/***/models/baseoperator.py:1378: AirflowProviderDeprecationWarning: Call to deprecated class PostgresOperator. (Please use `***.providers.common.sql.operators.sql.SQLExecuteQueryOperator`.Also, you can provide `hook_params={'schema': <database>}`.)
  result = cls.__new__(cls)

[2024-10-26T19:21:34.843+0000] {taskinstance.py:3900} INFO - 1 downstream tasks scheduled from follow-on schedule check
[2024-10-26T19:21:34.847+0000] {local_task_job_runner.py:245} INFO - ::endgroup::
[2024-10-26T19:24:02.969+0000] {local_task_job_runner.py:123} INFO - ::group::Pre task execution logs
[2024-10-26T19:24:02.996+0000] {taskinstance.py:2612} INFO - Dependencies all met for dep_context=non-requeueable deps ti=<TaskInstance: fetch_and_store_amazon_books.fetch_book_data scheduled__2024-06-26T00:00:00+00:00 [queued]>
[2024-10-26T19:24:03.008+0000] {taskinstance.py:2612} INFO - Dependencies all met for dep_context=requeueable deps ti=<TaskInstance: fetch_and_store_amazon_books.fetch_book_data scheduled__2024-06-26T00:00:00+00:00 [queued]>
[2024-10-26T19:24:03.009+0000] {taskinstance.py:2865} INFO - Starting attempt 1 of 2
[2024-10-26T19:24:03.026+0000] {taskinstance.py:2888} INFO - Executing <Task(PythonOperator): fetch_book_data> on 2024-06-26 00:00:00+00:00
[2024-10-26T19:24:03.036+0000] {warnings.py:112} WARNING - /home/***/.local/lib/python3.12/site-packages/***/task/task_runner/standard_task_runner.py:70: DeprecationWarning: This process (pid=766) is multi-threaded, use of fork() may lead to deadlocks in the child.
  pid = os.fork()

[2024-10-26T19:24:03.038+0000] {standard_task_runner.py:72} INFO - Started process 798 to run task
[2024-10-26T19:24:03.040+0000] {standard_task_runner.py:104} INFO - Running: ['***', 'tasks', 'run', 'fetch_and_store_amazon_books', 'fetch_book_data', 'scheduled__2024-06-26T00:00:00+00:00', '--job-id', '77', '--raw', '--subdir', 'DAGS_FOLDER/dag.py', '--cfg-path', '/tmp/tmpkx1j6_96']
[2024-10-26T19:24:03.042+0000] {standard_task_runner.py:105} INFO - Job 77: Subtask fetch_book_data
[2024-10-26T19:24:03.111+0000] {task_command.py:467} INFO - Running <TaskInstance: fetch_and_store_amazon_books.fetch_book_data scheduled__2024-06-26T00:00:00+00:00 [running]> on host f1b284c02f67
[2024-10-26T19:24:03.237+0000] {taskinstance.py:3131} INFO - Exporting env vars: AIRFLOW_CTX_DAG_OWNER='***' AIRFLOW_CTX_DAG_ID='fetch_and_store_amazon_books' AIRFLOW_CTX_TASK_ID='fetch_book_data' AIRFLOW_CTX_EXECUTION_DATE='2024-06-26T00:00:00+00:00' AIRFLOW_CTX_TRY_NUMBER='1' AIRFLOW_CTX_DAG_RUN_ID='scheduled__2024-06-26T00:00:00+00:00'
[2024-10-26T19:24:03.241+0000] {logging_mixin.py:190} INFO - Task instance is in running state
[2024-10-26T19:24:03.241+0000] {logging_mixin.py:190} INFO -  Previous state of the Task instance: queued
[2024-10-26T19:24:03.242+0000] {logging_mixin.py:190} INFO - Current task name:fetch_book_data state:running start_date:2024-10-26 19:24:02.997775+00:00
[2024-10-26T19:24:03.243+0000] {logging_mixin.py:190} INFO - Dag name:fetch_and_store_amazon_books and current dag run status:running
[2024-10-26T19:24:03.243+0000] {taskinstance.py:731} INFO - ::endgroup::
[2024-10-26T19:24:03.382+0000] {logging_mixin.py:190} INFO - Failed to retrieve the page
[2024-10-26T19:24:03.406+0000] {logging_mixin.py:190} INFO - --> <TaskInstance: fetch_and_store_amazon_books.fetch_book_data scheduled__2024-06-26T00:00:00+00:00 [running]>
[2024-10-26T19:24:03.408+0000] {python.py:240} INFO - Done. Returned value was: None
[2024-10-26T19:24:03.420+0000] {taskinstance.py:340} INFO - ::group::Post task execution logs
[2024-10-26T19:24:03.421+0000] {taskinstance.py:352} INFO - Marking task as SUCCESS. dag_id=fetch_and_store_amazon_books, task_id=fetch_book_data, run_id=scheduled__2024-06-26T00:00:00+00:00, execution_date=20240626T000000, start_date=20241026T192402, end_date=20241026T192403
[2024-10-26T19:24:03.433+0000] {logging_mixin.py:190} INFO - Task instance in success state
[2024-10-26T19:24:03.434+0000] {logging_mixin.py:190} INFO -  Previous state of the Task instance: running
[2024-10-26T19:24:03.434+0000] {logging_mixin.py:190} INFO - Dag name:fetch_and_store_amazon_books queued_at:2024-10-26 19:24:00.702935+00:00
[2024-10-26T19:24:03.435+0000] {logging_mixin.py:190} INFO - Task hostname:f1b284c02f67 operator:PythonOperator
[2024-10-26T19:24:03.457+0000] {local_task_job_runner.py:266} INFO - Task exited with return code 0
[2024-10-26T19:24:03.470+0000] {local_task_job_runner.py:245} INFO - ::endgroup::
[2024-10-26T19:29:04.314+0000] {local_task_job_runner.py:123} INFO - ::group::Pre task execution logs
[2024-10-26T19:29:04.335+0000] {taskinstance.py:2612} INFO - Dependencies all met for dep_context=non-requeueable deps ti=<TaskInstance: fetch_and_store_amazon_books.fetch_book_data scheduled__2024-06-26T00:00:00+00:00 [queued]>
[2024-10-26T19:29:04.345+0000] {taskinstance.py:2612} INFO - Dependencies all met for dep_context=requeueable deps ti=<TaskInstance: fetch_and_store_amazon_books.fetch_book_data scheduled__2024-06-26T00:00:00+00:00 [queued]>
[2024-10-26T19:29:04.346+0000] {taskinstance.py:2865} INFO - Starting attempt 1 of 2
[2024-10-26T19:29:04.363+0000] {taskinstance.py:2888} INFO - Executing <Task(PythonOperator): fetch_book_data> on 2024-06-26 00:00:00+00:00
[2024-10-26T19:29:04.370+0000] {warnings.py:112} WARNING - /home/***/.local/lib/python3.12/site-packages/***/task/task_runner/standard_task_runner.py:70: DeprecationWarning: This process (pid=1052) is multi-threaded, use of fork() may lead to deadlocks in the child.
  pid = os.fork()

[2024-10-26T19:29:04.372+0000] {standard_task_runner.py:72} INFO - Started process 1088 to run task
[2024-10-26T19:29:04.373+0000] {standard_task_runner.py:104} INFO - Running: ['***', 'tasks', 'run', 'fetch_and_store_amazon_books', 'fetch_book_data', 'scheduled__2024-06-26T00:00:00+00:00', '--job-id', '133', '--raw', '--subdir', 'DAGS_FOLDER/dag.py', '--cfg-path', '/tmp/tmpai8mxiwk']
[2024-10-26T19:29:04.374+0000] {standard_task_runner.py:105} INFO - Job 133: Subtask fetch_book_data
[2024-10-26T19:29:04.435+0000] {task_command.py:467} INFO - Running <TaskInstance: fetch_and_store_amazon_books.fetch_book_data scheduled__2024-06-26T00:00:00+00:00 [running]> on host f1b284c02f67
[2024-10-26T19:29:04.536+0000] {taskinstance.py:3131} INFO - Exporting env vars: AIRFLOW_CTX_DAG_OWNER='***' AIRFLOW_CTX_DAG_ID='fetch_and_store_amazon_books' AIRFLOW_CTX_TASK_ID='fetch_book_data' AIRFLOW_CTX_EXECUTION_DATE='2024-06-26T00:00:00+00:00' AIRFLOW_CTX_TRY_NUMBER='1' AIRFLOW_CTX_DAG_RUN_ID='scheduled__2024-06-26T00:00:00+00:00'
[2024-10-26T19:29:04.538+0000] {logging_mixin.py:190} INFO - Task instance is in running state
[2024-10-26T19:29:04.539+0000] {logging_mixin.py:190} INFO -  Previous state of the Task instance: queued
[2024-10-26T19:29:04.540+0000] {logging_mixin.py:190} INFO - Current task name:fetch_book_data state:running start_date:2024-10-26 19:29:04.336283+00:00
[2024-10-26T19:29:04.541+0000] {logging_mixin.py:190} INFO - Dag name:fetch_and_store_amazon_books and current dag run status:running
[2024-10-26T19:29:04.541+0000] {taskinstance.py:731} INFO - ::endgroup::
[2024-10-26T19:29:04.662+0000] {logging_mixin.py:190} INFO - Failed to retrieve the page
[2024-10-26T19:29:04.684+0000] {logging_mixin.py:190} INFO - --> <TaskInstance: fetch_and_store_amazon_books.fetch_book_data scheduled__2024-06-26T00:00:00+00:00 [running]>
[2024-10-26T19:29:04.686+0000] {python.py:240} INFO - Done. Returned value was: None
[2024-10-26T19:29:04.702+0000] {taskinstance.py:340} INFO - ::group::Post task execution logs
[2024-10-26T19:29:04.703+0000] {taskinstance.py:352} INFO - Marking task as SUCCESS. dag_id=fetch_and_store_amazon_books, task_id=fetch_book_data, run_id=scheduled__2024-06-26T00:00:00+00:00, execution_date=20240626T000000, start_date=20241026T192904, end_date=20241026T192904
[2024-10-26T19:29:04.718+0000] {logging_mixin.py:190} INFO - Task instance in success state
[2024-10-26T19:29:04.719+0000] {logging_mixin.py:190} INFO -  Previous state of the Task instance: running
[2024-10-26T19:29:04.720+0000] {logging_mixin.py:190} INFO - Dag name:fetch_and_store_amazon_books queued_at:2024-10-26 19:29:02.263546+00:00
[2024-10-26T19:29:04.722+0000] {logging_mixin.py:190} INFO - Task hostname:f1b284c02f67 operator:PythonOperator
[2024-10-26T19:29:04.750+0000] {local_task_job_runner.py:266} INFO - Task exited with return code 0
[2024-10-26T19:29:04.765+0000] {warnings.py:112} WARNING - /home/***/.local/lib/python3.12/site-packages/***/models/baseoperator.py:1378: AirflowProviderDeprecationWarning: Call to deprecated class PostgresOperator. (Please use `***.providers.common.sql.operators.sql.SQLExecuteQueryOperator`.Also, you can provide `hook_params={'schema': <database>}`.)
  result = cls.__new__(cls)

[2024-10-26T19:29:04.789+0000] {taskinstance.py:3900} INFO - 1 downstream tasks scheduled from follow-on schedule check
[2024-10-26T19:29:04.791+0000] {local_task_job_runner.py:245} INFO - ::endgroup::
