[2024-10-26T19:21:36.512+0000] {local_task_job_runner.py:123} INFO - ::group::Pre task execution logs
[2024-10-26T19:21:36.537+0000] {taskinstance.py:2612} INFO - Dependencies all met for dep_context=non-requeueable deps ti=<TaskInstance: fetch_and_store_amazon_books.fetch_book_data scheduled__2024-07-04T00:00:00+00:00 [queued]>
[2024-10-26T19:21:36.549+0000] {taskinstance.py:2612} INFO - Dependencies all met for dep_context=requeueable deps ti=<TaskInstance: fetch_and_store_amazon_books.fetch_book_data scheduled__2024-07-04T00:00:00+00:00 [queued]>
[2024-10-26T19:21:36.550+0000] {taskinstance.py:2865} INFO - Starting attempt 1 of 2
[2024-10-26T19:21:36.575+0000] {taskinstance.py:2888} INFO - Executing <Task(PythonOperator): fetch_book_data> on 2024-07-04 00:00:00+00:00
[2024-10-26T19:21:36.589+0000] {warnings.py:112} WARNING - /home/***/.local/lib/python3.12/site-packages/***/task/task_runner/standard_task_runner.py:70: DeprecationWarning: This process (pid=563) is multi-threaded, use of fork() may lead to deadlocks in the child.
  pid = os.fork()

[2024-10-26T19:21:36.592+0000] {standard_task_runner.py:72} INFO - Started process 611 to run task
[2024-10-26T19:21:36.592+0000] {standard_task_runner.py:104} INFO - Running: ['***', 'tasks', 'run', 'fetch_and_store_amazon_books', 'fetch_book_data', 'scheduled__2024-07-04T00:00:00+00:00', '--job-id', '38', '--raw', '--subdir', 'DAGS_FOLDER/dag.py', '--cfg-path', '/tmp/tmp37r7nuzi']
[2024-10-26T19:21:36.594+0000] {standard_task_runner.py:105} INFO - Job 38: Subtask fetch_book_data
[2024-10-26T19:21:36.688+0000] {task_command.py:467} INFO - Running <TaskInstance: fetch_and_store_amazon_books.fetch_book_data scheduled__2024-07-04T00:00:00+00:00 [running]> on host f1b284c02f67
[2024-10-26T19:21:36.825+0000] {taskinstance.py:3131} INFO - Exporting env vars: AIRFLOW_CTX_DAG_OWNER='***' AIRFLOW_CTX_DAG_ID='fetch_and_store_amazon_books' AIRFLOW_CTX_TASK_ID='fetch_book_data' AIRFLOW_CTX_EXECUTION_DATE='2024-07-04T00:00:00+00:00' AIRFLOW_CTX_TRY_NUMBER='1' AIRFLOW_CTX_DAG_RUN_ID='scheduled__2024-07-04T00:00:00+00:00'
[2024-10-26T19:21:36.827+0000] {logging_mixin.py:190} INFO - Task instance is in running state
[2024-10-26T19:21:36.828+0000] {logging_mixin.py:190} INFO -  Previous state of the Task instance: queued
[2024-10-26T19:21:36.829+0000] {logging_mixin.py:190} INFO - Current task name:fetch_book_data state:running start_date:2024-10-26 19:21:36.538287+00:00
[2024-10-26T19:21:36.830+0000] {logging_mixin.py:190} INFO - Dag name:fetch_and_store_amazon_books and current dag run status:running
[2024-10-26T19:21:36.830+0000] {taskinstance.py:731} INFO - ::endgroup::
[2024-10-26T19:21:36.966+0000] {logging_mixin.py:190} INFO - Failed to retrieve the page
[2024-10-26T19:21:36.992+0000] {python.py:240} INFO - Done. Returned value was: None
[2024-10-26T19:21:37.008+0000] {taskinstance.py:340} INFO - ::group::Post task execution logs
[2024-10-26T19:21:37.009+0000] {taskinstance.py:352} INFO - Marking task as SUCCESS. dag_id=fetch_and_store_amazon_books, task_id=fetch_book_data, run_id=scheduled__2024-07-04T00:00:00+00:00, execution_date=20240704T000000, start_date=20241026T192136, end_date=20241026T192137
[2024-10-26T19:21:37.022+0000] {logging_mixin.py:190} INFO - Task instance in success state
[2024-10-26T19:21:37.023+0000] {logging_mixin.py:190} INFO -  Previous state of the Task instance: running
[2024-10-26T19:21:37.024+0000] {logging_mixin.py:190} INFO - Dag name:fetch_and_store_amazon_books queued_at:2024-10-26 19:21:31.642861+00:00
[2024-10-26T19:21:37.025+0000] {logging_mixin.py:190} INFO - Task hostname:f1b284c02f67 operator:PythonOperator
[2024-10-26T19:21:37.051+0000] {local_task_job_runner.py:266} INFO - Task exited with return code 0
[2024-10-26T19:21:37.068+0000] {warnings.py:112} WARNING - /home/***/.local/lib/python3.12/site-packages/***/models/baseoperator.py:1378: AirflowProviderDeprecationWarning: Call to deprecated class PostgresOperator. (Please use `***.providers.common.sql.operators.sql.SQLExecuteQueryOperator`.Also, you can provide `hook_params={'schema': <database>}`.)
  result = cls.__new__(cls)

[2024-10-26T19:21:37.098+0000] {taskinstance.py:3900} INFO - 1 downstream tasks scheduled from follow-on schedule check
[2024-10-26T19:21:37.101+0000] {local_task_job_runner.py:245} INFO - ::endgroup::
[2024-10-26T19:24:05.436+0000] {local_task_job_runner.py:123} INFO - ::group::Pre task execution logs
[2024-10-26T19:24:05.456+0000] {taskinstance.py:2612} INFO - Dependencies all met for dep_context=non-requeueable deps ti=<TaskInstance: fetch_and_store_amazon_books.fetch_book_data scheduled__2024-07-04T00:00:00+00:00 [queued]>
[2024-10-26T19:24:05.467+0000] {taskinstance.py:2612} INFO - Dependencies all met for dep_context=requeueable deps ti=<TaskInstance: fetch_and_store_amazon_books.fetch_book_data scheduled__2024-07-04T00:00:00+00:00 [queued]>
[2024-10-26T19:24:05.468+0000] {taskinstance.py:2865} INFO - Starting attempt 1 of 2
[2024-10-26T19:24:05.484+0000] {taskinstance.py:2888} INFO - Executing <Task(PythonOperator): fetch_book_data> on 2024-07-04 00:00:00+00:00
[2024-10-26T19:24:05.493+0000] {warnings.py:112} WARNING - /home/***/.local/lib/python3.12/site-packages/***/task/task_runner/standard_task_runner.py:70: DeprecationWarning: This process (pid=800) is multi-threaded, use of fork() may lead to deadlocks in the child.
  pid = os.fork()

[2024-10-26T19:24:05.495+0000] {standard_task_runner.py:72} INFO - Started process 842 to run task
[2024-10-26T19:24:05.496+0000] {standard_task_runner.py:104} INFO - Running: ['***', 'tasks', 'run', 'fetch_and_store_amazon_books', 'fetch_book_data', 'scheduled__2024-07-04T00:00:00+00:00', '--job-id', '88', '--raw', '--subdir', 'DAGS_FOLDER/dag.py', '--cfg-path', '/tmp/tmpr9mgc8_9']
[2024-10-26T19:24:05.498+0000] {standard_task_runner.py:105} INFO - Job 88: Subtask fetch_book_data
[2024-10-26T19:24:05.554+0000] {task_command.py:467} INFO - Running <TaskInstance: fetch_and_store_amazon_books.fetch_book_data scheduled__2024-07-04T00:00:00+00:00 [running]> on host f1b284c02f67
[2024-10-26T19:24:05.645+0000] {taskinstance.py:3131} INFO - Exporting env vars: AIRFLOW_CTX_DAG_OWNER='***' AIRFLOW_CTX_DAG_ID='fetch_and_store_amazon_books' AIRFLOW_CTX_TASK_ID='fetch_book_data' AIRFLOW_CTX_EXECUTION_DATE='2024-07-04T00:00:00+00:00' AIRFLOW_CTX_TRY_NUMBER='1' AIRFLOW_CTX_DAG_RUN_ID='scheduled__2024-07-04T00:00:00+00:00'
[2024-10-26T19:24:05.647+0000] {logging_mixin.py:190} INFO - Task instance is in running state
[2024-10-26T19:24:05.648+0000] {logging_mixin.py:190} INFO -  Previous state of the Task instance: queued
[2024-10-26T19:24:05.649+0000] {logging_mixin.py:190} INFO - Current task name:fetch_book_data state:running start_date:2024-10-26 19:24:05.457492+00:00
[2024-10-26T19:24:05.650+0000] {logging_mixin.py:190} INFO - Dag name:fetch_and_store_amazon_books and current dag run status:running
[2024-10-26T19:24:05.650+0000] {taskinstance.py:731} INFO - ::endgroup::
[2024-10-26T19:24:05.809+0000] {logging_mixin.py:190} INFO - Failed to retrieve the page
[2024-10-26T19:24:05.829+0000] {logging_mixin.py:190} INFO - --> <TaskInstance: fetch_and_store_amazon_books.fetch_book_data scheduled__2024-07-04T00:00:00+00:00 [running]>
[2024-10-26T19:24:05.831+0000] {python.py:240} INFO - Done. Returned value was: None
[2024-10-26T19:24:05.845+0000] {taskinstance.py:340} INFO - ::group::Post task execution logs
[2024-10-26T19:24:05.847+0000] {taskinstance.py:352} INFO - Marking task as SUCCESS. dag_id=fetch_and_store_amazon_books, task_id=fetch_book_data, run_id=scheduled__2024-07-04T00:00:00+00:00, execution_date=20240704T000000, start_date=20241026T192405, end_date=20241026T192405
[2024-10-26T19:24:05.861+0000] {logging_mixin.py:190} INFO - Task instance in success state
[2024-10-26T19:24:05.862+0000] {logging_mixin.py:190} INFO -  Previous state of the Task instance: running
[2024-10-26T19:24:05.862+0000] {logging_mixin.py:190} INFO - Dag name:fetch_and_store_amazon_books queued_at:2024-10-26 19:24:02.832938+00:00
[2024-10-26T19:24:05.863+0000] {logging_mixin.py:190} INFO - Task hostname:f1b284c02f67 operator:PythonOperator
[2024-10-26T19:24:05.911+0000] {local_task_job_runner.py:266} INFO - Task exited with return code 0
[2024-10-26T19:24:05.924+0000] {warnings.py:112} WARNING - /home/***/.local/lib/python3.12/site-packages/***/models/baseoperator.py:1378: AirflowProviderDeprecationWarning: Call to deprecated class PostgresOperator. (Please use `***.providers.common.sql.operators.sql.SQLExecuteQueryOperator`.Also, you can provide `hook_params={'schema': <database>}`.)
  result = cls.__new__(cls)

[2024-10-26T19:24:05.947+0000] {taskinstance.py:3900} INFO - 1 downstream tasks scheduled from follow-on schedule check
[2024-10-26T19:24:05.949+0000] {local_task_job_runner.py:245} INFO - ::endgroup::
[2024-10-26T19:29:06.519+0000] {local_task_job_runner.py:123} INFO - ::group::Pre task execution logs
[2024-10-26T19:29:06.543+0000] {taskinstance.py:2612} INFO - Dependencies all met for dep_context=non-requeueable deps ti=<TaskInstance: fetch_and_store_amazon_books.fetch_book_data scheduled__2024-07-04T00:00:00+00:00 [queued]>
[2024-10-26T19:29:06.555+0000] {taskinstance.py:2612} INFO - Dependencies all met for dep_context=requeueable deps ti=<TaskInstance: fetch_and_store_amazon_books.fetch_book_data scheduled__2024-07-04T00:00:00+00:00 [queued]>
[2024-10-26T19:29:06.556+0000] {taskinstance.py:2865} INFO - Starting attempt 1 of 2
[2024-10-26T19:29:06.577+0000] {taskinstance.py:2888} INFO - Executing <Task(PythonOperator): fetch_book_data> on 2024-07-04 00:00:00+00:00
[2024-10-26T19:29:06.587+0000] {warnings.py:112} WARNING - /home/***/.local/lib/python3.12/site-packages/***/task/task_runner/standard_task_runner.py:70: DeprecationWarning: This process (pid=1092) is multi-threaded, use of fork() may lead to deadlocks in the child.
  pid = os.fork()

[2024-10-26T19:29:06.589+0000] {standard_task_runner.py:72} INFO - Started process 1128 to run task
[2024-10-26T19:29:06.589+0000] {standard_task_runner.py:104} INFO - Running: ['***', 'tasks', 'run', 'fetch_and_store_amazon_books', 'fetch_book_data', 'scheduled__2024-07-04T00:00:00+00:00', '--job-id', '144', '--raw', '--subdir', 'DAGS_FOLDER/dag.py', '--cfg-path', '/tmp/tmps5ao2gqw']
[2024-10-26T19:29:06.591+0000] {standard_task_runner.py:105} INFO - Job 144: Subtask fetch_book_data
[2024-10-26T19:29:06.663+0000] {task_command.py:467} INFO - Running <TaskInstance: fetch_and_store_amazon_books.fetch_book_data scheduled__2024-07-04T00:00:00+00:00 [running]> on host f1b284c02f67
[2024-10-26T19:29:06.772+0000] {taskinstance.py:3131} INFO - Exporting env vars: AIRFLOW_CTX_DAG_OWNER='***' AIRFLOW_CTX_DAG_ID='fetch_and_store_amazon_books' AIRFLOW_CTX_TASK_ID='fetch_book_data' AIRFLOW_CTX_EXECUTION_DATE='2024-07-04T00:00:00+00:00' AIRFLOW_CTX_TRY_NUMBER='1' AIRFLOW_CTX_DAG_RUN_ID='scheduled__2024-07-04T00:00:00+00:00'
[2024-10-26T19:29:06.774+0000] {logging_mixin.py:190} INFO - Task instance is in running state
[2024-10-26T19:29:06.775+0000] {logging_mixin.py:190} INFO -  Previous state of the Task instance: queued
[2024-10-26T19:29:06.776+0000] {logging_mixin.py:190} INFO - Current task name:fetch_book_data state:running start_date:2024-10-26 19:29:06.543857+00:00
[2024-10-26T19:29:06.777+0000] {logging_mixin.py:190} INFO - Dag name:fetch_and_store_amazon_books and current dag run status:running
[2024-10-26T19:29:06.777+0000] {taskinstance.py:731} INFO - ::endgroup::
[2024-10-26T19:29:06.889+0000] {logging_mixin.py:190} INFO - Failed to retrieve the page
[2024-10-26T19:29:06.909+0000] {logging_mixin.py:190} INFO - --> <TaskInstance: fetch_and_store_amazon_books.fetch_book_data scheduled__2024-07-04T00:00:00+00:00 [running]>
[2024-10-26T19:29:06.910+0000] {python.py:240} INFO - Done. Returned value was: None
[2024-10-26T19:29:06.922+0000] {taskinstance.py:340} INFO - ::group::Post task execution logs
[2024-10-26T19:29:06.923+0000] {taskinstance.py:352} INFO - Marking task as SUCCESS. dag_id=fetch_and_store_amazon_books, task_id=fetch_book_data, run_id=scheduled__2024-07-04T00:00:00+00:00, execution_date=20240704T000000, start_date=20241026T192906, end_date=20241026T192906
[2024-10-26T19:29:06.937+0000] {logging_mixin.py:190} INFO - Task instance in success state
[2024-10-26T19:29:06.938+0000] {logging_mixin.py:190} INFO -  Previous state of the Task instance: running
[2024-10-26T19:29:06.939+0000] {logging_mixin.py:190} INFO - Dag name:fetch_and_store_amazon_books queued_at:2024-10-26 19:29:04.323490+00:00
[2024-10-26T19:29:06.939+0000] {logging_mixin.py:190} INFO - Task hostname:f1b284c02f67 operator:PythonOperator
[2024-10-26T19:29:06.966+0000] {local_task_job_runner.py:266} INFO - Task exited with return code 0
[2024-10-26T19:29:06.979+0000] {warnings.py:112} WARNING - /home/***/.local/lib/python3.12/site-packages/***/models/baseoperator.py:1378: AirflowProviderDeprecationWarning: Call to deprecated class PostgresOperator. (Please use `***.providers.common.sql.operators.sql.SQLExecuteQueryOperator`.Also, you can provide `hook_params={'schema': <database>}`.)
  result = cls.__new__(cls)

[2024-10-26T19:29:07.000+0000] {taskinstance.py:3900} INFO - 1 downstream tasks scheduled from follow-on schedule check
[2024-10-26T19:29:07.003+0000] {local_task_job_runner.py:245} INFO - ::endgroup::
