[2024-10-26T19:39:37.581+0000] {local_task_job_runner.py:123} INFO - ::group::Pre task execution logs
[2024-10-26T19:39:37.605+0000] {taskinstance.py:2612} INFO - Dependencies all met for dep_context=non-requeueable deps ti=<TaskInstance: fetch_and_store_amazon_books.fetch_book_data scheduled__2024-07-26T00:00:00+00:00 [queued]>
[2024-10-26T19:39:37.616+0000] {taskinstance.py:2612} INFO - Dependencies all met for dep_context=requeueable deps ti=<TaskInstance: fetch_and_store_amazon_books.fetch_book_data scheduled__2024-07-26T00:00:00+00:00 [queued]>
[2024-10-26T19:39:37.618+0000] {taskinstance.py:2865} INFO - Starting attempt 1 of 2
[2024-10-26T19:39:37.634+0000] {taskinstance.py:2888} INFO - Executing <Task(PythonOperator): fetch_book_data> on 2024-07-26 00:00:00+00:00
[2024-10-26T19:39:37.645+0000] {warnings.py:112} WARNING - /home/***/.local/lib/python3.12/site-packages/***/task/task_runner/standard_task_runner.py:70: DeprecationWarning: This process (pid=1697) is multi-threaded, use of fork() may lead to deadlocks in the child.
  pid = os.fork()

[2024-10-26T19:39:37.647+0000] {standard_task_runner.py:72} INFO - Started process 1725 to run task
[2024-10-26T19:39:37.648+0000] {standard_task_runner.py:104} INFO - Running: ['***', 'tasks', 'run', 'fetch_and_store_amazon_books', 'fetch_book_data', 'scheduled__2024-07-26T00:00:00+00:00', '--job-id', '260', '--raw', '--subdir', 'DAGS_FOLDER/dag.py', '--cfg-path', '/tmp/tmpj2zs3f9f']
[2024-10-26T19:39:37.650+0000] {standard_task_runner.py:105} INFO - Job 260: Subtask fetch_book_data
[2024-10-26T19:39:37.720+0000] {task_command.py:467} INFO - Running <TaskInstance: fetch_and_store_amazon_books.fetch_book_data scheduled__2024-07-26T00:00:00+00:00 [running]> on host f1b284c02f67
[2024-10-26T19:39:37.856+0000] {taskinstance.py:3131} INFO - Exporting env vars: AIRFLOW_CTX_DAG_OWNER='***' AIRFLOW_CTX_DAG_ID='fetch_and_store_amazon_books' AIRFLOW_CTX_TASK_ID='fetch_book_data' AIRFLOW_CTX_EXECUTION_DATE='2024-07-26T00:00:00+00:00' AIRFLOW_CTX_TRY_NUMBER='1' AIRFLOW_CTX_DAG_RUN_ID='scheduled__2024-07-26T00:00:00+00:00'
[2024-10-26T19:39:37.860+0000] {logging_mixin.py:190} INFO - Task instance is in running state
[2024-10-26T19:39:37.861+0000] {logging_mixin.py:190} INFO -  Previous state of the Task instance: queued
[2024-10-26T19:39:37.862+0000] {logging_mixin.py:190} INFO - Current task name:fetch_book_data state:running start_date:2024-10-26 19:39:37.605736+00:00
[2024-10-26T19:39:37.862+0000] {logging_mixin.py:190} INFO - Dag name:fetch_and_store_amazon_books and current dag run status:running
[2024-10-26T19:39:37.863+0000] {taskinstance.py:731} INFO - ::endgroup::
[2024-10-26T19:39:38.004+0000] {logging_mixin.py:190} INFO - Failed to retrieve the page
[2024-10-26T19:39:38.034+0000] {logging_mixin.py:190} INFO - --> <TaskInstance: fetch_and_store_amazon_books.fetch_book_data scheduled__2024-07-26T00:00:00+00:00 [running]>
[2024-10-26T19:39:38.036+0000] {python.py:240} INFO - Done. Returned value was: None
[2024-10-26T19:39:38.050+0000] {taskinstance.py:340} INFO - ::group::Post task execution logs
[2024-10-26T19:39:38.051+0000] {taskinstance.py:352} INFO - Marking task as SUCCESS. dag_id=fetch_and_store_amazon_books, task_id=fetch_book_data, run_id=scheduled__2024-07-26T00:00:00+00:00, execution_date=20240726T000000, start_date=20241026T193937, end_date=20241026T193938
[2024-10-26T19:39:38.067+0000] {logging_mixin.py:190} INFO - Task instance in success state
[2024-10-26T19:39:38.068+0000] {logging_mixin.py:190} INFO -  Previous state of the Task instance: running
[2024-10-26T19:39:38.069+0000] {logging_mixin.py:190} INFO - Dag name:fetch_and_store_amazon_books queued_at:2024-10-26 19:39:35.476760+00:00
[2024-10-26T19:39:38.070+0000] {logging_mixin.py:190} INFO - Task hostname:f1b284c02f67 operator:PythonOperator
[2024-10-26T19:39:38.110+0000] {local_task_job_runner.py:266} INFO - Task exited with return code 0
[2024-10-26T19:39:38.124+0000] {local_task_job_runner.py:245} INFO - ::endgroup::
