[2024-10-26T19:21:33.273+0000] {local_task_job_runner.py:123} INFO - ::group::Pre task execution logs
[2024-10-26T19:21:33.305+0000] {taskinstance.py:2612} INFO - Dependencies all met for dep_context=non-requeueable deps ti=<TaskInstance: fetch_and_store_amazon_books.fetch_book_data scheduled__2024-06-23T00:00:00+00:00 [queued]>
[2024-10-26T19:21:33.326+0000] {taskinstance.py:2612} INFO - Dependencies all met for dep_context=requeueable deps ti=<TaskInstance: fetch_and_store_amazon_books.fetch_book_data scheduled__2024-06-23T00:00:00+00:00 [queued]>
[2024-10-26T19:21:33.334+0000] {taskinstance.py:2865} INFO - Starting attempt 1 of 2
[2024-10-26T19:21:33.366+0000] {taskinstance.py:2888} INFO - Executing <Task(PythonOperator): fetch_book_data> on 2024-06-23 00:00:00+00:00
[2024-10-26T19:21:33.393+0000] {warnings.py:112} WARNING - /home/***/.local/lib/python3.12/site-packages/***/task/task_runner/standard_task_runner.py:70: DeprecationWarning: This process (pid=534) is multi-threaded, use of fork() may lead to deadlocks in the child.
  pid = os.fork()

[2024-10-26T19:21:33.405+0000] {standard_task_runner.py:72} INFO - Started process 565 to run task
[2024-10-26T19:21:33.403+0000] {standard_task_runner.py:104} INFO - Running: ['***', 'tasks', 'run', 'fetch_and_store_amazon_books', 'fetch_book_data', 'scheduled__2024-06-23T00:00:00+00:00', '--job-id', '25', '--raw', '--subdir', 'DAGS_FOLDER/dag.py', '--cfg-path', '/tmp/tmpw10dqbwg']
[2024-10-26T19:21:33.406+0000] {standard_task_runner.py:105} INFO - Job 25: Subtask fetch_book_data
[2024-10-26T19:21:33.598+0000] {task_command.py:467} INFO - Running <TaskInstance: fetch_and_store_amazon_books.fetch_book_data scheduled__2024-06-23T00:00:00+00:00 [running]> on host f1b284c02f67
[2024-10-26T19:21:33.793+0000] {taskinstance.py:3131} INFO - Exporting env vars: AIRFLOW_CTX_DAG_OWNER='***' AIRFLOW_CTX_DAG_ID='fetch_and_store_amazon_books' AIRFLOW_CTX_TASK_ID='fetch_book_data' AIRFLOW_CTX_EXECUTION_DATE='2024-06-23T00:00:00+00:00' AIRFLOW_CTX_TRY_NUMBER='1' AIRFLOW_CTX_DAG_RUN_ID='scheduled__2024-06-23T00:00:00+00:00'
[2024-10-26T19:21:33.806+0000] {logging_mixin.py:190} INFO - Task instance is in running state
[2024-10-26T19:21:33.807+0000] {logging_mixin.py:190} INFO -  Previous state of the Task instance: queued
[2024-10-26T19:21:33.808+0000] {logging_mixin.py:190} INFO - Current task name:fetch_book_data state:running start_date:2024-10-26 19:21:33.309101+00:00
[2024-10-26T19:21:33.809+0000] {logging_mixin.py:190} INFO - Dag name:fetch_and_store_amazon_books and current dag run status:running
[2024-10-26T19:21:33.810+0000] {taskinstance.py:731} INFO - ::endgroup::
[2024-10-26T19:21:33.999+0000] {logging_mixin.py:190} INFO - Failed to retrieve the page
[2024-10-26T19:21:34.061+0000] {python.py:240} INFO - Done. Returned value was: None
[2024-10-26T19:21:34.091+0000] {taskinstance.py:340} INFO - ::group::Post task execution logs
[2024-10-26T19:21:34.093+0000] {taskinstance.py:352} INFO - Marking task as SUCCESS. dag_id=fetch_and_store_amazon_books, task_id=fetch_book_data, run_id=scheduled__2024-06-23T00:00:00+00:00, execution_date=20240623T000000, start_date=20241026T192133, end_date=20241026T192134
[2024-10-26T19:21:34.122+0000] {logging_mixin.py:190} INFO - Task instance in success state
[2024-10-26T19:21:34.126+0000] {logging_mixin.py:190} INFO -  Previous state of the Task instance: running
[2024-10-26T19:21:34.127+0000] {logging_mixin.py:190} INFO - Dag name:fetch_and_store_amazon_books queued_at:2024-10-26 19:21:28.972742+00:00
[2024-10-26T19:21:34.129+0000] {logging_mixin.py:190} INFO - Task hostname:f1b284c02f67 operator:PythonOperator
[2024-10-26T19:21:34.193+0000] {local_task_job_runner.py:266} INFO - Task exited with return code 0
[2024-10-26T19:21:34.219+0000] {local_task_job_runner.py:245} INFO - ::endgroup::
[2024-10-26T19:24:02.502+0000] {local_task_job_runner.py:123} INFO - ::group::Pre task execution logs
[2024-10-26T19:24:02.526+0000] {taskinstance.py:2612} INFO - Dependencies all met for dep_context=non-requeueable deps ti=<TaskInstance: fetch_and_store_amazon_books.fetch_book_data scheduled__2024-06-23T00:00:00+00:00 [queued]>
[2024-10-26T19:24:02.538+0000] {taskinstance.py:2612} INFO - Dependencies all met for dep_context=requeueable deps ti=<TaskInstance: fetch_and_store_amazon_books.fetch_book_data scheduled__2024-06-23T00:00:00+00:00 [queued]>
[2024-10-26T19:24:02.538+0000] {taskinstance.py:2865} INFO - Starting attempt 1 of 2
[2024-10-26T19:24:02.556+0000] {taskinstance.py:2888} INFO - Executing <Task(PythonOperator): fetch_book_data> on 2024-06-23 00:00:00+00:00
[2024-10-26T19:24:02.566+0000] {warnings.py:112} WARNING - /home/***/.local/lib/python3.12/site-packages/***/task/task_runner/standard_task_runner.py:70: DeprecationWarning: This process (pid=760) is multi-threaded, use of fork() may lead to deadlocks in the child.
  pid = os.fork()

[2024-10-26T19:24:02.568+0000] {standard_task_runner.py:72} INFO - Started process 788 to run task
[2024-10-26T19:24:02.570+0000] {standard_task_runner.py:104} INFO - Running: ['***', 'tasks', 'run', 'fetch_and_store_amazon_books', 'fetch_book_data', 'scheduled__2024-06-23T00:00:00+00:00', '--job-id', '74', '--raw', '--subdir', 'DAGS_FOLDER/dag.py', '--cfg-path', '/tmp/tmp2t8vtcxx']
[2024-10-26T19:24:02.572+0000] {standard_task_runner.py:105} INFO - Job 74: Subtask fetch_book_data
[2024-10-26T19:24:02.636+0000] {task_command.py:467} INFO - Running <TaskInstance: fetch_and_store_amazon_books.fetch_book_data scheduled__2024-06-23T00:00:00+00:00 [running]> on host f1b284c02f67
[2024-10-26T19:24:02.751+0000] {taskinstance.py:3131} INFO - Exporting env vars: AIRFLOW_CTX_DAG_OWNER='***' AIRFLOW_CTX_DAG_ID='fetch_and_store_amazon_books' AIRFLOW_CTX_TASK_ID='fetch_book_data' AIRFLOW_CTX_EXECUTION_DATE='2024-06-23T00:00:00+00:00' AIRFLOW_CTX_TRY_NUMBER='1' AIRFLOW_CTX_DAG_RUN_ID='scheduled__2024-06-23T00:00:00+00:00'
[2024-10-26T19:24:02.754+0000] {logging_mixin.py:190} INFO - Task instance is in running state
[2024-10-26T19:24:02.755+0000] {logging_mixin.py:190} INFO -  Previous state of the Task instance: queued
[2024-10-26T19:24:02.756+0000] {logging_mixin.py:190} INFO - Current task name:fetch_book_data state:running start_date:2024-10-26 19:24:02.527001+00:00
[2024-10-26T19:24:02.757+0000] {logging_mixin.py:190} INFO - Dag name:fetch_and_store_amazon_books and current dag run status:running
[2024-10-26T19:24:02.757+0000] {taskinstance.py:731} INFO - ::endgroup::
[2024-10-26T19:24:02.902+0000] {logging_mixin.py:190} INFO - Failed to retrieve the page
[2024-10-26T19:24:02.929+0000] {logging_mixin.py:190} INFO - --> <TaskInstance: fetch_and_store_amazon_books.fetch_book_data scheduled__2024-06-23T00:00:00+00:00 [running]>
[2024-10-26T19:24:02.930+0000] {python.py:240} INFO - Done. Returned value was: None
[2024-10-26T19:24:02.947+0000] {taskinstance.py:340} INFO - ::group::Post task execution logs
[2024-10-26T19:24:02.948+0000] {taskinstance.py:352} INFO - Marking task as SUCCESS. dag_id=fetch_and_store_amazon_books, task_id=fetch_book_data, run_id=scheduled__2024-06-23T00:00:00+00:00, execution_date=20240623T000000, start_date=20241026T192402, end_date=20241026T192402
[2024-10-26T19:24:02.962+0000] {logging_mixin.py:190} INFO - Task instance in success state
[2024-10-26T19:24:02.963+0000] {logging_mixin.py:190} INFO -  Previous state of the Task instance: running
[2024-10-26T19:24:02.963+0000] {logging_mixin.py:190} INFO - Dag name:fetch_and_store_amazon_books queued_at:2024-10-26 19:24:00.278335+00:00
[2024-10-26T19:24:02.964+0000] {logging_mixin.py:190} INFO - Task hostname:f1b284c02f67 operator:PythonOperator
[2024-10-26T19:24:02.986+0000] {local_task_job_runner.py:266} INFO - Task exited with return code 0
[2024-10-26T19:24:02.998+0000] {local_task_job_runner.py:245} INFO - ::endgroup::
[2024-10-26T19:29:03.729+0000] {local_task_job_runner.py:123} INFO - ::group::Pre task execution logs
[2024-10-26T19:29:03.752+0000] {taskinstance.py:2612} INFO - Dependencies all met for dep_context=non-requeueable deps ti=<TaskInstance: fetch_and_store_amazon_books.fetch_book_data scheduled__2024-06-23T00:00:00+00:00 [queued]>
[2024-10-26T19:29:03.763+0000] {taskinstance.py:2612} INFO - Dependencies all met for dep_context=requeueable deps ti=<TaskInstance: fetch_and_store_amazon_books.fetch_book_data scheduled__2024-06-23T00:00:00+00:00 [queued]>
[2024-10-26T19:29:03.764+0000] {taskinstance.py:2865} INFO - Starting attempt 1 of 2
[2024-10-26T19:29:03.787+0000] {taskinstance.py:2888} INFO - Executing <Task(PythonOperator): fetch_book_data> on 2024-06-23 00:00:00+00:00
[2024-10-26T19:29:03.797+0000] {warnings.py:112} WARNING - /home/***/.local/lib/python3.12/site-packages/***/task/task_runner/standard_task_runner.py:70: DeprecationWarning: This process (pid=1046) is multi-threaded, use of fork() may lead to deadlocks in the child.
  pid = os.fork()

[2024-10-26T19:29:03.799+0000] {standard_task_runner.py:72} INFO - Started process 1073 to run task
[2024-10-26T19:29:03.800+0000] {standard_task_runner.py:104} INFO - Running: ['***', 'tasks', 'run', 'fetch_and_store_amazon_books', 'fetch_book_data', 'scheduled__2024-06-23T00:00:00+00:00', '--job-id', '130', '--raw', '--subdir', 'DAGS_FOLDER/dag.py', '--cfg-path', '/tmp/tmp5sdc_qh2']
[2024-10-26T19:29:03.801+0000] {standard_task_runner.py:105} INFO - Job 130: Subtask fetch_book_data
[2024-10-26T19:29:03.878+0000] {task_command.py:467} INFO - Running <TaskInstance: fetch_and_store_amazon_books.fetch_book_data scheduled__2024-06-23T00:00:00+00:00 [running]> on host f1b284c02f67
[2024-10-26T19:29:03.991+0000] {taskinstance.py:3131} INFO - Exporting env vars: AIRFLOW_CTX_DAG_OWNER='***' AIRFLOW_CTX_DAG_ID='fetch_and_store_amazon_books' AIRFLOW_CTX_TASK_ID='fetch_book_data' AIRFLOW_CTX_EXECUTION_DATE='2024-06-23T00:00:00+00:00' AIRFLOW_CTX_TRY_NUMBER='1' AIRFLOW_CTX_DAG_RUN_ID='scheduled__2024-06-23T00:00:00+00:00'
[2024-10-26T19:29:03.993+0000] {logging_mixin.py:190} INFO - Task instance is in running state
[2024-10-26T19:29:03.994+0000] {logging_mixin.py:190} INFO -  Previous state of the Task instance: queued
[2024-10-26T19:29:03.995+0000] {logging_mixin.py:190} INFO - Current task name:fetch_book_data state:running start_date:2024-10-26 19:29:03.752874+00:00
[2024-10-26T19:29:03.996+0000] {logging_mixin.py:190} INFO - Dag name:fetch_and_store_amazon_books and current dag run status:running
[2024-10-26T19:29:03.996+0000] {taskinstance.py:731} INFO - ::endgroup::
[2024-10-26T19:29:04.107+0000] {logging_mixin.py:190} INFO - Failed to retrieve the page
[2024-10-26T19:29:04.146+0000] {logging_mixin.py:190} INFO - --> <TaskInstance: fetch_and_store_amazon_books.fetch_book_data scheduled__2024-06-23T00:00:00+00:00 [running]>
[2024-10-26T19:29:04.148+0000] {python.py:240} INFO - Done. Returned value was: None
[2024-10-26T19:29:04.167+0000] {taskinstance.py:340} INFO - ::group::Post task execution logs
[2024-10-26T19:29:04.168+0000] {taskinstance.py:352} INFO - Marking task as SUCCESS. dag_id=fetch_and_store_amazon_books, task_id=fetch_book_data, run_id=scheduled__2024-06-23T00:00:00+00:00, execution_date=20240623T000000, start_date=20241026T192903, end_date=20241026T192904
[2024-10-26T19:29:04.184+0000] {logging_mixin.py:190} INFO - Task instance in success state
[2024-10-26T19:29:04.185+0000] {logging_mixin.py:190} INFO -  Previous state of the Task instance: running
[2024-10-26T19:29:04.185+0000] {logging_mixin.py:190} INFO - Dag name:fetch_and_store_amazon_books queued_at:2024-10-26 19:29:01.866682+00:00
[2024-10-26T19:29:04.186+0000] {logging_mixin.py:190} INFO - Task hostname:f1b284c02f67 operator:PythonOperator
[2024-10-26T19:29:04.217+0000] {local_task_job_runner.py:266} INFO - Task exited with return code 0
[2024-10-26T19:29:04.229+0000] {warnings.py:112} WARNING - /home/***/.local/lib/python3.12/site-packages/***/models/baseoperator.py:1378: AirflowProviderDeprecationWarning: Call to deprecated class PostgresOperator. (Please use `***.providers.common.sql.operators.sql.SQLExecuteQueryOperator`.Also, you can provide `hook_params={'schema': <database>}`.)
  result = cls.__new__(cls)

[2024-10-26T19:29:04.254+0000] {taskinstance.py:3900} INFO - 1 downstream tasks scheduled from follow-on schedule check
[2024-10-26T19:29:04.257+0000] {local_task_job_runner.py:245} INFO - ::endgroup::
