[2024-10-26T19:21:39.737+0000] {local_task_job_runner.py:123} INFO - ::group::Pre task execution logs
[2024-10-26T19:21:39.763+0000] {taskinstance.py:2612} INFO - Dependencies all met for dep_context=non-requeueable deps ti=<TaskInstance: fetch_and_store_amazon_books.create_table scheduled__2024-07-03T00:00:00+00:00 [queued]>
[2024-10-26T19:21:39.777+0000] {taskinstance.py:2612} INFO - Dependencies all met for dep_context=requeueable deps ti=<TaskInstance: fetch_and_store_amazon_books.create_table scheduled__2024-07-03T00:00:00+00:00 [queued]>
[2024-10-26T19:21:39.778+0000] {taskinstance.py:2865} INFO - Starting attempt 1 of 2
[2024-10-26T19:21:39.796+0000] {taskinstance.py:2888} INFO - Executing <Task(PostgresOperator): create_table> on 2024-07-03 00:00:00+00:00
[2024-10-26T19:21:39.806+0000] {warnings.py:112} WARNING - /home/***/.local/lib/python3.12/site-packages/***/task/task_runner/standard_task_runner.py:70: DeprecationWarning: This process (pid=621) is multi-threaded, use of fork() may lead to deadlocks in the child.
  pid = os.fork()

[2024-10-26T19:21:39.809+0000] {standard_task_runner.py:72} INFO - Started process 647 to run task
[2024-10-26T19:21:39.810+0000] {standard_task_runner.py:104} INFO - Running: ['***', 'tasks', 'run', 'fetch_and_store_amazon_books', 'create_table', 'scheduled__2024-07-03T00:00:00+00:00', '--job-id', '48', '--raw', '--subdir', 'DAGS_FOLDER/dag.py', '--cfg-path', '/tmp/tmpnsnebser']
[2024-10-26T19:21:39.811+0000] {standard_task_runner.py:105} INFO - Job 48: Subtask create_table
[2024-10-26T19:21:39.888+0000] {task_command.py:467} INFO - Running <TaskInstance: fetch_and_store_amazon_books.create_table scheduled__2024-07-03T00:00:00+00:00 [running]> on host f1b284c02f67
[2024-10-26T19:21:40.030+0000] {taskinstance.py:3131} INFO - Exporting env vars: AIRFLOW_CTX_DAG_OWNER='***' AIRFLOW_CTX_DAG_ID='fetch_and_store_amazon_books' AIRFLOW_CTX_TASK_ID='create_table' AIRFLOW_CTX_EXECUTION_DATE='2024-07-03T00:00:00+00:00' AIRFLOW_CTX_TRY_NUMBER='1' AIRFLOW_CTX_DAG_RUN_ID='scheduled__2024-07-03T00:00:00+00:00'
[2024-10-26T19:21:40.033+0000] {logging_mixin.py:190} INFO - Task instance is in running state
[2024-10-26T19:21:40.035+0000] {logging_mixin.py:190} INFO -  Previous state of the Task instance: queued
[2024-10-26T19:21:40.036+0000] {logging_mixin.py:190} INFO - Current task name:create_table state:running start_date:2024-10-26 19:21:39.764460+00:00
[2024-10-26T19:21:40.037+0000] {logging_mixin.py:190} INFO - Dag name:fetch_and_store_amazon_books and current dag run status:running
[2024-10-26T19:21:40.039+0000] {taskinstance.py:731} INFO - ::endgroup::
[2024-10-26T19:21:40.042+0000] {sql.py:266} INFO - Executing: 
    CREATE TABLE IF NOT EXISTS books (
        id SERIAL PRIMARY KEY,
        title TEXT NOT NULL,
        authors TEXT,
        price TEXT,
        rating TEXT
    );
    
[2024-10-26T19:21:40.059+0000] {base.py:84} INFO - Retrieving connection 'books_connection'
[2024-10-26T19:21:40.076+0000] {base.py:84} INFO - Retrieving connection 'books_connection'
[2024-10-26T19:21:40.082+0000] {sql.py:509} INFO - Running statement: 
    CREATE TABLE IF NOT EXISTS books (
        id SERIAL PRIMARY KEY,
        title TEXT NOT NULL,
        authors TEXT,
        price TEXT,
        rating TEXT
    );
    , parameters: None
[2024-10-26T19:21:40.100+0000] {taskinstance.py:340} INFO - ::group::Post task execution logs
[2024-10-26T19:21:40.101+0000] {taskinstance.py:352} INFO - Marking task as SUCCESS. dag_id=fetch_and_store_amazon_books, task_id=create_table, run_id=scheduled__2024-07-03T00:00:00+00:00, execution_date=20240703T000000, start_date=20241026T192139, end_date=20241026T192140
[2024-10-26T19:21:40.116+0000] {logging_mixin.py:190} INFO - Task instance in success state
[2024-10-26T19:21:40.118+0000] {logging_mixin.py:190} INFO -  Previous state of the Task instance: running
[2024-10-26T19:21:40.119+0000] {logging_mixin.py:190} INFO - Dag name:fetch_and_store_amazon_books queued_at:2024-10-26 19:21:31.250794+00:00
[2024-10-26T19:21:40.120+0000] {logging_mixin.py:190} INFO - Task hostname:f1b284c02f67 operator:PostgresOperator
[2024-10-26T19:21:40.146+0000] {local_task_job_runner.py:266} INFO - Task exited with return code 0
[2024-10-26T19:21:40.160+0000] {local_task_job_runner.py:245} INFO - ::endgroup::
[2024-10-26T19:24:08.051+0000] {local_task_job_runner.py:123} INFO - ::group::Pre task execution logs
[2024-10-26T19:24:08.076+0000] {taskinstance.py:2612} INFO - Dependencies all met for dep_context=non-requeueable deps ti=<TaskInstance: fetch_and_store_amazon_books.create_table scheduled__2024-07-03T00:00:00+00:00 [queued]>
[2024-10-26T19:24:08.087+0000] {taskinstance.py:2612} INFO - Dependencies all met for dep_context=requeueable deps ti=<TaskInstance: fetch_and_store_amazon_books.create_table scheduled__2024-07-03T00:00:00+00:00 [queued]>
[2024-10-26T19:24:08.088+0000] {taskinstance.py:2865} INFO - Starting attempt 1 of 2
[2024-10-26T19:24:08.105+0000] {taskinstance.py:2888} INFO - Executing <Task(PostgresOperator): create_table> on 2024-07-03 00:00:00+00:00
[2024-10-26T19:24:08.116+0000] {warnings.py:112} WARNING - /home/***/.local/lib/python3.12/site-packages/***/task/task_runner/standard_task_runner.py:70: DeprecationWarning: This process (pid=857) is multi-threaded, use of fork() may lead to deadlocks in the child.
  pid = os.fork()

[2024-10-26T19:24:08.118+0000] {standard_task_runner.py:72} INFO - Started process 884 to run task
[2024-10-26T19:24:08.118+0000] {standard_task_runner.py:104} INFO - Running: ['***', 'tasks', 'run', 'fetch_and_store_amazon_books', 'create_table', 'scheduled__2024-07-03T00:00:00+00:00', '--job-id', '97', '--raw', '--subdir', 'DAGS_FOLDER/dag.py', '--cfg-path', '/tmp/tmp95166r4e']
[2024-10-26T19:24:08.119+0000] {standard_task_runner.py:105} INFO - Job 97: Subtask create_table
[2024-10-26T19:24:08.186+0000] {task_command.py:467} INFO - Running <TaskInstance: fetch_and_store_amazon_books.create_table scheduled__2024-07-03T00:00:00+00:00 [running]> on host f1b284c02f67
[2024-10-26T19:24:08.365+0000] {taskinstance.py:3131} INFO - Exporting env vars: AIRFLOW_CTX_DAG_OWNER='***' AIRFLOW_CTX_DAG_ID='fetch_and_store_amazon_books' AIRFLOW_CTX_TASK_ID='create_table' AIRFLOW_CTX_EXECUTION_DATE='2024-07-03T00:00:00+00:00' AIRFLOW_CTX_TRY_NUMBER='1' AIRFLOW_CTX_DAG_RUN_ID='scheduled__2024-07-03T00:00:00+00:00'
[2024-10-26T19:24:08.368+0000] {logging_mixin.py:190} INFO - Task instance is in running state
[2024-10-26T19:24:08.369+0000] {logging_mixin.py:190} INFO -  Previous state of the Task instance: queued
[2024-10-26T19:24:08.370+0000] {logging_mixin.py:190} INFO - Current task name:create_table state:running start_date:2024-10-26 19:24:08.076981+00:00
[2024-10-26T19:24:08.371+0000] {logging_mixin.py:190} INFO - Dag name:fetch_and_store_amazon_books and current dag run status:running
[2024-10-26T19:24:08.371+0000] {taskinstance.py:731} INFO - ::endgroup::
[2024-10-26T19:24:08.372+0000] {sql.py:266} INFO - Executing: 
    CREATE TABLE IF NOT EXISTS books (
        id SERIAL PRIMARY KEY,
        title TEXT NOT NULL,
        authors TEXT,
        price TEXT,
        rating TEXT
    );
    
[2024-10-26T19:24:08.387+0000] {base.py:84} INFO - Retrieving connection 'books_connection'
[2024-10-26T19:24:08.408+0000] {base.py:84} INFO - Retrieving connection 'books_connection'
[2024-10-26T19:24:08.421+0000] {sql.py:509} INFO - Running statement: 
    CREATE TABLE IF NOT EXISTS books (
        id SERIAL PRIMARY KEY,
        title TEXT NOT NULL,
        authors TEXT,
        price TEXT,
        rating TEXT
    );
    , parameters: None
[2024-10-26T19:24:08.445+0000] {taskinstance.py:340} INFO - ::group::Post task execution logs
[2024-10-26T19:24:08.446+0000] {taskinstance.py:352} INFO - Marking task as SUCCESS. dag_id=fetch_and_store_amazon_books, task_id=create_table, run_id=scheduled__2024-07-03T00:00:00+00:00, execution_date=20240703T000000, start_date=20241026T192408, end_date=20241026T192408
[2024-10-26T19:24:08.464+0000] {logging_mixin.py:190} INFO - Task instance in success state
[2024-10-26T19:24:08.465+0000] {logging_mixin.py:190} INFO -  Previous state of the Task instance: running
[2024-10-26T19:24:08.466+0000] {logging_mixin.py:190} INFO - Dag name:fetch_and_store_amazon_books queued_at:2024-10-26 19:24:02.456105+00:00
[2024-10-26T19:24:08.467+0000] {logging_mixin.py:190} INFO - Task hostname:f1b284c02f67 operator:PostgresOperator
[2024-10-26T19:24:08.506+0000] {local_task_job_runner.py:266} INFO - Task exited with return code 0
[2024-10-26T19:24:08.521+0000] {warnings.py:112} WARNING - /home/***/.local/lib/python3.12/site-packages/***/models/baseoperator.py:1378: AirflowProviderDeprecationWarning: Call to deprecated class PostgresOperator. (Please use `***.providers.common.sql.operators.sql.SQLExecuteQueryOperator`.Also, you can provide `hook_params={'schema': <database>}`.)
  result = cls.__new__(cls)

[2024-10-26T19:24:08.547+0000] {taskinstance.py:3900} INFO - 1 downstream tasks scheduled from follow-on schedule check
[2024-10-26T19:24:08.565+0000] {local_task_job_runner.py:245} INFO - ::endgroup::
[2024-10-26T19:29:09.023+0000] {local_task_job_runner.py:123} INFO - ::group::Pre task execution logs
[2024-10-26T19:29:09.048+0000] {taskinstance.py:2612} INFO - Dependencies all met for dep_context=non-requeueable deps ti=<TaskInstance: fetch_and_store_amazon_books.create_table scheduled__2024-07-03T00:00:00+00:00 [queued]>
[2024-10-26T19:29:09.061+0000] {taskinstance.py:2612} INFO - Dependencies all met for dep_context=requeueable deps ti=<TaskInstance: fetch_and_store_amazon_books.create_table scheduled__2024-07-03T00:00:00+00:00 [queued]>
[2024-10-26T19:29:09.061+0000] {taskinstance.py:2865} INFO - Starting attempt 1 of 2
[2024-10-26T19:29:09.076+0000] {taskinstance.py:2888} INFO - Executing <Task(PostgresOperator): create_table> on 2024-07-03 00:00:00+00:00
[2024-10-26T19:29:09.086+0000] {warnings.py:112} WARNING - /home/***/.local/lib/python3.12/site-packages/***/task/task_runner/standard_task_runner.py:70: DeprecationWarning: This process (pid=1137) is multi-threaded, use of fork() may lead to deadlocks in the child.
  pid = os.fork()

[2024-10-26T19:29:09.089+0000] {standard_task_runner.py:72} INFO - Started process 1180 to run task
[2024-10-26T19:29:09.089+0000] {standard_task_runner.py:104} INFO - Running: ['***', 'tasks', 'run', 'fetch_and_store_amazon_books', 'create_table', 'scheduled__2024-07-03T00:00:00+00:00', '--job-id', '154', '--raw', '--subdir', 'DAGS_FOLDER/dag.py', '--cfg-path', '/tmp/tmp1u59sizv']
[2024-10-26T19:29:09.091+0000] {standard_task_runner.py:105} INFO - Job 154: Subtask create_table
[2024-10-26T19:29:09.154+0000] {task_command.py:467} INFO - Running <TaskInstance: fetch_and_store_amazon_books.create_table scheduled__2024-07-03T00:00:00+00:00 [running]> on host f1b284c02f67
[2024-10-26T19:29:09.250+0000] {taskinstance.py:3131} INFO - Exporting env vars: AIRFLOW_CTX_DAG_OWNER='***' AIRFLOW_CTX_DAG_ID='fetch_and_store_amazon_books' AIRFLOW_CTX_TASK_ID='create_table' AIRFLOW_CTX_EXECUTION_DATE='2024-07-03T00:00:00+00:00' AIRFLOW_CTX_TRY_NUMBER='1' AIRFLOW_CTX_DAG_RUN_ID='scheduled__2024-07-03T00:00:00+00:00'
[2024-10-26T19:29:09.252+0000] {logging_mixin.py:190} INFO - Task instance is in running state
[2024-10-26T19:29:09.253+0000] {logging_mixin.py:190} INFO -  Previous state of the Task instance: queued
[2024-10-26T19:29:09.254+0000] {logging_mixin.py:190} INFO - Current task name:create_table state:running start_date:2024-10-26 19:29:09.049232+00:00
[2024-10-26T19:29:09.254+0000] {logging_mixin.py:190} INFO - Dag name:fetch_and_store_amazon_books and current dag run status:running
[2024-10-26T19:29:09.255+0000] {taskinstance.py:731} INFO - ::endgroup::
[2024-10-26T19:29:09.256+0000] {sql.py:266} INFO - Executing: 
    CREATE TABLE IF NOT EXISTS books (
        id SERIAL PRIMARY KEY,
        title TEXT NOT NULL,
        authors TEXT,
        price TEXT,
        rating TEXT
    );
    
[2024-10-26T19:29:09.272+0000] {base.py:84} INFO - Retrieving connection 'books_connection'
[2024-10-26T19:29:09.286+0000] {base.py:84} INFO - Retrieving connection 'books_connection'
[2024-10-26T19:29:09.301+0000] {sql.py:509} INFO - Running statement: 
    CREATE TABLE IF NOT EXISTS books (
        id SERIAL PRIMARY KEY,
        title TEXT NOT NULL,
        authors TEXT,
        price TEXT,
        rating TEXT
    );
    , parameters: None
[2024-10-26T19:29:09.318+0000] {taskinstance.py:340} INFO - ::group::Post task execution logs
[2024-10-26T19:29:09.319+0000] {taskinstance.py:352} INFO - Marking task as SUCCESS. dag_id=fetch_and_store_amazon_books, task_id=create_table, run_id=scheduled__2024-07-03T00:00:00+00:00, execution_date=20240703T000000, start_date=20241026T192909, end_date=20241026T192909
[2024-10-26T19:29:09.332+0000] {logging_mixin.py:190} INFO - Task instance in success state
[2024-10-26T19:29:09.333+0000] {logging_mixin.py:190} INFO -  Previous state of the Task instance: running
[2024-10-26T19:29:09.334+0000] {logging_mixin.py:190} INFO - Dag name:fetch_and_store_amazon_books queued_at:2024-10-26 19:29:03.821282+00:00
[2024-10-26T19:29:09.334+0000] {logging_mixin.py:190} INFO - Task hostname:f1b284c02f67 operator:PostgresOperator
[2024-10-26T19:29:09.385+0000] {local_task_job_runner.py:266} INFO - Task exited with return code 0
[2024-10-26T19:29:09.400+0000] {warnings.py:112} WARNING - /home/***/.local/lib/python3.12/site-packages/***/models/baseoperator.py:1378: AirflowProviderDeprecationWarning: Call to deprecated class PostgresOperator. (Please use `***.providers.common.sql.operators.sql.SQLExecuteQueryOperator`.Also, you can provide `hook_params={'schema': <database>}`.)
  result = cls.__new__(cls)

[2024-10-26T19:29:09.421+0000] {taskinstance.py:3900} INFO - 1 downstream tasks scheduled from follow-on schedule check
[2024-10-26T19:29:09.423+0000] {local_task_job_runner.py:245} INFO - ::endgroup::
