[2024-10-26T19:00:36.006+0000] {processor.py:186} INFO - Started process (PID=1302) to work on /opt/airflow/dags/dag.py
[2024-10-26T19:00:36.007+0000] {processor.py:914} INFO - Processing file /opt/airflow/dags/dag.py for tasks to queue
[2024-10-26T19:00:36.010+0000] {logging_mixin.py:190} INFO - [2024-10-26T19:00:36.010+0000] {dagbag.py:588} INFO - Filling up the DagBag from /opt/airflow/dags/dag.py
[2024-10-26T19:00:36.048+0000] {processor.py:925} INFO - DAG(s) 'fetch_and_store_amazon_books' retrieved from /opt/airflow/dags/dag.py
[2024-10-26T19:00:36.153+0000] {logging_mixin.py:190} INFO - [2024-10-26T19:00:36.153+0000] {override.py:1900} INFO - Created Permission View: can read on DAG:fetch_and_store_amazon_books
[2024-10-26T19:00:36.171+0000] {logging_mixin.py:190} INFO - [2024-10-26T19:00:36.171+0000] {override.py:1900} INFO - Created Permission View: can delete on DAG:fetch_and_store_amazon_books
[2024-10-26T19:00:36.179+0000] {logging_mixin.py:190} INFO - [2024-10-26T19:00:36.178+0000] {override.py:1900} INFO - Created Permission View: can edit on DAG:fetch_and_store_amazon_books
[2024-10-26T19:00:36.187+0000] {logging_mixin.py:190} INFO - [2024-10-26T19:00:36.186+0000] {override.py:1900} INFO - Created Permission View: can read on DAG Run:fetch_and_store_amazon_books
[2024-10-26T19:00:36.195+0000] {logging_mixin.py:190} INFO - [2024-10-26T19:00:36.195+0000] {override.py:1900} INFO - Created Permission View: menu access on DAG Run:fetch_and_store_amazon_books
[2024-10-26T19:00:36.207+0000] {logging_mixin.py:190} INFO - [2024-10-26T19:00:36.207+0000] {override.py:1900} INFO - Created Permission View: can delete on DAG Run:fetch_and_store_amazon_books
[2024-10-26T19:00:36.216+0000] {logging_mixin.py:190} INFO - [2024-10-26T19:00:36.215+0000] {override.py:1900} INFO - Created Permission View: can create on DAG Run:fetch_and_store_amazon_books
[2024-10-26T19:00:36.217+0000] {logging_mixin.py:190} INFO - [2024-10-26T19:00:36.217+0000] {dag.py:3239} INFO - Sync 1 DAGs
[2024-10-26T19:00:36.231+0000] {logging_mixin.py:190} INFO - [2024-10-26T19:00:36.231+0000] {dag.py:3262} INFO - Creating ORM DAG for fetch_and_store_amazon_books
[2024-10-26T19:00:36.241+0000] {logging_mixin.py:190} INFO - [2024-10-26T19:00:36.241+0000] {dag.py:4180} INFO - Setting next_dagrun for fetch_and_store_amazon_books to None, run_after=None
[2024-10-26T19:00:36.260+0000] {processor.py:208} INFO - Processing /opt/airflow/dags/dag.py took 0.260 seconds
[2024-10-26T19:01:06.672+0000] {processor.py:186} INFO - Started process (PID=1365) to work on /opt/airflow/dags/dag.py
[2024-10-26T19:01:06.674+0000] {processor.py:914} INFO - Processing file /opt/airflow/dags/dag.py for tasks to queue
[2024-10-26T19:01:06.676+0000] {logging_mixin.py:190} INFO - [2024-10-26T19:01:06.676+0000] {dagbag.py:588} INFO - Filling up the DagBag from /opt/airflow/dags/dag.py
[2024-10-26T19:01:06.696+0000] {processor.py:925} INFO - DAG(s) 'fetch_and_store_amazon_books' retrieved from /opt/airflow/dags/dag.py
[2024-10-26T19:01:06.716+0000] {logging_mixin.py:190} INFO - [2024-10-26T19:01:06.715+0000] {dag.py:3239} INFO - Sync 1 DAGs
[2024-10-26T19:01:06.740+0000] {logging_mixin.py:190} INFO - [2024-10-26T19:01:06.740+0000] {dag.py:4180} INFO - Setting next_dagrun for fetch_and_store_amazon_books to None, run_after=None
[2024-10-26T19:01:06.765+0000] {processor.py:208} INFO - Processing /opt/airflow/dags/dag.py took 0.099 seconds
[2024-10-26T19:01:37.523+0000] {processor.py:186} INFO - Started process (PID=1435) to work on /opt/airflow/dags/dag.py
[2024-10-26T19:01:37.525+0000] {processor.py:914} INFO - Processing file /opt/airflow/dags/dag.py for tasks to queue
[2024-10-26T19:01:37.530+0000] {logging_mixin.py:190} INFO - [2024-10-26T19:01:37.529+0000] {dagbag.py:588} INFO - Filling up the DagBag from /opt/airflow/dags/dag.py
[2024-10-26T19:01:37.572+0000] {processor.py:925} INFO - DAG(s) 'fetch_and_store_amazon_books' retrieved from /opt/airflow/dags/dag.py
[2024-10-26T19:01:37.593+0000] {logging_mixin.py:190} INFO - [2024-10-26T19:01:37.593+0000] {dag.py:3239} INFO - Sync 1 DAGs
[2024-10-26T19:01:37.626+0000] {logging_mixin.py:190} INFO - [2024-10-26T19:01:37.626+0000] {dag.py:4180} INFO - Setting next_dagrun for fetch_and_store_amazon_books to None, run_after=None
[2024-10-26T19:01:37.654+0000] {processor.py:208} INFO - Processing /opt/airflow/dags/dag.py took 0.138 seconds
[2024-10-26T19:02:08.058+0000] {processor.py:186} INFO - Started process (PID=1498) to work on /opt/airflow/dags/dag.py
[2024-10-26T19:02:08.061+0000] {processor.py:914} INFO - Processing file /opt/airflow/dags/dag.py for tasks to queue
[2024-10-26T19:02:08.067+0000] {logging_mixin.py:190} INFO - [2024-10-26T19:02:08.066+0000] {dagbag.py:588} INFO - Filling up the DagBag from /opt/airflow/dags/dag.py
[2024-10-26T19:02:08.111+0000] {processor.py:925} INFO - DAG(s) 'fetch_and_store_amazon_books' retrieved from /opt/airflow/dags/dag.py
[2024-10-26T19:02:08.133+0000] {logging_mixin.py:190} INFO - [2024-10-26T19:02:08.133+0000] {dag.py:3239} INFO - Sync 1 DAGs
[2024-10-26T19:02:08.157+0000] {logging_mixin.py:190} INFO - [2024-10-26T19:02:08.157+0000] {dag.py:4180} INFO - Setting next_dagrun for fetch_and_store_amazon_books to None, run_after=None
[2024-10-26T19:02:08.183+0000] {processor.py:208} INFO - Processing /opt/airflow/dags/dag.py took 0.137 seconds
[2024-10-26T19:02:12.317+0000] {processor.py:186} INFO - Started process (PID=1499) to work on /opt/airflow/dags/dag.py
[2024-10-26T19:02:12.319+0000] {processor.py:914} INFO - Processing file /opt/airflow/dags/dag.py for tasks to queue
[2024-10-26T19:02:12.322+0000] {logging_mixin.py:190} INFO - [2024-10-26T19:02:12.322+0000] {dagbag.py:588} INFO - Filling up the DagBag from /opt/airflow/dags/dag.py
[2024-10-26T19:02:12.372+0000] {processor.py:925} INFO - DAG(s) 'fetch_and_store_amazon_books' retrieved from /opt/airflow/dags/dag.py
[2024-10-26T19:02:12.405+0000] {logging_mixin.py:190} INFO - [2024-10-26T19:02:12.405+0000] {dag.py:3239} INFO - Sync 1 DAGs
[2024-10-26T19:02:12.426+0000] {logging_mixin.py:190} INFO - [2024-10-26T19:02:12.426+0000] {dag.py:4180} INFO - Setting next_dagrun for fetch_and_store_amazon_books to None, run_after=None
[2024-10-26T19:02:12.455+0000] {processor.py:208} INFO - Processing /opt/airflow/dags/dag.py took 0.146 seconds
[2024-10-26T19:02:42.740+0000] {processor.py:186} INFO - Started process (PID=1562) to work on /opt/airflow/dags/dag.py
[2024-10-26T19:02:42.742+0000] {processor.py:914} INFO - Processing file /opt/airflow/dags/dag.py for tasks to queue
[2024-10-26T19:02:42.745+0000] {logging_mixin.py:190} INFO - [2024-10-26T19:02:42.745+0000] {dagbag.py:588} INFO - Filling up the DagBag from /opt/airflow/dags/dag.py
[2024-10-26T19:02:42.772+0000] {processor.py:925} INFO - DAG(s) 'fetch_and_store_amazon_books' retrieved from /opt/airflow/dags/dag.py
[2024-10-26T19:02:42.791+0000] {logging_mixin.py:190} INFO - [2024-10-26T19:02:42.791+0000] {dag.py:3239} INFO - Sync 1 DAGs
[2024-10-26T19:02:42.815+0000] {logging_mixin.py:190} INFO - [2024-10-26T19:02:42.814+0000] {dag.py:4180} INFO - Setting next_dagrun for fetch_and_store_amazon_books to None, run_after=None
[2024-10-26T19:02:42.839+0000] {processor.py:208} INFO - Processing /opt/airflow/dags/dag.py took 0.108 seconds
[2024-10-26T19:03:13.098+0000] {processor.py:186} INFO - Started process (PID=1626) to work on /opt/airflow/dags/dag.py
[2024-10-26T19:03:13.100+0000] {processor.py:914} INFO - Processing file /opt/airflow/dags/dag.py for tasks to queue
[2024-10-26T19:03:13.105+0000] {logging_mixin.py:190} INFO - [2024-10-26T19:03:13.104+0000] {dagbag.py:588} INFO - Filling up the DagBag from /opt/airflow/dags/dag.py
[2024-10-26T19:03:13.148+0000] {processor.py:925} INFO - DAG(s) 'fetch_and_store_amazon_books' retrieved from /opt/airflow/dags/dag.py
[2024-10-26T19:03:13.178+0000] {logging_mixin.py:190} INFO - [2024-10-26T19:03:13.178+0000] {dag.py:3239} INFO - Sync 1 DAGs
[2024-10-26T19:03:13.207+0000] {logging_mixin.py:190} INFO - [2024-10-26T19:03:13.206+0000] {dag.py:4180} INFO - Setting next_dagrun for fetch_and_store_amazon_books to None, run_after=None
[2024-10-26T19:03:13.235+0000] {processor.py:208} INFO - Processing /opt/airflow/dags/dag.py took 0.148 seconds
[2024-10-26T19:03:43.329+0000] {processor.py:186} INFO - Started process (PID=1689) to work on /opt/airflow/dags/dag.py
[2024-10-26T19:03:43.331+0000] {processor.py:914} INFO - Processing file /opt/airflow/dags/dag.py for tasks to queue
[2024-10-26T19:03:43.333+0000] {logging_mixin.py:190} INFO - [2024-10-26T19:03:43.333+0000] {dagbag.py:588} INFO - Filling up the DagBag from /opt/airflow/dags/dag.py
[2024-10-26T19:03:43.352+0000] {processor.py:925} INFO - DAG(s) 'fetch_and_store_amazon_books' retrieved from /opt/airflow/dags/dag.py
[2024-10-26T19:03:43.371+0000] {logging_mixin.py:190} INFO - [2024-10-26T19:03:43.371+0000] {dag.py:3239} INFO - Sync 1 DAGs
[2024-10-26T19:03:43.394+0000] {logging_mixin.py:190} INFO - [2024-10-26T19:03:43.394+0000] {dag.py:4180} INFO - Setting next_dagrun for fetch_and_store_amazon_books to None, run_after=None
[2024-10-26T19:03:43.416+0000] {processor.py:208} INFO - Processing /opt/airflow/dags/dag.py took 0.092 seconds
[2024-10-26T19:04:13.788+0000] {processor.py:186} INFO - Started process (PID=1752) to work on /opt/airflow/dags/dag.py
[2024-10-26T19:04:13.790+0000] {processor.py:914} INFO - Processing file /opt/airflow/dags/dag.py for tasks to queue
[2024-10-26T19:04:13.793+0000] {logging_mixin.py:190} INFO - [2024-10-26T19:04:13.792+0000] {dagbag.py:588} INFO - Filling up the DagBag from /opt/airflow/dags/dag.py
[2024-10-26T19:04:13.827+0000] {processor.py:925} INFO - DAG(s) 'fetch_and_store_amazon_books' retrieved from /opt/airflow/dags/dag.py
[2024-10-26T19:04:13.847+0000] {logging_mixin.py:190} INFO - [2024-10-26T19:04:13.847+0000] {dag.py:3239} INFO - Sync 1 DAGs
[2024-10-26T19:04:13.879+0000] {logging_mixin.py:190} INFO - [2024-10-26T19:04:13.879+0000] {dag.py:4180} INFO - Setting next_dagrun for fetch_and_store_amazon_books to None, run_after=None
[2024-10-26T19:04:13.905+0000] {processor.py:208} INFO - Processing /opt/airflow/dags/dag.py took 0.122 seconds
[2024-10-26T19:04:44.493+0000] {processor.py:186} INFO - Started process (PID=1815) to work on /opt/airflow/dags/dag.py
[2024-10-26T19:04:44.494+0000] {processor.py:914} INFO - Processing file /opt/airflow/dags/dag.py for tasks to queue
[2024-10-26T19:04:44.497+0000] {logging_mixin.py:190} INFO - [2024-10-26T19:04:44.497+0000] {dagbag.py:588} INFO - Filling up the DagBag from /opt/airflow/dags/dag.py
[2024-10-26T19:04:44.511+0000] {processor.py:925} INFO - DAG(s) 'fetch_and_store_amazon_books' retrieved from /opt/airflow/dags/dag.py
[2024-10-26T19:04:44.529+0000] {logging_mixin.py:190} INFO - [2024-10-26T19:04:44.529+0000] {dag.py:3239} INFO - Sync 1 DAGs
[2024-10-26T19:04:44.551+0000] {logging_mixin.py:190} INFO - [2024-10-26T19:04:44.551+0000] {dag.py:4180} INFO - Setting next_dagrun for fetch_and_store_amazon_books to None, run_after=None
[2024-10-26T19:04:44.573+0000] {processor.py:208} INFO - Processing /opt/airflow/dags/dag.py took 0.086 seconds
[2024-10-26T19:05:14.738+0000] {processor.py:186} INFO - Started process (PID=1878) to work on /opt/airflow/dags/dag.py
[2024-10-26T19:05:14.740+0000] {processor.py:914} INFO - Processing file /opt/airflow/dags/dag.py for tasks to queue
[2024-10-26T19:05:14.742+0000] {logging_mixin.py:190} INFO - [2024-10-26T19:05:14.742+0000] {dagbag.py:588} INFO - Filling up the DagBag from /opt/airflow/dags/dag.py
[2024-10-26T19:05:14.783+0000] {logging_mixin.py:190} INFO - [2024-10-26T19:05:14.774+0000] {dagbag.py:387} ERROR - Failed to import: /opt/airflow/dags/dag.py
Traceback (most recent call last):
  File "/home/airflow/.local/lib/python3.12/site-packages/airflow/models/dagbag.py", line 383, in parse
    loader.exec_module(new_module)
  File "<frozen importlib._bootstrap_external>", line 995, in exec_module
  File "<frozen importlib._bootstrap>", line 488, in _call_with_frames_removed
  File "/opt/airflow/dags/dag.py", line 111, in <module>
    fetch_book_data_task = PythonOperator(
                           ^^^^^^^^^^^^^^
NameError: name 'PythonOperator' is not defined
[2024-10-26T19:05:14.788+0000] {processor.py:927} WARNING - No viable dags retrieved from /opt/airflow/dags/dag.py
[2024-10-26T19:05:14.810+0000] {processor.py:208} INFO - Processing /opt/airflow/dags/dag.py took 0.077 seconds
[2024-10-26T19:05:45.648+0000] {processor.py:186} INFO - Started process (PID=1941) to work on /opt/airflow/dags/dag.py
[2024-10-26T19:05:45.649+0000] {processor.py:914} INFO - Processing file /opt/airflow/dags/dag.py for tasks to queue
[2024-10-26T19:05:45.652+0000] {logging_mixin.py:190} INFO - [2024-10-26T19:05:45.652+0000] {dagbag.py:588} INFO - Filling up the DagBag from /opt/airflow/dags/dag.py
[2024-10-26T19:05:45.723+0000] {logging_mixin.py:190} INFO - [2024-10-26T19:05:45.709+0000] {dagbag.py:387} ERROR - Failed to import: /opt/airflow/dags/dag.py
Traceback (most recent call last):
  File "/home/airflow/.local/lib/python3.12/site-packages/airflow/models/dagbag.py", line 383, in parse
    loader.exec_module(new_module)
  File "<frozen importlib._bootstrap_external>", line 995, in exec_module
  File "<frozen importlib._bootstrap>", line 488, in _call_with_frames_removed
  File "/opt/airflow/dags/dag.py", line 111, in <module>
    fetch_book_data_task = PythonOperator(
                           ^^^^^^^^^^^^^^
NameError: name 'PythonOperator' is not defined
[2024-10-26T19:05:45.734+0000] {processor.py:927} WARNING - No viable dags retrieved from /opt/airflow/dags/dag.py
[2024-10-26T19:05:45.760+0000] {processor.py:208} INFO - Processing /opt/airflow/dags/dag.py took 0.119 seconds
[2024-10-26T19:06:16.635+0000] {processor.py:186} INFO - Started process (PID=2004) to work on /opt/airflow/dags/dag.py
[2024-10-26T19:06:16.636+0000] {processor.py:914} INFO - Processing file /opt/airflow/dags/dag.py for tasks to queue
[2024-10-26T19:06:16.638+0000] {logging_mixin.py:190} INFO - [2024-10-26T19:06:16.638+0000] {dagbag.py:588} INFO - Filling up the DagBag from /opt/airflow/dags/dag.py
[2024-10-26T19:06:16.677+0000] {logging_mixin.py:190} INFO - [2024-10-26T19:06:16.663+0000] {dagbag.py:387} ERROR - Failed to import: /opt/airflow/dags/dag.py
Traceback (most recent call last):
  File "/home/airflow/.local/lib/python3.12/site-packages/airflow/models/dagbag.py", line 383, in parse
    loader.exec_module(new_module)
  File "<frozen importlib._bootstrap_external>", line 995, in exec_module
  File "<frozen importlib._bootstrap>", line 488, in _call_with_frames_removed
  File "/opt/airflow/dags/dag.py", line 111, in <module>
    fetch_book_data_task = PythonOperator(
                           ^^^^^^^^^^^^^^
NameError: name 'PythonOperator' is not defined
[2024-10-26T19:06:16.686+0000] {processor.py:927} WARNING - No viable dags retrieved from /opt/airflow/dags/dag.py
[2024-10-26T19:06:16.719+0000] {processor.py:208} INFO - Processing /opt/airflow/dags/dag.py took 0.092 seconds
[2024-10-26T19:06:47.694+0000] {processor.py:186} INFO - Started process (PID=2067) to work on /opt/airflow/dags/dag.py
[2024-10-26T19:06:47.697+0000] {processor.py:914} INFO - Processing file /opt/airflow/dags/dag.py for tasks to queue
[2024-10-26T19:06:47.699+0000] {logging_mixin.py:190} INFO - [2024-10-26T19:06:47.699+0000] {dagbag.py:588} INFO - Filling up the DagBag from /opt/airflow/dags/dag.py
[2024-10-26T19:06:47.745+0000] {logging_mixin.py:190} INFO - [2024-10-26T19:06:47.728+0000] {dagbag.py:387} ERROR - Failed to import: /opt/airflow/dags/dag.py
Traceback (most recent call last):
  File "/home/airflow/.local/lib/python3.12/site-packages/airflow/models/dagbag.py", line 383, in parse
    loader.exec_module(new_module)
  File "<frozen importlib._bootstrap_external>", line 995, in exec_module
  File "<frozen importlib._bootstrap>", line 488, in _call_with_frames_removed
  File "/opt/airflow/dags/dag.py", line 111, in <module>
    fetch_book_data_task = PythonOperator(
                           ^^^^^^^^^^^^^^
NameError: name 'PythonOperator' is not defined
[2024-10-26T19:06:47.756+0000] {processor.py:927} WARNING - No viable dags retrieved from /opt/airflow/dags/dag.py
[2024-10-26T19:06:47.780+0000] {processor.py:208} INFO - Processing /opt/airflow/dags/dag.py took 0.097 seconds
[2024-10-26T19:07:06.368+0000] {processor.py:186} INFO - Started process (PID=2124) to work on /opt/airflow/dags/dag.py
[2024-10-26T19:07:06.369+0000] {processor.py:914} INFO - Processing file /opt/airflow/dags/dag.py for tasks to queue
[2024-10-26T19:07:06.371+0000] {logging_mixin.py:190} INFO - [2024-10-26T19:07:06.371+0000] {dagbag.py:588} INFO - Filling up the DagBag from /opt/airflow/dags/dag.py
[2024-10-26T19:07:06.601+0000] {processor.py:925} INFO - DAG(s) 'fetch_and_store_amazon_books' retrieved from /opt/airflow/dags/dag.py
[2024-10-26T19:07:06.833+0000] {logging_mixin.py:190} INFO - [2024-10-26T19:07:06.833+0000] {dag.py:3239} INFO - Sync 1 DAGs
[2024-10-26T19:07:06.853+0000] {logging_mixin.py:190} INFO - [2024-10-26T19:07:06.853+0000] {dag.py:4180} INFO - Setting next_dagrun for fetch_and_store_amazon_books to 2024-10-26 00:00:00+00:00, run_after=2024-10-27 00:00:00+00:00
[2024-10-26T19:07:06.901+0000] {processor.py:208} INFO - Processing /opt/airflow/dags/dag.py took 0.538 seconds
[2024-10-26T19:07:07.425+0000] {processor.py:186} INFO - Started process (PID=2125) to work on /opt/airflow/dags/dag.py
[2024-10-26T19:07:07.427+0000] {processor.py:914} INFO - Processing file /opt/airflow/dags/dag.py for tasks to queue
[2024-10-26T19:07:07.429+0000] {logging_mixin.py:190} INFO - [2024-10-26T19:07:07.429+0000] {dagbag.py:588} INFO - Filling up the DagBag from /opt/airflow/dags/dag.py
[2024-10-26T19:07:07.585+0000] {processor.py:925} INFO - DAG(s) 'fetch_and_store_amazon_books' retrieved from /opt/airflow/dags/dag.py
[2024-10-26T19:07:07.598+0000] {logging_mixin.py:190} INFO - [2024-10-26T19:07:07.597+0000] {dag.py:3239} INFO - Sync 1 DAGs
[2024-10-26T19:07:07.618+0000] {logging_mixin.py:190} INFO - [2024-10-26T19:07:07.618+0000] {dag.py:4180} INFO - Setting next_dagrun for fetch_and_store_amazon_books to 2024-10-26 00:00:00+00:00, run_after=2024-10-27 00:00:00+00:00
[2024-10-26T19:07:07.822+0000] {processor.py:208} INFO - Processing /opt/airflow/dags/dag.py took 0.407 seconds
[2024-10-26T19:07:33.835+0000] {processor.py:186} INFO - Started process (PID=2188) to work on /opt/airflow/dags/dag.py
[2024-10-26T19:07:33.837+0000] {processor.py:914} INFO - Processing file /opt/airflow/dags/dag.py for tasks to queue
[2024-10-26T19:07:33.838+0000] {logging_mixin.py:190} INFO - [2024-10-26T19:07:33.838+0000] {dagbag.py:588} INFO - Filling up the DagBag from /opt/airflow/dags/dag.py
[2024-10-26T19:07:33.874+0000] {logging_mixin.py:190} INFO - [2024-10-26T19:07:33.870+0000] {dagbag.py:387} ERROR - Failed to import: /opt/airflow/dags/dag.py
Traceback (most recent call last):
  File "/home/airflow/.local/lib/python3.12/site-packages/airflow/models/dagbag.py", line 383, in parse
    loader.exec_module(new_module)
  File "<frozen importlib._bootstrap_external>", line 995, in exec_module
  File "<frozen importlib._bootstrap>", line 488, in _call_with_frames_removed
  File "/opt/airflow/dags/dag.py", line 3, in <module>
    warnings.filterwarnings("ignore all")
  File "/usr/local/lib/python3.12/warnings.py", line 145, in filterwarnings
    assert action in ("error", "ignore", "always", "default", "module",
           ^^^^^^^^^^^^^^^^^^^^^^^^^^^^^^^^^^^^^^^^^^^^^^^^^^^^^^^^^^^^
AssertionError: invalid action: 'ignore all'
[2024-10-26T19:07:33.876+0000] {processor.py:927} WARNING - No viable dags retrieved from /opt/airflow/dags/dag.py
[2024-10-26T19:07:33.894+0000] {processor.py:208} INFO - Processing /opt/airflow/dags/dag.py took 0.064 seconds
[2024-10-26T19:07:36.001+0000] {processor.py:186} INFO - Started process (PID=2189) to work on /opt/airflow/dags/dag.py
[2024-10-26T19:07:36.002+0000] {processor.py:914} INFO - Processing file /opt/airflow/dags/dag.py for tasks to queue
[2024-10-26T19:07:36.004+0000] {logging_mixin.py:190} INFO - [2024-10-26T19:07:36.003+0000] {dagbag.py:588} INFO - Filling up the DagBag from /opt/airflow/dags/dag.py
[2024-10-26T19:07:36.131+0000] {processor.py:925} INFO - DAG(s) 'fetch_and_store_amazon_books' retrieved from /opt/airflow/dags/dag.py
[2024-10-26T19:07:36.142+0000] {logging_mixin.py:190} INFO - [2024-10-26T19:07:36.142+0000] {dag.py:3239} INFO - Sync 1 DAGs
[2024-10-26T19:07:36.163+0000] {logging_mixin.py:190} INFO - [2024-10-26T19:07:36.163+0000] {dag.py:4180} INFO - Setting next_dagrun for fetch_and_store_amazon_books to 2024-10-26 00:00:00+00:00, run_after=2024-10-27 00:00:00+00:00
[2024-10-26T19:07:36.185+0000] {processor.py:208} INFO - Processing /opt/airflow/dags/dag.py took 0.192 seconds
[2024-10-26T19:08:00.614+0000] {processor.py:186} INFO - Started process (PID=2241) to work on /opt/airflow/dags/dag.py
[2024-10-26T19:08:00.616+0000] {processor.py:914} INFO - Processing file /opt/airflow/dags/dag.py for tasks to queue
[2024-10-26T19:08:00.618+0000] {logging_mixin.py:190} INFO - [2024-10-26T19:08:00.617+0000] {dagbag.py:588} INFO - Filling up the DagBag from /opt/airflow/dags/dag.py
[2024-10-26T19:08:00.919+0000] {processor.py:925} INFO - DAG(s) 'fetch_and_store_amazon_books' retrieved from /opt/airflow/dags/dag.py
[2024-10-26T19:08:00.934+0000] {logging_mixin.py:190} INFO - [2024-10-26T19:08:00.934+0000] {dag.py:3239} INFO - Sync 1 DAGs
[2024-10-26T19:08:00.954+0000] {logging_mixin.py:190} INFO - [2024-10-26T19:08:00.953+0000] {dag.py:4180} INFO - Setting next_dagrun for fetch_and_store_amazon_books to 2024-10-26 00:00:00+00:00, run_after=2024-10-27 00:00:00+00:00
[2024-10-26T19:08:00.976+0000] {processor.py:208} INFO - Processing /opt/airflow/dags/dag.py took 0.367 seconds
[2024-10-26T19:08:31.499+0000] {processor.py:186} INFO - Started process (PID=2304) to work on /opt/airflow/dags/dag.py
[2024-10-26T19:08:31.501+0000] {processor.py:914} INFO - Processing file /opt/airflow/dags/dag.py for tasks to queue
[2024-10-26T19:08:31.502+0000] {logging_mixin.py:190} INFO - [2024-10-26T19:08:31.502+0000] {dagbag.py:588} INFO - Filling up the DagBag from /opt/airflow/dags/dag.py
[2024-10-26T19:08:31.624+0000] {processor.py:925} INFO - DAG(s) 'fetch_and_store_amazon_books' retrieved from /opt/airflow/dags/dag.py
[2024-10-26T19:08:31.644+0000] {logging_mixin.py:190} INFO - [2024-10-26T19:08:31.643+0000] {dag.py:3239} INFO - Sync 1 DAGs
[2024-10-26T19:08:31.667+0000] {logging_mixin.py:190} INFO - [2024-10-26T19:08:31.667+0000] {dag.py:4180} INFO - Setting next_dagrun for fetch_and_store_amazon_books to 2024-10-26 00:00:00+00:00, run_after=2024-10-27 00:00:00+00:00
[2024-10-26T19:08:31.689+0000] {processor.py:208} INFO - Processing /opt/airflow/dags/dag.py took 0.196 seconds
[2024-10-26T19:09:02.118+0000] {processor.py:186} INFO - Started process (PID=2367) to work on /opt/airflow/dags/dag.py
[2024-10-26T19:09:02.119+0000] {processor.py:914} INFO - Processing file /opt/airflow/dags/dag.py for tasks to queue
[2024-10-26T19:09:02.121+0000] {logging_mixin.py:190} INFO - [2024-10-26T19:09:02.120+0000] {dagbag.py:588} INFO - Filling up the DagBag from /opt/airflow/dags/dag.py
[2024-10-26T19:09:02.236+0000] {processor.py:925} INFO - DAG(s) 'fetch_and_store_amazon_books' retrieved from /opt/airflow/dags/dag.py
[2024-10-26T19:09:02.256+0000] {logging_mixin.py:190} INFO - [2024-10-26T19:09:02.256+0000] {dag.py:3239} INFO - Sync 1 DAGs
[2024-10-26T19:09:02.279+0000] {logging_mixin.py:190} INFO - [2024-10-26T19:09:02.279+0000] {dag.py:4180} INFO - Setting next_dagrun for fetch_and_store_amazon_books to 2024-10-26 00:00:00+00:00, run_after=2024-10-27 00:00:00+00:00
[2024-10-26T19:09:02.301+0000] {processor.py:208} INFO - Processing /opt/airflow/dags/dag.py took 0.189 seconds
[2024-10-26T19:09:15.391+0000] {processor.py:186} INFO - Started process (PID=2385) to work on /opt/airflow/dags/dag.py
[2024-10-26T19:09:15.393+0000] {processor.py:914} INFO - Processing file /opt/airflow/dags/dag.py for tasks to queue
[2024-10-26T19:09:15.395+0000] {logging_mixin.py:190} INFO - [2024-10-26T19:09:15.394+0000] {dagbag.py:588} INFO - Filling up the DagBag from /opt/airflow/dags/dag.py
[2024-10-26T19:09:15.729+0000] {processor.py:925} INFO - DAG(s) 'fetch_and_store_amazon_books' retrieved from /opt/airflow/dags/dag.py
[2024-10-26T19:09:15.840+0000] {logging_mixin.py:190} INFO - [2024-10-26T19:09:15.840+0000] {dag.py:3239} INFO - Sync 1 DAGs
[2024-10-26T19:09:15.860+0000] {logging_mixin.py:190} INFO - [2024-10-26T19:09:15.860+0000] {dag.py:4180} INFO - Setting next_dagrun for fetch_and_store_amazon_books to 2024-10-26 00:00:00+00:00, run_after=2024-10-27 00:00:00+00:00
[2024-10-26T19:09:15.890+0000] {processor.py:208} INFO - Processing /opt/airflow/dags/dag.py took 0.510 seconds
[2024-10-26T19:09:46.832+0000] {processor.py:186} INFO - Started process (PID=2448) to work on /opt/airflow/dags/dag.py
[2024-10-26T19:09:46.833+0000] {processor.py:914} INFO - Processing file /opt/airflow/dags/dag.py for tasks to queue
[2024-10-26T19:09:46.835+0000] {logging_mixin.py:190} INFO - [2024-10-26T19:09:46.834+0000] {dagbag.py:588} INFO - Filling up the DagBag from /opt/airflow/dags/dag.py
[2024-10-26T19:09:47.168+0000] {processor.py:925} INFO - DAG(s) 'fetch_and_store_amazon_books' retrieved from /opt/airflow/dags/dag.py
[2024-10-26T19:09:47.188+0000] {logging_mixin.py:190} INFO - [2024-10-26T19:09:47.187+0000] {dag.py:3239} INFO - Sync 1 DAGs
[2024-10-26T19:09:47.211+0000] {logging_mixin.py:190} INFO - [2024-10-26T19:09:47.211+0000] {dag.py:4180} INFO - Setting next_dagrun for fetch_and_store_amazon_books to 2024-10-26 00:00:00+00:00, run_after=2024-10-27 00:00:00+00:00
[2024-10-26T19:09:47.233+0000] {processor.py:208} INFO - Processing /opt/airflow/dags/dag.py took 0.407 seconds
[2024-10-26T19:09:49.897+0000] {processor.py:186} INFO - Started process (PID=2449) to work on /opt/airflow/dags/dag.py
[2024-10-26T19:09:49.899+0000] {processor.py:914} INFO - Processing file /opt/airflow/dags/dag.py for tasks to queue
[2024-10-26T19:09:49.901+0000] {logging_mixin.py:190} INFO - [2024-10-26T19:09:49.900+0000] {dagbag.py:588} INFO - Filling up the DagBag from /opt/airflow/dags/dag.py
[2024-10-26T19:09:50.251+0000] {processor.py:925} INFO - DAG(s) 'fetch_and_store_amazon_books' retrieved from /opt/airflow/dags/dag.py
[2024-10-26T19:09:50.361+0000] {logging_mixin.py:190} INFO - [2024-10-26T19:09:50.360+0000] {dag.py:3239} INFO - Sync 1 DAGs
[2024-10-26T19:09:50.380+0000] {logging_mixin.py:190} INFO - [2024-10-26T19:09:50.380+0000] {dag.py:4180} INFO - Setting next_dagrun for fetch_and_store_amazon_books to 2024-10-26 00:00:00+00:00, run_after=2024-10-27 00:00:00+00:00
[2024-10-26T19:09:50.414+0000] {processor.py:208} INFO - Processing /opt/airflow/dags/dag.py took 0.529 seconds
[2024-10-26T19:10:20.862+0000] {processor.py:186} INFO - Started process (PID=2512) to work on /opt/airflow/dags/dag.py
[2024-10-26T19:10:20.863+0000] {processor.py:914} INFO - Processing file /opt/airflow/dags/dag.py for tasks to queue
[2024-10-26T19:10:20.865+0000] {logging_mixin.py:190} INFO - [2024-10-26T19:10:20.864+0000] {dagbag.py:588} INFO - Filling up the DagBag from /opt/airflow/dags/dag.py
[2024-10-26T19:10:21.147+0000] {processor.py:925} INFO - DAG(s) 'fetch_and_store_amazon_books' retrieved from /opt/airflow/dags/dag.py
[2024-10-26T19:10:21.164+0000] {logging_mixin.py:190} INFO - [2024-10-26T19:10:21.163+0000] {dag.py:3239} INFO - Sync 1 DAGs
[2024-10-26T19:10:21.184+0000] {logging_mixin.py:190} INFO - [2024-10-26T19:10:21.184+0000] {dag.py:4180} INFO - Setting next_dagrun for fetch_and_store_amazon_books to 2024-10-26 00:00:00+00:00, run_after=2024-10-27 00:00:00+00:00
[2024-10-26T19:10:21.203+0000] {processor.py:208} INFO - Processing /opt/airflow/dags/dag.py took 0.347 seconds
[2024-10-26T19:10:51.402+0000] {processor.py:186} INFO - Started process (PID=2575) to work on /opt/airflow/dags/dag.py
[2024-10-26T19:10:51.404+0000] {processor.py:914} INFO - Processing file /opt/airflow/dags/dag.py for tasks to queue
[2024-10-26T19:10:51.406+0000] {logging_mixin.py:190} INFO - [2024-10-26T19:10:51.406+0000] {dagbag.py:588} INFO - Filling up the DagBag from /opt/airflow/dags/dag.py
[2024-10-26T19:10:51.696+0000] {processor.py:925} INFO - DAG(s) 'fetch_and_store_amazon_books' retrieved from /opt/airflow/dags/dag.py
[2024-10-26T19:10:51.716+0000] {logging_mixin.py:190} INFO - [2024-10-26T19:10:51.715+0000] {dag.py:3239} INFO - Sync 1 DAGs
[2024-10-26T19:10:51.743+0000] {logging_mixin.py:190} INFO - [2024-10-26T19:10:51.742+0000] {dag.py:4180} INFO - Setting next_dagrun for fetch_and_store_amazon_books to 2024-10-26 00:00:00+00:00, run_after=2024-10-27 00:00:00+00:00
[2024-10-26T19:10:51.764+0000] {processor.py:208} INFO - Processing /opt/airflow/dags/dag.py took 0.368 seconds
[2024-10-26T19:11:22.556+0000] {processor.py:186} INFO - Started process (PID=2638) to work on /opt/airflow/dags/dag.py
[2024-10-26T19:11:22.557+0000] {processor.py:914} INFO - Processing file /opt/airflow/dags/dag.py for tasks to queue
[2024-10-26T19:11:22.559+0000] {logging_mixin.py:190} INFO - [2024-10-26T19:11:22.559+0000] {dagbag.py:588} INFO - Filling up the DagBag from /opt/airflow/dags/dag.py
[2024-10-26T19:11:22.685+0000] {processor.py:925} INFO - DAG(s) 'fetch_and_store_amazon_books' retrieved from /opt/airflow/dags/dag.py
[2024-10-26T19:11:22.709+0000] {logging_mixin.py:190} INFO - [2024-10-26T19:11:22.708+0000] {dag.py:3239} INFO - Sync 1 DAGs
[2024-10-26T19:11:22.730+0000] {logging_mixin.py:190} INFO - [2024-10-26T19:11:22.730+0000] {dag.py:4180} INFO - Setting next_dagrun for fetch_and_store_amazon_books to 2024-10-26 00:00:00+00:00, run_after=2024-10-27 00:00:00+00:00
[2024-10-26T19:11:22.753+0000] {processor.py:208} INFO - Processing /opt/airflow/dags/dag.py took 0.203 seconds
[2024-10-26T19:11:53.457+0000] {processor.py:186} INFO - Started process (PID=2701) to work on /opt/airflow/dags/dag.py
[2024-10-26T19:11:53.458+0000] {processor.py:914} INFO - Processing file /opt/airflow/dags/dag.py for tasks to queue
[2024-10-26T19:11:53.460+0000] {logging_mixin.py:190} INFO - [2024-10-26T19:11:53.460+0000] {dagbag.py:588} INFO - Filling up the DagBag from /opt/airflow/dags/dag.py
[2024-10-26T19:11:53.740+0000] {processor.py:925} INFO - DAG(s) 'fetch_and_store_amazon_books' retrieved from /opt/airflow/dags/dag.py
[2024-10-26T19:11:53.759+0000] {logging_mixin.py:190} INFO - [2024-10-26T19:11:53.758+0000] {dag.py:3239} INFO - Sync 1 DAGs
[2024-10-26T19:11:53.780+0000] {logging_mixin.py:190} INFO - [2024-10-26T19:11:53.780+0000] {dag.py:4180} INFO - Setting next_dagrun for fetch_and_store_amazon_books to 2024-10-26 00:00:00+00:00, run_after=2024-10-27 00:00:00+00:00
[2024-10-26T19:11:53.798+0000] {processor.py:208} INFO - Processing /opt/airflow/dags/dag.py took 0.346 seconds
[2024-10-26T19:12:07.057+0000] {processor.py:186} INFO - Started process (PID=2742) to work on /opt/airflow/dags/dag.py
[2024-10-26T19:12:07.059+0000] {processor.py:914} INFO - Processing file /opt/airflow/dags/dag.py for tasks to queue
[2024-10-26T19:12:07.062+0000] {logging_mixin.py:190} INFO - [2024-10-26T19:12:07.061+0000] {dagbag.py:588} INFO - Filling up the DagBag from /opt/airflow/dags/dag.py
[2024-10-26T19:12:07.386+0000] {processor.py:925} INFO - DAG(s) 'fetch_and_store_amazon_books' retrieved from /opt/airflow/dags/dag.py
[2024-10-26T19:12:07.405+0000] {logging_mixin.py:190} INFO - [2024-10-26T19:12:07.405+0000] {dag.py:3239} INFO - Sync 1 DAGs
[2024-10-26T19:12:07.429+0000] {logging_mixin.py:190} INFO - [2024-10-26T19:12:07.429+0000] {dag.py:4180} INFO - Setting next_dagrun for fetch_and_store_amazon_books to 2024-10-26 00:00:00+00:00, run_after=2024-10-27 00:00:00+00:00
[2024-10-26T19:12:07.455+0000] {processor.py:208} INFO - Processing /opt/airflow/dags/dag.py took 0.405 seconds
[2024-10-26T19:12:15.819+0000] {processor.py:186} INFO - Started process (PID=2765) to work on /opt/airflow/dags/dag.py
[2024-10-26T19:12:15.821+0000] {processor.py:914} INFO - Processing file /opt/airflow/dags/dag.py for tasks to queue
[2024-10-26T19:12:15.823+0000] {logging_mixin.py:190} INFO - [2024-10-26T19:12:15.822+0000] {dagbag.py:588} INFO - Filling up the DagBag from /opt/airflow/dags/dag.py
[2024-10-26T19:12:16.153+0000] {processor.py:925} INFO - DAG(s) 'fetch_and_store_amazon_books' retrieved from /opt/airflow/dags/dag.py
[2024-10-26T19:12:16.173+0000] {logging_mixin.py:190} INFO - [2024-10-26T19:12:16.173+0000] {dag.py:3239} INFO - Sync 1 DAGs
[2024-10-26T19:12:16.196+0000] {logging_mixin.py:190} INFO - [2024-10-26T19:12:16.195+0000] {dag.py:4180} INFO - Setting next_dagrun for fetch_and_store_amazon_books to 2024-10-26 00:00:00+00:00, run_after=2024-10-27 00:00:00+00:00
[2024-10-26T19:12:16.223+0000] {processor.py:208} INFO - Processing /opt/airflow/dags/dag.py took 0.410 seconds
[2024-10-26T19:12:46.767+0000] {processor.py:186} INFO - Started process (PID=2828) to work on /opt/airflow/dags/dag.py
[2024-10-26T19:12:46.769+0000] {processor.py:914} INFO - Processing file /opt/airflow/dags/dag.py for tasks to queue
[2024-10-26T19:12:46.771+0000] {logging_mixin.py:190} INFO - [2024-10-26T19:12:46.771+0000] {dagbag.py:588} INFO - Filling up the DagBag from /opt/airflow/dags/dag.py
[2024-10-26T19:12:47.069+0000] {processor.py:925} INFO - DAG(s) 'fetch_and_store_amazon_books' retrieved from /opt/airflow/dags/dag.py
[2024-10-26T19:12:47.087+0000] {logging_mixin.py:190} INFO - [2024-10-26T19:12:47.086+0000] {dag.py:3239} INFO - Sync 1 DAGs
[2024-10-26T19:12:47.107+0000] {logging_mixin.py:190} INFO - [2024-10-26T19:12:47.107+0000] {dag.py:4180} INFO - Setting next_dagrun for fetch_and_store_amazon_books to 2024-10-26 00:00:00+00:00, run_after=2024-10-27 00:00:00+00:00
[2024-10-26T19:12:47.124+0000] {processor.py:208} INFO - Processing /opt/airflow/dags/dag.py took 0.362 seconds
[2024-10-26T19:13:17.255+0000] {processor.py:186} INFO - Started process (PID=2891) to work on /opt/airflow/dags/dag.py
[2024-10-26T19:13:17.256+0000] {processor.py:914} INFO - Processing file /opt/airflow/dags/dag.py for tasks to queue
[2024-10-26T19:13:17.261+0000] {logging_mixin.py:190} INFO - [2024-10-26T19:13:17.260+0000] {dagbag.py:588} INFO - Filling up the DagBag from /opt/airflow/dags/dag.py
[2024-10-26T19:13:17.459+0000] {processor.py:925} INFO - DAG(s) 'fetch_and_store_amazon_books' retrieved from /opt/airflow/dags/dag.py
[2024-10-26T19:13:17.479+0000] {logging_mixin.py:190} INFO - [2024-10-26T19:13:17.479+0000] {dag.py:3239} INFO - Sync 1 DAGs
[2024-10-26T19:13:17.502+0000] {logging_mixin.py:190} INFO - [2024-10-26T19:13:17.501+0000] {dag.py:4180} INFO - Setting next_dagrun for fetch_and_store_amazon_books to 2024-10-26 00:00:00+00:00, run_after=2024-10-27 00:00:00+00:00
[2024-10-26T19:13:17.522+0000] {processor.py:208} INFO - Processing /opt/airflow/dags/dag.py took 0.274 seconds
[2024-10-26T19:13:48.312+0000] {processor.py:186} INFO - Started process (PID=2954) to work on /opt/airflow/dags/dag.py
[2024-10-26T19:13:48.313+0000] {processor.py:914} INFO - Processing file /opt/airflow/dags/dag.py for tasks to queue
[2024-10-26T19:13:48.314+0000] {logging_mixin.py:190} INFO - [2024-10-26T19:13:48.314+0000] {dagbag.py:588} INFO - Filling up the DagBag from /opt/airflow/dags/dag.py
[2024-10-26T19:13:48.419+0000] {processor.py:925} INFO - DAG(s) 'fetch_and_store_amazon_books' retrieved from /opt/airflow/dags/dag.py
[2024-10-26T19:13:48.439+0000] {logging_mixin.py:190} INFO - [2024-10-26T19:13:48.438+0000] {dag.py:3239} INFO - Sync 1 DAGs
[2024-10-26T19:13:48.468+0000] {logging_mixin.py:190} INFO - [2024-10-26T19:13:48.468+0000] {dag.py:4180} INFO - Setting next_dagrun for fetch_and_store_amazon_books to 2024-10-26 00:00:00+00:00, run_after=2024-10-27 00:00:00+00:00
[2024-10-26T19:13:48.497+0000] {processor.py:208} INFO - Processing /opt/airflow/dags/dag.py took 0.191 seconds
[2024-10-26T19:14:18.852+0000] {processor.py:186} INFO - Started process (PID=3017) to work on /opt/airflow/dags/dag.py
[2024-10-26T19:14:18.853+0000] {processor.py:914} INFO - Processing file /opt/airflow/dags/dag.py for tasks to queue
[2024-10-26T19:14:18.854+0000] {logging_mixin.py:190} INFO - [2024-10-26T19:14:18.854+0000] {dagbag.py:588} INFO - Filling up the DagBag from /opt/airflow/dags/dag.py
[2024-10-26T19:14:18.967+0000] {processor.py:925} INFO - DAG(s) 'fetch_and_store_amazon_books' retrieved from /opt/airflow/dags/dag.py
[2024-10-26T19:14:18.987+0000] {logging_mixin.py:190} INFO - [2024-10-26T19:14:18.987+0000] {dag.py:3239} INFO - Sync 1 DAGs
[2024-10-26T19:14:19.010+0000] {logging_mixin.py:190} INFO - [2024-10-26T19:14:19.010+0000] {dag.py:4180} INFO - Setting next_dagrun for fetch_and_store_amazon_books to 2024-10-26 00:00:00+00:00, run_after=2024-10-27 00:00:00+00:00
[2024-10-26T19:14:19.037+0000] {processor.py:208} INFO - Processing /opt/airflow/dags/dag.py took 0.191 seconds
[2024-10-26T19:14:49.229+0000] {processor.py:186} INFO - Started process (PID=3080) to work on /opt/airflow/dags/dag.py
[2024-10-26T19:14:49.230+0000] {processor.py:914} INFO - Processing file /opt/airflow/dags/dag.py for tasks to queue
[2024-10-26T19:14:49.231+0000] {logging_mixin.py:190} INFO - [2024-10-26T19:14:49.231+0000] {dagbag.py:588} INFO - Filling up the DagBag from /opt/airflow/dags/dag.py
[2024-10-26T19:14:49.368+0000] {processor.py:925} INFO - DAG(s) 'fetch_and_store_amazon_books' retrieved from /opt/airflow/dags/dag.py
[2024-10-26T19:14:49.393+0000] {logging_mixin.py:190} INFO - [2024-10-26T19:14:49.393+0000] {dag.py:3239} INFO - Sync 1 DAGs
[2024-10-26T19:14:49.416+0000] {logging_mixin.py:190} INFO - [2024-10-26T19:14:49.416+0000] {dag.py:4180} INFO - Setting next_dagrun for fetch_and_store_amazon_books to 2024-10-26 00:00:00+00:00, run_after=2024-10-27 00:00:00+00:00
[2024-10-26T19:14:49.436+0000] {processor.py:208} INFO - Processing /opt/airflow/dags/dag.py took 0.214 seconds
[2024-10-26T19:15:19.604+0000] {processor.py:186} INFO - Started process (PID=3143) to work on /opt/airflow/dags/dag.py
[2024-10-26T19:15:19.606+0000] {processor.py:914} INFO - Processing file /opt/airflow/dags/dag.py for tasks to queue
[2024-10-26T19:15:19.607+0000] {logging_mixin.py:190} INFO - [2024-10-26T19:15:19.607+0000] {dagbag.py:588} INFO - Filling up the DagBag from /opt/airflow/dags/dag.py
[2024-10-26T19:15:19.728+0000] {processor.py:925} INFO - DAG(s) 'fetch_and_store_amazon_books' retrieved from /opt/airflow/dags/dag.py
[2024-10-26T19:15:19.748+0000] {logging_mixin.py:190} INFO - [2024-10-26T19:15:19.748+0000] {dag.py:3239} INFO - Sync 1 DAGs
[2024-10-26T19:15:19.774+0000] {logging_mixin.py:190} INFO - [2024-10-26T19:15:19.774+0000] {dag.py:4180} INFO - Setting next_dagrun for fetch_and_store_amazon_books to 2024-10-26 00:00:00+00:00, run_after=2024-10-27 00:00:00+00:00
[2024-10-26T19:15:19.807+0000] {processor.py:208} INFO - Processing /opt/airflow/dags/dag.py took 0.208 seconds
[2024-10-26T19:15:50.741+0000] {processor.py:186} INFO - Started process (PID=3206) to work on /opt/airflow/dags/dag.py
[2024-10-26T19:15:50.742+0000] {processor.py:914} INFO - Processing file /opt/airflow/dags/dag.py for tasks to queue
[2024-10-26T19:15:50.743+0000] {logging_mixin.py:190} INFO - [2024-10-26T19:15:50.743+0000] {dagbag.py:588} INFO - Filling up the DagBag from /opt/airflow/dags/dag.py
[2024-10-26T19:15:50.863+0000] {processor.py:925} INFO - DAG(s) 'fetch_and_store_amazon_books' retrieved from /opt/airflow/dags/dag.py
[2024-10-26T19:15:50.884+0000] {logging_mixin.py:190} INFO - [2024-10-26T19:15:50.884+0000] {dag.py:3239} INFO - Sync 1 DAGs
[2024-10-26T19:15:50.906+0000] {logging_mixin.py:190} INFO - [2024-10-26T19:15:50.905+0000] {dag.py:4180} INFO - Setting next_dagrun for fetch_and_store_amazon_books to 2024-10-26 00:00:00+00:00, run_after=2024-10-27 00:00:00+00:00
[2024-10-26T19:15:50.927+0000] {processor.py:208} INFO - Processing /opt/airflow/dags/dag.py took 0.192 seconds
[2024-10-26T19:16:21.075+0000] {processor.py:186} INFO - Started process (PID=3269) to work on /opt/airflow/dags/dag.py
[2024-10-26T19:16:21.076+0000] {processor.py:914} INFO - Processing file /opt/airflow/dags/dag.py for tasks to queue
[2024-10-26T19:16:21.077+0000] {logging_mixin.py:190} INFO - [2024-10-26T19:16:21.077+0000] {dagbag.py:588} INFO - Filling up the DagBag from /opt/airflow/dags/dag.py
[2024-10-26T19:16:21.201+0000] {processor.py:925} INFO - DAG(s) 'fetch_and_store_amazon_books' retrieved from /opt/airflow/dags/dag.py
[2024-10-26T19:16:21.219+0000] {logging_mixin.py:190} INFO - [2024-10-26T19:16:21.219+0000] {dag.py:3239} INFO - Sync 1 DAGs
[2024-10-26T19:16:21.240+0000] {logging_mixin.py:190} INFO - [2024-10-26T19:16:21.240+0000] {dag.py:4180} INFO - Setting next_dagrun for fetch_and_store_amazon_books to 2024-10-26 00:00:00+00:00, run_after=2024-10-27 00:00:00+00:00
[2024-10-26T19:16:21.263+0000] {processor.py:208} INFO - Processing /opt/airflow/dags/dag.py took 0.194 seconds
[2024-10-26T19:16:51.524+0000] {processor.py:186} INFO - Started process (PID=3331) to work on /opt/airflow/dags/dag.py
[2024-10-26T19:16:51.525+0000] {processor.py:914} INFO - Processing file /opt/airflow/dags/dag.py for tasks to queue
[2024-10-26T19:16:51.527+0000] {logging_mixin.py:190} INFO - [2024-10-26T19:16:51.526+0000] {dagbag.py:588} INFO - Filling up the DagBag from /opt/airflow/dags/dag.py
[2024-10-26T19:16:51.647+0000] {processor.py:925} INFO - DAG(s) 'fetch_and_store_amazon_books' retrieved from /opt/airflow/dags/dag.py
[2024-10-26T19:16:51.666+0000] {logging_mixin.py:190} INFO - [2024-10-26T19:16:51.666+0000] {dag.py:3239} INFO - Sync 1 DAGs
[2024-10-26T19:16:51.690+0000] {logging_mixin.py:190} INFO - [2024-10-26T19:16:51.690+0000] {dag.py:4180} INFO - Setting next_dagrun for fetch_and_store_amazon_books to 2024-10-26 00:00:00+00:00, run_after=2024-10-27 00:00:00+00:00
[2024-10-26T19:16:51.713+0000] {processor.py:208} INFO - Processing /opt/airflow/dags/dag.py took 0.195 seconds
[2024-10-26T19:17:21.817+0000] {processor.py:186} INFO - Started process (PID=3393) to work on /opt/airflow/dags/dag.py
[2024-10-26T19:17:21.819+0000] {processor.py:914} INFO - Processing file /opt/airflow/dags/dag.py for tasks to queue
[2024-10-26T19:17:21.821+0000] {logging_mixin.py:190} INFO - [2024-10-26T19:17:21.821+0000] {dagbag.py:588} INFO - Filling up the DagBag from /opt/airflow/dags/dag.py
[2024-10-26T19:17:21.937+0000] {processor.py:925} INFO - DAG(s) 'fetch_and_store_amazon_books' retrieved from /opt/airflow/dags/dag.py
[2024-10-26T19:17:21.958+0000] {logging_mixin.py:190} INFO - [2024-10-26T19:17:21.957+0000] {dag.py:3239} INFO - Sync 1 DAGs
[2024-10-26T19:17:21.985+0000] {logging_mixin.py:190} INFO - [2024-10-26T19:17:21.985+0000] {dag.py:4180} INFO - Setting next_dagrun for fetch_and_store_amazon_books to 2024-10-26 00:00:00+00:00, run_after=2024-10-27 00:00:00+00:00
[2024-10-26T19:17:22.007+0000] {processor.py:208} INFO - Processing /opt/airflow/dags/dag.py took 0.197 seconds
[2024-10-26T19:17:52.271+0000] {processor.py:186} INFO - Started process (PID=3456) to work on /opt/airflow/dags/dag.py
[2024-10-26T19:17:52.272+0000] {processor.py:914} INFO - Processing file /opt/airflow/dags/dag.py for tasks to queue
[2024-10-26T19:17:52.274+0000] {logging_mixin.py:190} INFO - [2024-10-26T19:17:52.273+0000] {dagbag.py:588} INFO - Filling up the DagBag from /opt/airflow/dags/dag.py
[2024-10-26T19:17:52.381+0000] {processor.py:925} INFO - DAG(s) 'fetch_and_store_amazon_books' retrieved from /opt/airflow/dags/dag.py
[2024-10-26T19:17:52.402+0000] {logging_mixin.py:190} INFO - [2024-10-26T19:17:52.401+0000] {dag.py:3239} INFO - Sync 1 DAGs
[2024-10-26T19:17:52.425+0000] {logging_mixin.py:190} INFO - [2024-10-26T19:17:52.425+0000] {dag.py:4180} INFO - Setting next_dagrun for fetch_and_store_amazon_books to 2024-10-26 00:00:00+00:00, run_after=2024-10-27 00:00:00+00:00
[2024-10-26T19:17:52.442+0000] {processor.py:208} INFO - Processing /opt/airflow/dags/dag.py took 0.178 seconds
[2024-10-26T19:18:22.548+0000] {processor.py:186} INFO - Started process (PID=3519) to work on /opt/airflow/dags/dag.py
[2024-10-26T19:18:22.550+0000] {processor.py:914} INFO - Processing file /opt/airflow/dags/dag.py for tasks to queue
[2024-10-26T19:18:22.552+0000] {logging_mixin.py:190} INFO - [2024-10-26T19:18:22.552+0000] {dagbag.py:588} INFO - Filling up the DagBag from /opt/airflow/dags/dag.py
[2024-10-26T19:18:22.862+0000] {processor.py:925} INFO - DAG(s) 'fetch_and_store_amazon_books' retrieved from /opt/airflow/dags/dag.py
[2024-10-26T19:18:22.979+0000] {logging_mixin.py:190} INFO - [2024-10-26T19:18:22.978+0000] {dag.py:3239} INFO - Sync 1 DAGs
[2024-10-26T19:18:22.992+0000] {logging_mixin.py:190} INFO - [2024-10-26T19:18:22.991+0000] {dag.py:3262} INFO - Creating ORM DAG for fetch_and_store_amazon_books
[2024-10-26T19:18:23.002+0000] {logging_mixin.py:190} INFO - [2024-10-26T19:18:23.001+0000] {dag.py:4180} INFO - Setting next_dagrun for fetch_and_store_amazon_books to 2024-10-26 00:00:00+00:00, run_after=2024-10-27 00:00:00+00:00
[2024-10-26T19:18:23.021+0000] {processor.py:208} INFO - Processing /opt/airflow/dags/dag.py took 0.479 seconds
[2024-10-26T19:18:53.940+0000] {processor.py:186} INFO - Started process (PID=3582) to work on /opt/airflow/dags/dag.py
[2024-10-26T19:18:53.942+0000] {processor.py:914} INFO - Processing file /opt/airflow/dags/dag.py for tasks to queue
[2024-10-26T19:18:53.945+0000] {logging_mixin.py:190} INFO - [2024-10-26T19:18:53.944+0000] {dagbag.py:588} INFO - Filling up the DagBag from /opt/airflow/dags/dag.py
[2024-10-26T19:18:54.076+0000] {processor.py:925} INFO - DAG(s) 'fetch_and_store_amazon_books' retrieved from /opt/airflow/dags/dag.py
[2024-10-26T19:18:54.096+0000] {logging_mixin.py:190} INFO - [2024-10-26T19:18:54.096+0000] {dag.py:3239} INFO - Sync 1 DAGs
[2024-10-26T19:18:54.120+0000] {logging_mixin.py:190} INFO - [2024-10-26T19:18:54.120+0000] {dag.py:4180} INFO - Setting next_dagrun for fetch_and_store_amazon_books to 2024-10-26 00:00:00+00:00, run_after=2024-10-27 00:00:00+00:00
[2024-10-26T19:18:54.142+0000] {processor.py:208} INFO - Processing /opt/airflow/dags/dag.py took 0.209 seconds
[2024-10-26T19:19:24.375+0000] {processor.py:186} INFO - Started process (PID=3645) to work on /opt/airflow/dags/dag.py
[2024-10-26T19:19:24.376+0000] {processor.py:914} INFO - Processing file /opt/airflow/dags/dag.py for tasks to queue
[2024-10-26T19:19:24.379+0000] {logging_mixin.py:190} INFO - [2024-10-26T19:19:24.378+0000] {dagbag.py:588} INFO - Filling up the DagBag from /opt/airflow/dags/dag.py
[2024-10-26T19:19:24.588+0000] {processor.py:925} INFO - DAG(s) 'fetch_and_store_amazon_books' retrieved from /opt/airflow/dags/dag.py
[2024-10-26T19:19:24.615+0000] {logging_mixin.py:190} INFO - [2024-10-26T19:19:24.615+0000] {dag.py:3239} INFO - Sync 1 DAGs
[2024-10-26T19:19:24.643+0000] {logging_mixin.py:190} INFO - [2024-10-26T19:19:24.643+0000] {dag.py:4180} INFO - Setting next_dagrun for fetch_and_store_amazon_books to 2024-10-26 00:00:00+00:00, run_after=2024-10-27 00:00:00+00:00
[2024-10-26T19:19:24.695+0000] {processor.py:208} INFO - Processing /opt/airflow/dags/dag.py took 0.330 seconds
[2024-10-26T19:19:55.219+0000] {processor.py:186} INFO - Started process (PID=3708) to work on /opt/airflow/dags/dag.py
[2024-10-26T19:19:55.220+0000] {processor.py:914} INFO - Processing file /opt/airflow/dags/dag.py for tasks to queue
[2024-10-26T19:19:55.222+0000] {logging_mixin.py:190} INFO - [2024-10-26T19:19:55.222+0000] {dagbag.py:588} INFO - Filling up the DagBag from /opt/airflow/dags/dag.py
[2024-10-26T19:19:55.335+0000] {processor.py:925} INFO - DAG(s) 'fetch_and_store_amazon_books' retrieved from /opt/airflow/dags/dag.py
[2024-10-26T19:19:55.353+0000] {logging_mixin.py:190} INFO - [2024-10-26T19:19:55.353+0000] {dag.py:3239} INFO - Sync 1 DAGs
[2024-10-26T19:19:55.374+0000] {logging_mixin.py:190} INFO - [2024-10-26T19:19:55.374+0000] {dag.py:4180} INFO - Setting next_dagrun for fetch_and_store_amazon_books to 2024-10-26 00:00:00+00:00, run_after=2024-10-27 00:00:00+00:00
[2024-10-26T19:19:55.395+0000] {processor.py:208} INFO - Processing /opt/airflow/dags/dag.py took 0.182 seconds
[2024-10-26T19:20:25.575+0000] {processor.py:186} INFO - Started process (PID=3771) to work on /opt/airflow/dags/dag.py
[2024-10-26T19:20:25.577+0000] {processor.py:914} INFO - Processing file /opt/airflow/dags/dag.py for tasks to queue
[2024-10-26T19:20:25.579+0000] {logging_mixin.py:190} INFO - [2024-10-26T19:20:25.579+0000] {dagbag.py:588} INFO - Filling up the DagBag from /opt/airflow/dags/dag.py
[2024-10-26T19:20:25.705+0000] {processor.py:925} INFO - DAG(s) 'fetch_and_store_amazon_books' retrieved from /opt/airflow/dags/dag.py
[2024-10-26T19:20:25.727+0000] {logging_mixin.py:190} INFO - [2024-10-26T19:20:25.727+0000] {dag.py:3239} INFO - Sync 1 DAGs
[2024-10-26T19:20:25.752+0000] {logging_mixin.py:190} INFO - [2024-10-26T19:20:25.751+0000] {dag.py:4180} INFO - Setting next_dagrun for fetch_and_store_amazon_books to 2024-10-26 00:00:00+00:00, run_after=2024-10-27 00:00:00+00:00
[2024-10-26T19:20:25.773+0000] {processor.py:208} INFO - Processing /opt/airflow/dags/dag.py took 0.205 seconds
[2024-10-26T19:20:55.909+0000] {processor.py:186} INFO - Started process (PID=3834) to work on /opt/airflow/dags/dag.py
[2024-10-26T19:20:55.911+0000] {processor.py:914} INFO - Processing file /opt/airflow/dags/dag.py for tasks to queue
[2024-10-26T19:20:55.913+0000] {logging_mixin.py:190} INFO - [2024-10-26T19:20:55.912+0000] {dagbag.py:588} INFO - Filling up the DagBag from /opt/airflow/dags/dag.py
[2024-10-26T19:20:56.047+0000] {processor.py:925} INFO - DAG(s) 'fetch_and_store_amazon_books' retrieved from /opt/airflow/dags/dag.py
[2024-10-26T19:20:56.069+0000] {logging_mixin.py:190} INFO - [2024-10-26T19:20:56.069+0000] {dag.py:3239} INFO - Sync 1 DAGs
[2024-10-26T19:20:56.093+0000] {logging_mixin.py:190} INFO - [2024-10-26T19:20:56.093+0000] {dag.py:4180} INFO - Setting next_dagrun for fetch_and_store_amazon_books to 2024-10-26 00:00:00+00:00, run_after=2024-10-27 00:00:00+00:00
[2024-10-26T19:20:56.124+0000] {processor.py:208} INFO - Processing /opt/airflow/dags/dag.py took 0.222 seconds
[2024-10-26T19:21:26.786+0000] {processor.py:186} INFO - Started process (PID=3897) to work on /opt/airflow/dags/dag.py
[2024-10-26T19:21:26.788+0000] {processor.py:914} INFO - Processing file /opt/airflow/dags/dag.py for tasks to queue
[2024-10-26T19:21:26.791+0000] {logging_mixin.py:190} INFO - [2024-10-26T19:21:26.790+0000] {dagbag.py:588} INFO - Filling up the DagBag from /opt/airflow/dags/dag.py
[2024-10-26T19:21:26.962+0000] {processor.py:925} INFO - DAG(s) 'fetch_and_store_amazon_books' retrieved from /opt/airflow/dags/dag.py
[2024-10-26T19:21:26.981+0000] {logging_mixin.py:190} INFO - [2024-10-26T19:21:26.980+0000] {dag.py:3239} INFO - Sync 1 DAGs
[2024-10-26T19:21:27.005+0000] {logging_mixin.py:190} INFO - [2024-10-26T19:21:27.005+0000] {dag.py:4180} INFO - Setting next_dagrun for fetch_and_store_amazon_books to 2024-10-26 00:00:00+00:00, run_after=2024-10-27 00:00:00+00:00
[2024-10-26T19:21:27.026+0000] {processor.py:208} INFO - Processing /opt/airflow/dags/dag.py took 0.249 seconds
[2024-10-26T19:21:28.079+0000] {processor.py:186} INFO - Started process (PID=3898) to work on /opt/airflow/dags/dag.py
[2024-10-26T19:21:28.080+0000] {processor.py:914} INFO - Processing file /opt/airflow/dags/dag.py for tasks to queue
[2024-10-26T19:21:28.082+0000] {logging_mixin.py:190} INFO - [2024-10-26T19:21:28.082+0000] {dagbag.py:588} INFO - Filling up the DagBag from /opt/airflow/dags/dag.py
[2024-10-26T19:21:28.207+0000] {processor.py:925} INFO - DAG(s) 'fetch_and_store_amazon_books' retrieved from /opt/airflow/dags/dag.py
[2024-10-26T19:21:28.316+0000] {logging_mixin.py:190} INFO - [2024-10-26T19:21:28.315+0000] {dag.py:3239} INFO - Sync 1 DAGs
[2024-10-26T19:21:28.339+0000] {logging_mixin.py:190} INFO - [2024-10-26T19:21:28.339+0000] {dag.py:4180} INFO - Setting next_dagrun for fetch_and_store_amazon_books to 2024-06-20 00:00:00+00:00, run_after=2024-06-21 00:00:00+00:00
[2024-10-26T19:21:28.378+0000] {processor.py:208} INFO - Processing /opt/airflow/dags/dag.py took 0.306 seconds
[2024-10-26T19:21:29.442+0000] {processor.py:186} INFO - Started process (PID=3899) to work on /opt/airflow/dags/dag.py
[2024-10-26T19:21:29.443+0000] {processor.py:914} INFO - Processing file /opt/airflow/dags/dag.py for tasks to queue
[2024-10-26T19:21:29.446+0000] {logging_mixin.py:190} INFO - [2024-10-26T19:21:29.445+0000] {dagbag.py:588} INFO - Filling up the DagBag from /opt/airflow/dags/dag.py
[2024-10-26T19:21:29.659+0000] {processor.py:925} INFO - DAG(s) 'fetch_and_store_amazon_books' retrieved from /opt/airflow/dags/dag.py
[2024-10-26T19:21:29.726+0000] {logging_mixin.py:190} INFO - [2024-10-26T19:21:29.725+0000] {dag.py:3239} INFO - Sync 1 DAGs
[2024-10-26T19:21:29.785+0000] {logging_mixin.py:190} INFO - [2024-10-26T19:21:29.784+0000] {dag.py:4180} INFO - Setting next_dagrun for fetch_and_store_amazon_books to 2024-06-28 00:00:00+00:00, run_after=2024-06-29 00:00:00+00:00
[2024-10-26T19:21:29.846+0000] {processor.py:208} INFO - Processing /opt/airflow/dags/dag.py took 0.413 seconds
[2024-10-26T19:21:32.560+0000] {processor.py:186} INFO - Started process (PID=3900) to work on /opt/airflow/dags/dag.py
[2024-10-26T19:21:32.567+0000] {processor.py:914} INFO - Processing file /opt/airflow/dags/dag.py for tasks to queue
[2024-10-26T19:21:32.574+0000] {logging_mixin.py:190} INFO - [2024-10-26T19:21:32.572+0000] {dagbag.py:588} INFO - Filling up the DagBag from /opt/airflow/dags/dag.py
[2024-10-26T19:21:32.852+0000] {processor.py:925} INFO - DAG(s) 'fetch_and_store_amazon_books' retrieved from /opt/airflow/dags/dag.py
[2024-10-26T19:21:32.872+0000] {logging_mixin.py:190} INFO - [2024-10-26T19:21:32.871+0000] {dag.py:3239} INFO - Sync 1 DAGs
[2024-10-26T19:21:32.959+0000] {processor.py:208} INFO - Processing /opt/airflow/dags/dag.py took 0.456 seconds
[2024-10-26T19:21:34.044+0000] {processor.py:186} INFO - Started process (PID=3901) to work on /opt/airflow/dags/dag.py
[2024-10-26T19:21:34.052+0000] {processor.py:914} INFO - Processing file /opt/airflow/dags/dag.py for tasks to queue
[2024-10-26T19:21:34.065+0000] {logging_mixin.py:190} INFO - [2024-10-26T19:21:34.064+0000] {dagbag.py:588} INFO - Filling up the DagBag from /opt/airflow/dags/dag.py
[2024-10-26T19:21:34.495+0000] {processor.py:925} INFO - DAG(s) 'fetch_and_store_amazon_books' retrieved from /opt/airflow/dags/dag.py
[2024-10-26T19:21:34.517+0000] {logging_mixin.py:190} INFO - [2024-10-26T19:21:34.516+0000] {dag.py:3239} INFO - Sync 1 DAGs
[2024-10-26T19:21:34.595+0000] {processor.py:208} INFO - Processing /opt/airflow/dags/dag.py took 0.588 seconds
[2024-10-26T19:21:40.281+0000] {processor.py:186} INFO - Started process (PID=3958) to work on /opt/airflow/dags/dag.py
[2024-10-26T19:21:40.282+0000] {processor.py:914} INFO - Processing file /opt/airflow/dags/dag.py for tasks to queue
[2024-10-26T19:21:40.285+0000] {logging_mixin.py:190} INFO - [2024-10-26T19:21:40.284+0000] {dagbag.py:588} INFO - Filling up the DagBag from /opt/airflow/dags/dag.py
[2024-10-26T19:21:40.493+0000] {processor.py:925} INFO - DAG(s) 'fetch_and_store_amazon_books' retrieved from /opt/airflow/dags/dag.py
[2024-10-26T19:21:40.514+0000] {logging_mixin.py:190} INFO - [2024-10-26T19:21:40.513+0000] {dag.py:3239} INFO - Sync 1 DAGs
[2024-10-26T19:21:40.635+0000] {processor.py:208} INFO - Processing /opt/airflow/dags/dag.py took 0.363 seconds
[2024-10-26T19:21:52.002+0000] {processor.py:186} INFO - Started process (PID=4006) to work on /opt/airflow/dags/dag.py
[2024-10-26T19:21:52.004+0000] {processor.py:914} INFO - Processing file /opt/airflow/dags/dag.py for tasks to queue
[2024-10-26T19:21:52.005+0000] {logging_mixin.py:190} INFO - [2024-10-26T19:21:52.005+0000] {dagbag.py:588} INFO - Filling up the DagBag from /opt/airflow/dags/dag.py
[2024-10-26T19:21:52.138+0000] {processor.py:925} INFO - DAG(s) 'fetch_and_store_amazon_books' retrieved from /opt/airflow/dags/dag.py
[2024-10-26T19:21:52.151+0000] {logging_mixin.py:190} INFO - [2024-10-26T19:21:52.151+0000] {dag.py:3239} INFO - Sync 1 DAGs
[2024-10-26T19:21:52.201+0000] {processor.py:208} INFO - Processing /opt/airflow/dags/dag.py took 0.206 seconds
[2024-10-26T19:22:22.408+0000] {processor.py:186} INFO - Started process (PID=4069) to work on /opt/airflow/dags/dag.py
[2024-10-26T19:22:22.409+0000] {processor.py:914} INFO - Processing file /opt/airflow/dags/dag.py for tasks to queue
[2024-10-26T19:22:22.411+0000] {logging_mixin.py:190} INFO - [2024-10-26T19:22:22.411+0000] {dagbag.py:588} INFO - Filling up the DagBag from /opt/airflow/dags/dag.py
[2024-10-26T19:22:22.547+0000] {processor.py:925} INFO - DAG(s) 'fetch_and_store_amazon_books' retrieved from /opt/airflow/dags/dag.py
[2024-10-26T19:22:22.569+0000] {logging_mixin.py:190} INFO - [2024-10-26T19:22:22.568+0000] {dag.py:3239} INFO - Sync 1 DAGs
[2024-10-26T19:22:22.625+0000] {processor.py:208} INFO - Processing /opt/airflow/dags/dag.py took 0.225 seconds
[2024-10-26T19:22:32.526+0000] {processor.py:186} INFO - Started process (PID=4070) to work on /opt/airflow/dags/dag.py
[2024-10-26T19:22:32.527+0000] {processor.py:914} INFO - Processing file /opt/airflow/dags/dag.py for tasks to queue
[2024-10-26T19:22:32.529+0000] {logging_mixin.py:190} INFO - [2024-10-26T19:22:32.529+0000] {dagbag.py:588} INFO - Filling up the DagBag from /opt/airflow/dags/dag.py
[2024-10-26T19:22:32.684+0000] {processor.py:925} INFO - DAG(s) 'fetch_and_store_amazon_books' retrieved from /opt/airflow/dags/dag.py
[2024-10-26T19:22:32.713+0000] {logging_mixin.py:190} INFO - [2024-10-26T19:22:32.713+0000] {dag.py:3239} INFO - Sync 1 DAGs
[2024-10-26T19:22:32.762+0000] {processor.py:208} INFO - Processing /opt/airflow/dags/dag.py took 0.243 seconds
[2024-10-26T19:23:03.158+0000] {processor.py:186} INFO - Started process (PID=4133) to work on /opt/airflow/dags/dag.py
[2024-10-26T19:23:03.159+0000] {processor.py:914} INFO - Processing file /opt/airflow/dags/dag.py for tasks to queue
[2024-10-26T19:23:03.161+0000] {logging_mixin.py:190} INFO - [2024-10-26T19:23:03.161+0000] {dagbag.py:588} INFO - Filling up the DagBag from /opt/airflow/dags/dag.py
[2024-10-26T19:23:03.297+0000] {processor.py:925} INFO - DAG(s) 'fetch_and_store_amazon_books' retrieved from /opt/airflow/dags/dag.py
[2024-10-26T19:23:03.320+0000] {logging_mixin.py:190} INFO - [2024-10-26T19:23:03.319+0000] {dag.py:3239} INFO - Sync 1 DAGs
[2024-10-26T19:23:03.373+0000] {processor.py:208} INFO - Processing /opt/airflow/dags/dag.py took 0.221 seconds
[2024-10-26T19:23:34.358+0000] {processor.py:186} INFO - Started process (PID=4196) to work on /opt/airflow/dags/dag.py
[2024-10-26T19:23:34.359+0000] {processor.py:914} INFO - Processing file /opt/airflow/dags/dag.py for tasks to queue
[2024-10-26T19:23:34.361+0000] {logging_mixin.py:190} INFO - [2024-10-26T19:23:34.361+0000] {dagbag.py:588} INFO - Filling up the DagBag from /opt/airflow/dags/dag.py
[2024-10-26T19:23:34.476+0000] {processor.py:925} INFO - DAG(s) 'fetch_and_store_amazon_books' retrieved from /opt/airflow/dags/dag.py
[2024-10-26T19:23:34.582+0000] {logging_mixin.py:190} INFO - [2024-10-26T19:23:34.581+0000] {dag.py:3239} INFO - Sync 1 DAGs
[2024-10-26T19:23:34.600+0000] {logging_mixin.py:190} INFO - [2024-10-26T19:23:34.599+0000] {dag.py:3262} INFO - Creating ORM DAG for fetch_and_store_amazon_books
[2024-10-26T19:23:34.611+0000] {logging_mixin.py:190} INFO - [2024-10-26T19:23:34.610+0000] {dag.py:4180} INFO - Setting next_dagrun for fetch_and_store_amazon_books to 2024-06-20 00:00:00+00:00, run_after=2024-06-21 00:00:00+00:00
[2024-10-26T19:23:34.630+0000] {processor.py:208} INFO - Processing /opt/airflow/dags/dag.py took 0.281 seconds
[2024-10-26T19:23:36.382+0000] {processor.py:186} INFO - Started process (PID=4197) to work on /opt/airflow/dags/dag.py
[2024-10-26T19:23:36.383+0000] {processor.py:914} INFO - Processing file /opt/airflow/dags/dag.py for tasks to queue
[2024-10-26T19:23:36.385+0000] {logging_mixin.py:190} INFO - [2024-10-26T19:23:36.384+0000] {dagbag.py:588} INFO - Filling up the DagBag from /opt/airflow/dags/dag.py
[2024-10-26T19:23:36.510+0000] {processor.py:925} INFO - DAG(s) 'fetch_and_store_amazon_books' retrieved from /opt/airflow/dags/dag.py
[2024-10-26T19:23:36.520+0000] {logging_mixin.py:190} INFO - [2024-10-26T19:23:36.520+0000] {dag.py:3239} INFO - Sync 1 DAGs
[2024-10-26T19:23:36.548+0000] {logging_mixin.py:190} INFO - [2024-10-26T19:23:36.548+0000] {dag.py:4180} INFO - Setting next_dagrun for fetch_and_store_amazon_books to 2024-06-20 00:00:00+00:00, run_after=2024-06-21 00:00:00+00:00
[2024-10-26T19:23:36.577+0000] {processor.py:208} INFO - Processing /opt/airflow/dags/dag.py took 0.200 seconds
[2024-10-26T19:24:07.139+0000] {processor.py:186} INFO - Started process (PID=4303) to work on /opt/airflow/dags/dag.py
[2024-10-26T19:24:07.141+0000] {processor.py:914} INFO - Processing file /opt/airflow/dags/dag.py for tasks to queue
[2024-10-26T19:24:07.145+0000] {logging_mixin.py:190} INFO - [2024-10-26T19:24:07.144+0000] {dagbag.py:588} INFO - Filling up the DagBag from /opt/airflow/dags/dag.py
[2024-10-26T19:24:07.352+0000] {processor.py:925} INFO - DAG(s) 'fetch_and_store_amazon_books' retrieved from /opt/airflow/dags/dag.py
[2024-10-26T19:24:07.387+0000] {logging_mixin.py:190} INFO - [2024-10-26T19:24:07.386+0000] {dag.py:3239} INFO - Sync 1 DAGs
[2024-10-26T19:24:07.452+0000] {processor.py:208} INFO - Processing /opt/airflow/dags/dag.py took 0.327 seconds
[2024-10-26T19:24:37.505+0000] {processor.py:186} INFO - Started process (PID=4390) to work on /opt/airflow/dags/dag.py
[2024-10-26T19:24:37.506+0000] {processor.py:914} INFO - Processing file /opt/airflow/dags/dag.py for tasks to queue
[2024-10-26T19:24:37.507+0000] {logging_mixin.py:190} INFO - [2024-10-26T19:24:37.507+0000] {dagbag.py:588} INFO - Filling up the DagBag from /opt/airflow/dags/dag.py
[2024-10-26T19:24:37.618+0000] {processor.py:925} INFO - DAG(s) 'fetch_and_store_amazon_books' retrieved from /opt/airflow/dags/dag.py
[2024-10-26T19:24:37.639+0000] {logging_mixin.py:190} INFO - [2024-10-26T19:24:37.638+0000] {dag.py:3239} INFO - Sync 1 DAGs
[2024-10-26T19:24:37.683+0000] {processor.py:208} INFO - Processing /opt/airflow/dags/dag.py took 0.185 seconds
[2024-10-26T19:25:07.879+0000] {processor.py:186} INFO - Started process (PID=4452) to work on /opt/airflow/dags/dag.py
[2024-10-26T19:25:07.880+0000] {processor.py:914} INFO - Processing file /opt/airflow/dags/dag.py for tasks to queue
[2024-10-26T19:25:07.881+0000] {logging_mixin.py:190} INFO - [2024-10-26T19:25:07.881+0000] {dagbag.py:588} INFO - Filling up the DagBag from /opt/airflow/dags/dag.py
[2024-10-26T19:25:08.001+0000] {processor.py:925} INFO - DAG(s) 'fetch_and_store_amazon_books' retrieved from /opt/airflow/dags/dag.py
[2024-10-26T19:25:08.025+0000] {logging_mixin.py:190} INFO - [2024-10-26T19:25:08.025+0000] {dag.py:3239} INFO - Sync 1 DAGs
[2024-10-26T19:25:08.073+0000] {processor.py:208} INFO - Processing /opt/airflow/dags/dag.py took 0.201 seconds
[2024-10-26T19:25:38.488+0000] {processor.py:186} INFO - Started process (PID=4515) to work on /opt/airflow/dags/dag.py
[2024-10-26T19:25:38.489+0000] {processor.py:914} INFO - Processing file /opt/airflow/dags/dag.py for tasks to queue
[2024-10-26T19:25:38.491+0000] {logging_mixin.py:190} INFO - [2024-10-26T19:25:38.490+0000] {dagbag.py:588} INFO - Filling up the DagBag from /opt/airflow/dags/dag.py
[2024-10-26T19:25:38.612+0000] {processor.py:925} INFO - DAG(s) 'fetch_and_store_amazon_books' retrieved from /opt/airflow/dags/dag.py
[2024-10-26T19:25:38.631+0000] {logging_mixin.py:190} INFO - [2024-10-26T19:25:38.630+0000] {dag.py:3239} INFO - Sync 1 DAGs
[2024-10-26T19:25:38.670+0000] {processor.py:208} INFO - Processing /opt/airflow/dags/dag.py took 0.189 seconds
[2024-10-26T19:26:08.579+0000] {processor.py:186} INFO - Started process (PID=4578) to work on /opt/airflow/dags/dag.py
[2024-10-26T19:26:08.580+0000] {processor.py:914} INFO - Processing file /opt/airflow/dags/dag.py for tasks to queue
[2024-10-26T19:26:08.582+0000] {logging_mixin.py:190} INFO - [2024-10-26T19:26:08.581+0000] {dagbag.py:588} INFO - Filling up the DagBag from /opt/airflow/dags/dag.py
[2024-10-26T19:26:08.743+0000] {processor.py:925} INFO - DAG(s) 'fetch_and_store_amazon_books' retrieved from /opt/airflow/dags/dag.py
[2024-10-26T19:26:08.769+0000] {logging_mixin.py:190} INFO - [2024-10-26T19:26:08.769+0000] {dag.py:3239} INFO - Sync 1 DAGs
[2024-10-26T19:26:08.824+0000] {processor.py:208} INFO - Processing /opt/airflow/dags/dag.py took 0.251 seconds
[2024-10-26T19:26:10.028+0000] {processor.py:186} INFO - Started process (PID=4588) to work on /opt/airflow/dags/dag.py
[2024-10-26T19:26:10.029+0000] {processor.py:914} INFO - Processing file /opt/airflow/dags/dag.py for tasks to queue
[2024-10-26T19:26:10.030+0000] {logging_mixin.py:190} INFO - [2024-10-26T19:26:10.030+0000] {dagbag.py:588} INFO - Filling up the DagBag from /opt/airflow/dags/dag.py
[2024-10-26T19:26:10.163+0000] {processor.py:925} INFO - DAG(s) 'fetch_and_store_amazon_books' retrieved from /opt/airflow/dags/dag.py
[2024-10-26T19:26:10.185+0000] {logging_mixin.py:190} INFO - [2024-10-26T19:26:10.184+0000] {dag.py:3239} INFO - Sync 1 DAGs
[2024-10-26T19:26:10.236+0000] {processor.py:208} INFO - Processing /opt/airflow/dags/dag.py took 0.215 seconds
[2024-10-26T19:26:21.104+0000] {processor.py:186} INFO - Started process (PID=4614) to work on /opt/airflow/dags/dag.py
[2024-10-26T19:26:21.105+0000] {processor.py:914} INFO - Processing file /opt/airflow/dags/dag.py for tasks to queue
[2024-10-26T19:26:21.107+0000] {logging_mixin.py:190} INFO - [2024-10-26T19:26:21.106+0000] {dagbag.py:588} INFO - Filling up the DagBag from /opt/airflow/dags/dag.py
[2024-10-26T19:26:21.246+0000] {processor.py:925} INFO - DAG(s) 'fetch_and_store_amazon_books' retrieved from /opt/airflow/dags/dag.py
[2024-10-26T19:26:21.270+0000] {logging_mixin.py:190} INFO - [2024-10-26T19:26:21.270+0000] {dag.py:3239} INFO - Sync 1 DAGs
[2024-10-26T19:26:21.333+0000] {processor.py:208} INFO - Processing /opt/airflow/dags/dag.py took 0.235 seconds
[2024-10-26T19:26:52.492+0000] {processor.py:186} INFO - Started process (PID=4677) to work on /opt/airflow/dags/dag.py
[2024-10-26T19:26:52.494+0000] {processor.py:914} INFO - Processing file /opt/airflow/dags/dag.py for tasks to queue
[2024-10-26T19:26:52.496+0000] {logging_mixin.py:190} INFO - [2024-10-26T19:26:52.495+0000] {dagbag.py:588} INFO - Filling up the DagBag from /opt/airflow/dags/dag.py
[2024-10-26T19:26:52.615+0000] {processor.py:925} INFO - DAG(s) 'fetch_and_store_amazon_books' retrieved from /opt/airflow/dags/dag.py
[2024-10-26T19:26:52.639+0000] {logging_mixin.py:190} INFO - [2024-10-26T19:26:52.638+0000] {dag.py:3239} INFO - Sync 1 DAGs
[2024-10-26T19:26:52.692+0000] {processor.py:208} INFO - Processing /opt/airflow/dags/dag.py took 0.208 seconds
[2024-10-26T19:27:19.880+0000] {processor.py:186} INFO - Started process (PID=4740) to work on /opt/airflow/dags/dag.py
[2024-10-26T19:27:19.882+0000] {processor.py:914} INFO - Processing file /opt/airflow/dags/dag.py for tasks to queue
[2024-10-26T19:27:19.886+0000] {logging_mixin.py:190} INFO - [2024-10-26T19:27:19.885+0000] {dagbag.py:588} INFO - Filling up the DagBag from /opt/airflow/dags/dag.py
[2024-10-26T19:27:20.029+0000] {processor.py:925} INFO - DAG(s) 'fetch_and_store_amazon_books' retrieved from /opt/airflow/dags/dag.py
[2024-10-26T19:27:20.050+0000] {logging_mixin.py:190} INFO - [2024-10-26T19:27:20.049+0000] {dag.py:3239} INFO - Sync 1 DAGs
[2024-10-26T19:27:20.100+0000] {processor.py:208} INFO - Processing /opt/airflow/dags/dag.py took 0.232 seconds
[2024-10-26T19:27:50.486+0000] {processor.py:186} INFO - Started process (PID=4803) to work on /opt/airflow/dags/dag.py
[2024-10-26T19:27:50.487+0000] {processor.py:914} INFO - Processing file /opt/airflow/dags/dag.py for tasks to queue
[2024-10-26T19:27:50.489+0000] {logging_mixin.py:190} INFO - [2024-10-26T19:27:50.488+0000] {dagbag.py:588} INFO - Filling up the DagBag from /opt/airflow/dags/dag.py
[2024-10-26T19:27:50.611+0000] {processor.py:925} INFO - DAG(s) 'fetch_and_store_amazon_books' retrieved from /opt/airflow/dags/dag.py
[2024-10-26T19:27:50.634+0000] {logging_mixin.py:190} INFO - [2024-10-26T19:27:50.633+0000] {dag.py:3239} INFO - Sync 1 DAGs
[2024-10-26T19:27:50.687+0000] {processor.py:208} INFO - Processing /opt/airflow/dags/dag.py took 0.208 seconds
[2024-10-26T19:28:20.752+0000] {processor.py:186} INFO - Started process (PID=4866) to work on /opt/airflow/dags/dag.py
[2024-10-26T19:28:20.754+0000] {processor.py:914} INFO - Processing file /opt/airflow/dags/dag.py for tasks to queue
[2024-10-26T19:28:20.756+0000] {logging_mixin.py:190} INFO - [2024-10-26T19:28:20.755+0000] {dagbag.py:588} INFO - Filling up the DagBag from /opt/airflow/dags/dag.py
[2024-10-26T19:28:20.883+0000] {processor.py:925} INFO - DAG(s) 'fetch_and_store_amazon_books' retrieved from /opt/airflow/dags/dag.py
[2024-10-26T19:28:20.906+0000] {logging_mixin.py:190} INFO - [2024-10-26T19:28:20.905+0000] {dag.py:3239} INFO - Sync 1 DAGs
[2024-10-26T19:28:20.954+0000] {processor.py:208} INFO - Processing /opt/airflow/dags/dag.py took 0.208 seconds
[2024-10-26T19:28:51.081+0000] {processor.py:186} INFO - Started process (PID=4929) to work on /opt/airflow/dags/dag.py
[2024-10-26T19:28:51.083+0000] {processor.py:914} INFO - Processing file /opt/airflow/dags/dag.py for tasks to queue
[2024-10-26T19:28:51.085+0000] {logging_mixin.py:190} INFO - [2024-10-26T19:28:51.084+0000] {dagbag.py:588} INFO - Filling up the DagBag from /opt/airflow/dags/dag.py
[2024-10-26T19:28:51.214+0000] {processor.py:925} INFO - DAG(s) 'fetch_and_store_amazon_books' retrieved from /opt/airflow/dags/dag.py
[2024-10-26T19:28:51.326+0000] {logging_mixin.py:190} INFO - [2024-10-26T19:28:51.326+0000] {dag.py:3239} INFO - Sync 1 DAGs
[2024-10-26T19:28:51.339+0000] {logging_mixin.py:190} INFO - [2024-10-26T19:28:51.338+0000] {dag.py:3262} INFO - Creating ORM DAG for fetch_and_store_amazon_books
[2024-10-26T19:28:51.351+0000] {logging_mixin.py:190} INFO - [2024-10-26T19:28:51.350+0000] {dag.py:4180} INFO - Setting next_dagrun for fetch_and_store_amazon_books to 2024-06-20 00:00:00+00:00, run_after=2024-06-21 00:00:00+00:00
[2024-10-26T19:28:51.380+0000] {processor.py:208} INFO - Processing /opt/airflow/dags/dag.py took 0.307 seconds
[2024-10-26T19:29:21.468+0000] {processor.py:186} INFO - Started process (PID=5035) to work on /opt/airflow/dags/dag.py
[2024-10-26T19:29:21.470+0000] {processor.py:914} INFO - Processing file /opt/airflow/dags/dag.py for tasks to queue
[2024-10-26T19:29:21.474+0000] {logging_mixin.py:190} INFO - [2024-10-26T19:29:21.473+0000] {dagbag.py:588} INFO - Filling up the DagBag from /opt/airflow/dags/dag.py
[2024-10-26T19:29:21.813+0000] {processor.py:925} INFO - DAG(s) 'fetch_and_store_amazon_books' retrieved from /opt/airflow/dags/dag.py
[2024-10-26T19:29:21.839+0000] {logging_mixin.py:190} INFO - [2024-10-26T19:29:21.839+0000] {dag.py:3239} INFO - Sync 1 DAGs
[2024-10-26T19:29:21.890+0000] {processor.py:208} INFO - Processing /opt/airflow/dags/dag.py took 0.433 seconds
[2024-10-26T19:29:28.085+0000] {processor.py:186} INFO - Started process (PID=5050) to work on /opt/airflow/dags/dag.py
[2024-10-26T19:29:28.087+0000] {processor.py:914} INFO - Processing file /opt/airflow/dags/dag.py for tasks to queue
[2024-10-26T19:29:28.089+0000] {logging_mixin.py:190} INFO - [2024-10-26T19:29:28.088+0000] {dagbag.py:588} INFO - Filling up the DagBag from /opt/airflow/dags/dag.py
[2024-10-26T19:29:28.258+0000] {processor.py:925} INFO - DAG(s) 'fetch_and_store_amazon_books' retrieved from /opt/airflow/dags/dag.py
[2024-10-26T19:29:28.279+0000] {logging_mixin.py:190} INFO - [2024-10-26T19:29:28.278+0000] {dag.py:3239} INFO - Sync 1 DAGs
[2024-10-26T19:29:28.327+0000] {processor.py:208} INFO - Processing /opt/airflow/dags/dag.py took 0.254 seconds
[2024-10-26T19:29:58.445+0000] {processor.py:186} INFO - Started process (PID=5113) to work on /opt/airflow/dags/dag.py
[2024-10-26T19:29:58.447+0000] {processor.py:914} INFO - Processing file /opt/airflow/dags/dag.py for tasks to queue
[2024-10-26T19:29:58.449+0000] {logging_mixin.py:190} INFO - [2024-10-26T19:29:58.449+0000] {dagbag.py:588} INFO - Filling up the DagBag from /opt/airflow/dags/dag.py
[2024-10-26T19:29:58.581+0000] {processor.py:925} INFO - DAG(s) 'fetch_and_store_amazon_books' retrieved from /opt/airflow/dags/dag.py
[2024-10-26T19:29:58.601+0000] {logging_mixin.py:190} INFO - [2024-10-26T19:29:58.601+0000] {dag.py:3239} INFO - Sync 1 DAGs
[2024-10-26T19:29:58.642+0000] {processor.py:208} INFO - Processing /opt/airflow/dags/dag.py took 0.204 seconds
[2024-10-26T19:30:23.746+0000] {processor.py:186} INFO - Started process (PID=5162) to work on /opt/airflow/dags/dag.py
[2024-10-26T19:30:23.747+0000] {processor.py:914} INFO - Processing file /opt/airflow/dags/dag.py for tasks to queue
[2024-10-26T19:30:23.749+0000] {logging_mixin.py:190} INFO - [2024-10-26T19:30:23.748+0000] {dagbag.py:588} INFO - Filling up the DagBag from /opt/airflow/dags/dag.py
[2024-10-26T19:30:23.899+0000] {processor.py:925} INFO - DAG(s) 'fetch_and_store_amazon_books' retrieved from /opt/airflow/dags/dag.py
[2024-10-26T19:30:23.922+0000] {logging_mixin.py:190} INFO - [2024-10-26T19:30:23.922+0000] {dag.py:3239} INFO - Sync 1 DAGs
[2024-10-26T19:30:23.975+0000] {processor.py:208} INFO - Processing /opt/airflow/dags/dag.py took 0.236 seconds
[2024-10-26T19:30:54.228+0000] {processor.py:186} INFO - Started process (PID=5225) to work on /opt/airflow/dags/dag.py
[2024-10-26T19:30:54.229+0000] {processor.py:914} INFO - Processing file /opt/airflow/dags/dag.py for tasks to queue
[2024-10-26T19:30:54.231+0000] {logging_mixin.py:190} INFO - [2024-10-26T19:30:54.231+0000] {dagbag.py:588} INFO - Filling up the DagBag from /opt/airflow/dags/dag.py
[2024-10-26T19:30:54.355+0000] {processor.py:925} INFO - DAG(s) 'fetch_and_store_amazon_books' retrieved from /opt/airflow/dags/dag.py
[2024-10-26T19:30:54.376+0000] {logging_mixin.py:190} INFO - [2024-10-26T19:30:54.376+0000] {dag.py:3239} INFO - Sync 1 DAGs
[2024-10-26T19:30:54.417+0000] {processor.py:208} INFO - Processing /opt/airflow/dags/dag.py took 0.195 seconds
[2024-10-26T19:31:25.464+0000] {processor.py:186} INFO - Started process (PID=5288) to work on /opt/airflow/dags/dag.py
[2024-10-26T19:31:25.465+0000] {processor.py:914} INFO - Processing file /opt/airflow/dags/dag.py for tasks to queue
[2024-10-26T19:31:25.466+0000] {logging_mixin.py:190} INFO - [2024-10-26T19:31:25.466+0000] {dagbag.py:588} INFO - Filling up the DagBag from /opt/airflow/dags/dag.py
[2024-10-26T19:31:25.589+0000] {processor.py:925} INFO - DAG(s) 'fetch_and_store_amazon_books' retrieved from /opt/airflow/dags/dag.py
[2024-10-26T19:31:25.612+0000] {logging_mixin.py:190} INFO - [2024-10-26T19:31:25.612+0000] {dag.py:3239} INFO - Sync 1 DAGs
[2024-10-26T19:31:25.654+0000] {processor.py:208} INFO - Processing /opt/airflow/dags/dag.py took 0.197 seconds
[2024-10-26T19:31:55.921+0000] {processor.py:186} INFO - Started process (PID=5351) to work on /opt/airflow/dags/dag.py
[2024-10-26T19:31:55.922+0000] {processor.py:914} INFO - Processing file /opt/airflow/dags/dag.py for tasks to queue
[2024-10-26T19:31:55.924+0000] {logging_mixin.py:190} INFO - [2024-10-26T19:31:55.923+0000] {dagbag.py:588} INFO - Filling up the DagBag from /opt/airflow/dags/dag.py
[2024-10-26T19:31:56.042+0000] {processor.py:925} INFO - DAG(s) 'fetch_and_store_amazon_books' retrieved from /opt/airflow/dags/dag.py
[2024-10-26T19:31:56.063+0000] {logging_mixin.py:190} INFO - [2024-10-26T19:31:56.063+0000] {dag.py:3239} INFO - Sync 1 DAGs
[2024-10-26T19:31:56.104+0000] {processor.py:208} INFO - Processing /opt/airflow/dags/dag.py took 0.190 seconds
[2024-10-26T19:32:26.387+0000] {processor.py:186} INFO - Started process (PID=5414) to work on /opt/airflow/dags/dag.py
[2024-10-26T19:32:26.389+0000] {processor.py:914} INFO - Processing file /opt/airflow/dags/dag.py for tasks to queue
[2024-10-26T19:32:26.391+0000] {logging_mixin.py:190} INFO - [2024-10-26T19:32:26.390+0000] {dagbag.py:588} INFO - Filling up the DagBag from /opt/airflow/dags/dag.py
[2024-10-26T19:32:26.523+0000] {processor.py:925} INFO - DAG(s) 'fetch_and_store_amazon_books' retrieved from /opt/airflow/dags/dag.py
[2024-10-26T19:32:26.548+0000] {logging_mixin.py:190} INFO - [2024-10-26T19:32:26.547+0000] {dag.py:3239} INFO - Sync 1 DAGs
[2024-10-26T19:32:26.594+0000] {processor.py:208} INFO - Processing /opt/airflow/dags/dag.py took 0.214 seconds
[2024-10-26T19:32:57.101+0000] {processor.py:186} INFO - Started process (PID=5477) to work on /opt/airflow/dags/dag.py
[2024-10-26T19:32:57.103+0000] {processor.py:914} INFO - Processing file /opt/airflow/dags/dag.py for tasks to queue
[2024-10-26T19:32:57.105+0000] {logging_mixin.py:190} INFO - [2024-10-26T19:32:57.104+0000] {dagbag.py:588} INFO - Filling up the DagBag from /opt/airflow/dags/dag.py
[2024-10-26T19:32:57.228+0000] {processor.py:925} INFO - DAG(s) 'fetch_and_store_amazon_books' retrieved from /opt/airflow/dags/dag.py
[2024-10-26T19:32:57.250+0000] {logging_mixin.py:190} INFO - [2024-10-26T19:32:57.249+0000] {dag.py:3239} INFO - Sync 1 DAGs
[2024-10-26T19:32:57.295+0000] {processor.py:208} INFO - Processing /opt/airflow/dags/dag.py took 0.200 seconds
[2024-10-26T19:33:27.654+0000] {processor.py:186} INFO - Started process (PID=5540) to work on /opt/airflow/dags/dag.py
[2024-10-26T19:33:27.655+0000] {processor.py:914} INFO - Processing file /opt/airflow/dags/dag.py for tasks to queue
[2024-10-26T19:33:27.657+0000] {logging_mixin.py:190} INFO - [2024-10-26T19:33:27.657+0000] {dagbag.py:588} INFO - Filling up the DagBag from /opt/airflow/dags/dag.py
[2024-10-26T19:33:27.767+0000] {processor.py:925} INFO - DAG(s) 'fetch_and_store_amazon_books' retrieved from /opt/airflow/dags/dag.py
[2024-10-26T19:33:27.786+0000] {logging_mixin.py:190} INFO - [2024-10-26T19:33:27.785+0000] {dag.py:3239} INFO - Sync 1 DAGs
[2024-10-26T19:33:27.822+0000] {processor.py:208} INFO - Processing /opt/airflow/dags/dag.py took 0.174 seconds
[2024-10-26T19:33:57.990+0000] {processor.py:186} INFO - Started process (PID=5603) to work on /opt/airflow/dags/dag.py
[2024-10-26T19:33:57.991+0000] {processor.py:914} INFO - Processing file /opt/airflow/dags/dag.py for tasks to queue
[2024-10-26T19:33:57.994+0000] {logging_mixin.py:190} INFO - [2024-10-26T19:33:57.994+0000] {dagbag.py:588} INFO - Filling up the DagBag from /opt/airflow/dags/dag.py
[2024-10-26T19:33:58.117+0000] {processor.py:925} INFO - DAG(s) 'fetch_and_store_amazon_books' retrieved from /opt/airflow/dags/dag.py
[2024-10-26T19:33:58.144+0000] {logging_mixin.py:190} INFO - [2024-10-26T19:33:58.143+0000] {dag.py:3239} INFO - Sync 1 DAGs
[2024-10-26T19:33:58.185+0000] {processor.py:208} INFO - Processing /opt/airflow/dags/dag.py took 0.208 seconds
[2024-10-26T19:34:28.744+0000] {processor.py:186} INFO - Started process (PID=5740) to work on /opt/airflow/dags/dag.py
[2024-10-26T19:34:28.747+0000] {processor.py:914} INFO - Processing file /opt/airflow/dags/dag.py for tasks to queue
[2024-10-26T19:34:28.750+0000] {logging_mixin.py:190} INFO - [2024-10-26T19:34:28.749+0000] {dagbag.py:588} INFO - Filling up the DagBag from /opt/airflow/dags/dag.py
[2024-10-26T19:34:28.901+0000] {processor.py:925} INFO - DAG(s) 'fetch_and_store_amazon_books' retrieved from /opt/airflow/dags/dag.py
[2024-10-26T19:34:28.921+0000] {logging_mixin.py:190} INFO - [2024-10-26T19:34:28.920+0000] {dag.py:3239} INFO - Sync 1 DAGs
[2024-10-26T19:34:28.960+0000] {processor.py:208} INFO - Processing /opt/airflow/dags/dag.py took 0.228 seconds
[2024-10-26T19:34:59.122+0000] {processor.py:186} INFO - Started process (PID=5803) to work on /opt/airflow/dags/dag.py
[2024-10-26T19:34:59.124+0000] {processor.py:914} INFO - Processing file /opt/airflow/dags/dag.py for tasks to queue
[2024-10-26T19:34:59.126+0000] {logging_mixin.py:190} INFO - [2024-10-26T19:34:59.125+0000] {dagbag.py:588} INFO - Filling up the DagBag from /opt/airflow/dags/dag.py
[2024-10-26T19:34:59.241+0000] {processor.py:925} INFO - DAG(s) 'fetch_and_store_amazon_books' retrieved from /opt/airflow/dags/dag.py
[2024-10-26T19:34:59.260+0000] {logging_mixin.py:190} INFO - [2024-10-26T19:34:59.260+0000] {dag.py:3239} INFO - Sync 1 DAGs
[2024-10-26T19:34:59.303+0000] {processor.py:208} INFO - Processing /opt/airflow/dags/dag.py took 0.191 seconds
[2024-10-26T19:35:29.543+0000] {processor.py:186} INFO - Started process (PID=5866) to work on /opt/airflow/dags/dag.py
[2024-10-26T19:35:29.544+0000] {processor.py:914} INFO - Processing file /opt/airflow/dags/dag.py for tasks to queue
[2024-10-26T19:35:29.546+0000] {logging_mixin.py:190} INFO - [2024-10-26T19:35:29.545+0000] {dagbag.py:588} INFO - Filling up the DagBag from /opt/airflow/dags/dag.py
[2024-10-26T19:35:29.684+0000] {processor.py:925} INFO - DAG(s) 'fetch_and_store_amazon_books' retrieved from /opt/airflow/dags/dag.py
[2024-10-26T19:35:29.704+0000] {logging_mixin.py:190} INFO - [2024-10-26T19:35:29.704+0000] {dag.py:3239} INFO - Sync 1 DAGs
[2024-10-26T19:35:29.755+0000] {processor.py:208} INFO - Processing /opt/airflow/dags/dag.py took 0.220 seconds
[2024-10-26T19:36:00.089+0000] {processor.py:186} INFO - Started process (PID=5929) to work on /opt/airflow/dags/dag.py
[2024-10-26T19:36:00.091+0000] {processor.py:914} INFO - Processing file /opt/airflow/dags/dag.py for tasks to queue
[2024-10-26T19:36:00.092+0000] {logging_mixin.py:190} INFO - [2024-10-26T19:36:00.092+0000] {dagbag.py:588} INFO - Filling up the DagBag from /opt/airflow/dags/dag.py
[2024-10-26T19:36:00.211+0000] {processor.py:925} INFO - DAG(s) 'fetch_and_store_amazon_books' retrieved from /opt/airflow/dags/dag.py
[2024-10-26T19:36:00.230+0000] {logging_mixin.py:190} INFO - [2024-10-26T19:36:00.229+0000] {dag.py:3239} INFO - Sync 1 DAGs
[2024-10-26T19:36:00.297+0000] {processor.py:208} INFO - Processing /opt/airflow/dags/dag.py took 0.217 seconds
[2024-10-26T19:36:30.420+0000] {processor.py:186} INFO - Started process (PID=5992) to work on /opt/airflow/dags/dag.py
[2024-10-26T19:36:30.422+0000] {processor.py:914} INFO - Processing file /opt/airflow/dags/dag.py for tasks to queue
[2024-10-26T19:36:30.424+0000] {logging_mixin.py:190} INFO - [2024-10-26T19:36:30.424+0000] {dagbag.py:588} INFO - Filling up the DagBag from /opt/airflow/dags/dag.py
[2024-10-26T19:36:30.585+0000] {processor.py:925} INFO - DAG(s) 'fetch_and_store_amazon_books' retrieved from /opt/airflow/dags/dag.py
[2024-10-26T19:36:30.605+0000] {logging_mixin.py:190} INFO - [2024-10-26T19:36:30.604+0000] {dag.py:3239} INFO - Sync 1 DAGs
[2024-10-26T19:36:30.648+0000] {processor.py:208} INFO - Processing /opt/airflow/dags/dag.py took 0.238 seconds
[2024-10-26T19:37:01.075+0000] {processor.py:186} INFO - Started process (PID=6055) to work on /opt/airflow/dags/dag.py
[2024-10-26T19:37:01.076+0000] {processor.py:914} INFO - Processing file /opt/airflow/dags/dag.py for tasks to queue
[2024-10-26T19:37:01.078+0000] {logging_mixin.py:190} INFO - [2024-10-26T19:37:01.078+0000] {dagbag.py:588} INFO - Filling up the DagBag from /opt/airflow/dags/dag.py
[2024-10-26T19:37:01.213+0000] {processor.py:925} INFO - DAG(s) 'fetch_and_store_amazon_books' retrieved from /opt/airflow/dags/dag.py
[2024-10-26T19:37:01.234+0000] {logging_mixin.py:190} INFO - [2024-10-26T19:37:01.233+0000] {dag.py:3239} INFO - Sync 1 DAGs
[2024-10-26T19:37:01.276+0000] {processor.py:208} INFO - Processing /opt/airflow/dags/dag.py took 0.208 seconds
[2024-10-26T19:37:31.449+0000] {processor.py:186} INFO - Started process (PID=6118) to work on /opt/airflow/dags/dag.py
[2024-10-26T19:37:31.450+0000] {processor.py:914} INFO - Processing file /opt/airflow/dags/dag.py for tasks to queue
[2024-10-26T19:37:31.452+0000] {logging_mixin.py:190} INFO - [2024-10-26T19:37:31.452+0000] {dagbag.py:588} INFO - Filling up the DagBag from /opt/airflow/dags/dag.py
[2024-10-26T19:37:31.569+0000] {processor.py:925} INFO - DAG(s) 'fetch_and_store_amazon_books' retrieved from /opt/airflow/dags/dag.py
[2024-10-26T19:37:31.588+0000] {logging_mixin.py:190} INFO - [2024-10-26T19:37:31.588+0000] {dag.py:3239} INFO - Sync 1 DAGs
[2024-10-26T19:37:31.630+0000] {processor.py:208} INFO - Processing /opt/airflow/dags/dag.py took 0.187 seconds
[2024-10-26T19:38:02.508+0000] {processor.py:186} INFO - Started process (PID=6181) to work on /opt/airflow/dags/dag.py
[2024-10-26T19:38:02.509+0000] {processor.py:914} INFO - Processing file /opt/airflow/dags/dag.py for tasks to queue
[2024-10-26T19:38:02.511+0000] {logging_mixin.py:190} INFO - [2024-10-26T19:38:02.511+0000] {dagbag.py:588} INFO - Filling up the DagBag from /opt/airflow/dags/dag.py
[2024-10-26T19:38:02.626+0000] {processor.py:925} INFO - DAG(s) 'fetch_and_store_amazon_books' retrieved from /opt/airflow/dags/dag.py
[2024-10-26T19:38:02.650+0000] {logging_mixin.py:190} INFO - [2024-10-26T19:38:02.650+0000] {dag.py:3239} INFO - Sync 1 DAGs
[2024-10-26T19:38:02.691+0000] {processor.py:208} INFO - Processing /opt/airflow/dags/dag.py took 0.190 seconds
[2024-10-26T19:38:32.836+0000] {processor.py:186} INFO - Started process (PID=6244) to work on /opt/airflow/dags/dag.py
[2024-10-26T19:38:32.838+0000] {processor.py:914} INFO - Processing file /opt/airflow/dags/dag.py for tasks to queue
[2024-10-26T19:38:32.840+0000] {logging_mixin.py:190} INFO - [2024-10-26T19:38:32.840+0000] {dagbag.py:588} INFO - Filling up the DagBag from /opt/airflow/dags/dag.py
[2024-10-26T19:38:32.969+0000] {processor.py:925} INFO - DAG(s) 'fetch_and_store_amazon_books' retrieved from /opt/airflow/dags/dag.py
[2024-10-26T19:38:32.989+0000] {logging_mixin.py:190} INFO - [2024-10-26T19:38:32.989+0000] {dag.py:3239} INFO - Sync 1 DAGs
[2024-10-26T19:38:33.030+0000] {processor.py:208} INFO - Processing /opt/airflow/dags/dag.py took 0.200 seconds
[2024-10-26T19:39:03.354+0000] {processor.py:186} INFO - Started process (PID=6307) to work on /opt/airflow/dags/dag.py
[2024-10-26T19:39:03.355+0000] {processor.py:914} INFO - Processing file /opt/airflow/dags/dag.py for tasks to queue
[2024-10-26T19:39:03.357+0000] {logging_mixin.py:190} INFO - [2024-10-26T19:39:03.357+0000] {dagbag.py:588} INFO - Filling up the DagBag from /opt/airflow/dags/dag.py
[2024-10-26T19:39:03.494+0000] {processor.py:925} INFO - DAG(s) 'fetch_and_store_amazon_books' retrieved from /opt/airflow/dags/dag.py
[2024-10-26T19:39:03.515+0000] {logging_mixin.py:190} INFO - [2024-10-26T19:39:03.514+0000] {dag.py:3239} INFO - Sync 1 DAGs
[2024-10-26T19:39:03.567+0000] {processor.py:208} INFO - Processing /opt/airflow/dags/dag.py took 0.219 seconds
[2024-10-26T19:39:34.299+0000] {processor.py:186} INFO - Started process (PID=6389) to work on /opt/airflow/dags/dag.py
[2024-10-26T19:39:34.300+0000] {processor.py:914} INFO - Processing file /opt/airflow/dags/dag.py for tasks to queue
[2024-10-26T19:39:34.302+0000] {logging_mixin.py:190} INFO - [2024-10-26T19:39:34.301+0000] {dagbag.py:588} INFO - Filling up the DagBag from /opt/airflow/dags/dag.py
[2024-10-26T19:39:34.414+0000] {processor.py:925} INFO - DAG(s) 'fetch_and_store_amazon_books' retrieved from /opt/airflow/dags/dag.py
[2024-10-26T19:39:34.433+0000] {logging_mixin.py:190} INFO - [2024-10-26T19:39:34.433+0000] {dag.py:3239} INFO - Sync 1 DAGs
[2024-10-26T19:39:34.461+0000] {logging_mixin.py:190} INFO - [2024-10-26T19:39:34.460+0000] {dag.py:4180} INFO - Setting next_dagrun for fetch_and_store_amazon_books to 2024-07-20 00:00:00+00:00, run_after=2024-07-21 00:00:00+00:00
[2024-10-26T19:39:34.490+0000] {processor.py:208} INFO - Processing /opt/airflow/dags/dag.py took 0.198 seconds
