[2024-10-26T19:21:42.893+0000] {local_task_job_runner.py:123} INFO - ::group::Pre task execution logs
[2024-10-26T19:21:42.917+0000] {taskinstance.py:2612} INFO - Dependencies all met for dep_context=non-requeueable deps ti=<TaskInstance: fetch_and_store_amazon_books.insert_book_data scheduled__2024-06-30T00:00:00+00:00 [queued]>
[2024-10-26T19:21:42.930+0000] {taskinstance.py:2612} INFO - Dependencies all met for dep_context=requeueable deps ti=<TaskInstance: fetch_and_store_amazon_books.insert_book_data scheduled__2024-06-30T00:00:00+00:00 [queued]>
[2024-10-26T19:21:42.931+0000] {taskinstance.py:2865} INFO - Starting attempt 1 of 2
[2024-10-26T19:21:42.952+0000] {taskinstance.py:2888} INFO - Executing <Task(PythonOperator): insert_book_data> on 2024-06-30 00:00:00+00:00
[2024-10-26T19:21:42.963+0000] {warnings.py:112} WARNING - /home/***/.local/lib/python3.12/site-packages/***/task/task_runner/standard_task_runner.py:70: DeprecationWarning: This process (pid=661) is multi-threaded, use of fork() may lead to deadlocks in the child.
  pid = os.fork()

[2024-10-26T19:21:42.964+0000] {standard_task_runner.py:72} INFO - Started process 700 to run task
[2024-10-26T19:21:42.965+0000] {standard_task_runner.py:104} INFO - Running: ['***', 'tasks', 'run', 'fetch_and_store_amazon_books', 'insert_book_data', 'scheduled__2024-06-30T00:00:00+00:00', '--job-id', '60', '--raw', '--subdir', 'DAGS_FOLDER/dag.py', '--cfg-path', '/tmp/tmpnxa2invz']
[2024-10-26T19:21:42.968+0000] {standard_task_runner.py:105} INFO - Job 60: Subtask insert_book_data
[2024-10-26T19:21:43.035+0000] {task_command.py:467} INFO - Running <TaskInstance: fetch_and_store_amazon_books.insert_book_data scheduled__2024-06-30T00:00:00+00:00 [running]> on host f1b284c02f67
[2024-10-26T19:21:43.137+0000] {taskinstance.py:3131} INFO - Exporting env vars: AIRFLOW_CTX_DAG_OWNER='***' AIRFLOW_CTX_DAG_ID='fetch_and_store_amazon_books' AIRFLOW_CTX_TASK_ID='insert_book_data' AIRFLOW_CTX_EXECUTION_DATE='2024-06-30T00:00:00+00:00' AIRFLOW_CTX_TRY_NUMBER='1' AIRFLOW_CTX_DAG_RUN_ID='scheduled__2024-06-30T00:00:00+00:00'
[2024-10-26T19:21:43.140+0000] {logging_mixin.py:190} INFO - Task instance is in running state
[2024-10-26T19:21:43.141+0000] {logging_mixin.py:190} INFO -  Previous state of the Task instance: queued
[2024-10-26T19:21:43.142+0000] {logging_mixin.py:190} INFO - Current task name:insert_book_data state:running start_date:2024-10-26 19:21:42.918278+00:00
[2024-10-26T19:21:43.143+0000] {logging_mixin.py:190} INFO - Dag name:fetch_and_store_amazon_books and current dag run status:running
[2024-10-26T19:21:43.143+0000] {taskinstance.py:731} INFO - ::endgroup::
[2024-10-26T19:21:43.157+0000] {taskinstance.py:3310} ERROR - Task failed with exception
Traceback (most recent call last):
  File "/home/airflow/.local/lib/python3.12/site-packages/airflow/models/taskinstance.py", line 767, in _execute_task
    result = _execute_callable(context=context, **execute_callable_kwargs)
             ^^^^^^^^^^^^^^^^^^^^^^^^^^^^^^^^^^^^^^^^^^^^^^^^^^^^^^^^^^^^^
  File "/home/airflow/.local/lib/python3.12/site-packages/airflow/models/taskinstance.py", line 733, in _execute_callable
    return ExecutionCallableRunner(
           ^^^^^^^^^^^^^^^^^^^^^^^^
  File "/home/airflow/.local/lib/python3.12/site-packages/airflow/utils/operator_helpers.py", line 252, in run
    return self.func(*args, **kwargs)
           ^^^^^^^^^^^^^^^^^^^^^^^^^^
  File "/home/airflow/.local/lib/python3.12/site-packages/airflow/models/baseoperator.py", line 406, in wrapper
    return func(self, *args, **kwargs)
           ^^^^^^^^^^^^^^^^^^^^^^^^^^^
  File "/home/airflow/.local/lib/python3.12/site-packages/airflow/operators/python.py", line 238, in execute
    return_value = self.execute_callable()
                   ^^^^^^^^^^^^^^^^^^^^^^^
  File "/home/airflow/.local/lib/python3.12/site-packages/airflow/operators/python.py", line 256, in execute_callable
    return runner.run(*self.op_args, **self.op_kwargs)
           ^^^^^^^^^^^^^^^^^^^^^^^^^^^^^^^^^^^^^^^^^^^
  File "/home/airflow/.local/lib/python3.12/site-packages/airflow/utils/operator_helpers.py", line 252, in run
    return self.func(*args, **kwargs)
           ^^^^^^^^^^^^^^^^^^^^^^^^^^
  File "/opt/airflow/dags/dag.py", line 94, in insert_book_data_into_postgres
    raise ValueError("No book data found")
ValueError: No book data found
[2024-10-26T19:21:43.178+0000] {logging_mixin.py:190} INFO - Task instance in failure state
[2024-10-26T19:21:43.179+0000] {logging_mixin.py:190} INFO - Task start:2024-10-26 19:21:42.918278+00:00 end:2024-10-26 19:21:43.177537+00:00 duration:0.259259
[2024-10-26T19:21:43.180+0000] {logging_mixin.py:190} INFO - Task:<Task(PythonOperator): insert_book_data> dag:<DAG: fetch_and_store_amazon_books> dagrun:<DagRun fetch_and_store_amazon_books @ 2024-06-30 00:00:00+00:00: scheduled__2024-06-30T00:00:00+00:00, state:running, queued_at: 2024-10-26 19:21:30.341571+00:00. externally triggered: False>
[2024-10-26T19:21:43.180+0000] {logging_mixin.py:190} INFO - Failure caused by No book data found
[2024-10-26T19:21:43.181+0000] {taskinstance.py:1225} INFO - Marking task as UP_FOR_RETRY. dag_id=fetch_and_store_amazon_books, task_id=insert_book_data, run_id=scheduled__2024-06-30T00:00:00+00:00, execution_date=20240630T000000, start_date=20241026T192142, end_date=20241026T192143
[2024-10-26T19:21:43.202+0000] {taskinstance.py:340} INFO - ::group::Post task execution logs
[2024-10-26T19:21:43.203+0000] {standard_task_runner.py:124} ERROR - Failed to execute job 60 for task insert_book_data (No book data found; 700)
Traceback (most recent call last):
  File "/home/airflow/.local/lib/python3.12/site-packages/airflow/task/task_runner/standard_task_runner.py", line 117, in _start_by_fork
    ret = args.func(args, dag=self.dag)
          ^^^^^^^^^^^^^^^^^^^^^^^^^^^^^
  File "/home/airflow/.local/lib/python3.12/site-packages/airflow/cli/cli_config.py", line 49, in command
    return func(*args, **kwargs)
           ^^^^^^^^^^^^^^^^^^^^^
  File "/home/airflow/.local/lib/python3.12/site-packages/airflow/utils/cli.py", line 115, in wrapper
    return f(*args, **kwargs)
           ^^^^^^^^^^^^^^^^^^
  File "/home/airflow/.local/lib/python3.12/site-packages/airflow/cli/commands/task_command.py", line 483, in task_run
    task_return_code = _run_task_by_selected_method(args, _dag, ti)
                       ^^^^^^^^^^^^^^^^^^^^^^^^^^^^^^^^^^^^^^^^^^^^
  File "/home/airflow/.local/lib/python3.12/site-packages/airflow/cli/commands/task_command.py", line 256, in _run_task_by_selected_method
    return _run_raw_task(args, ti)
           ^^^^^^^^^^^^^^^^^^^^^^^
  File "/home/airflow/.local/lib/python3.12/site-packages/airflow/cli/commands/task_command.py", line 341, in _run_raw_task
    return ti._run_raw_task(
           ^^^^^^^^^^^^^^^^^
  File "/home/airflow/.local/lib/python3.12/site-packages/airflow/utils/session.py", line 97, in wrapper
    return func(*args, session=session, **kwargs)
           ^^^^^^^^^^^^^^^^^^^^^^^^^^^^^^^^^^^^^^
  File "/home/airflow/.local/lib/python3.12/site-packages/airflow/models/taskinstance.py", line 3004, in _run_raw_task
    return _run_raw_task(
           ^^^^^^^^^^^^^^
  File "/home/airflow/.local/lib/python3.12/site-packages/airflow/models/taskinstance.py", line 273, in _run_raw_task
    TaskInstance._execute_task_with_callbacks(
  File "/home/airflow/.local/lib/python3.12/site-packages/airflow/models/taskinstance.py", line 3158, in _execute_task_with_callbacks
    result = self._execute_task(context, task_orig)
             ^^^^^^^^^^^^^^^^^^^^^^^^^^^^^^^^^^^^^^
  File "/home/airflow/.local/lib/python3.12/site-packages/airflow/models/taskinstance.py", line 3182, in _execute_task
    return _execute_task(self, context, task_orig)
           ^^^^^^^^^^^^^^^^^^^^^^^^^^^^^^^^^^^^^^^
  File "/home/airflow/.local/lib/python3.12/site-packages/airflow/models/taskinstance.py", line 767, in _execute_task
    result = _execute_callable(context=context, **execute_callable_kwargs)
             ^^^^^^^^^^^^^^^^^^^^^^^^^^^^^^^^^^^^^^^^^^^^^^^^^^^^^^^^^^^^^
  File "/home/airflow/.local/lib/python3.12/site-packages/airflow/models/taskinstance.py", line 733, in _execute_callable
    return ExecutionCallableRunner(
           ^^^^^^^^^^^^^^^^^^^^^^^^
  File "/home/airflow/.local/lib/python3.12/site-packages/airflow/utils/operator_helpers.py", line 252, in run
    return self.func(*args, **kwargs)
           ^^^^^^^^^^^^^^^^^^^^^^^^^^
  File "/home/airflow/.local/lib/python3.12/site-packages/airflow/models/baseoperator.py", line 406, in wrapper
    return func(self, *args, **kwargs)
           ^^^^^^^^^^^^^^^^^^^^^^^^^^^
  File "/home/airflow/.local/lib/python3.12/site-packages/airflow/operators/python.py", line 238, in execute
    return_value = self.execute_callable()
                   ^^^^^^^^^^^^^^^^^^^^^^^
  File "/home/airflow/.local/lib/python3.12/site-packages/airflow/operators/python.py", line 256, in execute_callable
    return runner.run(*self.op_args, **self.op_kwargs)
           ^^^^^^^^^^^^^^^^^^^^^^^^^^^^^^^^^^^^^^^^^^^
  File "/home/airflow/.local/lib/python3.12/site-packages/airflow/utils/operator_helpers.py", line 252, in run
    return self.func(*args, **kwargs)
           ^^^^^^^^^^^^^^^^^^^^^^^^^^
  File "/opt/airflow/dags/dag.py", line 94, in insert_book_data_into_postgres
    raise ValueError("No book data found")
ValueError: No book data found
[2024-10-26T19:21:43.222+0000] {local_task_job_runner.py:266} INFO - Task exited with return code 1
[2024-10-26T19:21:43.236+0000] {local_task_job_runner.py:245} INFO - ::endgroup::
[2024-10-26T19:24:12.267+0000] {local_task_job_runner.py:123} INFO - ::group::Pre task execution logs
[2024-10-26T19:24:12.284+0000] {taskinstance.py:2612} INFO - Dependencies all met for dep_context=non-requeueable deps ti=<TaskInstance: fetch_and_store_amazon_books.insert_book_data scheduled__2024-06-30T00:00:00+00:00 [queued]>
[2024-10-26T19:24:12.294+0000] {taskinstance.py:2612} INFO - Dependencies all met for dep_context=requeueable deps ti=<TaskInstance: fetch_and_store_amazon_books.insert_book_data scheduled__2024-06-30T00:00:00+00:00 [queued]>
[2024-10-26T19:24:12.295+0000] {taskinstance.py:2865} INFO - Starting attempt 1 of 2
[2024-10-26T19:24:12.310+0000] {taskinstance.py:2888} INFO - Executing <Task(PythonOperator): insert_book_data> on 2024-06-30 00:00:00+00:00
[2024-10-26T19:24:12.320+0000] {warnings.py:112} WARNING - /home/***/.local/lib/python3.12/site-packages/***/task/task_runner/standard_task_runner.py:70: DeprecationWarning: This process (pid=926) is multi-threaded, use of fork() may lead to deadlocks in the child.
  pid = os.fork()

[2024-10-26T19:24:12.322+0000] {standard_task_runner.py:72} INFO - Started process 940 to run task
[2024-10-26T19:24:12.323+0000] {standard_task_runner.py:104} INFO - Running: ['***', 'tasks', 'run', 'fetch_and_store_amazon_books', 'insert_book_data', 'scheduled__2024-06-30T00:00:00+00:00', '--job-id', '116', '--raw', '--subdir', 'DAGS_FOLDER/dag.py', '--cfg-path', '/tmp/tmpcfjy97du']
[2024-10-26T19:24:12.324+0000] {standard_task_runner.py:105} INFO - Job 116: Subtask insert_book_data
[2024-10-26T19:24:12.380+0000] {task_command.py:467} INFO - Running <TaskInstance: fetch_and_store_amazon_books.insert_book_data scheduled__2024-06-30T00:00:00+00:00 [running]> on host f1b284c02f67
[2024-10-26T19:24:12.473+0000] {taskinstance.py:3131} INFO - Exporting env vars: AIRFLOW_CTX_DAG_OWNER='***' AIRFLOW_CTX_DAG_ID='fetch_and_store_amazon_books' AIRFLOW_CTX_TASK_ID='insert_book_data' AIRFLOW_CTX_EXECUTION_DATE='2024-06-30T00:00:00+00:00' AIRFLOW_CTX_TRY_NUMBER='1' AIRFLOW_CTX_DAG_RUN_ID='scheduled__2024-06-30T00:00:00+00:00'
[2024-10-26T19:24:12.476+0000] {logging_mixin.py:190} INFO - Task instance is in running state
[2024-10-26T19:24:12.477+0000] {logging_mixin.py:190} INFO -  Previous state of the Task instance: queued
[2024-10-26T19:24:12.477+0000] {logging_mixin.py:190} INFO - Current task name:insert_book_data state:running start_date:2024-10-26 19:24:12.285719+00:00
[2024-10-26T19:24:12.478+0000] {logging_mixin.py:190} INFO - Dag name:fetch_and_store_amazon_books and current dag run status:running
[2024-10-26T19:24:12.478+0000] {taskinstance.py:731} INFO - ::endgroup::
[2024-10-26T19:24:12.500+0000] {base.py:84} INFO - Retrieving connection 'books_connection'
[2024-10-26T19:24:12.505+0000] {sql.py:509} INFO - Running statement: 
    INSERT INTO books (title, authors, price, rating)
    VALUES (%s, %s, %s, %s)
    , parameters: ('Python Data Engineering Resources: Forge Your Path to Success in Data Engineering, Machine Learning and AI', 'Vajo Lukic', '12.', '4.9 out of 5 stars')
[2024-10-26T19:24:12.507+0000] {sql.py:518} INFO - Rows affected: 1
[2024-10-26T19:24:12.516+0000] {base.py:84} INFO - Retrieving connection 'books_connection'
[2024-10-26T19:24:12.521+0000] {sql.py:509} INFO - Running statement: 
    INSERT INTO books (title, authors, price, rating)
    VALUES (%s, %s, %s, %s)
    , parameters: ('Data Engineering with AWS - Second Edition: Acquire the skills to design and build AWS-based data transformation pipelines like a pro', 'Gareth Eagar', '41.', '4.4 out of 5 stars')
[2024-10-26T19:24:12.522+0000] {sql.py:518} INFO - Rows affected: 1
[2024-10-26T19:24:12.530+0000] {base.py:84} INFO - Retrieving connection 'books_connection'
[2024-10-26T19:24:12.535+0000] {sql.py:509} INFO - Running statement: 
    INSERT INTO books (title, authors, price, rating)
    VALUES (%s, %s, %s, %s)
    , parameters: ('Fundamentals of Data Engineering: Plan and Build Robust Data Systems', 'Joe Reis', '41.', '4.7 out of 5 stars')
[2024-10-26T19:24:12.537+0000] {sql.py:518} INFO - Rows affected: 1
[2024-10-26T19:24:12.545+0000] {base.py:84} INFO - Retrieving connection 'books_connection'
[2024-10-26T19:24:12.550+0000] {sql.py:509} INFO - Running statement: 
    INSERT INTO books (title, authors, price, rating)
    VALUES (%s, %s, %s, %s)
    , parameters: ('Designing Data-Intensive Applications: The Big Ideas Behind Reliable, Scalable, and Maintainable Systems', 'Martin Kleppmann', '36.', '4.7 out of 5 stars')
[2024-10-26T19:24:12.552+0000] {sql.py:518} INFO - Rows affected: 1
[2024-10-26T19:24:12.561+0000] {base.py:84} INFO - Retrieving connection 'books_connection'
[2024-10-26T19:24:12.565+0000] {sql.py:509} INFO - Running statement: 
    INSERT INTO books (title, authors, price, rating)
    VALUES (%s, %s, %s, %s)
    , parameters: ('Data Engineering with Python: Work with massive datasets to design data models and automate data pipelines using Python', 'Paul Crickard', '37.', '4.1 out of 5 stars')
[2024-10-26T19:24:12.567+0000] {sql.py:518} INFO - Rows affected: 1
[2024-10-26T19:24:12.575+0000] {base.py:84} INFO - Retrieving connection 'books_connection'
[2024-10-26T19:24:12.579+0000] {sql.py:509} INFO - Running statement: 
    INSERT INTO books (title, authors, price, rating)
    VALUES (%s, %s, %s, %s)
    , parameters: ('Data Pipelines Pocket Reference: Moving and Processing Data for Analytics', 'James Densmore', '17.', '4.5 out of 5 stars')
[2024-10-26T19:24:12.582+0000] {sql.py:518} INFO - Rows affected: 1
[2024-10-26T19:24:12.591+0000] {base.py:84} INFO - Retrieving connection 'books_connection'
[2024-10-26T19:24:12.595+0000] {sql.py:509} INFO - Running statement: 
    INSERT INTO books (title, authors, price, rating)
    VALUES (%s, %s, %s, %s)
    , parameters: ('Data Engineering with Databricks Cookbook: Build effective data and AI solutions using Apache Spark, Databricks, and Delta Lake', 'Pulkit Chadha', '25.', '4.4 out of 5 stars')
[2024-10-26T19:24:12.597+0000] {sql.py:518} INFO - Rows affected: 1
[2024-10-26T19:24:12.605+0000] {base.py:84} INFO - Retrieving connection 'books_connection'
[2024-10-26T19:24:12.610+0000] {sql.py:509} INFO - Running statement: 
    INSERT INTO books (title, authors, price, rating)
    VALUES (%s, %s, %s, %s)
    , parameters: ('Cracking the Data Engineering Interview: Land your dream job with the help of resume-building tips, over 100 mock questions, and a unique portfolio', 'Kedeisha Bryan', '26.', '4.4 out of 5 stars')
[2024-10-26T19:24:12.612+0000] {sql.py:518} INFO - Rows affected: 1
[2024-10-26T19:24:12.619+0000] {base.py:84} INFO - Retrieving connection 'books_connection'
[2024-10-26T19:24:12.622+0000] {sql.py:509} INFO - Running statement: 
    INSERT INTO books (title, authors, price, rating)
    VALUES (%s, %s, %s, %s)
    , parameters: ('Ace the Data Engineering Interview: Questions and Answers for Python, SQL, Data Modeling and More', 'Sean Coyne', '24.', '3.8 out of 5 stars')
[2024-10-26T19:24:12.624+0000] {sql.py:518} INFO - Rows affected: 1
[2024-10-26T19:24:12.633+0000] {base.py:84} INFO - Retrieving connection 'books_connection'
[2024-10-26T19:24:12.638+0000] {sql.py:509} INFO - Running statement: 
    INSERT INTO books (title, authors, price, rating)
    VALUES (%s, %s, %s, %s)
    , parameters: ('Essentials of Data Engineering', 'Dr. Mukesh Saini', '19.', '5.0 out of 5 stars')
[2024-10-26T19:24:12.640+0000] {sql.py:518} INFO - Rows affected: 1
[2024-10-26T19:24:12.650+0000] {base.py:84} INFO - Retrieving connection 'books_connection'
[2024-10-26T19:24:12.653+0000] {sql.py:509} INFO - Running statement: 
    INSERT INTO books (title, authors, price, rating)
    VALUES (%s, %s, %s, %s)
    , parameters: ('Ace the Data Science Interview: 201 Real Interview Questions Asked By FAANG, Tech Startups, & Wall Street', 'Nick Singh', '42.', '4.5 out of 5 stars')
[2024-10-26T19:24:12.655+0000] {sql.py:518} INFO - Rows affected: 1
[2024-10-26T19:24:12.664+0000] {base.py:84} INFO - Retrieving connection 'books_connection'
[2024-10-26T19:24:12.667+0000] {sql.py:509} INFO - Running statement: 
    INSERT INTO books (title, authors, price, rating)
    VALUES (%s, %s, %s, %s)
    , parameters: ('Software Engineering for Data Scientists: From Notebooks to Scalable Systems', 'Catherine Nelson', '45.', '4.3 out of 5 stars')
[2024-10-26T19:24:12.669+0000] {sql.py:518} INFO - Rows affected: 1
[2024-10-26T19:24:12.677+0000] {base.py:84} INFO - Retrieving connection 'books_connection'
[2024-10-26T19:24:12.682+0000] {sql.py:509} INFO - Running statement: 
    INSERT INTO books (title, authors, price, rating)
    VALUES (%s, %s, %s, %s)
    , parameters: ('Data Analysis with Python and PySpark', 'Jonathan Rioux', '55.', '4.4 out of 5 stars')
[2024-10-26T19:24:12.683+0000] {sql.py:518} INFO - Rows affected: 1
[2024-10-26T19:24:12.691+0000] {base.py:84} INFO - Retrieving connection 'books_connection'
[2024-10-26T19:24:12.695+0000] {sql.py:509} INFO - Running statement: 
    INSERT INTO books (title, authors, price, rating)
    VALUES (%s, %s, %s, %s)
    , parameters: ('Build a Career in Data Science', 'Emily Robinson', '35.', '4.6 out of 5 stars')
[2024-10-26T19:24:12.697+0000] {sql.py:518} INFO - Rows affected: 1
[2024-10-26T19:24:12.704+0000] {base.py:84} INFO - Retrieving connection 'books_connection'
[2024-10-26T19:24:12.708+0000] {sql.py:509} INFO - Running statement: 
    INSERT INTO books (title, authors, price, rating)
    VALUES (%s, %s, %s, %s)
    , parameters: ('Getting Started with DuckDB: A practical guide for accelerating your data science, data analytics, and data engineering workflows', 'Simon Aubury', '41.', '5.0 out of 5 stars')
[2024-10-26T19:24:12.709+0000] {sql.py:518} INFO - Rows affected: 1
[2024-10-26T19:24:12.717+0000] {base.py:84} INFO - Retrieving connection 'books_connection'
[2024-10-26T19:24:12.720+0000] {sql.py:509} INFO - Running statement: 
    INSERT INTO books (title, authors, price, rating)
    VALUES (%s, %s, %s, %s)
    , parameters: ('Data Engineering with dbt: A practical guide to building a cloud-based, pragmatic, and dependable data platform with SQL', 'Roberto Zagni', '37.', '4.7 out of 5 stars')
[2024-10-26T19:24:12.722+0000] {sql.py:518} INFO - Rows affected: 1
[2024-10-26T19:24:12.729+0000] {base.py:84} INFO - Retrieving connection 'books_connection'
[2024-10-26T19:24:12.734+0000] {sql.py:509} INFO - Running statement: 
    INSERT INTO books (title, authors, price, rating)
    VALUES (%s, %s, %s, %s)
    , parameters: ('Data Engineering with Python cookbook: Learn to build efficient data pipelines using the Modern Cloud Data Stack', 'Adithyan Ramanujakootam', '32.', '5.0 out of 5 stars')
[2024-10-26T19:24:12.736+0000] {sql.py:518} INFO - Rows affected: 1
[2024-10-26T19:24:12.743+0000] {base.py:84} INFO - Retrieving connection 'books_connection'
[2024-10-26T19:24:12.747+0000] {sql.py:509} INFO - Running statement: 
    INSERT INTO books (title, authors, price, rating)
    VALUES (%s, %s, %s, %s)
    , parameters: ('DATA ENGINEERING AND AI FOR BEGINNERS: Revolutionizing Data Processing and Analytics by Leveraging Artificial Intelligence for Efficient Input Collection, Storage, and Transformation (World of AI)', 'Paperback', '13.', '4.3 out of 5 stars')
[2024-10-26T19:24:12.748+0000] {sql.py:518} INFO - Rows affected: 1
[2024-10-26T19:24:12.756+0000] {base.py:84} INFO - Retrieving connection 'books_connection'
[2024-10-26T19:24:12.760+0000] {sql.py:509} INFO - Running statement: 
    INSERT INTO books (title, authors, price, rating)
    VALUES (%s, %s, %s, %s)
    , parameters: ('Data Engineering with Google Cloud Platform: A practical guide to operationalizing scalable data analytics systems on GCP', 'Adi Wijaya', '41.', '4.7 out of 5 stars')
[2024-10-26T19:24:12.761+0000] {sql.py:518} INFO - Rows affected: 1
[2024-10-26T19:24:12.769+0000] {base.py:84} INFO - Retrieving connection 'books_connection'
[2024-10-26T19:24:12.773+0000] {sql.py:509} INFO - Running statement: 
    INSERT INTO books (title, authors, price, rating)
    VALUES (%s, %s, %s, %s)
    , parameters: ('Azure Data Engineer Associate Certification Guide: Ace the DP-203 exam with advanced data engineering skills', 'Giacinto Palmieri', '24.', '4.4 out of 5 stars')
[2024-10-26T19:24:12.774+0000] {sql.py:518} INFO - Rows affected: 1
[2024-10-26T19:24:12.781+0000] {base.py:84} INFO - Retrieving connection 'books_connection'
[2024-10-26T19:24:12.785+0000] {sql.py:509} INFO - Running statement: 
    INSERT INTO books (title, authors, price, rating)
    VALUES (%s, %s, %s, %s)
    , parameters: ('AWS Certified Data Analytics Study Guide: Specialty (DAS-C01) Exam', 'Asif Abbasi', '31.', '4.6 out of 5 stars')
[2024-10-26T19:24:12.787+0000] {sql.py:518} INFO - Rows affected: 1
[2024-10-26T19:24:12.794+0000] {base.py:84} INFO - Retrieving connection 'books_connection'
[2024-10-26T19:24:12.798+0000] {sql.py:509} INFO - Running statement: 
    INSERT INTO books (title, authors, price, rating)
    VALUES (%s, %s, %s, %s)
    , parameters: ('Fundamentals of Data Analytics: Learn Essential Skills, Embrace the Future, and Catapult Your Career in the Data-Driven World—A Comprehensive Guide to Data Literacy for Beginners', 'Russell Dawson', '17.', '4.8 out of 5 stars')
[2024-10-26T19:24:12.799+0000] {sql.py:518} INFO - Rows affected: 1
[2024-10-26T19:24:12.807+0000] {base.py:84} INFO - Retrieving connection 'books_connection'
[2024-10-26T19:24:12.810+0000] {sql.py:509} INFO - Running statement: 
    INSERT INTO books (title, authors, price, rating)
    VALUES (%s, %s, %s, %s)
    , parameters: ('Data Privacy: A runbook for engineers', 'Nishant Bhajaria', '35.', '4.8 out of 5 stars')
[2024-10-26T19:24:12.812+0000] {sql.py:518} INFO - Rows affected: 1
[2024-10-26T19:24:12.820+0000] {base.py:84} INFO - Retrieving connection 'books_connection'
[2024-10-26T19:24:12.823+0000] {sql.py:509} INFO - Running statement: 
    INSERT INTO books (title, authors, price, rating)
    VALUES (%s, %s, %s, %s)
    , parameters: ("Data Quality Fundamentals: A Practitioner's Guide to Building Trustworthy Data Pipelines", 'Paperback', '45.', '4.1 out of 5 stars')
[2024-10-26T19:24:12.825+0000] {sql.py:518} INFO - Rows affected: 1
[2024-10-26T19:24:12.833+0000] {base.py:84} INFO - Retrieving connection 'books_connection'
[2024-10-26T19:24:12.841+0000] {sql.py:509} INFO - Running statement: 
    INSERT INTO books (title, authors, price, rating)
    VALUES (%s, %s, %s, %s)
    , parameters: ('Data Engineering with AWS: Learn how to design and build cloud-based data transformation pipelines using AWS', 'Gareth Eagar', '49.', '4.4 out of 5 stars')
[2024-10-26T19:24:12.843+0000] {sql.py:518} INFO - Rows affected: 1
[2024-10-26T19:24:12.854+0000] {base.py:84} INFO - Retrieving connection 'books_connection'
[2024-10-26T19:24:12.858+0000] {sql.py:509} INFO - Running statement: 
    INSERT INTO books (title, authors, price, rating)
    VALUES (%s, %s, %s, %s)
    , parameters: ('97 Things Every Data Engineer Should Know: Collective Wisdom from the Experts', 'Tobias Macey', '28.', '4.2 out of 5 stars')
[2024-10-26T19:24:12.860+0000] {sql.py:518} INFO - Rows affected: 1
[2024-10-26T19:24:12.869+0000] {base.py:84} INFO - Retrieving connection 'books_connection'
[2024-10-26T19:24:12.873+0000] {sql.py:509} INFO - Running statement: 
    INSERT INTO books (title, authors, price, rating)
    VALUES (%s, %s, %s, %s)
    , parameters: ('Data-Driven Science and Engineering: Machine Learning, Dynamical Systems, and Control', 'Steven L. Brunton', '64.', '4.7 out of 5 stars')
[2024-10-26T19:24:12.875+0000] {sql.py:518} INFO - Rows affected: 1
[2024-10-26T19:24:12.883+0000] {base.py:84} INFO - Retrieving connection 'books_connection'
[2024-10-26T19:24:12.886+0000] {sql.py:509} INFO - Running statement: 
    INSERT INTO books (title, authors, price, rating)
    VALUES (%s, %s, %s, %s)
    , parameters: ("Data: Principles To Practice - Volume 1 'Foundations': Essential Foundations: Key Concepts behind Data Architecture, Engineering and Analysis for Professionals", 'Mr Alex Holloway', '12.', '4.6 out of 5 stars')
[2024-10-26T19:24:12.888+0000] {sql.py:518} INFO - Rows affected: 1
[2024-10-26T19:24:12.896+0000] {base.py:84} INFO - Retrieving connection 'books_connection'
[2024-10-26T19:24:12.899+0000] {sql.py:509} INFO - Running statement: 
    INSERT INTO books (title, authors, price, rating)
    VALUES (%s, %s, %s, %s)
    , parameters: ('Fundamentals of Data Engineering: A Comprehensive Guide to Designing, Building, and Managing Data Pipelines, Storage Solutions, and Processing Frameworks.', 'Sam Green', '14.', '5.0 out of 5 stars')
[2024-10-26T19:24:12.901+0000] {sql.py:518} INFO - Rows affected: 1
[2024-10-26T19:24:12.909+0000] {base.py:84} INFO - Retrieving connection 'books_connection'
[2024-10-26T19:24:12.912+0000] {sql.py:509} INFO - Running statement: 
    INSERT INTO books (title, authors, price, rating)
    VALUES (%s, %s, %s, %s)
    , parameters: ('Storytelling with Data: A Data Visualization Guide for Business Professionals', 'Cole Nussbaumer Knaflic', '27.', '4.6 out of 5 stars')
[2024-10-26T19:24:12.915+0000] {sql.py:518} INFO - Rows affected: 1
[2024-10-26T19:24:12.922+0000] {base.py:84} INFO - Retrieving connection 'books_connection'
[2024-10-26T19:24:12.925+0000] {sql.py:509} INFO - Running statement: 
    INSERT INTO books (title, authors, price, rating)
    VALUES (%s, %s, %s, %s)
    , parameters: ("Ultimate Data Engineering with Databricks: Develop Scalable Data Pipelines Using Data Engineering's Core Tenets Such as Delta Tables, Ingestion, ... Security, and Scalability (English Edition)", 'Mayank Malhotra', '37.', '4.1 out of 5 stars')
[2024-10-26T19:24:12.927+0000] {sql.py:518} INFO - Rows affected: 1
[2024-10-26T19:24:12.935+0000] {base.py:84} INFO - Retrieving connection 'books_connection'
[2024-10-26T19:24:12.938+0000] {sql.py:509} INFO - Running statement: 
    INSERT INTO books (title, authors, price, rating)
    VALUES (%s, %s, %s, %s)
    , parameters: ('Data Engineering with Apache Spark, Delta Lake, and Lakehouse: Create scalable pipelines that ingest, curate, and aggregate complex data in a timely and secure way', 'Manoj Kukreja', '46.', '3.9 out of 5 stars')
[2024-10-26T19:24:12.940+0000] {sql.py:518} INFO - Rows affected: 1
[2024-10-26T19:24:12.948+0000] {base.py:84} INFO - Retrieving connection 'books_connection'
[2024-10-26T19:24:12.951+0000] {sql.py:509} INFO - Running statement: 
    INSERT INTO books (title, authors, price, rating)
    VALUES (%s, %s, %s, %s)
    , parameters: ('Data Engineering with Google Cloud Platform: A guide to leveling up as a data engineer by building a scalable data platform with Google Cloud', 'Adi Wijaya', '40.', '4.8 out of 5 stars')
[2024-10-26T19:24:12.953+0000] {sql.py:518} INFO - Rows affected: 1
[2024-10-26T19:24:12.960+0000] {base.py:84} INFO - Retrieving connection 'books_connection'
[2024-10-26T19:24:12.964+0000] {sql.py:509} INFO - Running statement: 
    INSERT INTO books (title, authors, price, rating)
    VALUES (%s, %s, %s, %s)
    , parameters: ('Prompt Engineering for Generative AI: Future-Proof Inputs for Reliable AI Outputs', 'James Phoenix', '53.', '4.5 out of 5 stars')
[2024-10-26T19:24:12.966+0000] {sql.py:518} INFO - Rows affected: 1
[2024-10-26T19:24:12.972+0000] {base.py:84} INFO - Retrieving connection 'books_connection'
[2024-10-26T19:24:12.976+0000] {sql.py:509} INFO - Running statement: 
    INSERT INTO books (title, authors, price, rating)
    VALUES (%s, %s, %s, %s)
    , parameters: ('Data Modeling with Snowflake: A practical guide to accelerating Snowflake development using universal data modeling techniques', 'Serge Gershkovich', '36.', '4.8 out of 5 stars')
[2024-10-26T19:24:12.977+0000] {sql.py:518} INFO - Rows affected: 1
[2024-10-26T19:24:12.985+0000] {base.py:84} INFO - Retrieving connection 'books_connection'
[2024-10-26T19:24:12.988+0000] {sql.py:509} INFO - Running statement: 
    INSERT INTO books (title, authors, price, rating)
    VALUES (%s, %s, %s, %s)
    , parameters: ('Data Science: The Hard Parts: Techniques for Excelling at Data Science', 'Daniel Vaughan', '48.', '5.0 out of 5 stars')
[2024-10-26T19:24:12.990+0000] {sql.py:518} INFO - Rows affected: 1
[2024-10-26T19:24:13.000+0000] {base.py:84} INFO - Retrieving connection 'books_connection'
[2024-10-26T19:24:13.003+0000] {sql.py:509} INFO - Running statement: 
    INSERT INTO books (title, authors, price, rating)
    VALUES (%s, %s, %s, %s)
    , parameters: ('The Enterprise Data Catalog: Improve Data Discovery, Ensure Data Governance, and Enable Innovation', 'Ole Olesen-Bagneux', '31.', '4.5 out of 5 stars')
[2024-10-26T19:24:13.004+0000] {sql.py:518} INFO - Rows affected: 1
[2024-10-26T19:24:13.013+0000] {base.py:84} INFO - Retrieving connection 'books_connection'
[2024-10-26T19:24:13.017+0000] {sql.py:509} INFO - Running statement: 
    INSERT INTO books (title, authors, price, rating)
    VALUES (%s, %s, %s, %s)
    , parameters: ('Data Mesh: Delivering Data-Driven Value at Scale', 'Zhamak Dehghani', '43.', '4.5 out of 5 stars')
[2024-10-26T19:24:13.019+0000] {sql.py:518} INFO - Rows affected: 1
[2024-10-26T19:24:13.026+0000] {base.py:84} INFO - Retrieving connection 'books_connection'
[2024-10-26T19:24:13.030+0000] {sql.py:509} INFO - Running statement: 
    INSERT INTO books (title, authors, price, rating)
    VALUES (%s, %s, %s, %s)
    , parameters: ('Official Google Cloud Certified Professional Data Engineer Study Guide', 'Dan Sullivan', '33.', '4.5 out of 5 stars')
[2024-10-26T19:24:13.031+0000] {sql.py:518} INFO - Rows affected: 1
[2024-10-26T19:24:13.039+0000] {base.py:84} INFO - Retrieving connection 'books_connection'
[2024-10-26T19:24:13.042+0000] {sql.py:509} INFO - Running statement: 
    INSERT INTO books (title, authors, price, rating)
    VALUES (%s, %s, %s, %s)
    , parameters: ('Fundamentals of Data Observability: Implement Trustworthy End-to-End Data Solutions', 'Andy Petrella', '36.', '4.0 out of 5 stars')
[2024-10-26T19:24:13.044+0000] {sql.py:518} INFO - Rows affected: 1
[2024-10-26T19:24:13.051+0000] {base.py:84} INFO - Retrieving connection 'books_connection'
[2024-10-26T19:24:13.055+0000] {sql.py:509} INFO - Running statement: 
    INSERT INTO books (title, authors, price, rating)
    VALUES (%s, %s, %s, %s)
    , parameters: ('Humanizing Data Strategy: Leading Data with the Head and the Heart', 'Tiankai Feng', '28.', '4.5 out of 5 stars')
[2024-10-26T19:24:13.057+0000] {sql.py:518} INFO - Rows affected: 1
[2024-10-26T19:24:13.064+0000] {base.py:84} INFO - Retrieving connection 'books_connection'
[2024-10-26T19:24:13.067+0000] {sql.py:509} INFO - Running statement: 
    INSERT INTO books (title, authors, price, rating)
    VALUES (%s, %s, %s, %s)
    , parameters: ('Data Quality Engineering in Financial Services: Applying Manufacturing Techniques to Data', 'Brian Buzzelli', '30.', '4.4 out of 5 stars')
[2024-10-26T19:24:13.069+0000] {sql.py:518} INFO - Rows affected: 1
[2024-10-26T19:24:13.076+0000] {base.py:84} INFO - Retrieving connection 'books_connection'
[2024-10-26T19:24:13.080+0000] {sql.py:509} INFO - Running statement: 
    INSERT INTO books (title, authors, price, rating)
    VALUES (%s, %s, %s, %s)
    , parameters: ('Analytics Engineering with SQL and dbt: Building Meaningful Data Models at Scale', 'Rui Pedro Machado', '41.', '3.9 out of 5 stars')
[2024-10-26T19:24:13.082+0000] {sql.py:518} INFO - Rows affected: 1
[2024-10-26T19:24:13.088+0000] {base.py:84} INFO - Retrieving connection 'books_connection'
[2024-10-26T19:24:13.092+0000] {sql.py:509} INFO - Running statement: 
    INSERT INTO books (title, authors, price, rating)
    VALUES (%s, %s, %s, %s)
    , parameters: ('Modern Data Engineering with Apache Spark: A Hands-On Guide for Building Mission-Critical Streaming Applications', 'Scott Haines', '29.', '4.1 out of 5 stars')
[2024-10-26T19:24:13.095+0000] {sql.py:518} INFO - Rows affected: 1
[2024-10-26T19:24:13.103+0000] {base.py:84} INFO - Retrieving connection 'books_connection'
[2024-10-26T19:24:13.108+0000] {sql.py:509} INFO - Running statement: 
    INSERT INTO books (title, authors, price, rating)
    VALUES (%s, %s, %s, %s)
    , parameters: ('Better Data Visualizations: A Guide for Scholars, Researchers, and Wonks', 'Jonathan Schwabish', '26.', '4.5 out of 5 stars')
[2024-10-26T19:24:13.110+0000] {sql.py:518} INFO - Rows affected: 1
[2024-10-26T19:24:13.119+0000] {base.py:84} INFO - Retrieving connection 'books_connection'
[2024-10-26T19:24:13.122+0000] {sql.py:509} INFO - Running statement: 
    INSERT INTO books (title, authors, price, rating)
    VALUES (%s, %s, %s, %s)
    , parameters: ('Data Engineering with Scala and Spark: A practical guide helping you build streaming and batch pipelines that process massive amounts of data using Scala', 'Eric Tome', '36.', '4.1 out of 5 stars')
[2024-10-26T19:24:13.124+0000] {sql.py:518} INFO - Rows affected: 1
[2024-10-26T19:24:13.132+0000] {base.py:84} INFO - Retrieving connection 'books_connection'
[2024-10-26T19:24:13.136+0000] {sql.py:509} INFO - Running statement: 
    INSERT INTO books (title, authors, price, rating)
    VALUES (%s, %s, %s, %s)
    , parameters: ('SQL Antipatterns: Avoiding the Pitfalls of Database Programming (Pragmatic Programmers)', 'Bill Karwin', '18.', '4.5 out of 5 stars')
[2024-10-26T19:24:13.137+0000] {sql.py:518} INFO - Rows affected: 1
[2024-10-26T19:24:13.145+0000] {base.py:84} INFO - Retrieving connection 'books_connection'
[2024-10-26T19:24:13.148+0000] {sql.py:509} INFO - Running statement: 
    INSERT INTO books (title, authors, price, rating)
    VALUES (%s, %s, %s, %s)
    , parameters: ('Learning Spark: Lightning-Fast Data Analytics', 'Jules S. Damji', '43.', '4.7 out of 5 stars')
[2024-10-26T19:24:13.150+0000] {sql.py:518} INFO - Rows affected: 1
[2024-10-26T19:24:13.157+0000] {base.py:84} INFO - Retrieving connection 'books_connection'
[2024-10-26T19:24:13.161+0000] {sql.py:509} INFO - Running statement: 
    INSERT INTO books (title, authors, price, rating)
    VALUES (%s, %s, %s, %s)
    , parameters: ('Data Science on AWS: Implementing End-to-End, Continuous AI and Machine Learning Pipelines', 'Chris Fregly', '14.', '4.4 out of 5 stars')
[2024-10-26T19:24:13.163+0000] {sql.py:518} INFO - Rows affected: 1
[2024-10-26T19:24:13.171+0000] {base.py:84} INFO - Retrieving connection 'books_connection'
[2024-10-26T19:24:13.175+0000] {sql.py:509} INFO - Running statement: 
    INSERT INTO books (title, authors, price, rating)
    VALUES (%s, %s, %s, %s)
    , parameters: ('Fundamentals of Data Engineering: Efficiency, Insight, Impact: Transforming Data into Value through Expert Engineering Practices', 'Joseph Achakji Eng.', '16.', '4.4 out of 5 stars')
[2024-10-26T19:24:13.177+0000] {sql.py:518} INFO - Rows affected: 1
[2024-10-26T19:24:13.179+0000] {python.py:240} INFO - Done. Returned value was: None
[2024-10-26T19:24:13.191+0000] {taskinstance.py:340} INFO - ::group::Post task execution logs
[2024-10-26T19:24:13.192+0000] {taskinstance.py:352} INFO - Marking task as SUCCESS. dag_id=fetch_and_store_amazon_books, task_id=insert_book_data, run_id=scheduled__2024-06-30T00:00:00+00:00, execution_date=20240630T000000, start_date=20241026T192412, end_date=20241026T192413
[2024-10-26T19:24:13.205+0000] {logging_mixin.py:190} INFO - Task instance in success state
[2024-10-26T19:24:13.206+0000] {logging_mixin.py:190} INFO -  Previous state of the Task instance: running
[2024-10-26T19:24:13.206+0000] {logging_mixin.py:190} INFO - Dag name:fetch_and_store_amazon_books queued_at:2024-10-26 19:24:01.506929+00:00
[2024-10-26T19:24:13.207+0000] {logging_mixin.py:190} INFO - Task hostname:f1b284c02f67 operator:PythonOperator
[2024-10-26T19:24:13.221+0000] {local_task_job_runner.py:266} INFO - Task exited with return code 0
[2024-10-26T19:24:13.238+0000] {taskinstance.py:3900} INFO - 0 downstream tasks scheduled from follow-on schedule check
[2024-10-26T19:24:13.240+0000] {local_task_job_runner.py:245} INFO - ::endgroup::
[2024-10-26T19:29:11.751+0000] {local_task_job_runner.py:123} INFO - ::group::Pre task execution logs
[2024-10-26T19:29:11.767+0000] {taskinstance.py:2612} INFO - Dependencies all met for dep_context=non-requeueable deps ti=<TaskInstance: fetch_and_store_amazon_books.insert_book_data scheduled__2024-06-30T00:00:00+00:00 [queued]>
[2024-10-26T19:29:11.777+0000] {taskinstance.py:2612} INFO - Dependencies all met for dep_context=requeueable deps ti=<TaskInstance: fetch_and_store_amazon_books.insert_book_data scheduled__2024-06-30T00:00:00+00:00 [queued]>
[2024-10-26T19:29:11.778+0000] {taskinstance.py:2865} INFO - Starting attempt 1 of 2
[2024-10-26T19:29:11.792+0000] {taskinstance.py:2888} INFO - Executing <Task(PythonOperator): insert_book_data> on 2024-06-30 00:00:00+00:00
[2024-10-26T19:29:11.801+0000] {warnings.py:112} WARNING - /home/***/.local/lib/python3.12/site-packages/***/task/task_runner/standard_task_runner.py:70: DeprecationWarning: This process (pid=1198) is multi-threaded, use of fork() may lead to deadlocks in the child.
  pid = os.fork()

[2024-10-26T19:29:11.803+0000] {standard_task_runner.py:72} INFO - Started process 1225 to run task
[2024-10-26T19:29:11.803+0000] {standard_task_runner.py:104} INFO - Running: ['***', 'tasks', 'run', 'fetch_and_store_amazon_books', 'insert_book_data', 'scheduled__2024-06-30T00:00:00+00:00', '--job-id', '172', '--raw', '--subdir', 'DAGS_FOLDER/dag.py', '--cfg-path', '/tmp/tmpjth31ft3']
[2024-10-26T19:29:11.805+0000] {standard_task_runner.py:105} INFO - Job 172: Subtask insert_book_data
[2024-10-26T19:29:11.851+0000] {task_command.py:467} INFO - Running <TaskInstance: fetch_and_store_amazon_books.insert_book_data scheduled__2024-06-30T00:00:00+00:00 [running]> on host f1b284c02f67
[2024-10-26T19:29:11.922+0000] {taskinstance.py:3131} INFO - Exporting env vars: AIRFLOW_CTX_DAG_OWNER='***' AIRFLOW_CTX_DAG_ID='fetch_and_store_amazon_books' AIRFLOW_CTX_TASK_ID='insert_book_data' AIRFLOW_CTX_EXECUTION_DATE='2024-06-30T00:00:00+00:00' AIRFLOW_CTX_TRY_NUMBER='1' AIRFLOW_CTX_DAG_RUN_ID='scheduled__2024-06-30T00:00:00+00:00'
[2024-10-26T19:29:11.923+0000] {logging_mixin.py:190} INFO - Task instance is in running state
[2024-10-26T19:29:11.924+0000] {logging_mixin.py:190} INFO -  Previous state of the Task instance: queued
[2024-10-26T19:29:11.925+0000] {logging_mixin.py:190} INFO - Current task name:insert_book_data state:running start_date:2024-10-26 19:29:11.768136+00:00
[2024-10-26T19:29:11.925+0000] {logging_mixin.py:190} INFO - Dag name:fetch_and_store_amazon_books and current dag run status:running
[2024-10-26T19:29:11.926+0000] {taskinstance.py:731} INFO - ::endgroup::
[2024-10-26T19:29:11.935+0000] {taskinstance.py:3310} ERROR - Task failed with exception
Traceback (most recent call last):
  File "/home/airflow/.local/lib/python3.12/site-packages/airflow/models/taskinstance.py", line 767, in _execute_task
    result = _execute_callable(context=context, **execute_callable_kwargs)
             ^^^^^^^^^^^^^^^^^^^^^^^^^^^^^^^^^^^^^^^^^^^^^^^^^^^^^^^^^^^^^
  File "/home/airflow/.local/lib/python3.12/site-packages/airflow/models/taskinstance.py", line 733, in _execute_callable
    return ExecutionCallableRunner(
           ^^^^^^^^^^^^^^^^^^^^^^^^
  File "/home/airflow/.local/lib/python3.12/site-packages/airflow/utils/operator_helpers.py", line 252, in run
    return self.func(*args, **kwargs)
           ^^^^^^^^^^^^^^^^^^^^^^^^^^
  File "/home/airflow/.local/lib/python3.12/site-packages/airflow/models/baseoperator.py", line 406, in wrapper
    return func(self, *args, **kwargs)
           ^^^^^^^^^^^^^^^^^^^^^^^^^^^
  File "/home/airflow/.local/lib/python3.12/site-packages/airflow/operators/python.py", line 238, in execute
    return_value = self.execute_callable()
                   ^^^^^^^^^^^^^^^^^^^^^^^
  File "/home/airflow/.local/lib/python3.12/site-packages/airflow/operators/python.py", line 256, in execute_callable
    return runner.run(*self.op_args, **self.op_kwargs)
           ^^^^^^^^^^^^^^^^^^^^^^^^^^^^^^^^^^^^^^^^^^^
  File "/home/airflow/.local/lib/python3.12/site-packages/airflow/utils/operator_helpers.py", line 252, in run
    return self.func(*args, **kwargs)
           ^^^^^^^^^^^^^^^^^^^^^^^^^^
  File "/opt/airflow/dags/dag.py", line 95, in insert_book_data_into_postgres
    raise ValueError("No book data found")
ValueError: No book data found
[2024-10-26T19:29:11.952+0000] {logging_mixin.py:190} INFO - Task instance in failure state
[2024-10-26T19:29:11.953+0000] {logging_mixin.py:190} INFO - Task start:2024-10-26 19:29:11.768136+00:00 end:2024-10-26 19:29:11.952203+00:00 duration:0.184067
[2024-10-26T19:29:11.954+0000] {logging_mixin.py:190} INFO - Task:<Task(PythonOperator): insert_book_data> dag:<DAG: fetch_and_store_amazon_books> dagrun:<DagRun fetch_and_store_amazon_books @ 2024-06-30 00:00:00+00:00: scheduled__2024-06-30T00:00:00+00:00, state:running, queued_at: 2024-10-26 19:29:03.075704+00:00. externally triggered: False>
[2024-10-26T19:29:11.954+0000] {logging_mixin.py:190} INFO - Failure caused by No book data found
[2024-10-26T19:29:11.955+0000] {taskinstance.py:1225} INFO - Marking task as UP_FOR_RETRY. dag_id=fetch_and_store_amazon_books, task_id=insert_book_data, run_id=scheduled__2024-06-30T00:00:00+00:00, execution_date=20240630T000000, start_date=20241026T192911, end_date=20241026T192911
[2024-10-26T19:29:11.969+0000] {taskinstance.py:340} INFO - ::group::Post task execution logs
[2024-10-26T19:29:11.970+0000] {standard_task_runner.py:124} ERROR - Failed to execute job 172 for task insert_book_data (No book data found; 1225)
Traceback (most recent call last):
  File "/home/airflow/.local/lib/python3.12/site-packages/airflow/task/task_runner/standard_task_runner.py", line 117, in _start_by_fork
    ret = args.func(args, dag=self.dag)
          ^^^^^^^^^^^^^^^^^^^^^^^^^^^^^
  File "/home/airflow/.local/lib/python3.12/site-packages/airflow/cli/cli_config.py", line 49, in command
    return func(*args, **kwargs)
           ^^^^^^^^^^^^^^^^^^^^^
  File "/home/airflow/.local/lib/python3.12/site-packages/airflow/utils/cli.py", line 115, in wrapper
    return f(*args, **kwargs)
           ^^^^^^^^^^^^^^^^^^
  File "/home/airflow/.local/lib/python3.12/site-packages/airflow/cli/commands/task_command.py", line 483, in task_run
    task_return_code = _run_task_by_selected_method(args, _dag, ti)
                       ^^^^^^^^^^^^^^^^^^^^^^^^^^^^^^^^^^^^^^^^^^^^
  File "/home/airflow/.local/lib/python3.12/site-packages/airflow/cli/commands/task_command.py", line 256, in _run_task_by_selected_method
    return _run_raw_task(args, ti)
           ^^^^^^^^^^^^^^^^^^^^^^^
  File "/home/airflow/.local/lib/python3.12/site-packages/airflow/cli/commands/task_command.py", line 341, in _run_raw_task
    return ti._run_raw_task(
           ^^^^^^^^^^^^^^^^^
  File "/home/airflow/.local/lib/python3.12/site-packages/airflow/utils/session.py", line 97, in wrapper
    return func(*args, session=session, **kwargs)
           ^^^^^^^^^^^^^^^^^^^^^^^^^^^^^^^^^^^^^^
  File "/home/airflow/.local/lib/python3.12/site-packages/airflow/models/taskinstance.py", line 3004, in _run_raw_task
    return _run_raw_task(
           ^^^^^^^^^^^^^^
  File "/home/airflow/.local/lib/python3.12/site-packages/airflow/models/taskinstance.py", line 273, in _run_raw_task
    TaskInstance._execute_task_with_callbacks(
  File "/home/airflow/.local/lib/python3.12/site-packages/airflow/models/taskinstance.py", line 3158, in _execute_task_with_callbacks
    result = self._execute_task(context, task_orig)
             ^^^^^^^^^^^^^^^^^^^^^^^^^^^^^^^^^^^^^^
  File "/home/airflow/.local/lib/python3.12/site-packages/airflow/models/taskinstance.py", line 3182, in _execute_task
    return _execute_task(self, context, task_orig)
           ^^^^^^^^^^^^^^^^^^^^^^^^^^^^^^^^^^^^^^^
  File "/home/airflow/.local/lib/python3.12/site-packages/airflow/models/taskinstance.py", line 767, in _execute_task
    result = _execute_callable(context=context, **execute_callable_kwargs)
             ^^^^^^^^^^^^^^^^^^^^^^^^^^^^^^^^^^^^^^^^^^^^^^^^^^^^^^^^^^^^^
  File "/home/airflow/.local/lib/python3.12/site-packages/airflow/models/taskinstance.py", line 733, in _execute_callable
    return ExecutionCallableRunner(
           ^^^^^^^^^^^^^^^^^^^^^^^^
  File "/home/airflow/.local/lib/python3.12/site-packages/airflow/utils/operator_helpers.py", line 252, in run
    return self.func(*args, **kwargs)
           ^^^^^^^^^^^^^^^^^^^^^^^^^^
  File "/home/airflow/.local/lib/python3.12/site-packages/airflow/models/baseoperator.py", line 406, in wrapper
    return func(self, *args, **kwargs)
           ^^^^^^^^^^^^^^^^^^^^^^^^^^^
  File "/home/airflow/.local/lib/python3.12/site-packages/airflow/operators/python.py", line 238, in execute
    return_value = self.execute_callable()
                   ^^^^^^^^^^^^^^^^^^^^^^^
  File "/home/airflow/.local/lib/python3.12/site-packages/airflow/operators/python.py", line 256, in execute_callable
    return runner.run(*self.op_args, **self.op_kwargs)
           ^^^^^^^^^^^^^^^^^^^^^^^^^^^^^^^^^^^^^^^^^^^
  File "/home/airflow/.local/lib/python3.12/site-packages/airflow/utils/operator_helpers.py", line 252, in run
    return self.func(*args, **kwargs)
           ^^^^^^^^^^^^^^^^^^^^^^^^^^
  File "/opt/airflow/dags/dag.py", line 95, in insert_book_data_into_postgres
    raise ValueError("No book data found")
ValueError: No book data found
[2024-10-26T19:29:12.018+0000] {local_task_job_runner.py:266} INFO - Task exited with return code 1
[2024-10-26T19:29:12.032+0000] {taskinstance.py:3900} INFO - 0 downstream tasks scheduled from follow-on schedule check
[2024-10-26T19:29:12.034+0000] {local_task_job_runner.py:245} INFO - ::endgroup::
