[2024-10-26T19:21:38.039+0000] {local_task_job_runner.py:123} INFO - ::group::Pre task execution logs
[2024-10-26T19:21:38.064+0000] {taskinstance.py:2612} INFO - Dependencies all met for dep_context=non-requeueable deps ti=<TaskInstance: fetch_and_store_amazon_books.create_table scheduled__2024-06-28T00:00:00+00:00 [queued]>
[2024-10-26T19:21:38.083+0000] {taskinstance.py:2612} INFO - Dependencies all met for dep_context=requeueable deps ti=<TaskInstance: fetch_and_store_amazon_books.create_table scheduled__2024-06-28T00:00:00+00:00 [queued]>
[2024-10-26T19:21:38.084+0000] {taskinstance.py:2865} INFO - Starting attempt 1 of 2
[2024-10-26T19:21:38.111+0000] {taskinstance.py:2888} INFO - Executing <Task(PostgresOperator): create_table> on 2024-06-28 00:00:00+00:00
[2024-10-26T19:21:38.124+0000] {warnings.py:112} WARNING - /home/***/.local/lib/python3.12/site-packages/***/task/task_runner/standard_task_runner.py:70: DeprecationWarning: This process (pid=599) is multi-threaded, use of fork() may lead to deadlocks in the child.
  pid = os.fork()

[2024-10-26T19:21:38.127+0000] {standard_task_runner.py:72} INFO - Started process 627 to run task
[2024-10-26T19:21:38.130+0000] {standard_task_runner.py:104} INFO - Running: ['***', 'tasks', 'run', 'fetch_and_store_amazon_books', 'create_table', 'scheduled__2024-06-28T00:00:00+00:00', '--job-id', '40', '--raw', '--subdir', 'DAGS_FOLDER/dag.py', '--cfg-path', '/tmp/tmp8svvcuq1']
[2024-10-26T19:21:38.133+0000] {standard_task_runner.py:105} INFO - Job 40: Subtask create_table
[2024-10-26T19:21:38.291+0000] {task_command.py:467} INFO - Running <TaskInstance: fetch_and_store_amazon_books.create_table scheduled__2024-06-28T00:00:00+00:00 [running]> on host f1b284c02f67
[2024-10-26T19:21:38.508+0000] {taskinstance.py:3131} INFO - Exporting env vars: AIRFLOW_CTX_DAG_OWNER='***' AIRFLOW_CTX_DAG_ID='fetch_and_store_amazon_books' AIRFLOW_CTX_TASK_ID='create_table' AIRFLOW_CTX_EXECUTION_DATE='2024-06-28T00:00:00+00:00' AIRFLOW_CTX_TRY_NUMBER='1' AIRFLOW_CTX_DAG_RUN_ID='scheduled__2024-06-28T00:00:00+00:00'
[2024-10-26T19:21:38.518+0000] {logging_mixin.py:190} INFO - Task instance is in running state
[2024-10-26T19:21:38.519+0000] {logging_mixin.py:190} INFO -  Previous state of the Task instance: queued
[2024-10-26T19:21:38.520+0000] {logging_mixin.py:190} INFO - Current task name:create_table state:running start_date:2024-10-26 19:21:38.065667+00:00
[2024-10-26T19:21:38.521+0000] {logging_mixin.py:190} INFO - Dag name:fetch_and_store_amazon_books and current dag run status:running
[2024-10-26T19:21:38.522+0000] {taskinstance.py:731} INFO - ::endgroup::
[2024-10-26T19:21:38.524+0000] {sql.py:266} INFO - Executing: 
    CREATE TABLE IF NOT EXISTS books (
        id SERIAL PRIMARY KEY,
        title TEXT NOT NULL,
        authors TEXT,
        price TEXT,
        rating TEXT
    );
    
[2024-10-26T19:21:38.554+0000] {base.py:84} INFO - Retrieving connection 'books_connection'
[2024-10-26T19:21:38.592+0000] {base.py:84} INFO - Retrieving connection 'books_connection'
[2024-10-26T19:21:38.611+0000] {sql.py:509} INFO - Running statement: 
    CREATE TABLE IF NOT EXISTS books (
        id SERIAL PRIMARY KEY,
        title TEXT NOT NULL,
        authors TEXT,
        price TEXT,
        rating TEXT
    );
    , parameters: None
[2024-10-26T19:21:38.656+0000] {taskinstance.py:340} INFO - ::group::Post task execution logs
[2024-10-26T19:21:38.658+0000] {taskinstance.py:352} INFO - Marking task as SUCCESS. dag_id=fetch_and_store_amazon_books, task_id=create_table, run_id=scheduled__2024-06-28T00:00:00+00:00, execution_date=20240628T000000, start_date=20241026T192138, end_date=20241026T192138
[2024-10-26T19:21:38.686+0000] {logging_mixin.py:190} INFO - Task instance in success state
[2024-10-26T19:21:38.692+0000] {logging_mixin.py:190} INFO -  Previous state of the Task instance: running
[2024-10-26T19:21:38.696+0000] {logging_mixin.py:190} INFO - Dag name:fetch_and_store_amazon_books queued_at:2024-10-26 19:21:29.864095+00:00
[2024-10-26T19:21:38.712+0000] {logging_mixin.py:190} INFO - Task hostname:f1b284c02f67 operator:PostgresOperator
[2024-10-26T19:21:38.752+0000] {local_task_job_runner.py:266} INFO - Task exited with return code 0
[2024-10-26T19:21:38.796+0000] {warnings.py:112} WARNING - /home/***/.local/lib/python3.12/site-packages/***/models/baseoperator.py:1378: AirflowProviderDeprecationWarning: Call to deprecated class PostgresOperator. (Please use `***.providers.common.sql.operators.sql.SQLExecuteQueryOperator`.Also, you can provide `hook_params={'schema': <database>}`.)
  result = cls.__new__(cls)

[2024-10-26T19:21:38.827+0000] {taskinstance.py:3900} INFO - 1 downstream tasks scheduled from follow-on schedule check
[2024-10-26T19:21:38.831+0000] {local_task_job_runner.py:245} INFO - ::endgroup::
[2024-10-26T19:24:07.434+0000] {local_task_job_runner.py:123} INFO - ::group::Pre task execution logs
[2024-10-26T19:24:07.462+0000] {taskinstance.py:2612} INFO - Dependencies all met for dep_context=non-requeueable deps ti=<TaskInstance: fetch_and_store_amazon_books.create_table scheduled__2024-06-28T00:00:00+00:00 [queued]>
[2024-10-26T19:24:07.476+0000] {taskinstance.py:2612} INFO - Dependencies all met for dep_context=requeueable deps ti=<TaskInstance: fetch_and_store_amazon_books.create_table scheduled__2024-06-28T00:00:00+00:00 [queued]>
[2024-10-26T19:24:07.476+0000] {taskinstance.py:2865} INFO - Starting attempt 1 of 2
[2024-10-26T19:24:07.496+0000] {taskinstance.py:2888} INFO - Executing <Task(PostgresOperator): create_table> on 2024-06-28 00:00:00+00:00
[2024-10-26T19:24:07.509+0000] {warnings.py:112} WARNING - /home/***/.local/lib/python3.12/site-packages/***/task/task_runner/standard_task_runner.py:70: DeprecationWarning: This process (pid=822) is multi-threaded, use of fork() may lead to deadlocks in the child.
  pid = os.fork()

[2024-10-26T19:24:07.511+0000] {standard_task_runner.py:72} INFO - Started process 882 to run task
[2024-10-26T19:24:07.512+0000] {standard_task_runner.py:104} INFO - Running: ['***', 'tasks', 'run', 'fetch_and_store_amazon_books', 'create_table', 'scheduled__2024-06-28T00:00:00+00:00', '--job-id', '96', '--raw', '--subdir', 'DAGS_FOLDER/dag.py', '--cfg-path', '/tmp/tmpqvuib00q']
[2024-10-26T19:24:07.514+0000] {standard_task_runner.py:105} INFO - Job 96: Subtask create_table
[2024-10-26T19:24:07.581+0000] {task_command.py:467} INFO - Running <TaskInstance: fetch_and_store_amazon_books.create_table scheduled__2024-06-28T00:00:00+00:00 [running]> on host f1b284c02f67
[2024-10-26T19:24:07.707+0000] {taskinstance.py:3131} INFO - Exporting env vars: AIRFLOW_CTX_DAG_OWNER='***' AIRFLOW_CTX_DAG_ID='fetch_and_store_amazon_books' AIRFLOW_CTX_TASK_ID='create_table' AIRFLOW_CTX_EXECUTION_DATE='2024-06-28T00:00:00+00:00' AIRFLOW_CTX_TRY_NUMBER='1' AIRFLOW_CTX_DAG_RUN_ID='scheduled__2024-06-28T00:00:00+00:00'
[2024-10-26T19:24:07.710+0000] {logging_mixin.py:190} INFO - Task instance is in running state
[2024-10-26T19:24:07.711+0000] {logging_mixin.py:190} INFO -  Previous state of the Task instance: queued
[2024-10-26T19:24:07.712+0000] {logging_mixin.py:190} INFO - Current task name:create_table state:running start_date:2024-10-26 19:24:07.463368+00:00
[2024-10-26T19:24:07.712+0000] {logging_mixin.py:190} INFO - Dag name:fetch_and_store_amazon_books and current dag run status:running
[2024-10-26T19:24:07.713+0000] {taskinstance.py:731} INFO - ::endgroup::
[2024-10-26T19:24:07.714+0000] {sql.py:266} INFO - Executing: 
    CREATE TABLE IF NOT EXISTS books (
        id SERIAL PRIMARY KEY,
        title TEXT NOT NULL,
        authors TEXT,
        price TEXT,
        rating TEXT
    );
    
[2024-10-26T19:24:07.730+0000] {base.py:84} INFO - Retrieving connection 'books_connection'
[2024-10-26T19:24:07.743+0000] {base.py:84} INFO - Retrieving connection 'books_connection'
[2024-10-26T19:24:07.749+0000] {sql.py:509} INFO - Running statement: 
    CREATE TABLE IF NOT EXISTS books (
        id SERIAL PRIMARY KEY,
        title TEXT NOT NULL,
        authors TEXT,
        price TEXT,
        rating TEXT
    );
    , parameters: None
[2024-10-26T19:24:07.765+0000] {taskinstance.py:340} INFO - ::group::Post task execution logs
[2024-10-26T19:24:07.766+0000] {taskinstance.py:352} INFO - Marking task as SUCCESS. dag_id=fetch_and_store_amazon_books, task_id=create_table, run_id=scheduled__2024-06-28T00:00:00+00:00, execution_date=20240628T000000, start_date=20241026T192407, end_date=20241026T192407
[2024-10-26T19:24:07.781+0000] {logging_mixin.py:190} INFO - Task instance in success state
[2024-10-26T19:24:07.782+0000] {logging_mixin.py:190} INFO -  Previous state of the Task instance: running
[2024-10-26T19:24:07.783+0000] {logging_mixin.py:190} INFO - Dag name:fetch_and_store_amazon_books queued_at:2024-10-26 19:24:01.040995+00:00
[2024-10-26T19:24:07.783+0000] {logging_mixin.py:190} INFO - Task hostname:f1b284c02f67 operator:PostgresOperator
[2024-10-26T19:24:07.807+0000] {local_task_job_runner.py:266} INFO - Task exited with return code 0
[2024-10-26T19:24:07.820+0000] {warnings.py:112} WARNING - /home/***/.local/lib/python3.12/site-packages/***/models/baseoperator.py:1378: AirflowProviderDeprecationWarning: Call to deprecated class PostgresOperator. (Please use `***.providers.common.sql.operators.sql.SQLExecuteQueryOperator`.Also, you can provide `hook_params={'schema': <database>}`.)
  result = cls.__new__(cls)

[2024-10-26T19:24:07.839+0000] {taskinstance.py:3900} INFO - 1 downstream tasks scheduled from follow-on schedule check
[2024-10-26T19:24:07.842+0000] {local_task_job_runner.py:245} INFO - ::endgroup::
[2024-10-26T19:29:07.597+0000] {local_task_job_runner.py:123} INFO - ::group::Pre task execution logs
[2024-10-26T19:29:07.626+0000] {taskinstance.py:2612} INFO - Dependencies all met for dep_context=non-requeueable deps ti=<TaskInstance: fetch_and_store_amazon_books.create_table scheduled__2024-06-28T00:00:00+00:00 [queued]>
[2024-10-26T19:29:07.639+0000] {taskinstance.py:2612} INFO - Dependencies all met for dep_context=requeueable deps ti=<TaskInstance: fetch_and_store_amazon_books.create_table scheduled__2024-06-28T00:00:00+00:00 [queued]>
[2024-10-26T19:29:07.640+0000] {taskinstance.py:2865} INFO - Starting attempt 1 of 2
[2024-10-26T19:29:07.661+0000] {taskinstance.py:2888} INFO - Executing <Task(PostgresOperator): create_table> on 2024-06-28 00:00:00+00:00
[2024-10-26T19:29:07.673+0000] {warnings.py:112} WARNING - /home/***/.local/lib/python3.12/site-packages/***/task/task_runner/standard_task_runner.py:70: DeprecationWarning: This process (pid=1112) is multi-threaded, use of fork() may lead to deadlocks in the child.
  pid = os.fork()

[2024-10-26T19:29:07.676+0000] {standard_task_runner.py:72} INFO - Started process 1162 to run task
[2024-10-26T19:29:07.676+0000] {standard_task_runner.py:104} INFO - Running: ['***', 'tasks', 'run', 'fetch_and_store_amazon_books', 'create_table', 'scheduled__2024-06-28T00:00:00+00:00', '--job-id', '151', '--raw', '--subdir', 'DAGS_FOLDER/dag.py', '--cfg-path', '/tmp/tmpen05shwl']
[2024-10-26T19:29:07.679+0000] {standard_task_runner.py:105} INFO - Job 151: Subtask create_table
[2024-10-26T19:29:07.745+0000] {task_command.py:467} INFO - Running <TaskInstance: fetch_and_store_amazon_books.create_table scheduled__2024-06-28T00:00:00+00:00 [running]> on host f1b284c02f67
[2024-10-26T19:29:07.865+0000] {taskinstance.py:3131} INFO - Exporting env vars: AIRFLOW_CTX_DAG_OWNER='***' AIRFLOW_CTX_DAG_ID='fetch_and_store_amazon_books' AIRFLOW_CTX_TASK_ID='create_table' AIRFLOW_CTX_EXECUTION_DATE='2024-06-28T00:00:00+00:00' AIRFLOW_CTX_TRY_NUMBER='1' AIRFLOW_CTX_DAG_RUN_ID='scheduled__2024-06-28T00:00:00+00:00'
[2024-10-26T19:29:07.868+0000] {logging_mixin.py:190} INFO - Task instance is in running state
[2024-10-26T19:29:07.869+0000] {logging_mixin.py:190} INFO -  Previous state of the Task instance: queued
[2024-10-26T19:29:07.870+0000] {logging_mixin.py:190} INFO - Current task name:create_table state:running start_date:2024-10-26 19:29:07.626991+00:00
[2024-10-26T19:29:07.870+0000] {logging_mixin.py:190} INFO - Dag name:fetch_and_store_amazon_books and current dag run status:running
[2024-10-26T19:29:07.871+0000] {taskinstance.py:731} INFO - ::endgroup::
[2024-10-26T19:29:07.872+0000] {sql.py:266} INFO - Executing: 
    CREATE TABLE IF NOT EXISTS books (
        id SERIAL PRIMARY KEY,
        title TEXT NOT NULL,
        authors TEXT,
        price TEXT,
        rating TEXT
    );
    
[2024-10-26T19:29:07.885+0000] {base.py:84} INFO - Retrieving connection 'books_connection'
[2024-10-26T19:29:07.901+0000] {base.py:84} INFO - Retrieving connection 'books_connection'
[2024-10-26T19:29:07.905+0000] {sql.py:509} INFO - Running statement: 
    CREATE TABLE IF NOT EXISTS books (
        id SERIAL PRIMARY KEY,
        title TEXT NOT NULL,
        authors TEXT,
        price TEXT,
        rating TEXT
    );
    , parameters: None
[2024-10-26T19:29:07.918+0000] {taskinstance.py:340} INFO - ::group::Post task execution logs
[2024-10-26T19:29:07.919+0000] {taskinstance.py:352} INFO - Marking task as SUCCESS. dag_id=fetch_and_store_amazon_books, task_id=create_table, run_id=scheduled__2024-06-28T00:00:00+00:00, execution_date=20240628T000000, start_date=20241026T192907, end_date=20241026T192907
[2024-10-26T19:29:07.933+0000] {logging_mixin.py:190} INFO - Task instance in success state
[2024-10-26T19:29:07.933+0000] {logging_mixin.py:190} INFO -  Previous state of the Task instance: running
[2024-10-26T19:29:07.934+0000] {logging_mixin.py:190} INFO - Dag name:fetch_and_store_amazon_books queued_at:2024-10-26 19:29:02.636642+00:00
[2024-10-26T19:29:07.934+0000] {logging_mixin.py:190} INFO - Task hostname:f1b284c02f67 operator:PostgresOperator
[2024-10-26T19:29:07.949+0000] {local_task_job_runner.py:266} INFO - Task exited with return code 0
[2024-10-26T19:29:07.960+0000] {local_task_job_runner.py:245} INFO - ::endgroup::
