[2024-10-26T19:21:30.840+0000] {local_task_job_runner.py:123} INFO - ::group::Pre task execution logs
[2024-10-26T19:21:30.876+0000] {taskinstance.py:2612} INFO - Dependencies all met for dep_context=non-requeueable deps ti=<TaskInstance: fetch_and_store_amazon_books.fetch_book_data scheduled__2024-06-20T00:00:00+00:00 [queued]>
[2024-10-26T19:21:30.890+0000] {taskinstance.py:2612} INFO - Dependencies all met for dep_context=requeueable deps ti=<TaskInstance: fetch_and_store_amazon_books.fetch_book_data scheduled__2024-06-20T00:00:00+00:00 [queued]>
[2024-10-26T19:21:30.891+0000] {taskinstance.py:2865} INFO - Starting attempt 1 of 2
[2024-10-26T19:21:30.917+0000] {taskinstance.py:2888} INFO - Executing <Task(PythonOperator): fetch_book_data> on 2024-06-20 00:00:00+00:00
[2024-10-26T19:21:30.945+0000] {warnings.py:112} WARNING - /home/***/.local/lib/python3.12/site-packages/***/task/task_runner/standard_task_runner.py:70: DeprecationWarning: This process (pid=529) is multi-threaded, use of fork() may lead to deadlocks in the child.
  pid = os.fork()

[2024-10-26T19:21:30.957+0000] {standard_task_runner.py:72} INFO - Started process 549 to run task
[2024-10-26T19:21:30.957+0000] {standard_task_runner.py:104} INFO - Running: ['***', 'tasks', 'run', 'fetch_and_store_amazon_books', 'fetch_book_data', 'scheduled__2024-06-20T00:00:00+00:00', '--job-id', '23', '--raw', '--subdir', 'DAGS_FOLDER/dag.py', '--cfg-path', '/tmp/tmpakx0lrk6']
[2024-10-26T19:21:30.960+0000] {standard_task_runner.py:105} INFO - Job 23: Subtask fetch_book_data
[2024-10-26T19:21:31.161+0000] {task_command.py:467} INFO - Running <TaskInstance: fetch_and_store_amazon_books.fetch_book_data scheduled__2024-06-20T00:00:00+00:00 [running]> on host f1b284c02f67
[2024-10-26T19:21:31.386+0000] {taskinstance.py:3131} INFO - Exporting env vars: AIRFLOW_CTX_DAG_OWNER='***' AIRFLOW_CTX_DAG_ID='fetch_and_store_amazon_books' AIRFLOW_CTX_TASK_ID='fetch_book_data' AIRFLOW_CTX_EXECUTION_DATE='2024-06-20T00:00:00+00:00' AIRFLOW_CTX_TRY_NUMBER='1' AIRFLOW_CTX_DAG_RUN_ID='scheduled__2024-06-20T00:00:00+00:00'
[2024-10-26T19:21:31.398+0000] {logging_mixin.py:190} INFO - Task instance is in running state
[2024-10-26T19:21:31.408+0000] {logging_mixin.py:190} INFO -  Previous state of the Task instance: queued
[2024-10-26T19:21:31.411+0000] {logging_mixin.py:190} INFO - Current task name:fetch_book_data state:running start_date:2024-10-26 19:21:30.877068+00:00
[2024-10-26T19:21:31.416+0000] {logging_mixin.py:190} INFO - Dag name:fetch_and_store_amazon_books and current dag run status:running
[2024-10-26T19:21:31.417+0000] {taskinstance.py:731} INFO - ::endgroup::
[2024-10-26T19:21:31.720+0000] {logging_mixin.py:190} INFO - Failed to retrieve the page
[2024-10-26T19:21:31.788+0000] {python.py:240} INFO - Done. Returned value was: None
[2024-10-26T19:21:31.811+0000] {taskinstance.py:340} INFO - ::group::Post task execution logs
[2024-10-26T19:21:31.812+0000] {taskinstance.py:352} INFO - Marking task as SUCCESS. dag_id=fetch_and_store_amazon_books, task_id=fetch_book_data, run_id=scheduled__2024-06-20T00:00:00+00:00, execution_date=20240620T000000, start_date=20241026T192130, end_date=20241026T192131
[2024-10-26T19:21:31.882+0000] {logging_mixin.py:190} INFO - Task instance in success state
[2024-10-26T19:21:31.883+0000] {logging_mixin.py:190} INFO -  Previous state of the Task instance: running
[2024-10-26T19:21:31.884+0000] {logging_mixin.py:190} INFO - Dag name:fetch_and_store_amazon_books queued_at:2024-10-26 19:21:28.620999+00:00
[2024-10-26T19:21:31.886+0000] {logging_mixin.py:190} INFO - Task hostname:f1b284c02f67 operator:PythonOperator
[2024-10-26T19:21:31.945+0000] {local_task_job_runner.py:266} INFO - Task exited with return code 0
[2024-10-26T19:21:31.993+0000] {warnings.py:112} WARNING - /home/***/.local/lib/python3.12/site-packages/***/models/baseoperator.py:1378: AirflowProviderDeprecationWarning: Call to deprecated class PostgresOperator. (Please use `***.providers.common.sql.operators.sql.SQLExecuteQueryOperator`.Also, you can provide `hook_params={'schema': <database>}`.)
  result = cls.__new__(cls)

[2024-10-26T19:21:32.041+0000] {taskinstance.py:3900} INFO - 1 downstream tasks scheduled from follow-on schedule check
[2024-10-26T19:21:32.045+0000] {local_task_job_runner.py:245} INFO - ::endgroup::
[2024-10-26T19:24:01.668+0000] {local_task_job_runner.py:123} INFO - ::group::Pre task execution logs
[2024-10-26T19:24:01.698+0000] {taskinstance.py:2612} INFO - Dependencies all met for dep_context=non-requeueable deps ti=<TaskInstance: fetch_and_store_amazon_books.fetch_book_data scheduled__2024-06-20T00:00:00+00:00 [queued]>
[2024-10-26T19:24:01.712+0000] {taskinstance.py:2612} INFO - Dependencies all met for dep_context=requeueable deps ti=<TaskInstance: fetch_and_store_amazon_books.fetch_book_data scheduled__2024-06-20T00:00:00+00:00 [queued]>
[2024-10-26T19:24:01.713+0000] {taskinstance.py:2865} INFO - Starting attempt 1 of 2
[2024-10-26T19:24:01.739+0000] {taskinstance.py:2888} INFO - Executing <Task(PythonOperator): fetch_book_data> on 2024-06-20 00:00:00+00:00
[2024-10-26T19:24:01.751+0000] {warnings.py:112} WARNING - /home/***/.local/lib/python3.12/site-packages/***/task/task_runner/standard_task_runner.py:70: DeprecationWarning: This process (pid=753) is multi-threaded, use of fork() may lead to deadlocks in the child.
  pid = os.fork()

[2024-10-26T19:24:01.755+0000] {standard_task_runner.py:72} INFO - Started process 776 to run task
[2024-10-26T19:24:01.755+0000] {standard_task_runner.py:104} INFO - Running: ['***', 'tasks', 'run', 'fetch_and_store_amazon_books', 'fetch_book_data', 'scheduled__2024-06-20T00:00:00+00:00', '--job-id', '71', '--raw', '--subdir', 'DAGS_FOLDER/dag.py', '--cfg-path', '/tmp/tmpq4n_9yqw']
[2024-10-26T19:24:01.757+0000] {standard_task_runner.py:105} INFO - Job 71: Subtask fetch_book_data
[2024-10-26T19:24:01.842+0000] {task_command.py:467} INFO - Running <TaskInstance: fetch_and_store_amazon_books.fetch_book_data scheduled__2024-06-20T00:00:00+00:00 [running]> on host f1b284c02f67
[2024-10-26T19:24:01.975+0000] {taskinstance.py:3131} INFO - Exporting env vars: AIRFLOW_CTX_DAG_OWNER='***' AIRFLOW_CTX_DAG_ID='fetch_and_store_amazon_books' AIRFLOW_CTX_TASK_ID='fetch_book_data' AIRFLOW_CTX_EXECUTION_DATE='2024-06-20T00:00:00+00:00' AIRFLOW_CTX_TRY_NUMBER='1' AIRFLOW_CTX_DAG_RUN_ID='scheduled__2024-06-20T00:00:00+00:00'
[2024-10-26T19:24:01.977+0000] {logging_mixin.py:190} INFO - Task instance is in running state
[2024-10-26T19:24:01.978+0000] {logging_mixin.py:190} INFO -  Previous state of the Task instance: queued
[2024-10-26T19:24:01.978+0000] {logging_mixin.py:190} INFO - Current task name:fetch_book_data state:running start_date:2024-10-26 19:24:01.699971+00:00
[2024-10-26T19:24:01.979+0000] {logging_mixin.py:190} INFO - Dag name:fetch_and_store_amazon_books and current dag run status:running
[2024-10-26T19:24:01.980+0000] {taskinstance.py:731} INFO - ::endgroup::
[2024-10-26T19:24:02.134+0000] {logging_mixin.py:190} INFO - Failed to retrieve the page
[2024-10-26T19:24:02.197+0000] {logging_mixin.py:190} INFO - --> <TaskInstance: fetch_and_store_amazon_books.fetch_book_data scheduled__2024-06-20T00:00:00+00:00 [running]>
[2024-10-26T19:24:02.199+0000] {python.py:240} INFO - Done. Returned value was: None
[2024-10-26T19:24:02.216+0000] {taskinstance.py:340} INFO - ::group::Post task execution logs
[2024-10-26T19:24:02.217+0000] {taskinstance.py:352} INFO - Marking task as SUCCESS. dag_id=fetch_and_store_amazon_books, task_id=fetch_book_data, run_id=scheduled__2024-06-20T00:00:00+00:00, execution_date=20240620T000000, start_date=20241026T192401, end_date=20241026T192402
[2024-10-26T19:24:02.366+0000] {logging_mixin.py:190} INFO - Task instance in success state
[2024-10-26T19:24:02.367+0000] {logging_mixin.py:190} INFO -  Previous state of the Task instance: running
[2024-10-26T19:24:02.368+0000] {logging_mixin.py:190} INFO - Dag name:fetch_and_store_amazon_books queued_at:2024-10-26 19:23:59.874714+00:00
[2024-10-26T19:24:02.368+0000] {logging_mixin.py:190} INFO - Task hostname:f1b284c02f67 operator:PythonOperator
[2024-10-26T19:24:02.414+0000] {local_task_job_runner.py:266} INFO - Task exited with return code 0
[2024-10-26T19:24:02.430+0000] {warnings.py:112} WARNING - /home/***/.local/lib/python3.12/site-packages/***/models/baseoperator.py:1378: AirflowProviderDeprecationWarning: Call to deprecated class PostgresOperator. (Please use `***.providers.common.sql.operators.sql.SQLExecuteQueryOperator`.Also, you can provide `hook_params={'schema': <database>}`.)
  result = cls.__new__(cls)

[2024-10-26T19:24:02.457+0000] {taskinstance.py:3900} INFO - 1 downstream tasks scheduled from follow-on schedule check
[2024-10-26T19:24:02.460+0000] {local_task_job_runner.py:245} INFO - ::endgroup::
[2024-10-26T19:29:03.188+0000] {local_task_job_runner.py:123} INFO - ::group::Pre task execution logs
[2024-10-26T19:29:03.219+0000] {taskinstance.py:2612} INFO - Dependencies all met for dep_context=non-requeueable deps ti=<TaskInstance: fetch_and_store_amazon_books.fetch_book_data scheduled__2024-06-20T00:00:00+00:00 [queued]>
[2024-10-26T19:29:03.234+0000] {taskinstance.py:2612} INFO - Dependencies all met for dep_context=requeueable deps ti=<TaskInstance: fetch_and_store_amazon_books.fetch_book_data scheduled__2024-06-20T00:00:00+00:00 [queued]>
[2024-10-26T19:29:03.235+0000] {taskinstance.py:2865} INFO - Starting attempt 1 of 2
[2024-10-26T19:29:03.255+0000] {taskinstance.py:2888} INFO - Executing <Task(PythonOperator): fetch_book_data> on 2024-06-20 00:00:00+00:00
[2024-10-26T19:29:03.269+0000] {standard_task_runner.py:104} INFO - Running: ['***', 'tasks', 'run', 'fetch_and_store_amazon_books', 'fetch_book_data', 'scheduled__2024-06-20T00:00:00+00:00', '--job-id', '127', '--raw', '--subdir', 'DAGS_FOLDER/dag.py', '--cfg-path', '/tmp/tmpx0t5zyty']
[2024-10-26T19:29:03.266+0000] {warnings.py:112} WARNING - /home/***/.local/lib/python3.12/site-packages/***/task/task_runner/standard_task_runner.py:70: DeprecationWarning: This process (pid=1039) is multi-threaded, use of fork() may lead to deadlocks in the child.
  pid = os.fork()

[2024-10-26T19:29:03.270+0000] {standard_task_runner.py:105} INFO - Job 127: Subtask fetch_book_data
[2024-10-26T19:29:03.271+0000] {standard_task_runner.py:72} INFO - Started process 1062 to run task
[2024-10-26T19:29:03.347+0000] {task_command.py:467} INFO - Running <TaskInstance: fetch_and_store_amazon_books.fetch_book_data scheduled__2024-06-20T00:00:00+00:00 [running]> on host f1b284c02f67
[2024-10-26T19:29:03.456+0000] {taskinstance.py:3131} INFO - Exporting env vars: AIRFLOW_CTX_DAG_OWNER='***' AIRFLOW_CTX_DAG_ID='fetch_and_store_amazon_books' AIRFLOW_CTX_TASK_ID='fetch_book_data' AIRFLOW_CTX_EXECUTION_DATE='2024-06-20T00:00:00+00:00' AIRFLOW_CTX_TRY_NUMBER='1' AIRFLOW_CTX_DAG_RUN_ID='scheduled__2024-06-20T00:00:00+00:00'
[2024-10-26T19:29:03.459+0000] {logging_mixin.py:190} INFO - Task instance is in running state
[2024-10-26T19:29:03.460+0000] {logging_mixin.py:190} INFO -  Previous state of the Task instance: queued
[2024-10-26T19:29:03.461+0000] {logging_mixin.py:190} INFO - Current task name:fetch_book_data state:running start_date:2024-10-26 19:29:03.220305+00:00
[2024-10-26T19:29:03.461+0000] {logging_mixin.py:190} INFO - Dag name:fetch_and_store_amazon_books and current dag run status:running
[2024-10-26T19:29:03.462+0000] {taskinstance.py:731} INFO - ::endgroup::
[2024-10-26T19:29:03.584+0000] {logging_mixin.py:190} INFO - Failed to retrieve the page
[2024-10-26T19:29:03.612+0000] {logging_mixin.py:190} INFO - --> <TaskInstance: fetch_and_store_amazon_books.fetch_book_data scheduled__2024-06-20T00:00:00+00:00 [running]>
[2024-10-26T19:29:03.613+0000] {python.py:240} INFO - Done. Returned value was: None
[2024-10-26T19:29:03.624+0000] {taskinstance.py:340} INFO - ::group::Post task execution logs
[2024-10-26T19:29:03.625+0000] {taskinstance.py:352} INFO - Marking task as SUCCESS. dag_id=fetch_and_store_amazon_books, task_id=fetch_book_data, run_id=scheduled__2024-06-20T00:00:00+00:00, execution_date=20240620T000000, start_date=20241026T192903, end_date=20241026T192903
[2024-10-26T19:29:03.727+0000] {logging_mixin.py:190} INFO - Task instance in success state
[2024-10-26T19:29:03.727+0000] {logging_mixin.py:190} INFO -  Previous state of the Task instance: running
[2024-10-26T19:29:03.728+0000] {logging_mixin.py:190} INFO - Dag name:fetch_and_store_amazon_books queued_at:2024-10-26 19:29:01.473840+00:00
[2024-10-26T19:29:03.729+0000] {logging_mixin.py:190} INFO - Task hostname:f1b284c02f67 operator:PythonOperator
[2024-10-26T19:29:03.768+0000] {local_task_job_runner.py:266} INFO - Task exited with return code 0
[2024-10-26T19:29:03.782+0000] {warnings.py:112} WARNING - /home/***/.local/lib/python3.12/site-packages/***/models/baseoperator.py:1378: AirflowProviderDeprecationWarning: Call to deprecated class PostgresOperator. (Please use `***.providers.common.sql.operators.sql.SQLExecuteQueryOperator`.Also, you can provide `hook_params={'schema': <database>}`.)
  result = cls.__new__(cls)

[2024-10-26T19:29:03.809+0000] {taskinstance.py:3900} INFO - 1 downstream tasks scheduled from follow-on schedule check
[2024-10-26T19:29:03.812+0000] {local_task_job_runner.py:245} INFO - ::endgroup::
