[2024-10-26T19:21:39.228+0000] {local_task_job_runner.py:123} INFO - ::group::Pre task execution logs
[2024-10-26T19:21:39.267+0000] {taskinstance.py:2612} INFO - Dependencies all met for dep_context=non-requeueable deps ti=<TaskInstance: fetch_and_store_amazon_books.create_table scheduled__2024-06-30T00:00:00+00:00 [queued]>
[2024-10-26T19:21:39.289+0000] {taskinstance.py:2612} INFO - Dependencies all met for dep_context=requeueable deps ti=<TaskInstance: fetch_and_store_amazon_books.create_table scheduled__2024-06-30T00:00:00+00:00 [queued]>
[2024-10-26T19:21:39.290+0000] {taskinstance.py:2865} INFO - Starting attempt 1 of 2
[2024-10-26T19:21:39.323+0000] {taskinstance.py:2888} INFO - Executing <Task(PostgresOperator): create_table> on 2024-06-30 00:00:00+00:00
[2024-10-26T19:21:39.350+0000] {warnings.py:112} WARNING - /home/***/.local/lib/python3.12/site-packages/***/task/task_runner/standard_task_runner.py:70: DeprecationWarning: This process (pid=613) is multi-threaded, use of fork() may lead to deadlocks in the child.
  pid = os.fork()

[2024-10-26T19:21:39.354+0000] {standard_task_runner.py:104} INFO - Running: ['***', 'tasks', 'run', 'fetch_and_store_amazon_books', 'create_table', 'scheduled__2024-06-30T00:00:00+00:00', '--job-id', '47', '--raw', '--subdir', 'DAGS_FOLDER/dag.py', '--cfg-path', '/tmp/tmpddxxd4t6']
[2024-10-26T19:21:39.354+0000] {standard_task_runner.py:72} INFO - Started process 644 to run task
[2024-10-26T19:21:39.357+0000] {standard_task_runner.py:105} INFO - Job 47: Subtask create_table
[2024-10-26T19:21:39.461+0000] {task_command.py:467} INFO - Running <TaskInstance: fetch_and_store_amazon_books.create_table scheduled__2024-06-30T00:00:00+00:00 [running]> on host f1b284c02f67
[2024-10-26T19:21:39.607+0000] {taskinstance.py:3131} INFO - Exporting env vars: AIRFLOW_CTX_DAG_OWNER='***' AIRFLOW_CTX_DAG_ID='fetch_and_store_amazon_books' AIRFLOW_CTX_TASK_ID='create_table' AIRFLOW_CTX_EXECUTION_DATE='2024-06-30T00:00:00+00:00' AIRFLOW_CTX_TRY_NUMBER='1' AIRFLOW_CTX_DAG_RUN_ID='scheduled__2024-06-30T00:00:00+00:00'
[2024-10-26T19:21:39.609+0000] {logging_mixin.py:190} INFO - Task instance is in running state
[2024-10-26T19:21:39.611+0000] {logging_mixin.py:190} INFO -  Previous state of the Task instance: queued
[2024-10-26T19:21:39.612+0000] {logging_mixin.py:190} INFO - Current task name:create_table state:running start_date:2024-10-26 19:21:39.269926+00:00
[2024-10-26T19:21:39.613+0000] {logging_mixin.py:190} INFO - Dag name:fetch_and_store_amazon_books and current dag run status:running
[2024-10-26T19:21:39.614+0000] {taskinstance.py:731} INFO - ::endgroup::
[2024-10-26T19:21:39.615+0000] {sql.py:266} INFO - Executing: 
    CREATE TABLE IF NOT EXISTS books (
        id SERIAL PRIMARY KEY,
        title TEXT NOT NULL,
        authors TEXT,
        price TEXT,
        rating TEXT
    );
    
[2024-10-26T19:21:39.629+0000] {base.py:84} INFO - Retrieving connection 'books_connection'
[2024-10-26T19:21:39.647+0000] {base.py:84} INFO - Retrieving connection 'books_connection'
[2024-10-26T19:21:39.653+0000] {sql.py:509} INFO - Running statement: 
    CREATE TABLE IF NOT EXISTS books (
        id SERIAL PRIMARY KEY,
        title TEXT NOT NULL,
        authors TEXT,
        price TEXT,
        rating TEXT
    );
    , parameters: None
[2024-10-26T19:21:39.672+0000] {taskinstance.py:340} INFO - ::group::Post task execution logs
[2024-10-26T19:21:39.673+0000] {taskinstance.py:352} INFO - Marking task as SUCCESS. dag_id=fetch_and_store_amazon_books, task_id=create_table, run_id=scheduled__2024-06-30T00:00:00+00:00, execution_date=20240630T000000, start_date=20241026T192139, end_date=20241026T192139
[2024-10-26T19:21:39.689+0000] {logging_mixin.py:190} INFO - Task instance in success state
[2024-10-26T19:21:39.690+0000] {logging_mixin.py:190} INFO -  Previous state of the Task instance: running
[2024-10-26T19:21:39.691+0000] {logging_mixin.py:190} INFO - Dag name:fetch_and_store_amazon_books queued_at:2024-10-26 19:21:30.341571+00:00
[2024-10-26T19:21:39.692+0000] {logging_mixin.py:190} INFO - Task hostname:f1b284c02f67 operator:PostgresOperator
[2024-10-26T19:21:39.739+0000] {local_task_job_runner.py:266} INFO - Task exited with return code 0
[2024-10-26T19:21:39.753+0000] {local_task_job_runner.py:245} INFO - ::endgroup::
[2024-10-26T19:24:08.755+0000] {local_task_job_runner.py:123} INFO - ::group::Pre task execution logs
[2024-10-26T19:24:08.779+0000] {taskinstance.py:2612} INFO - Dependencies all met for dep_context=non-requeueable deps ti=<TaskInstance: fetch_and_store_amazon_books.create_table scheduled__2024-06-30T00:00:00+00:00 [queued]>
[2024-10-26T19:24:08.793+0000] {taskinstance.py:2612} INFO - Dependencies all met for dep_context=requeueable deps ti=<TaskInstance: fetch_and_store_amazon_books.create_table scheduled__2024-06-30T00:00:00+00:00 [queued]>
[2024-10-26T19:24:08.794+0000] {taskinstance.py:2865} INFO - Starting attempt 1 of 2
[2024-10-26T19:24:08.823+0000] {taskinstance.py:2888} INFO - Executing <Task(PostgresOperator): create_table> on 2024-06-30 00:00:00+00:00
[2024-10-26T19:24:08.838+0000] {warnings.py:112} WARNING - /home/***/.local/lib/python3.12/site-packages/***/task/task_runner/standard_task_runner.py:70: DeprecationWarning: This process (pid=864) is multi-threaded, use of fork() may lead to deadlocks in the child.
  pid = os.fork()

[2024-10-26T19:24:08.842+0000] {standard_task_runner.py:72} INFO - Started process 909 to run task
[2024-10-26T19:24:08.843+0000] {standard_task_runner.py:104} INFO - Running: ['***', 'tasks', 'run', 'fetch_and_store_amazon_books', 'create_table', 'scheduled__2024-06-30T00:00:00+00:00', '--job-id', '106', '--raw', '--subdir', 'DAGS_FOLDER/dag.py', '--cfg-path', '/tmp/tmp763vwub7']
[2024-10-26T19:24:08.845+0000] {standard_task_runner.py:105} INFO - Job 106: Subtask create_table
[2024-10-26T19:24:08.951+0000] {task_command.py:467} INFO - Running <TaskInstance: fetch_and_store_amazon_books.create_table scheduled__2024-06-30T00:00:00+00:00 [running]> on host f1b284c02f67
[2024-10-26T19:24:09.094+0000] {taskinstance.py:3131} INFO - Exporting env vars: AIRFLOW_CTX_DAG_OWNER='***' AIRFLOW_CTX_DAG_ID='fetch_and_store_amazon_books' AIRFLOW_CTX_TASK_ID='create_table' AIRFLOW_CTX_EXECUTION_DATE='2024-06-30T00:00:00+00:00' AIRFLOW_CTX_TRY_NUMBER='1' AIRFLOW_CTX_DAG_RUN_ID='scheduled__2024-06-30T00:00:00+00:00'
[2024-10-26T19:24:09.097+0000] {logging_mixin.py:190} INFO - Task instance is in running state
[2024-10-26T19:24:09.098+0000] {logging_mixin.py:190} INFO -  Previous state of the Task instance: queued
[2024-10-26T19:24:09.099+0000] {logging_mixin.py:190} INFO - Current task name:create_table state:running start_date:2024-10-26 19:24:08.780413+00:00
[2024-10-26T19:24:09.100+0000] {logging_mixin.py:190} INFO - Dag name:fetch_and_store_amazon_books and current dag run status:running
[2024-10-26T19:24:09.101+0000] {taskinstance.py:731} INFO - ::endgroup::
[2024-10-26T19:24:09.101+0000] {sql.py:266} INFO - Executing: 
    CREATE TABLE IF NOT EXISTS books (
        id SERIAL PRIMARY KEY,
        title TEXT NOT NULL,
        authors TEXT,
        price TEXT,
        rating TEXT
    );
    
[2024-10-26T19:24:09.115+0000] {base.py:84} INFO - Retrieving connection 'books_connection'
[2024-10-26T19:24:09.125+0000] {base.py:84} INFO - Retrieving connection 'books_connection'
[2024-10-26T19:24:09.130+0000] {sql.py:509} INFO - Running statement: 
    CREATE TABLE IF NOT EXISTS books (
        id SERIAL PRIMARY KEY,
        title TEXT NOT NULL,
        authors TEXT,
        price TEXT,
        rating TEXT
    );
    , parameters: None
[2024-10-26T19:24:09.145+0000] {taskinstance.py:340} INFO - ::group::Post task execution logs
[2024-10-26T19:24:09.146+0000] {taskinstance.py:352} INFO - Marking task as SUCCESS. dag_id=fetch_and_store_amazon_books, task_id=create_table, run_id=scheduled__2024-06-30T00:00:00+00:00, execution_date=20240630T000000, start_date=20241026T192408, end_date=20241026T192409
[2024-10-26T19:24:09.160+0000] {logging_mixin.py:190} INFO - Task instance in success state
[2024-10-26T19:24:09.161+0000] {logging_mixin.py:190} INFO -  Previous state of the Task instance: running
[2024-10-26T19:24:09.163+0000] {logging_mixin.py:190} INFO - Dag name:fetch_and_store_amazon_books queued_at:2024-10-26 19:24:01.506929+00:00
[2024-10-26T19:24:09.166+0000] {logging_mixin.py:190} INFO - Task hostname:f1b284c02f67 operator:PostgresOperator
[2024-10-26T19:24:09.186+0000] {local_task_job_runner.py:266} INFO - Task exited with return code 0
[2024-10-26T19:24:09.201+0000] {local_task_job_runner.py:245} INFO - ::endgroup::
[2024-10-26T19:29:09.578+0000] {local_task_job_runner.py:123} INFO - ::group::Pre task execution logs
[2024-10-26T19:29:09.599+0000] {taskinstance.py:2612} INFO - Dependencies all met for dep_context=non-requeueable deps ti=<TaskInstance: fetch_and_store_amazon_books.create_table scheduled__2024-06-30T00:00:00+00:00 [queued]>
[2024-10-26T19:29:09.611+0000] {taskinstance.py:2612} INFO - Dependencies all met for dep_context=requeueable deps ti=<TaskInstance: fetch_and_store_amazon_books.create_table scheduled__2024-06-30T00:00:00+00:00 [queued]>
[2024-10-26T19:29:09.612+0000] {taskinstance.py:2865} INFO - Starting attempt 1 of 2
[2024-10-26T19:29:09.630+0000] {taskinstance.py:2888} INFO - Executing <Task(PostgresOperator): create_table> on 2024-06-30 00:00:00+00:00
[2024-10-26T19:29:09.640+0000] {warnings.py:112} WARNING - /home/***/.local/lib/python3.12/site-packages/***/task/task_runner/standard_task_runner.py:70: DeprecationWarning: This process (pid=1156) is multi-threaded, use of fork() may lead to deadlocks in the child.
  pid = os.fork()

[2024-10-26T19:29:09.642+0000] {standard_task_runner.py:72} INFO - Started process 1190 to run task
[2024-10-26T19:29:09.642+0000] {standard_task_runner.py:104} INFO - Running: ['***', 'tasks', 'run', 'fetch_and_store_amazon_books', 'create_table', 'scheduled__2024-06-30T00:00:00+00:00', '--job-id', '159', '--raw', '--subdir', 'DAGS_FOLDER/dag.py', '--cfg-path', '/tmp/tmpgwvasegm']
[2024-10-26T19:29:09.643+0000] {standard_task_runner.py:105} INFO - Job 159: Subtask create_table
[2024-10-26T19:29:09.697+0000] {task_command.py:467} INFO - Running <TaskInstance: fetch_and_store_amazon_books.create_table scheduled__2024-06-30T00:00:00+00:00 [running]> on host f1b284c02f67
[2024-10-26T19:29:09.800+0000] {taskinstance.py:3131} INFO - Exporting env vars: AIRFLOW_CTX_DAG_OWNER='***' AIRFLOW_CTX_DAG_ID='fetch_and_store_amazon_books' AIRFLOW_CTX_TASK_ID='create_table' AIRFLOW_CTX_EXECUTION_DATE='2024-06-30T00:00:00+00:00' AIRFLOW_CTX_TRY_NUMBER='1' AIRFLOW_CTX_DAG_RUN_ID='scheduled__2024-06-30T00:00:00+00:00'
[2024-10-26T19:29:09.802+0000] {logging_mixin.py:190} INFO - Task instance is in running state
[2024-10-26T19:29:09.802+0000] {logging_mixin.py:190} INFO -  Previous state of the Task instance: queued
[2024-10-26T19:29:09.803+0000] {logging_mixin.py:190} INFO - Current task name:create_table state:running start_date:2024-10-26 19:29:09.600503+00:00
[2024-10-26T19:29:09.804+0000] {logging_mixin.py:190} INFO - Dag name:fetch_and_store_amazon_books and current dag run status:running
[2024-10-26T19:29:09.805+0000] {taskinstance.py:731} INFO - ::endgroup::
[2024-10-26T19:29:09.805+0000] {sql.py:266} INFO - Executing: 
    CREATE TABLE IF NOT EXISTS books (
        id SERIAL PRIMARY KEY,
        title TEXT NOT NULL,
        authors TEXT,
        price TEXT,
        rating TEXT
    );
    
[2024-10-26T19:29:09.817+0000] {base.py:84} INFO - Retrieving connection 'books_connection'
[2024-10-26T19:29:09.828+0000] {base.py:84} INFO - Retrieving connection 'books_connection'
[2024-10-26T19:29:09.832+0000] {sql.py:509} INFO - Running statement: 
    CREATE TABLE IF NOT EXISTS books (
        id SERIAL PRIMARY KEY,
        title TEXT NOT NULL,
        authors TEXT,
        price TEXT,
        rating TEXT
    );
    , parameters: None
[2024-10-26T19:29:09.845+0000] {taskinstance.py:340} INFO - ::group::Post task execution logs
[2024-10-26T19:29:09.846+0000] {taskinstance.py:352} INFO - Marking task as SUCCESS. dag_id=fetch_and_store_amazon_books, task_id=create_table, run_id=scheduled__2024-06-30T00:00:00+00:00, execution_date=20240630T000000, start_date=20241026T192909, end_date=20241026T192909
[2024-10-26T19:29:09.857+0000] {logging_mixin.py:190} INFO - Task instance in success state
[2024-10-26T19:29:09.858+0000] {logging_mixin.py:190} INFO -  Previous state of the Task instance: running
[2024-10-26T19:29:09.859+0000] {logging_mixin.py:190} INFO - Dag name:fetch_and_store_amazon_books queued_at:2024-10-26 19:29:03.075704+00:00
[2024-10-26T19:29:09.859+0000] {logging_mixin.py:190} INFO - Task hostname:f1b284c02f67 operator:PostgresOperator
[2024-10-26T19:29:09.897+0000] {local_task_job_runner.py:266} INFO - Task exited with return code 0
[2024-10-26T19:29:09.910+0000] {local_task_job_runner.py:245} INFO - ::endgroup::
