[2024-10-26T19:34:21.012+0000] {local_task_job_runner.py:123} INFO - ::group::Pre task execution logs
[2024-10-26T19:34:21.045+0000] {taskinstance.py:2612} INFO - Dependencies all met for dep_context=non-requeueable deps ti=<TaskInstance: fetch_and_store_amazon_books.fetch_book_data scheduled__2024-07-16T00:00:00+00:00 [queued]>
[2024-10-26T19:34:21.066+0000] {taskinstance.py:2612} INFO - Dependencies all met for dep_context=requeueable deps ti=<TaskInstance: fetch_and_store_amazon_books.fetch_book_data scheduled__2024-07-16T00:00:00+00:00 [queued]>
[2024-10-26T19:34:21.067+0000] {taskinstance.py:2865} INFO - Starting attempt 1 of 2
[2024-10-26T19:34:21.116+0000] {taskinstance.py:2888} INFO - Executing <Task(PythonOperator): fetch_book_data> on 2024-07-16 00:00:00+00:00
[2024-10-26T19:34:21.139+0000] {warnings.py:112} WARNING - /home/***/.local/lib/python3.12/site-packages/***/task/task_runner/standard_task_runner.py:70: DeprecationWarning: This process (pid=1398) is multi-threaded, use of fork() may lead to deadlocks in the child.
  pid = os.fork()

[2024-10-26T19:34:21.150+0000] {standard_task_runner.py:72} INFO - Started process 1448 to run task
[2024-10-26T19:34:21.152+0000] {standard_task_runner.py:104} INFO - Running: ['***', 'tasks', 'run', 'fetch_and_store_amazon_books', 'fetch_book_data', 'scheduled__2024-07-16T00:00:00+00:00', '--job-id', '205', '--raw', '--subdir', 'DAGS_FOLDER/dag.py', '--cfg-path', '/tmp/tmpt4xju3jy']
[2024-10-26T19:34:21.156+0000] {standard_task_runner.py:105} INFO - Job 205: Subtask fetch_book_data
[2024-10-26T19:34:21.251+0000] {task_command.py:467} INFO - Running <TaskInstance: fetch_and_store_amazon_books.fetch_book_data scheduled__2024-07-16T00:00:00+00:00 [running]> on host f1b284c02f67
[2024-10-26T19:34:21.389+0000] {taskinstance.py:3131} INFO - Exporting env vars: AIRFLOW_CTX_DAG_OWNER='***' AIRFLOW_CTX_DAG_ID='fetch_and_store_amazon_books' AIRFLOW_CTX_TASK_ID='fetch_book_data' AIRFLOW_CTX_EXECUTION_DATE='2024-07-16T00:00:00+00:00' AIRFLOW_CTX_TRY_NUMBER='1' AIRFLOW_CTX_DAG_RUN_ID='scheduled__2024-07-16T00:00:00+00:00'
[2024-10-26T19:34:21.392+0000] {logging_mixin.py:190} INFO - Task instance is in running state
[2024-10-26T19:34:21.393+0000] {logging_mixin.py:190} INFO -  Previous state of the Task instance: queued
[2024-10-26T19:34:21.394+0000] {logging_mixin.py:190} INFO - Current task name:fetch_book_data state:running start_date:2024-10-26 19:34:21.046862+00:00
[2024-10-26T19:34:21.394+0000] {logging_mixin.py:190} INFO - Dag name:fetch_and_store_amazon_books and current dag run status:running
[2024-10-26T19:34:21.395+0000] {taskinstance.py:731} INFO - ::endgroup::
[2024-10-26T19:34:21.511+0000] {logging_mixin.py:190} INFO - Failed to retrieve the page
[2024-10-26T19:34:21.537+0000] {logging_mixin.py:190} INFO - --> <TaskInstance: fetch_and_store_amazon_books.fetch_book_data scheduled__2024-07-16T00:00:00+00:00 [running]>
[2024-10-26T19:34:21.539+0000] {python.py:240} INFO - Done. Returned value was: None
[2024-10-26T19:34:21.553+0000] {taskinstance.py:340} INFO - ::group::Post task execution logs
[2024-10-26T19:34:21.554+0000] {taskinstance.py:352} INFO - Marking task as SUCCESS. dag_id=fetch_and_store_amazon_books, task_id=fetch_book_data, run_id=scheduled__2024-07-16T00:00:00+00:00, execution_date=20240716T000000, start_date=20241026T193421, end_date=20241026T193421
[2024-10-26T19:34:21.569+0000] {logging_mixin.py:190} INFO - Task instance in success state
[2024-10-26T19:34:21.569+0000] {logging_mixin.py:190} INFO -  Previous state of the Task instance: running
[2024-10-26T19:34:21.570+0000] {logging_mixin.py:190} INFO - Dag name:fetch_and_store_amazon_books queued_at:2024-10-26 19:34:18.681025+00:00
[2024-10-26T19:34:21.571+0000] {logging_mixin.py:190} INFO - Task hostname:f1b284c02f67 operator:PythonOperator
[2024-10-26T19:34:21.615+0000] {local_task_job_runner.py:266} INFO - Task exited with return code 0
[2024-10-26T19:34:21.628+0000] {warnings.py:112} WARNING - /home/***/.local/lib/python3.12/site-packages/***/models/baseoperator.py:1378: AirflowProviderDeprecationWarning: Call to deprecated class PostgresOperator. (Please use `***.providers.common.sql.operators.sql.SQLExecuteQueryOperator`.Also, you can provide `hook_params={'schema': <database>}`.)
  result = cls.__new__(cls)

[2024-10-26T19:34:21.654+0000] {taskinstance.py:3900} INFO - 1 downstream tasks scheduled from follow-on schedule check
[2024-10-26T19:34:21.656+0000] {local_task_job_runner.py:245} INFO - ::endgroup::
