[2024-10-26T19:21:31.749+0000] {local_task_job_runner.py:123} INFO - ::group::Pre task execution logs
[2024-10-26T19:21:31.797+0000] {taskinstance.py:2612} INFO - Dependencies all met for dep_context=non-requeueable deps ti=<TaskInstance: fetch_and_store_amazon_books.fetch_book_data scheduled__2024-06-21T00:00:00+00:00 [queued]>
[2024-10-26T19:21:31.815+0000] {taskinstance.py:2612} INFO - Dependencies all met for dep_context=requeueable deps ti=<TaskInstance: fetch_and_store_amazon_books.fetch_book_data scheduled__2024-06-21T00:00:00+00:00 [queued]>
[2024-10-26T19:21:31.816+0000] {taskinstance.py:2865} INFO - Starting attempt 1 of 2
[2024-10-26T19:21:31.883+0000] {taskinstance.py:2888} INFO - Executing <Task(PythonOperator): fetch_book_data> on 2024-06-21 00:00:00+00:00
[2024-10-26T19:21:31.912+0000] {warnings.py:112} WARNING - /home/***/.local/lib/python3.12/site-packages/***/task/task_runner/standard_task_runner.py:70: DeprecationWarning: This process (pid=531) is multi-threaded, use of fork() may lead to deadlocks in the child.
  pid = os.fork()

[2024-10-26T19:21:31.914+0000] {standard_task_runner.py:104} INFO - Running: ['***', 'tasks', 'run', 'fetch_and_store_amazon_books', 'fetch_book_data', 'scheduled__2024-06-21T00:00:00+00:00', '--job-id', '24', '--raw', '--subdir', 'DAGS_FOLDER/dag.py', '--cfg-path', '/tmp/tmp4y4g9_86']
[2024-10-26T19:21:31.917+0000] {standard_task_runner.py:72} INFO - Started process 556 to run task
[2024-10-26T19:21:31.917+0000] {standard_task_runner.py:105} INFO - Job 24: Subtask fetch_book_data
[2024-10-26T19:21:32.123+0000] {task_command.py:467} INFO - Running <TaskInstance: fetch_and_store_amazon_books.fetch_book_data scheduled__2024-06-21T00:00:00+00:00 [running]> on host f1b284c02f67
[2024-10-26T19:21:32.294+0000] {taskinstance.py:3131} INFO - Exporting env vars: AIRFLOW_CTX_DAG_OWNER='***' AIRFLOW_CTX_DAG_ID='fetch_and_store_amazon_books' AIRFLOW_CTX_TASK_ID='fetch_book_data' AIRFLOW_CTX_EXECUTION_DATE='2024-06-21T00:00:00+00:00' AIRFLOW_CTX_TRY_NUMBER='1' AIRFLOW_CTX_DAG_RUN_ID='scheduled__2024-06-21T00:00:00+00:00'
[2024-10-26T19:21:32.303+0000] {logging_mixin.py:190} INFO - Task instance is in running state
[2024-10-26T19:21:32.307+0000] {logging_mixin.py:190} INFO -  Previous state of the Task instance: queued
[2024-10-26T19:21:32.308+0000] {logging_mixin.py:190} INFO - Current task name:fetch_book_data state:running start_date:2024-10-26 19:21:31.798619+00:00
[2024-10-26T19:21:32.315+0000] {logging_mixin.py:190} INFO - Dag name:fetch_and_store_amazon_books and current dag run status:running
[2024-10-26T19:21:32.319+0000] {taskinstance.py:731} INFO - ::endgroup::
[2024-10-26T19:21:32.496+0000] {logging_mixin.py:190} INFO - Failed to retrieve the page
[2024-10-26T19:21:32.577+0000] {python.py:240} INFO - Done. Returned value was: None
[2024-10-26T19:21:32.615+0000] {taskinstance.py:340} INFO - ::group::Post task execution logs
[2024-10-26T19:21:32.617+0000] {taskinstance.py:352} INFO - Marking task as SUCCESS. dag_id=fetch_and_store_amazon_books, task_id=fetch_book_data, run_id=scheduled__2024-06-21T00:00:00+00:00, execution_date=20240621T000000, start_date=20241026T192131, end_date=20241026T192132
[2024-10-26T19:21:32.637+0000] {logging_mixin.py:190} INFO - Task instance in success state
[2024-10-26T19:21:32.639+0000] {logging_mixin.py:190} INFO -  Previous state of the Task instance: running
[2024-10-26T19:21:32.641+0000] {logging_mixin.py:190} INFO - Dag name:fetch_and_store_amazon_books queued_at:2024-10-26 19:21:28.754609+00:00
[2024-10-26T19:21:32.642+0000] {logging_mixin.py:190} INFO - Task hostname:f1b284c02f67 operator:PythonOperator
[2024-10-26T19:21:32.700+0000] {local_task_job_runner.py:266} INFO - Task exited with return code 0
[2024-10-26T19:21:32.727+0000] {warnings.py:112} WARNING - /home/***/.local/lib/python3.12/site-packages/***/models/baseoperator.py:1378: AirflowProviderDeprecationWarning: Call to deprecated class PostgresOperator. (Please use `***.providers.common.sql.operators.sql.SQLExecuteQueryOperator`.Also, you can provide `hook_params={'schema': <database>}`.)
  result = cls.__new__(cls)

[2024-10-26T19:21:32.760+0000] {taskinstance.py:3900} INFO - 1 downstream tasks scheduled from follow-on schedule check
[2024-10-26T19:21:32.763+0000] {local_task_job_runner.py:245} INFO - ::endgroup::
[2024-10-26T19:24:02.078+0000] {local_task_job_runner.py:123} INFO - ::group::Pre task execution logs
[2024-10-26T19:24:02.105+0000] {taskinstance.py:2612} INFO - Dependencies all met for dep_context=non-requeueable deps ti=<TaskInstance: fetch_and_store_amazon_books.fetch_book_data scheduled__2024-06-21T00:00:00+00:00 [queued]>
[2024-10-26T19:24:02.120+0000] {taskinstance.py:2612} INFO - Dependencies all met for dep_context=requeueable deps ti=<TaskInstance: fetch_and_store_amazon_books.fetch_book_data scheduled__2024-06-21T00:00:00+00:00 [queued]>
[2024-10-26T19:24:02.121+0000] {taskinstance.py:2865} INFO - Starting attempt 1 of 2
[2024-10-26T19:24:02.161+0000] {taskinstance.py:2888} INFO - Executing <Task(PythonOperator): fetch_book_data> on 2024-06-21 00:00:00+00:00
[2024-10-26T19:24:02.181+0000] {warnings.py:112} WARNING - /home/***/.local/lib/python3.12/site-packages/***/task/task_runner/standard_task_runner.py:70: DeprecationWarning: This process (pid=756) is multi-threaded, use of fork() may lead to deadlocks in the child.
  pid = os.fork()

[2024-10-26T19:24:02.190+0000] {standard_task_runner.py:72} INFO - Started process 781 to run task
[2024-10-26T19:24:02.190+0000] {standard_task_runner.py:104} INFO - Running: ['***', 'tasks', 'run', 'fetch_and_store_amazon_books', 'fetch_book_data', 'scheduled__2024-06-21T00:00:00+00:00', '--job-id', '72', '--raw', '--subdir', 'DAGS_FOLDER/dag.py', '--cfg-path', '/tmp/tmpsyj_ffs8']
[2024-10-26T19:24:02.192+0000] {standard_task_runner.py:105} INFO - Job 72: Subtask fetch_book_data
[2024-10-26T19:24:02.276+0000] {task_command.py:467} INFO - Running <TaskInstance: fetch_and_store_amazon_books.fetch_book_data scheduled__2024-06-21T00:00:00+00:00 [running]> on host f1b284c02f67
[2024-10-26T19:24:02.397+0000] {taskinstance.py:3131} INFO - Exporting env vars: AIRFLOW_CTX_DAG_OWNER='***' AIRFLOW_CTX_DAG_ID='fetch_and_store_amazon_books' AIRFLOW_CTX_TASK_ID='fetch_book_data' AIRFLOW_CTX_EXECUTION_DATE='2024-06-21T00:00:00+00:00' AIRFLOW_CTX_TRY_NUMBER='1' AIRFLOW_CTX_DAG_RUN_ID='scheduled__2024-06-21T00:00:00+00:00'
[2024-10-26T19:24:02.400+0000] {logging_mixin.py:190} INFO - Task instance is in running state
[2024-10-26T19:24:02.401+0000] {logging_mixin.py:190} INFO -  Previous state of the Task instance: queued
[2024-10-26T19:24:02.402+0000] {logging_mixin.py:190} INFO - Current task name:fetch_book_data state:running start_date:2024-10-26 19:24:02.106620+00:00
[2024-10-26T19:24:02.403+0000] {logging_mixin.py:190} INFO - Dag name:fetch_and_store_amazon_books and current dag run status:running
[2024-10-26T19:24:02.403+0000] {taskinstance.py:731} INFO - ::endgroup::
[2024-10-26T19:24:02.537+0000] {logging_mixin.py:190} INFO - Failed to retrieve the page
[2024-10-26T19:24:02.566+0000] {logging_mixin.py:190} INFO - --> <TaskInstance: fetch_and_store_amazon_books.fetch_book_data scheduled__2024-06-21T00:00:00+00:00 [running]>
[2024-10-26T19:24:02.567+0000] {python.py:240} INFO - Done. Returned value was: None
[2024-10-26T19:24:02.579+0000] {taskinstance.py:340} INFO - ::group::Post task execution logs
[2024-10-26T19:24:02.580+0000] {taskinstance.py:352} INFO - Marking task as SUCCESS. dag_id=fetch_and_store_amazon_books, task_id=fetch_book_data, run_id=scheduled__2024-06-21T00:00:00+00:00, execution_date=20240621T000000, start_date=20241026T192402, end_date=20241026T192402
[2024-10-26T19:24:02.652+0000] {logging_mixin.py:190} INFO - Task instance in success state
[2024-10-26T19:24:02.653+0000] {logging_mixin.py:190} INFO -  Previous state of the Task instance: running
[2024-10-26T19:24:02.654+0000] {logging_mixin.py:190} INFO - Dag name:fetch_and_store_amazon_books queued_at:2024-10-26 19:24:00.061366+00:00
[2024-10-26T19:24:02.654+0000] {logging_mixin.py:190} INFO - Task hostname:f1b284c02f67 operator:PythonOperator
[2024-10-26T19:24:02.690+0000] {local_task_job_runner.py:266} INFO - Task exited with return code 0
[2024-10-26T19:24:02.705+0000] {warnings.py:112} WARNING - /home/***/.local/lib/python3.12/site-packages/***/models/baseoperator.py:1378: AirflowProviderDeprecationWarning: Call to deprecated class PostgresOperator. (Please use `***.providers.common.sql.operators.sql.SQLExecuteQueryOperator`.Also, you can provide `hook_params={'schema': <database>}`.)
  result = cls.__new__(cls)

[2024-10-26T19:24:02.735+0000] {taskinstance.py:3900} INFO - 1 downstream tasks scheduled from follow-on schedule check
[2024-10-26T19:24:02.738+0000] {local_task_job_runner.py:245} INFO - ::endgroup::
[2024-10-26T19:29:03.407+0000] {local_task_job_runner.py:123} INFO - ::group::Pre task execution logs
[2024-10-26T19:29:03.431+0000] {taskinstance.py:2612} INFO - Dependencies all met for dep_context=non-requeueable deps ti=<TaskInstance: fetch_and_store_amazon_books.fetch_book_data scheduled__2024-06-21T00:00:00+00:00 [queued]>
[2024-10-26T19:29:03.443+0000] {taskinstance.py:2612} INFO - Dependencies all met for dep_context=requeueable deps ti=<TaskInstance: fetch_and_store_amazon_books.fetch_book_data scheduled__2024-06-21T00:00:00+00:00 [queued]>
[2024-10-26T19:29:03.444+0000] {taskinstance.py:2865} INFO - Starting attempt 1 of 2
[2024-10-26T19:29:03.462+0000] {taskinstance.py:2888} INFO - Executing <Task(PythonOperator): fetch_book_data> on 2024-06-21 00:00:00+00:00
[2024-10-26T19:29:03.470+0000] {warnings.py:112} WARNING - /home/***/.local/lib/python3.12/site-packages/***/task/task_runner/standard_task_runner.py:70: DeprecationWarning: This process (pid=1042) is multi-threaded, use of fork() may lead to deadlocks in the child.
  pid = os.fork()

[2024-10-26T19:29:03.472+0000] {standard_task_runner.py:72} INFO - Started process 1065 to run task
[2024-10-26T19:29:03.472+0000] {standard_task_runner.py:104} INFO - Running: ['***', 'tasks', 'run', 'fetch_and_store_amazon_books', 'fetch_book_data', 'scheduled__2024-06-21T00:00:00+00:00', '--job-id', '128', '--raw', '--subdir', 'DAGS_FOLDER/dag.py', '--cfg-path', '/tmp/tmpyt6q0f26']
[2024-10-26T19:29:03.473+0000] {standard_task_runner.py:105} INFO - Job 128: Subtask fetch_book_data
[2024-10-26T19:29:03.534+0000] {task_command.py:467} INFO - Running <TaskInstance: fetch_and_store_amazon_books.fetch_book_data scheduled__2024-06-21T00:00:00+00:00 [running]> on host f1b284c02f67
[2024-10-26T19:29:03.634+0000] {taskinstance.py:3131} INFO - Exporting env vars: AIRFLOW_CTX_DAG_OWNER='***' AIRFLOW_CTX_DAG_ID='fetch_and_store_amazon_books' AIRFLOW_CTX_TASK_ID='fetch_book_data' AIRFLOW_CTX_EXECUTION_DATE='2024-06-21T00:00:00+00:00' AIRFLOW_CTX_TRY_NUMBER='1' AIRFLOW_CTX_DAG_RUN_ID='scheduled__2024-06-21T00:00:00+00:00'
[2024-10-26T19:29:03.636+0000] {logging_mixin.py:190} INFO - Task instance is in running state
[2024-10-26T19:29:03.637+0000] {logging_mixin.py:190} INFO -  Previous state of the Task instance: queued
[2024-10-26T19:29:03.637+0000] {logging_mixin.py:190} INFO - Current task name:fetch_book_data state:running start_date:2024-10-26 19:29:03.432711+00:00
[2024-10-26T19:29:03.638+0000] {logging_mixin.py:190} INFO - Dag name:fetch_and_store_amazon_books and current dag run status:running
[2024-10-26T19:29:03.638+0000] {taskinstance.py:731} INFO - ::endgroup::
[2024-10-26T19:29:03.751+0000] {logging_mixin.py:190} INFO - Failed to retrieve the page
[2024-10-26T19:29:03.774+0000] {logging_mixin.py:190} INFO - --> <TaskInstance: fetch_and_store_amazon_books.fetch_book_data scheduled__2024-06-21T00:00:00+00:00 [running]>
[2024-10-26T19:29:03.776+0000] {python.py:240} INFO - Done. Returned value was: None
[2024-10-26T19:29:03.789+0000] {taskinstance.py:340} INFO - ::group::Post task execution logs
[2024-10-26T19:29:03.790+0000] {taskinstance.py:352} INFO - Marking task as SUCCESS. dag_id=fetch_and_store_amazon_books, task_id=fetch_book_data, run_id=scheduled__2024-06-21T00:00:00+00:00, execution_date=20240621T000000, start_date=20241026T192903, end_date=20241026T192903
[2024-10-26T19:29:03.804+0000] {logging_mixin.py:190} INFO - Task instance in success state
[2024-10-26T19:29:03.807+0000] {logging_mixin.py:190} INFO -  Previous state of the Task instance: running
[2024-10-26T19:29:03.809+0000] {logging_mixin.py:190} INFO - Dag name:fetch_and_store_amazon_books queued_at:2024-10-26 19:29:01.656687+00:00
[2024-10-26T19:29:03.810+0000] {logging_mixin.py:190} INFO - Task hostname:f1b284c02f67 operator:PythonOperator
[2024-10-26T19:29:03.849+0000] {local_task_job_runner.py:266} INFO - Task exited with return code 0
[2024-10-26T19:29:03.865+0000] {local_task_job_runner.py:245} INFO - ::endgroup::
