[2024-10-26T19:24:18.933+0000] {local_task_job_runner.py:123} INFO - ::group::Pre task execution logs
[2024-10-26T19:24:18.948+0000] {taskinstance.py:2612} INFO - Dependencies all met for dep_context=non-requeueable deps ti=<TaskInstance: fetch_and_store_amazon_books.fetch_book_data scheduled__2024-07-05T00:00:00+00:00 [queued]>
[2024-10-26T19:24:18.956+0000] {taskinstance.py:2612} INFO - Dependencies all met for dep_context=requeueable deps ti=<TaskInstance: fetch_and_store_amazon_books.fetch_book_data scheduled__2024-07-05T00:00:00+00:00 [queued]>
[2024-10-26T19:24:18.957+0000] {taskinstance.py:2865} INFO - Starting attempt 1 of 2
[2024-10-26T19:24:18.970+0000] {taskinstance.py:2888} INFO - Executing <Task(PythonOperator): fetch_book_data> on 2024-07-05 00:00:00+00:00
[2024-10-26T19:24:18.978+0000] {warnings.py:112} WARNING - /home/***/.local/lib/python3.12/site-packages/***/task/task_runner/standard_task_runner.py:70: DeprecationWarning: This process (pid=944) is multi-threaded, use of fork() may lead to deadlocks in the child.
  pid = os.fork()

[2024-10-26T19:24:18.980+0000] {standard_task_runner.py:72} INFO - Started process 948 to run task
[2024-10-26T19:24:18.979+0000] {standard_task_runner.py:104} INFO - Running: ['***', 'tasks', 'run', 'fetch_and_store_amazon_books', 'fetch_book_data', 'scheduled__2024-07-05T00:00:00+00:00', '--job-id', '118', '--raw', '--subdir', 'DAGS_FOLDER/dag.py', '--cfg-path', '/tmp/tmpmf2gbxco']
[2024-10-26T19:24:18.981+0000] {standard_task_runner.py:105} INFO - Job 118: Subtask fetch_book_data
[2024-10-26T19:24:19.024+0000] {task_command.py:467} INFO - Running <TaskInstance: fetch_and_store_amazon_books.fetch_book_data scheduled__2024-07-05T00:00:00+00:00 [running]> on host f1b284c02f67
[2024-10-26T19:24:19.101+0000] {taskinstance.py:3131} INFO - Exporting env vars: AIRFLOW_CTX_DAG_OWNER='***' AIRFLOW_CTX_DAG_ID='fetch_and_store_amazon_books' AIRFLOW_CTX_TASK_ID='fetch_book_data' AIRFLOW_CTX_EXECUTION_DATE='2024-07-05T00:00:00+00:00' AIRFLOW_CTX_TRY_NUMBER='1' AIRFLOW_CTX_DAG_RUN_ID='scheduled__2024-07-05T00:00:00+00:00'
[2024-10-26T19:24:19.103+0000] {logging_mixin.py:190} INFO - Task instance is in running state
[2024-10-26T19:24:19.104+0000] {logging_mixin.py:190} INFO -  Previous state of the Task instance: queued
[2024-10-26T19:24:19.104+0000] {logging_mixin.py:190} INFO - Current task name:fetch_book_data state:running start_date:2024-10-26 19:24:18.949541+00:00
[2024-10-26T19:24:19.105+0000] {logging_mixin.py:190} INFO - Dag name:fetch_and_store_amazon_books and current dag run status:running
[2024-10-26T19:24:19.105+0000] {taskinstance.py:731} INFO - ::endgroup::
[2024-10-26T19:24:19.255+0000] {logging_mixin.py:190} INFO - Failed to retrieve the page
[2024-10-26T19:24:19.274+0000] {logging_mixin.py:190} INFO - --> <TaskInstance: fetch_and_store_amazon_books.fetch_book_data scheduled__2024-07-05T00:00:00+00:00 [running]>
[2024-10-26T19:24:19.274+0000] {python.py:240} INFO - Done. Returned value was: None
[2024-10-26T19:24:19.283+0000] {taskinstance.py:340} INFO - ::group::Post task execution logs
[2024-10-26T19:24:19.284+0000] {taskinstance.py:352} INFO - Marking task as SUCCESS. dag_id=fetch_and_store_amazon_books, task_id=fetch_book_data, run_id=scheduled__2024-07-05T00:00:00+00:00, execution_date=20240705T000000, start_date=20241026T192418, end_date=20241026T192419
[2024-10-26T19:24:19.293+0000] {logging_mixin.py:190} INFO - Task instance in success state
[2024-10-26T19:24:19.293+0000] {logging_mixin.py:190} INFO -  Previous state of the Task instance: running
[2024-10-26T19:24:19.294+0000] {logging_mixin.py:190} INFO - Dag name:fetch_and_store_amazon_books queued_at:2024-10-26 19:24:17.399667+00:00
[2024-10-26T19:24:19.294+0000] {logging_mixin.py:190} INFO - Task hostname:f1b284c02f67 operator:PythonOperator
[2024-10-26T19:24:19.316+0000] {local_task_job_runner.py:266} INFO - Task exited with return code 0
[2024-10-26T19:24:19.325+0000] {warnings.py:112} WARNING - /home/***/.local/lib/python3.12/site-packages/***/models/baseoperator.py:1378: AirflowProviderDeprecationWarning: Call to deprecated class PostgresOperator. (Please use `***.providers.common.sql.operators.sql.SQLExecuteQueryOperator`.Also, you can provide `hook_params={'schema': <database>}`.)
  result = cls.__new__(cls)

[2024-10-26T19:24:19.342+0000] {taskinstance.py:3900} INFO - 1 downstream tasks scheduled from follow-on schedule check
[2024-10-26T19:24:19.344+0000] {local_task_job_runner.py:245} INFO - ::endgroup::
[2024-10-26T19:34:18.304+0000] {local_task_job_runner.py:123} INFO - ::group::Pre task execution logs
[2024-10-26T19:34:18.324+0000] {taskinstance.py:2612} INFO - Dependencies all met for dep_context=non-requeueable deps ti=<TaskInstance: fetch_and_store_amazon_books.fetch_book_data scheduled__2024-07-05T00:00:00+00:00 [queued]>
[2024-10-26T19:34:18.334+0000] {taskinstance.py:2612} INFO - Dependencies all met for dep_context=requeueable deps ti=<TaskInstance: fetch_and_store_amazon_books.fetch_book_data scheduled__2024-07-05T00:00:00+00:00 [queued]>
[2024-10-26T19:34:18.335+0000] {taskinstance.py:2865} INFO - Starting attempt 1 of 2
[2024-10-26T19:34:18.351+0000] {taskinstance.py:2888} INFO - Executing <Task(PythonOperator): fetch_book_data> on 2024-07-05 00:00:00+00:00
[2024-10-26T19:34:18.359+0000] {warnings.py:112} WARNING - /home/***/.local/lib/python3.12/site-packages/***/task/task_runner/standard_task_runner.py:70: DeprecationWarning: This process (pid=1364) is multi-threaded, use of fork() may lead to deadlocks in the child.
  pid = os.fork()

[2024-10-26T19:34:18.361+0000] {standard_task_runner.py:72} INFO - Started process 1386 to run task
[2024-10-26T19:34:18.362+0000] {standard_task_runner.py:104} INFO - Running: ['***', 'tasks', 'run', 'fetch_and_store_amazon_books', 'fetch_book_data', 'scheduled__2024-07-05T00:00:00+00:00', '--job-id', '192', '--raw', '--subdir', 'DAGS_FOLDER/dag.py', '--cfg-path', '/tmp/tmp712vxyep']
[2024-10-26T19:34:18.363+0000] {standard_task_runner.py:105} INFO - Job 192: Subtask fetch_book_data
[2024-10-26T19:34:18.429+0000] {task_command.py:467} INFO - Running <TaskInstance: fetch_and_store_amazon_books.fetch_book_data scheduled__2024-07-05T00:00:00+00:00 [running]> on host f1b284c02f67
[2024-10-26T19:34:18.525+0000] {taskinstance.py:3131} INFO - Exporting env vars: AIRFLOW_CTX_DAG_OWNER='***' AIRFLOW_CTX_DAG_ID='fetch_and_store_amazon_books' AIRFLOW_CTX_TASK_ID='fetch_book_data' AIRFLOW_CTX_EXECUTION_DATE='2024-07-05T00:00:00+00:00' AIRFLOW_CTX_TRY_NUMBER='1' AIRFLOW_CTX_DAG_RUN_ID='scheduled__2024-07-05T00:00:00+00:00'
[2024-10-26T19:34:18.527+0000] {logging_mixin.py:190} INFO - Task instance is in running state
[2024-10-26T19:34:18.527+0000] {logging_mixin.py:190} INFO -  Previous state of the Task instance: queued
[2024-10-26T19:34:18.528+0000] {logging_mixin.py:190} INFO - Current task name:fetch_book_data state:running start_date:2024-10-26 19:34:18.325179+00:00
[2024-10-26T19:34:18.528+0000] {logging_mixin.py:190} INFO - Dag name:fetch_and_store_amazon_books and current dag run status:running
[2024-10-26T19:34:18.529+0000] {taskinstance.py:731} INFO - ::endgroup::
[2024-10-26T19:34:18.640+0000] {logging_mixin.py:190} INFO - Failed to retrieve the page
[2024-10-26T19:34:18.663+0000] {logging_mixin.py:190} INFO - --> <TaskInstance: fetch_and_store_amazon_books.fetch_book_data scheduled__2024-07-05T00:00:00+00:00 [running]>
[2024-10-26T19:34:18.664+0000] {python.py:240} INFO - Done. Returned value was: None
[2024-10-26T19:34:18.677+0000] {taskinstance.py:340} INFO - ::group::Post task execution logs
[2024-10-26T19:34:18.677+0000] {taskinstance.py:352} INFO - Marking task as SUCCESS. dag_id=fetch_and_store_amazon_books, task_id=fetch_book_data, run_id=scheduled__2024-07-05T00:00:00+00:00, execution_date=20240705T000000, start_date=20241026T193418, end_date=20241026T193418
[2024-10-26T19:34:18.692+0000] {logging_mixin.py:190} INFO - Task instance in success state
[2024-10-26T19:34:18.693+0000] {logging_mixin.py:190} INFO -  Previous state of the Task instance: running
[2024-10-26T19:34:18.694+0000] {logging_mixin.py:190} INFO - Dag name:fetch_and_store_amazon_books queued_at:2024-10-26 19:34:16.773238+00:00
[2024-10-26T19:34:18.695+0000] {logging_mixin.py:190} INFO - Task hostname:f1b284c02f67 operator:PythonOperator
[2024-10-26T19:34:18.739+0000] {local_task_job_runner.py:266} INFO - Task exited with return code 0
[2024-10-26T19:34:18.750+0000] {local_task_job_runner.py:245} INFO - ::endgroup::
