[2024-10-26T19:34:17.654+0000] {local_task_job_runner.py:123} INFO - ::group::Pre task execution logs
[2024-10-26T19:34:17.673+0000] {taskinstance.py:2612} INFO - Dependencies all met for dep_context=non-requeueable deps ti=<TaskInstance: fetch_and_store_amazon_books.create_table manual__2024-10-26T19:30:30.816430+00:00 [queued]>
[2024-10-26T19:34:17.683+0000] {taskinstance.py:2612} INFO - Dependencies all met for dep_context=requeueable deps ti=<TaskInstance: fetch_and_store_amazon_books.create_table manual__2024-10-26T19:30:30.816430+00:00 [queued]>
[2024-10-26T19:34:17.684+0000] {taskinstance.py:2865} INFO - Starting attempt 1 of 2
[2024-10-26T19:34:17.697+0000] {taskinstance.py:2888} INFO - Executing <Task(PostgresOperator): create_table> on 2024-10-26 19:30:30.816430+00:00
[2024-10-26T19:34:17.706+0000] {warnings.py:112} WARNING - /home/***/.local/lib/python3.12/site-packages/***/task/task_runner/standard_task_runner.py:70: DeprecationWarning: This process (pid=1362) is multi-threaded, use of fork() may lead to deadlocks in the child.
  pid = os.fork()

[2024-10-26T19:34:17.708+0000] {standard_task_runner.py:72} INFO - Started process 1376 to run task
[2024-10-26T19:34:17.709+0000] {standard_task_runner.py:104} INFO - Running: ['***', 'tasks', 'run', 'fetch_and_store_amazon_books', 'create_table', 'manual__2024-10-26T19:30:30.816430+00:00', '--job-id', '191', '--raw', '--subdir', 'DAGS_FOLDER/dag.py', '--cfg-path', '/tmp/tmprbpjboha']
[2024-10-26T19:34:17.711+0000] {standard_task_runner.py:105} INFO - Job 191: Subtask create_table
[2024-10-26T19:34:17.767+0000] {task_command.py:467} INFO - Running <TaskInstance: fetch_and_store_amazon_books.create_table manual__2024-10-26T19:30:30.816430+00:00 [running]> on host f1b284c02f67
[2024-10-26T19:34:17.857+0000] {taskinstance.py:3131} INFO - Exporting env vars: AIRFLOW_CTX_DAG_OWNER='***' AIRFLOW_CTX_DAG_ID='fetch_and_store_amazon_books' AIRFLOW_CTX_TASK_ID='create_table' AIRFLOW_CTX_EXECUTION_DATE='2024-10-26T19:30:30.816430+00:00' AIRFLOW_CTX_TRY_NUMBER='1' AIRFLOW_CTX_DAG_RUN_ID='manual__2024-10-26T19:30:30.816430+00:00'
[2024-10-26T19:34:17.859+0000] {logging_mixin.py:190} INFO - Task instance is in running state
[2024-10-26T19:34:17.860+0000] {logging_mixin.py:190} INFO -  Previous state of the Task instance: queued
[2024-10-26T19:34:17.861+0000] {logging_mixin.py:190} INFO - Current task name:create_table state:running start_date:2024-10-26 19:34:17.674238+00:00
[2024-10-26T19:34:17.862+0000] {logging_mixin.py:190} INFO - Dag name:fetch_and_store_amazon_books and current dag run status:running
[2024-10-26T19:34:17.862+0000] {taskinstance.py:731} INFO - ::endgroup::
[2024-10-26T19:34:17.863+0000] {sql.py:266} INFO - Executing: 
    CREATE TABLE IF NOT EXISTS books (
        id SERIAL PRIMARY KEY,
        title TEXT NOT NULL,
        authors TEXT,
        price TEXT,
        rating TEXT
    );
    
[2024-10-26T19:34:17.872+0000] {base.py:84} INFO - Retrieving connection 'books_connection'
[2024-10-26T19:34:17.881+0000] {base.py:84} INFO - Retrieving connection 'books_connection'
[2024-10-26T19:34:17.885+0000] {sql.py:509} INFO - Running statement: 
    CREATE TABLE IF NOT EXISTS books (
        id SERIAL PRIMARY KEY,
        title TEXT NOT NULL,
        authors TEXT,
        price TEXT,
        rating TEXT
    );
    , parameters: None
[2024-10-26T19:34:17.899+0000] {taskinstance.py:340} INFO - ::group::Post task execution logs
[2024-10-26T19:34:17.900+0000] {taskinstance.py:352} INFO - Marking task as SUCCESS. dag_id=fetch_and_store_amazon_books, task_id=create_table, run_id=manual__2024-10-26T19:30:30.816430+00:00, execution_date=20241026T193030, start_date=20241026T193417, end_date=20241026T193417
[2024-10-26T19:34:17.912+0000] {logging_mixin.py:190} INFO - Task instance in success state
[2024-10-26T19:34:17.913+0000] {logging_mixin.py:190} INFO -  Previous state of the Task instance: running
[2024-10-26T19:34:17.914+0000] {logging_mixin.py:190} INFO - Dag name:fetch_and_store_amazon_books queued_at:2024-10-26 19:30:30.826300+00:00
[2024-10-26T19:34:17.914+0000] {logging_mixin.py:190} INFO - Task hostname:f1b284c02f67 operator:PostgresOperator
[2024-10-26T19:34:17.964+0000] {local_task_job_runner.py:266} INFO - Task exited with return code 0
[2024-10-26T19:34:17.975+0000] {local_task_job_runner.py:245} INFO - ::endgroup::
