[2024-10-26T19:18:36.292+0000] {local_task_job_runner.py:123} INFO - ::group::Pre task execution logs
[2024-10-26T19:18:36.313+0000] {taskinstance.py:2612} INFO - Dependencies all met for dep_context=non-requeueable deps ti=<TaskInstance: fetch_and_store_amazon_books.create_table manual__2024-10-26T19:18:31.972353+00:00 [queued]>
[2024-10-26T19:18:36.323+0000] {taskinstance.py:2612} INFO - Dependencies all met for dep_context=requeueable deps ti=<TaskInstance: fetch_and_store_amazon_books.create_table manual__2024-10-26T19:18:31.972353+00:00 [queued]>
[2024-10-26T19:18:36.324+0000] {taskinstance.py:2865} INFO - Starting attempt 1 of 2
[2024-10-26T19:18:36.339+0000] {taskinstance.py:2888} INFO - Executing <Task(PostgresOperator): create_table> on 2024-10-26 19:18:31.972353+00:00
[2024-10-26T19:18:36.349+0000] {warnings.py:112} WARNING - /home/***/.local/lib/python3.12/site-packages/***/task/task_runner/standard_task_runner.py:70: DeprecationWarning: This process (pid=486) is multi-threaded, use of fork() may lead to deadlocks in the child.
  pid = os.fork()

[2024-10-26T19:18:36.350+0000] {standard_task_runner.py:104} INFO - Running: ['***', 'tasks', 'run', 'fetch_and_store_amazon_books', 'create_table', 'manual__2024-10-26T19:18:31.972353+00:00', '--job-id', '21', '--raw', '--subdir', 'DAGS_FOLDER/dag.py', '--cfg-path', '/tmp/tmpte3tzorq']
[2024-10-26T19:18:36.351+0000] {standard_task_runner.py:72} INFO - Started process 488 to run task
[2024-10-26T19:18:36.351+0000] {standard_task_runner.py:105} INFO - Job 21: Subtask create_table
[2024-10-26T19:18:36.398+0000] {task_command.py:467} INFO - Running <TaskInstance: fetch_and_store_amazon_books.create_table manual__2024-10-26T19:18:31.972353+00:00 [running]> on host f1b284c02f67
[2024-10-26T19:18:36.480+0000] {taskinstance.py:3131} INFO - Exporting env vars: AIRFLOW_CTX_DAG_OWNER='***' AIRFLOW_CTX_DAG_ID='fetch_and_store_amazon_books' AIRFLOW_CTX_TASK_ID='create_table' AIRFLOW_CTX_EXECUTION_DATE='2024-10-26T19:18:31.972353+00:00' AIRFLOW_CTX_TRY_NUMBER='1' AIRFLOW_CTX_DAG_RUN_ID='manual__2024-10-26T19:18:31.972353+00:00'
[2024-10-26T19:18:36.482+0000] {logging_mixin.py:190} INFO - Task instance is in running state
[2024-10-26T19:18:36.483+0000] {logging_mixin.py:190} INFO -  Previous state of the Task instance: queued
[2024-10-26T19:18:36.484+0000] {logging_mixin.py:190} INFO - Current task name:create_table state:running start_date:2024-10-26 19:18:36.314833+00:00
[2024-10-26T19:18:36.485+0000] {logging_mixin.py:190} INFO - Dag name:fetch_and_store_amazon_books and current dag run status:running
[2024-10-26T19:18:36.486+0000] {taskinstance.py:731} INFO - ::endgroup::
[2024-10-26T19:18:36.486+0000] {sql.py:266} INFO - Executing: 
    CREATE TABLE IF NOT EXISTS books (
        id SERIAL PRIMARY KEY,
        title TEXT NOT NULL,
        authors TEXT,
        price TEXT,
        rating TEXT
    );
    
[2024-10-26T19:18:36.495+0000] {base.py:84} INFO - Retrieving connection 'books_connection'
[2024-10-26T19:18:36.502+0000] {base.py:84} INFO - Retrieving connection 'books_connection'
[2024-10-26T19:18:36.506+0000] {sql.py:509} INFO - Running statement: 
    CREATE TABLE IF NOT EXISTS books (
        id SERIAL PRIMARY KEY,
        title TEXT NOT NULL,
        authors TEXT,
        price TEXT,
        rating TEXT
    );
    , parameters: None
[2024-10-26T19:18:36.515+0000] {taskinstance.py:340} INFO - ::group::Post task execution logs
[2024-10-26T19:18:36.516+0000] {taskinstance.py:352} INFO - Marking task as SUCCESS. dag_id=fetch_and_store_amazon_books, task_id=create_table, run_id=manual__2024-10-26T19:18:31.972353+00:00, execution_date=20241026T191831, start_date=20241026T191836, end_date=20241026T191836
[2024-10-26T19:18:36.524+0000] {logging_mixin.py:190} INFO - Task instance in success state
[2024-10-26T19:18:36.525+0000] {logging_mixin.py:190} INFO -  Previous state of the Task instance: running
[2024-10-26T19:18:36.525+0000] {logging_mixin.py:190} INFO - Dag name:fetch_and_store_amazon_books queued_at:2024-10-26 19:18:31.984045+00:00
[2024-10-26T19:18:36.526+0000] {logging_mixin.py:190} INFO - Task hostname:f1b284c02f67 operator:PostgresOperator
[2024-10-26T19:18:36.566+0000] {local_task_job_runner.py:266} INFO - Task exited with return code 0
[2024-10-26T19:18:36.575+0000] {warnings.py:112} WARNING - /home/***/.local/lib/python3.12/site-packages/***/models/baseoperator.py:1378: AirflowProviderDeprecationWarning: Call to deprecated class PostgresOperator. (Please use `***.providers.common.sql.operators.sql.SQLExecuteQueryOperator`.Also, you can provide `hook_params={'schema': <database>}`.)
  result = cls.__new__(cls)

[2024-10-26T19:18:36.587+0000] {taskinstance.py:3900} INFO - 1 downstream tasks scheduled from follow-on schedule check
[2024-10-26T19:18:36.603+0000] {local_task_job_runner.py:245} INFO - ::endgroup::
