[2024-10-26T19:24:10.466+0000] {local_task_job_runner.py:123} INFO - ::group::Pre task execution logs
[2024-10-26T19:24:10.499+0000] {taskinstance.py:2612} INFO - Dependencies all met for dep_context=non-requeueable deps ti=<TaskInstance: fetch_and_store_amazon_books.insert_book_data manual__2024-10-26T19:23:59.449899+00:00 [queued]>
[2024-10-26T19:24:10.520+0000] {taskinstance.py:2612} INFO - Dependencies all met for dep_context=requeueable deps ti=<TaskInstance: fetch_and_store_amazon_books.insert_book_data manual__2024-10-26T19:23:59.449899+00:00 [queued]>
[2024-10-26T19:24:10.521+0000] {taskinstance.py:2865} INFO - Starting attempt 1 of 2
[2024-10-26T19:24:10.544+0000] {taskinstance.py:2888} INFO - Executing <Task(PythonOperator): insert_book_data> on 2024-10-26 19:23:59.449899+00:00
[2024-10-26T19:24:10.555+0000] {warnings.py:112} WARNING - /home/***/.local/lib/python3.12/site-packages/***/task/task_runner/standard_task_runner.py:70: DeprecationWarning: This process (pid=897) is multi-threaded, use of fork() may lead to deadlocks in the child.
  pid = os.fork()

[2024-10-26T19:24:10.557+0000] {standard_task_runner.py:72} INFO - Started process 924 to run task
[2024-10-26T19:24:10.558+0000] {standard_task_runner.py:104} INFO - Running: ['***', 'tasks', 'run', 'fetch_and_store_amazon_books', 'insert_book_data', 'manual__2024-10-26T19:23:59.449899+00:00', '--job-id', '110', '--raw', '--subdir', 'DAGS_FOLDER/dag.py', '--cfg-path', '/tmp/tmpn79s1rml']
[2024-10-26T19:24:10.560+0000] {standard_task_runner.py:105} INFO - Job 110: Subtask insert_book_data
[2024-10-26T19:24:10.626+0000] {task_command.py:467} INFO - Running <TaskInstance: fetch_and_store_amazon_books.insert_book_data manual__2024-10-26T19:23:59.449899+00:00 [running]> on host f1b284c02f67
[2024-10-26T19:24:10.738+0000] {taskinstance.py:3131} INFO - Exporting env vars: AIRFLOW_CTX_DAG_OWNER='***' AIRFLOW_CTX_DAG_ID='fetch_and_store_amazon_books' AIRFLOW_CTX_TASK_ID='insert_book_data' AIRFLOW_CTX_EXECUTION_DATE='2024-10-26T19:23:59.449899+00:00' AIRFLOW_CTX_TRY_NUMBER='1' AIRFLOW_CTX_DAG_RUN_ID='manual__2024-10-26T19:23:59.449899+00:00'
[2024-10-26T19:24:10.740+0000] {logging_mixin.py:190} INFO - Task instance is in running state
[2024-10-26T19:24:10.741+0000] {logging_mixin.py:190} INFO -  Previous state of the Task instance: queued
[2024-10-26T19:24:10.741+0000] {logging_mixin.py:190} INFO - Current task name:insert_book_data state:running start_date:2024-10-26 19:24:10.500640+00:00
[2024-10-26T19:24:10.742+0000] {logging_mixin.py:190} INFO - Dag name:fetch_and_store_amazon_books and current dag run status:running
[2024-10-26T19:24:10.743+0000] {taskinstance.py:731} INFO - ::endgroup::
[2024-10-26T19:24:10.769+0000] {base.py:84} INFO - Retrieving connection 'books_connection'
[2024-10-26T19:24:10.774+0000] {sql.py:509} INFO - Running statement: 
    INSERT INTO books (title, authors, price, rating)
    VALUES (%s, %s, %s, %s)
    , parameters: ('Data Engineering with AWS - Second Edition: Acquire the skills to design and build AWS-based data transformation pipelines like a pro', 'Gareth Eagar', '41.', '4.4 out of 5 stars')
[2024-10-26T19:24:10.777+0000] {sql.py:518} INFO - Rows affected: 1
[2024-10-26T19:24:10.786+0000] {base.py:84} INFO - Retrieving connection 'books_connection'
[2024-10-26T19:24:10.795+0000] {sql.py:509} INFO - Running statement: 
    INSERT INTO books (title, authors, price, rating)
    VALUES (%s, %s, %s, %s)
    , parameters: ('Data Engineering with Databricks Cookbook: Build effective data and AI solutions using Apache Spark, Databricks, and Delta Lake', 'Pulkit Chadha', '25.', '4.4 out of 5 stars')
[2024-10-26T19:24:10.797+0000] {sql.py:518} INFO - Rows affected: 1
[2024-10-26T19:24:10.806+0000] {base.py:84} INFO - Retrieving connection 'books_connection'
[2024-10-26T19:24:10.812+0000] {sql.py:509} INFO - Running statement: 
    INSERT INTO books (title, authors, price, rating)
    VALUES (%s, %s, %s, %s)
    , parameters: ('Fundamentals of Data Analytics: Learn Essential Skills, Embrace the Future, and Catapult Your Career in the Data-Driven World—A Comprehensive Guide to Data Literacy for Beginners', 'Russell Dawson', '17.', '4.8 out of 5 stars')
[2024-10-26T19:24:10.814+0000] {sql.py:518} INFO - Rows affected: 1
[2024-10-26T19:24:10.825+0000] {base.py:84} INFO - Retrieving connection 'books_connection'
[2024-10-26T19:24:10.829+0000] {sql.py:509} INFO - Running statement: 
    INSERT INTO books (title, authors, price, rating)
    VALUES (%s, %s, %s, %s)
    , parameters: ('Azure Data Engineer Associate Certification Guide: Ace the DP-203 exam with advanced data engineering skills', 'Giacinto Palmieri', '24.', '4.4 out of 5 stars')
[2024-10-26T19:24:10.831+0000] {sql.py:518} INFO - Rows affected: 1
[2024-10-26T19:24:10.841+0000] {base.py:84} INFO - Retrieving connection 'books_connection'
[2024-10-26T19:24:10.846+0000] {sql.py:509} INFO - Running statement: 
    INSERT INTO books (title, authors, price, rating)
    VALUES (%s, %s, %s, %s)
    , parameters: ('Fundamentals of Data Engineering: Plan and Build Robust Data Systems', 'Joe Reis', '41.', '4.7 out of 5 stars')
[2024-10-26T19:24:10.848+0000] {sql.py:518} INFO - Rows affected: 1
[2024-10-26T19:24:10.860+0000] {base.py:84} INFO - Retrieving connection 'books_connection'
[2024-10-26T19:24:10.864+0000] {sql.py:509} INFO - Running statement: 
    INSERT INTO books (title, authors, price, rating)
    VALUES (%s, %s, %s, %s)
    , parameters: ('Designing Data-Intensive Applications: The Big Ideas Behind Reliable, Scalable, and Maintainable Systems', 'Martin Kleppmann', '36.', '4.7 out of 5 stars')
[2024-10-26T19:24:10.866+0000] {sql.py:518} INFO - Rows affected: 1
[2024-10-26T19:24:10.878+0000] {base.py:84} INFO - Retrieving connection 'books_connection'
[2024-10-26T19:24:10.885+0000] {sql.py:509} INFO - Running statement: 
    INSERT INTO books (title, authors, price, rating)
    VALUES (%s, %s, %s, %s)
    , parameters: ('Data Engineering with Python: Work with massive datasets to design data models and automate data pipelines using Python', 'Paul Crickard', '37.', '4.1 out of 5 stars')
[2024-10-26T19:24:10.888+0000] {sql.py:518} INFO - Rows affected: 1
[2024-10-26T19:24:10.900+0000] {base.py:84} INFO - Retrieving connection 'books_connection'
[2024-10-26T19:24:10.906+0000] {sql.py:509} INFO - Running statement: 
    INSERT INTO books (title, authors, price, rating)
    VALUES (%s, %s, %s, %s)
    , parameters: ('Data Pipelines Pocket Reference: Moving and Processing Data for Analytics', 'James Densmore', '17.', '4.5 out of 5 stars')
[2024-10-26T19:24:10.909+0000] {sql.py:518} INFO - Rows affected: 1
[2024-10-26T19:24:10.922+0000] {base.py:84} INFO - Retrieving connection 'books_connection'
[2024-10-26T19:24:10.927+0000] {sql.py:509} INFO - Running statement: 
    INSERT INTO books (title, authors, price, rating)
    VALUES (%s, %s, %s, %s)
    , parameters: ('Azure Databricks Cookbook: Accelerate and scale real-time analytics solutions using the Apache Spark-based analytics service', 'Phani Raj', '37.', '4.2 out of 5 stars')
[2024-10-26T19:24:10.930+0000] {sql.py:518} INFO - Rows affected: 1
[2024-10-26T19:24:10.940+0000] {base.py:84} INFO - Retrieving connection 'books_connection'
[2024-10-26T19:24:10.944+0000] {sql.py:509} INFO - Running statement: 
    INSERT INTO books (title, authors, price, rating)
    VALUES (%s, %s, %s, %s)
    , parameters: ('Ace the Data Science Interview: 201 Real Interview Questions Asked By FAANG, Tech Startups, & Wall Street', 'Nick Singh', '42.', '4.5 out of 5 stars')
[2024-10-26T19:24:10.946+0000] {sql.py:518} INFO - Rows affected: 1
[2024-10-26T19:24:10.957+0000] {base.py:84} INFO - Retrieving connection 'books_connection'
[2024-10-26T19:24:10.963+0000] {sql.py:509} INFO - Running statement: 
    INSERT INTO books (title, authors, price, rating)
    VALUES (%s, %s, %s, %s)
    , parameters: ('Seeing with Fresh Eyes: Meaning, Space, Data, Truth', 'Edward R. Tufte', '40.', '4.5 out of 5 stars')
[2024-10-26T19:24:10.965+0000] {sql.py:518} INFO - Rows affected: 1
[2024-10-26T19:24:10.975+0000] {base.py:84} INFO - Retrieving connection 'books_connection'
[2024-10-26T19:24:10.979+0000] {sql.py:509} INFO - Running statement: 
    INSERT INTO books (title, authors, price, rating)
    VALUES (%s, %s, %s, %s)
    , parameters: ('AWS Certified Data Analytics Study Guide: Specialty (DAS-C01) Exam', 'Asif Abbasi', '31.', '4.6 out of 5 stars')
[2024-10-26T19:24:10.982+0000] {sql.py:518} INFO - Rows affected: 1
[2024-10-26T19:24:10.991+0000] {base.py:84} INFO - Retrieving connection 'books_connection'
[2024-10-26T19:24:10.997+0000] {sql.py:509} INFO - Running statement: 
    INSERT INTO books (title, authors, price, rating)
    VALUES (%s, %s, %s, %s)
    , parameters: ('Cracking the Data Engineering Interview: Land your dream job with the help of resume-building tips, over 100 mock questions, and a unique portfolio', 'Kedeisha Bryan', '26.', '4.4 out of 5 stars')
[2024-10-26T19:24:11.000+0000] {sql.py:518} INFO - Rows affected: 1
[2024-10-26T19:24:11.011+0000] {base.py:84} INFO - Retrieving connection 'books_connection'
[2024-10-26T19:24:11.016+0000] {sql.py:509} INFO - Running statement: 
    INSERT INTO books (title, authors, price, rating)
    VALUES (%s, %s, %s, %s)
    , parameters: ('Better Data Visualizations: A Guide for Scholars, Researchers, and Wonks', 'Jonathan Schwabish', '26.', '4.5 out of 5 stars')
[2024-10-26T19:24:11.018+0000] {sql.py:518} INFO - Rows affected: 1
[2024-10-26T19:24:11.029+0000] {base.py:84} INFO - Retrieving connection 'books_connection'
[2024-10-26T19:24:11.035+0000] {sql.py:509} INFO - Running statement: 
    INSERT INTO books (title, authors, price, rating)
    VALUES (%s, %s, %s, %s)
    , parameters: ('Julia for Data Analysis', 'Bogumil Kaminski', '52.', '4.0 out of 5 stars')
[2024-10-26T19:24:11.038+0000] {sql.py:518} INFO - Rows affected: 1
[2024-10-26T19:24:11.049+0000] {base.py:84} INFO - Retrieving connection 'books_connection'
[2024-10-26T19:24:11.054+0000] {sql.py:509} INFO - Running statement: 
    INSERT INTO books (title, authors, price, rating)
    VALUES (%s, %s, %s, %s)
    , parameters: ("Data: Principles To Practice - Volume 1 'Foundations': Essential Foundations: Key Concepts behind Data Architecture, Engineering and Analysis for Professionals", 'Mr Alex Holloway', '12.', '4.6 out of 5 stars')
[2024-10-26T19:24:11.056+0000] {sql.py:518} INFO - Rows affected: 1
[2024-10-26T19:24:11.068+0000] {base.py:84} INFO - Retrieving connection 'books_connection'
[2024-10-26T19:24:11.072+0000] {sql.py:509} INFO - Running statement: 
    INSERT INTO books (title, authors, price, rating)
    VALUES (%s, %s, %s, %s)
    , parameters: ('Designing Cloud Data Platforms', 'Danil Zburivsky', '53.', '4.7 out of 5 stars')
[2024-10-26T19:24:11.075+0000] {sql.py:518} INFO - Rows affected: 1
[2024-10-26T19:24:11.087+0000] {base.py:84} INFO - Retrieving connection 'books_connection'
[2024-10-26T19:24:11.094+0000] {sql.py:509} INFO - Running statement: 
    INSERT INTO books (title, authors, price, rating)
    VALUES (%s, %s, %s, %s)
    , parameters: ('Ace the Data Engineering Interview: Questions and Answers for Python, SQL, Data Modeling and More', 'Sean Coyne', '24.', '3.8 out of 5 stars')
[2024-10-26T19:24:11.097+0000] {sql.py:518} INFO - Rows affected: 1
[2024-10-26T19:24:11.107+0000] {base.py:84} INFO - Retrieving connection 'books_connection'
[2024-10-26T19:24:11.112+0000] {sql.py:509} INFO - Running statement: 
    INSERT INTO books (title, authors, price, rating)
    VALUES (%s, %s, %s, %s)
    , parameters: ('Essentials of Data Engineering', 'Dr. Mukesh Saini', '19.', '5.0 out of 5 stars')
[2024-10-26T19:24:11.115+0000] {sql.py:518} INFO - Rows affected: 1
[2024-10-26T19:24:11.124+0000] {base.py:84} INFO - Retrieving connection 'books_connection'
[2024-10-26T19:24:11.128+0000] {sql.py:509} INFO - Running statement: 
    INSERT INTO books (title, authors, price, rating)
    VALUES (%s, %s, %s, %s)
    , parameters: ('Software Engineering for Data Scientists: From Notebooks to Scalable Systems', 'Catherine Nelson', '45.', '4.3 out of 5 stars')
[2024-10-26T19:24:11.131+0000] {sql.py:518} INFO - Rows affected: 1
[2024-10-26T19:24:11.140+0000] {base.py:84} INFO - Retrieving connection 'books_connection'
[2024-10-26T19:24:11.145+0000] {sql.py:509} INFO - Running statement: 
    INSERT INTO books (title, authors, price, rating)
    VALUES (%s, %s, %s, %s)
    , parameters: ('Data Engineering with dbt: A practical guide to building a cloud-based, pragmatic, and dependable data platform with SQL', 'Roberto Zagni', '37.', '4.7 out of 5 stars')
[2024-10-26T19:24:11.147+0000] {sql.py:518} INFO - Rows affected: 1
[2024-10-26T19:24:11.156+0000] {base.py:84} INFO - Retrieving connection 'books_connection'
[2024-10-26T19:24:11.161+0000] {sql.py:509} INFO - Running statement: 
    INSERT INTO books (title, authors, price, rating)
    VALUES (%s, %s, %s, %s)
    , parameters: ('Data Engineering with Python cookbook: Learn to build efficient data pipelines using the Modern Cloud Data Stack', 'Adithyan Ramanujakootam', '32.', '5.0 out of 5 stars')
[2024-10-26T19:24:11.163+0000] {sql.py:518} INFO - Rows affected: 1
[2024-10-26T19:24:11.173+0000] {base.py:84} INFO - Retrieving connection 'books_connection'
[2024-10-26T19:24:11.178+0000] {sql.py:509} INFO - Running statement: 
    INSERT INTO books (title, authors, price, rating)
    VALUES (%s, %s, %s, %s)
    , parameters: ('Data Engineering with Google Cloud Platform: A practical guide to operationalizing scalable data analytics systems on GCP', 'Adi Wijaya', '41.', '4.7 out of 5 stars')
[2024-10-26T19:24:11.180+0000] {sql.py:518} INFO - Rows affected: 1
[2024-10-26T19:24:11.189+0000] {base.py:84} INFO - Retrieving connection 'books_connection'
[2024-10-26T19:24:11.194+0000] {sql.py:509} INFO - Running statement: 
    INSERT INTO books (title, authors, price, rating)
    VALUES (%s, %s, %s, %s)
    , parameters: ('DATA ENGINEERING AND AI FOR BEGINNERS: Revolutionizing Data Processing and Analytics by Leveraging Artificial Intelligence for Efficient Input Collection, Storage, and Transformation (World of AI)', 'Paperback', '13.', '4.3 out of 5 stars')
[2024-10-26T19:24:11.196+0000] {sql.py:518} INFO - Rows affected: 1
[2024-10-26T19:24:11.207+0000] {base.py:84} INFO - Retrieving connection 'books_connection'
[2024-10-26T19:24:11.212+0000] {sql.py:509} INFO - Running statement: 
    INSERT INTO books (title, authors, price, rating)
    VALUES (%s, %s, %s, %s)
    , parameters: ('Data Engineering with AWS: Learn how to design and build cloud-based data transformation pipelines using AWS', 'Gareth Eagar', '49.', '4.4 out of 5 stars')
[2024-10-26T19:24:11.214+0000] {sql.py:518} INFO - Rows affected: 1
[2024-10-26T19:24:11.224+0000] {base.py:84} INFO - Retrieving connection 'books_connection'
[2024-10-26T19:24:11.228+0000] {sql.py:509} INFO - Running statement: 
    INSERT INTO books (title, authors, price, rating)
    VALUES (%s, %s, %s, %s)
    , parameters: ('97 Things Every Data Engineer Should Know: Collective Wisdom from the Experts', 'Tobias Macey', '28.', '4.2 out of 5 stars')
[2024-10-26T19:24:11.230+0000] {sql.py:518} INFO - Rows affected: 1
[2024-10-26T19:24:11.238+0000] {base.py:84} INFO - Retrieving connection 'books_connection'
[2024-10-26T19:24:11.243+0000] {sql.py:509} INFO - Running statement: 
    INSERT INTO books (title, authors, price, rating)
    VALUES (%s, %s, %s, %s)
    , parameters: ('Data-Driven Science and Engineering: Machine Learning, Dynamical Systems, and Control', 'Steven L. Brunton', '64.', '4.7 out of 5 stars')
[2024-10-26T19:24:11.245+0000] {sql.py:518} INFO - Rows affected: 1
[2024-10-26T19:24:11.254+0000] {base.py:84} INFO - Retrieving connection 'books_connection'
[2024-10-26T19:24:11.258+0000] {sql.py:509} INFO - Running statement: 
    INSERT INTO books (title, authors, price, rating)
    VALUES (%s, %s, %s, %s)
    , parameters: ("Ultimate Data Engineering with Databricks: Develop Scalable Data Pipelines Using Data Engineering's Core Tenets Such as Delta Tables, Ingestion, ... Security, and Scalability (English Edition)", 'Mayank Malhotra', '37.', '4.1 out of 5 stars')
[2024-10-26T19:24:11.260+0000] {sql.py:518} INFO - Rows affected: 1
[2024-10-26T19:24:11.268+0000] {base.py:84} INFO - Retrieving connection 'books_connection'
[2024-10-26T19:24:11.272+0000] {sql.py:509} INFO - Running statement: 
    INSERT INTO books (title, authors, price, rating)
    VALUES (%s, %s, %s, %s)
    , parameters: ('Data Engineering with Apache Spark, Delta Lake, and Lakehouse: Create scalable pipelines that ingest, curate, and aggregate complex data in a timely and secure way', 'Manoj Kukreja', '46.', '3.9 out of 5 stars')
[2024-10-26T19:24:11.274+0000] {sql.py:518} INFO - Rows affected: 1
[2024-10-26T19:24:11.285+0000] {base.py:84} INFO - Retrieving connection 'books_connection'
[2024-10-26T19:24:11.289+0000] {sql.py:509} INFO - Running statement: 
    INSERT INTO books (title, authors, price, rating)
    VALUES (%s, %s, %s, %s)
    , parameters: ('Python Data Engineering Resources: Forge Your Path to Success in Data Engineering, Machine Learning and AI', 'Vajo Lukic', '12.', '4.9 out of 5 stars')
[2024-10-26T19:24:11.291+0000] {sql.py:518} INFO - Rows affected: 1
[2024-10-26T19:24:11.298+0000] {base.py:84} INFO - Retrieving connection 'books_connection'
[2024-10-26T19:24:11.303+0000] {sql.py:509} INFO - Running statement: 
    INSERT INTO books (title, authors, price, rating)
    VALUES (%s, %s, %s, %s)
    , parameters: ('Data Engineering with Google Cloud Platform: A guide to leveling up as a data engineer by building a scalable data platform with Google Cloud', 'Adi Wijaya', '40.', '4.8 out of 5 stars')
[2024-10-26T19:24:11.305+0000] {sql.py:518} INFO - Rows affected: 1
[2024-10-26T19:24:11.313+0000] {base.py:84} INFO - Retrieving connection 'books_connection'
[2024-10-26T19:24:11.317+0000] {sql.py:509} INFO - Running statement: 
    INSERT INTO books (title, authors, price, rating)
    VALUES (%s, %s, %s, %s)
    , parameters: ('Prompt Engineering for Generative AI: Future-Proof Inputs for Reliable AI Outputs', 'James Phoenix', '53.', '4.5 out of 5 stars')
[2024-10-26T19:24:11.319+0000] {sql.py:518} INFO - Rows affected: 1
[2024-10-26T19:24:11.328+0000] {base.py:84} INFO - Retrieving connection 'books_connection'
[2024-10-26T19:24:11.332+0000] {sql.py:509} INFO - Running statement: 
    INSERT INTO books (title, authors, price, rating)
    VALUES (%s, %s, %s, %s)
    , parameters: ('Data Mesh: Delivering Data-Driven Value at Scale', 'Zhamak Dehghani', '43.', '4.5 out of 5 stars')
[2024-10-26T19:24:11.334+0000] {sql.py:518} INFO - Rows affected: 1
[2024-10-26T19:24:11.343+0000] {base.py:84} INFO - Retrieving connection 'books_connection'
[2024-10-26T19:24:11.348+0000] {sql.py:509} INFO - Running statement: 
    INSERT INTO books (title, authors, price, rating)
    VALUES (%s, %s, %s, %s)
    , parameters: ('Data Privacy: A runbook for engineers', 'Nishant Bhajaria', '35.', '4.8 out of 5 stars')
[2024-10-26T19:24:11.350+0000] {sql.py:518} INFO - Rows affected: 1
[2024-10-26T19:24:11.358+0000] {base.py:84} INFO - Retrieving connection 'books_connection'
[2024-10-26T19:24:11.362+0000] {sql.py:509} INFO - Running statement: 
    INSERT INTO books (title, authors, price, rating)
    VALUES (%s, %s, %s, %s)
    , parameters: ('Official Google Cloud Certified Professional Data Engineer Study Guide', 'Dan Sullivan', '33.', '4.5 out of 5 stars')
[2024-10-26T19:24:11.363+0000] {sql.py:518} INFO - Rows affected: 1
[2024-10-26T19:24:11.371+0000] {base.py:84} INFO - Retrieving connection 'books_connection'
[2024-10-26T19:24:11.376+0000] {sql.py:509} INFO - Running statement: 
    INSERT INTO books (title, authors, price, rating)
    VALUES (%s, %s, %s, %s)
    , parameters: ('Data Science on AWS: Implementing End-to-End, Continuous AI and Machine Learning Pipelines', 'Chris Fregly', '14.', '4.4 out of 5 stars')
[2024-10-26T19:24:11.378+0000] {sql.py:518} INFO - Rows affected: 1
[2024-10-26T19:24:11.388+0000] {base.py:84} INFO - Retrieving connection 'books_connection'
[2024-10-26T19:24:11.392+0000] {sql.py:509} INFO - Running statement: 
    INSERT INTO books (title, authors, price, rating)
    VALUES (%s, %s, %s, %s)
    , parameters: ('Data Engineering with Scala and Spark: A practical guide helping you build streaming and batch pipelines that process massive amounts of data using Scala', 'Eric Tome', '36.', '4.1 out of 5 stars')
[2024-10-26T19:24:11.394+0000] {sql.py:518} INFO - Rows affected: 1
[2024-10-26T19:24:11.402+0000] {base.py:84} INFO - Retrieving connection 'books_connection'
[2024-10-26T19:24:11.405+0000] {sql.py:509} INFO - Running statement: 
    INSERT INTO books (title, authors, price, rating)
    VALUES (%s, %s, %s, %s)
    , parameters: ('Analytics Engineering with SQL and dbt: Building Meaningful Data Models at Scale', 'Rui Pedro Machado', '41.', '3.9 out of 5 stars')
[2024-10-26T19:24:11.407+0000] {sql.py:518} INFO - Rows affected: 1
[2024-10-26T19:24:11.415+0000] {base.py:84} INFO - Retrieving connection 'books_connection'
[2024-10-26T19:24:11.419+0000] {sql.py:509} INFO - Running statement: 
    INSERT INTO books (title, authors, price, rating)
    VALUES (%s, %s, %s, %s)
    , parameters: ('Azure Data Engineer Associate Certification Guide: A hands-on reference guide to developing your data engineering skills and preparing for the DP-203 exam', 'Newton Alex', '54.', '3.9 out of 5 stars')
[2024-10-26T19:24:11.421+0000] {sql.py:518} INFO - Rows affected: 1
[2024-10-26T19:24:11.431+0000] {base.py:84} INFO - Retrieving connection 'books_connection'
[2024-10-26T19:24:11.435+0000] {sql.py:509} INFO - Running statement: 
    INSERT INTO books (title, authors, price, rating)
    VALUES (%s, %s, %s, %s)
    , parameters: ('Data Stewardship: An Actionable Guide to Effective Data Management and Data Governance', 'Paperback', '46.', '4.7 out of 5 stars')
[2024-10-26T19:24:11.437+0000] {sql.py:518} INFO - Rows affected: 1
[2024-10-26T19:24:11.446+0000] {base.py:84} INFO - Retrieving connection 'books_connection'
[2024-10-26T19:24:11.451+0000] {sql.py:509} INFO - Running statement: 
    INSERT INTO books (title, authors, price, rating)
    VALUES (%s, %s, %s, %s)
    , parameters: ('Machine Learning Engineering', 'Andriy Burkov', '39.', '4.7 out of 5 stars')
[2024-10-26T19:24:11.453+0000] {sql.py:518} INFO - Rows affected: 1
[2024-10-26T19:24:11.461+0000] {base.py:84} INFO - Retrieving connection 'books_connection'
[2024-10-26T19:24:11.466+0000] {sql.py:509} INFO - Running statement: 
    INSERT INTO books (title, authors, price, rating)
    VALUES (%s, %s, %s, %s)
    , parameters: ('Fundamentals of Data Engineering: Efficiency, Insight, Impact: Transforming Data into Value through Expert Engineering Practices', 'Joseph Achakji Eng.', '16.', '4.4 out of 5 stars')
[2024-10-26T19:24:11.467+0000] {sql.py:518} INFO - Rows affected: 1
[2024-10-26T19:24:11.476+0000] {base.py:84} INFO - Retrieving connection 'books_connection'
[2024-10-26T19:24:11.480+0000] {sql.py:509} INFO - Running statement: 
    INSERT INTO books (title, authors, price, rating)
    VALUES (%s, %s, %s, %s)
    , parameters: ('Data Quality Engineering in Financial Services: Applying Manufacturing Techniques to Data', 'Brian Buzzelli', '30.', '4.4 out of 5 stars')
[2024-10-26T19:24:11.482+0000] {sql.py:518} INFO - Rows affected: 1
[2024-10-26T19:24:11.492+0000] {base.py:84} INFO - Retrieving connection 'books_connection'
[2024-10-26T19:24:11.497+0000] {sql.py:509} INFO - Running statement: 
    INSERT INTO books (title, authors, price, rating)
    VALUES (%s, %s, %s, %s)
    , parameters: ('Mastering AWS Data Engineering: A Step-by-Step Guide', 'Paperback', '12.', '5.0 out of 5 stars')
[2024-10-26T19:24:11.499+0000] {sql.py:518} INFO - Rows affected: 1
[2024-10-26T19:24:11.507+0000] {base.py:84} INFO - Retrieving connection 'books_connection'
[2024-10-26T19:24:11.511+0000] {sql.py:509} INFO - Running statement: 
    INSERT INTO books (title, authors, price, rating)
    VALUES (%s, %s, %s, %s)
    , parameters: ('Invisible Women: Data Bias in a World Designed for Men', 'Caroline Criado Perez', '15.', '4.6 out of 5 stars')
[2024-10-26T19:24:11.513+0000] {sql.py:518} INFO - Rows affected: 1
[2024-10-26T19:24:11.522+0000] {base.py:84} INFO - Retrieving connection 'books_connection'
[2024-10-26T19:24:11.527+0000] {sql.py:509} INFO - Running statement: 
    INSERT INTO books (title, authors, price, rating)
    VALUES (%s, %s, %s, %s)
    , parameters: ('Data Engineering with Databricks', 'Paperback', '25.', '3.4 out of 5 stars')
[2024-10-26T19:24:11.528+0000] {sql.py:518} INFO - Rows affected: 1
[2024-10-26T19:24:11.538+0000] {base.py:84} INFO - Retrieving connection 'books_connection'
[2024-10-26T19:24:11.542+0000] {sql.py:509} INFO - Running statement: 
    INSERT INTO books (title, authors, price, rating)
    VALUES (%s, %s, %s, %s)
    , parameters: ('GOOGLE CLOUD PROFESSIONAL DATA ENGINEER CERTIFICATION | MASTER THE EXAM: 10 PRACTICE TESTS, 500 RIGOROUS QUESTIONS, GAIN WEALTH OF INSIGHTS, EXPERT EXPLANATIONS AND ONE ULTIMATE GOAL', 'Mr Anand M', '31.', '5.0 out of 5 stars')
[2024-10-26T19:24:11.545+0000] {sql.py:518} INFO - Rows affected: 1
[2024-10-26T19:24:11.553+0000] {base.py:84} INFO - Retrieving connection 'books_connection'
[2024-10-26T19:24:11.557+0000] {sql.py:509} INFO - Running statement: 
    INSERT INTO books (title, authors, price, rating)
    VALUES (%s, %s, %s, %s)
    , parameters: ('Data Engineering 101', 'Hardcover', '30.', '3.9 out of 5 stars')
[2024-10-26T19:24:11.559+0000] {sql.py:518} INFO - Rows affected: 1
[2024-10-26T19:24:11.568+0000] {base.py:84} INFO - Retrieving connection 'books_connection'
[2024-10-26T19:24:11.572+0000] {sql.py:509} INFO - Running statement: 
    INSERT INTO books (title, authors, price, rating)
    VALUES (%s, %s, %s, %s)
    , parameters: ("SQL QuickStart Guide: The Simplified Beginner's Guide to Managing, Analyzing, and Manipulating Data With SQL (Coding & Programming - QuickStart Guides)", 'Paperback', '23.', '4.6 out of 5 stars')
[2024-10-26T19:24:11.574+0000] {sql.py:518} INFO - Rows affected: 1
[2024-10-26T19:24:11.586+0000] {base.py:84} INFO - Retrieving connection 'books_connection'
[2024-10-26T19:24:11.590+0000] {sql.py:509} INFO - Running statement: 
    INSERT INTO books (title, authors, price, rating)
    VALUES (%s, %s, %s, %s)
    , parameters: ('Fundamentals of Data Visualization: A Primer on Making Informative and Compelling Figures', 'Claus O. Wilke', '49.', '4.6 out of 5 stars')
[2024-10-26T19:24:11.592+0000] {sql.py:518} INFO - Rows affected: 1
[2024-10-26T19:24:11.594+0000] {python.py:240} INFO - Done. Returned value was: None
[2024-10-26T19:24:11.607+0000] {taskinstance.py:340} INFO - ::group::Post task execution logs
[2024-10-26T19:24:11.608+0000] {taskinstance.py:352} INFO - Marking task as SUCCESS. dag_id=fetch_and_store_amazon_books, task_id=insert_book_data, run_id=manual__2024-10-26T19:23:59.449899+00:00, execution_date=20241026T192359, start_date=20241026T192410, end_date=20241026T192411
[2024-10-26T19:24:11.622+0000] {logging_mixin.py:190} INFO - Task instance in success state
[2024-10-26T19:24:11.623+0000] {logging_mixin.py:190} INFO -  Previous state of the Task instance: running
[2024-10-26T19:24:11.624+0000] {logging_mixin.py:190} INFO - Dag name:fetch_and_store_amazon_books queued_at:2024-10-26 19:23:59.464239+00:00
[2024-10-26T19:24:11.625+0000] {logging_mixin.py:190} INFO - Task hostname:f1b284c02f67 operator:PythonOperator
[2024-10-26T19:24:11.658+0000] {local_task_job_runner.py:266} INFO - Task exited with return code 0
[2024-10-26T19:24:11.683+0000] {taskinstance.py:3900} INFO - 0 downstream tasks scheduled from follow-on schedule check
[2024-10-26T19:24:11.687+0000] {local_task_job_runner.py:245} INFO - ::endgroup::
