[2024-10-26T19:21:39.146+0000] {local_task_job_runner.py:123} INFO - ::group::Pre task execution logs
[2024-10-26T19:21:39.182+0000] {taskinstance.py:2612} INFO - Dependencies all met for dep_context=non-requeueable deps ti=<TaskInstance: fetch_and_store_amazon_books.create_table scheduled__2024-07-02T00:00:00+00:00 [queued]>
[2024-10-26T19:21:39.200+0000] {taskinstance.py:2612} INFO - Dependencies all met for dep_context=requeueable deps ti=<TaskInstance: fetch_and_store_amazon_books.create_table scheduled__2024-07-02T00:00:00+00:00 [queued]>
[2024-10-26T19:21:39.201+0000] {taskinstance.py:2865} INFO - Starting attempt 1 of 2
[2024-10-26T19:21:39.236+0000] {taskinstance.py:2888} INFO - Executing <Task(PostgresOperator): create_table> on 2024-07-02 00:00:00+00:00
[2024-10-26T19:21:39.259+0000] {warnings.py:112} WARNING - /home/***/.local/lib/python3.12/site-packages/***/task/task_runner/standard_task_runner.py:70: DeprecationWarning: This process (pid=614) is multi-threaded, use of fork() may lead to deadlocks in the child.
  pid = os.fork()

[2024-10-26T19:21:39.263+0000] {standard_task_runner.py:72} INFO - Started process 638 to run task
[2024-10-26T19:21:39.263+0000] {standard_task_runner.py:104} INFO - Running: ['***', 'tasks', 'run', 'fetch_and_store_amazon_books', 'create_table', 'scheduled__2024-07-02T00:00:00+00:00', '--job-id', '46', '--raw', '--subdir', 'DAGS_FOLDER/dag.py', '--cfg-path', '/tmp/tmpnsvipa1p']
[2024-10-26T19:21:39.265+0000] {standard_task_runner.py:105} INFO - Job 46: Subtask create_table
[2024-10-26T19:21:39.367+0000] {task_command.py:467} INFO - Running <TaskInstance: fetch_and_store_amazon_books.create_table scheduled__2024-07-02T00:00:00+00:00 [running]> on host f1b284c02f67
[2024-10-26T19:21:39.542+0000] {taskinstance.py:3131} INFO - Exporting env vars: AIRFLOW_CTX_DAG_OWNER='***' AIRFLOW_CTX_DAG_ID='fetch_and_store_amazon_books' AIRFLOW_CTX_TASK_ID='create_table' AIRFLOW_CTX_EXECUTION_DATE='2024-07-02T00:00:00+00:00' AIRFLOW_CTX_TRY_NUMBER='1' AIRFLOW_CTX_DAG_RUN_ID='scheduled__2024-07-02T00:00:00+00:00'
[2024-10-26T19:21:39.544+0000] {logging_mixin.py:190} INFO - Task instance is in running state
[2024-10-26T19:21:39.545+0000] {logging_mixin.py:190} INFO -  Previous state of the Task instance: queued
[2024-10-26T19:21:39.546+0000] {logging_mixin.py:190} INFO - Current task name:create_table state:running start_date:2024-10-26 19:21:39.183434+00:00
[2024-10-26T19:21:39.547+0000] {logging_mixin.py:190} INFO - Dag name:fetch_and_store_amazon_books and current dag run status:running
[2024-10-26T19:21:39.548+0000] {taskinstance.py:731} INFO - ::endgroup::
[2024-10-26T19:21:39.549+0000] {sql.py:266} INFO - Executing: 
    CREATE TABLE IF NOT EXISTS books (
        id SERIAL PRIMARY KEY,
        title TEXT NOT NULL,
        authors TEXT,
        price TEXT,
        rating TEXT
    );
    
[2024-10-26T19:21:39.564+0000] {base.py:84} INFO - Retrieving connection 'books_connection'
[2024-10-26T19:21:39.577+0000] {base.py:84} INFO - Retrieving connection 'books_connection'
[2024-10-26T19:21:39.583+0000] {sql.py:509} INFO - Running statement: 
    CREATE TABLE IF NOT EXISTS books (
        id SERIAL PRIMARY KEY,
        title TEXT NOT NULL,
        authors TEXT,
        price TEXT,
        rating TEXT
    );
    , parameters: None
[2024-10-26T19:21:39.603+0000] {taskinstance.py:340} INFO - ::group::Post task execution logs
[2024-10-26T19:21:39.604+0000] {taskinstance.py:352} INFO - Marking task as SUCCESS. dag_id=fetch_and_store_amazon_books, task_id=create_table, run_id=scheduled__2024-07-02T00:00:00+00:00, execution_date=20240702T000000, start_date=20241026T192139, end_date=20241026T192139
[2024-10-26T19:21:39.625+0000] {logging_mixin.py:190} INFO - Task instance in success state
[2024-10-26T19:21:39.630+0000] {logging_mixin.py:190} INFO -  Previous state of the Task instance: running
[2024-10-26T19:21:39.634+0000] {logging_mixin.py:190} INFO - Dag name:fetch_and_store_amazon_books queued_at:2024-10-26 19:21:30.923021+00:00
[2024-10-26T19:21:39.635+0000] {logging_mixin.py:190} INFO - Task hostname:f1b284c02f67 operator:PostgresOperator
[2024-10-26T19:21:39.684+0000] {local_task_job_runner.py:266} INFO - Task exited with return code 0
[2024-10-26T19:21:39.698+0000] {local_task_job_runner.py:245} INFO - ::endgroup::
[2024-10-26T19:24:08.070+0000] {local_task_job_runner.py:123} INFO - ::group::Pre task execution logs
[2024-10-26T19:24:08.091+0000] {taskinstance.py:2612} INFO - Dependencies all met for dep_context=non-requeueable deps ti=<TaskInstance: fetch_and_store_amazon_books.create_table scheduled__2024-07-02T00:00:00+00:00 [queued]>
[2024-10-26T19:24:08.103+0000] {taskinstance.py:2612} INFO - Dependencies all met for dep_context=requeueable deps ti=<TaskInstance: fetch_and_store_amazon_books.create_table scheduled__2024-07-02T00:00:00+00:00 [queued]>
[2024-10-26T19:24:08.104+0000] {taskinstance.py:2865} INFO - Starting attempt 1 of 2
[2024-10-26T19:24:08.123+0000] {taskinstance.py:2888} INFO - Executing <Task(PostgresOperator): create_table> on 2024-07-02 00:00:00+00:00
[2024-10-26T19:24:08.134+0000] {warnings.py:112} WARNING - /home/***/.local/lib/python3.12/site-packages/***/task/task_runner/standard_task_runner.py:70: DeprecationWarning: This process (pid=856) is multi-threaded, use of fork() may lead to deadlocks in the child.
  pid = os.fork()

[2024-10-26T19:24:08.136+0000] {standard_task_runner.py:72} INFO - Started process 888 to run task
[2024-10-26T19:24:08.136+0000] {standard_task_runner.py:104} INFO - Running: ['***', 'tasks', 'run', 'fetch_and_store_amazon_books', 'create_table', 'scheduled__2024-07-02T00:00:00+00:00', '--job-id', '99', '--raw', '--subdir', 'DAGS_FOLDER/dag.py', '--cfg-path', '/tmp/tmp9zrhu5g1']
[2024-10-26T19:24:08.138+0000] {standard_task_runner.py:105} INFO - Job 99: Subtask create_table
[2024-10-26T19:24:08.211+0000] {task_command.py:467} INFO - Running <TaskInstance: fetch_and_store_amazon_books.create_table scheduled__2024-07-02T00:00:00+00:00 [running]> on host f1b284c02f67
[2024-10-26T19:24:08.374+0000] {taskinstance.py:3131} INFO - Exporting env vars: AIRFLOW_CTX_DAG_OWNER='***' AIRFLOW_CTX_DAG_ID='fetch_and_store_amazon_books' AIRFLOW_CTX_TASK_ID='create_table' AIRFLOW_CTX_EXECUTION_DATE='2024-07-02T00:00:00+00:00' AIRFLOW_CTX_TRY_NUMBER='1' AIRFLOW_CTX_DAG_RUN_ID='scheduled__2024-07-02T00:00:00+00:00'
[2024-10-26T19:24:08.383+0000] {logging_mixin.py:190} INFO - Task instance is in running state
[2024-10-26T19:24:08.385+0000] {logging_mixin.py:190} INFO -  Previous state of the Task instance: queued
[2024-10-26T19:24:08.388+0000] {logging_mixin.py:190} INFO - Current task name:create_table state:running start_date:2024-10-26 19:24:08.092829+00:00
[2024-10-26T19:24:08.389+0000] {logging_mixin.py:190} INFO - Dag name:fetch_and_store_amazon_books and current dag run status:running
[2024-10-26T19:24:08.389+0000] {taskinstance.py:731} INFO - ::endgroup::
[2024-10-26T19:24:08.390+0000] {sql.py:266} INFO - Executing: 
    CREATE TABLE IF NOT EXISTS books (
        id SERIAL PRIMARY KEY,
        title TEXT NOT NULL,
        authors TEXT,
        price TEXT,
        rating TEXT
    );
    
[2024-10-26T19:24:08.406+0000] {base.py:84} INFO - Retrieving connection 'books_connection'
[2024-10-26T19:24:08.430+0000] {base.py:84} INFO - Retrieving connection 'books_connection'
[2024-10-26T19:24:08.441+0000] {sql.py:509} INFO - Running statement: 
    CREATE TABLE IF NOT EXISTS books (
        id SERIAL PRIMARY KEY,
        title TEXT NOT NULL,
        authors TEXT,
        price TEXT,
        rating TEXT
    );
    , parameters: None
[2024-10-26T19:24:08.460+0000] {taskinstance.py:340} INFO - ::group::Post task execution logs
[2024-10-26T19:24:08.462+0000] {taskinstance.py:352} INFO - Marking task as SUCCESS. dag_id=fetch_and_store_amazon_books, task_id=create_table, run_id=scheduled__2024-07-02T00:00:00+00:00, execution_date=20240702T000000, start_date=20241026T192408, end_date=20241026T192408
[2024-10-26T19:24:08.476+0000] {logging_mixin.py:190} INFO - Task instance in success state
[2024-10-26T19:24:08.479+0000] {logging_mixin.py:190} INFO -  Previous state of the Task instance: running
[2024-10-26T19:24:08.479+0000] {logging_mixin.py:190} INFO - Dag name:fetch_and_store_amazon_books queued_at:2024-10-26 19:24:02.120818+00:00
[2024-10-26T19:24:08.480+0000] {logging_mixin.py:190} INFO - Task hostname:f1b284c02f67 operator:PostgresOperator
[2024-10-26T19:24:08.512+0000] {local_task_job_runner.py:266} INFO - Task exited with return code 0
[2024-10-26T19:24:08.534+0000] {warnings.py:112} WARNING - /home/***/.local/lib/python3.12/site-packages/***/models/baseoperator.py:1378: AirflowProviderDeprecationWarning: Call to deprecated class PostgresOperator. (Please use `***.providers.common.sql.operators.sql.SQLExecuteQueryOperator`.Also, you can provide `hook_params={'schema': <database>}`.)
  result = cls.__new__(cls)

[2024-10-26T19:24:08.559+0000] {taskinstance.py:3900} INFO - 1 downstream tasks scheduled from follow-on schedule check
[2024-10-26T19:24:08.566+0000] {local_task_job_runner.py:245} INFO - ::endgroup::
[2024-10-26T19:29:10.576+0000] {local_task_job_runner.py:123} INFO - ::group::Pre task execution logs
[2024-10-26T19:29:10.598+0000] {taskinstance.py:2612} INFO - Dependencies all met for dep_context=non-requeueable deps ti=<TaskInstance: fetch_and_store_amazon_books.create_table scheduled__2024-07-02T00:00:00+00:00 [queued]>
[2024-10-26T19:29:10.609+0000] {taskinstance.py:2612} INFO - Dependencies all met for dep_context=requeueable deps ti=<TaskInstance: fetch_and_store_amazon_books.create_table scheduled__2024-07-02T00:00:00+00:00 [queued]>
[2024-10-26T19:29:10.610+0000] {taskinstance.py:2865} INFO - Starting attempt 1 of 2
[2024-10-26T19:29:10.625+0000] {taskinstance.py:2888} INFO - Executing <Task(PostgresOperator): create_table> on 2024-07-02 00:00:00+00:00
[2024-10-26T19:29:10.634+0000] {warnings.py:112} WARNING - /home/***/.local/lib/python3.12/site-packages/***/task/task_runner/standard_task_runner.py:70: DeprecationWarning: This process (pid=1142) is multi-threaded, use of fork() may lead to deadlocks in the child.
  pid = os.fork()

[2024-10-26T19:29:10.636+0000] {standard_task_runner.py:72} INFO - Started process 1210 to run task
[2024-10-26T19:29:10.636+0000] {standard_task_runner.py:104} INFO - Running: ['***', 'tasks', 'run', 'fetch_and_store_amazon_books', 'create_table', 'scheduled__2024-07-02T00:00:00+00:00', '--job-id', '165', '--raw', '--subdir', 'DAGS_FOLDER/dag.py', '--cfg-path', '/tmp/tmp6rreaeh6']
[2024-10-26T19:29:10.638+0000] {standard_task_runner.py:105} INFO - Job 165: Subtask create_table
[2024-10-26T19:29:10.688+0000] {task_command.py:467} INFO - Running <TaskInstance: fetch_and_store_amazon_books.create_table scheduled__2024-07-02T00:00:00+00:00 [running]> on host f1b284c02f67
[2024-10-26T19:29:10.777+0000] {taskinstance.py:3131} INFO - Exporting env vars: AIRFLOW_CTX_DAG_OWNER='***' AIRFLOW_CTX_DAG_ID='fetch_and_store_amazon_books' AIRFLOW_CTX_TASK_ID='create_table' AIRFLOW_CTX_EXECUTION_DATE='2024-07-02T00:00:00+00:00' AIRFLOW_CTX_TRY_NUMBER='1' AIRFLOW_CTX_DAG_RUN_ID='scheduled__2024-07-02T00:00:00+00:00'
[2024-10-26T19:29:10.779+0000] {logging_mixin.py:190} INFO - Task instance is in running state
[2024-10-26T19:29:10.780+0000] {logging_mixin.py:190} INFO -  Previous state of the Task instance: queued
[2024-10-26T19:29:10.780+0000] {logging_mixin.py:190} INFO - Current task name:create_table state:running start_date:2024-10-26 19:29:10.599348+00:00
[2024-10-26T19:29:10.781+0000] {logging_mixin.py:190} INFO - Dag name:fetch_and_store_amazon_books and current dag run status:running
[2024-10-26T19:29:10.782+0000] {taskinstance.py:731} INFO - ::endgroup::
[2024-10-26T19:29:10.782+0000] {sql.py:266} INFO - Executing: 
    CREATE TABLE IF NOT EXISTS books (
        id SERIAL PRIMARY KEY,
        title TEXT NOT NULL,
        authors TEXT,
        price TEXT,
        rating TEXT
    );
    
[2024-10-26T19:29:10.793+0000] {base.py:84} INFO - Retrieving connection 'books_connection'
[2024-10-26T19:29:10.802+0000] {base.py:84} INFO - Retrieving connection 'books_connection'
[2024-10-26T19:29:10.806+0000] {sql.py:509} INFO - Running statement: 
    CREATE TABLE IF NOT EXISTS books (
        id SERIAL PRIMARY KEY,
        title TEXT NOT NULL,
        authors TEXT,
        price TEXT,
        rating TEXT
    );
    , parameters: None
[2024-10-26T19:29:10.819+0000] {taskinstance.py:340} INFO - ::group::Post task execution logs
[2024-10-26T19:29:10.820+0000] {taskinstance.py:352} INFO - Marking task as SUCCESS. dag_id=fetch_and_store_amazon_books, task_id=create_table, run_id=scheduled__2024-07-02T00:00:00+00:00, execution_date=20240702T000000, start_date=20241026T192910, end_date=20241026T192910
[2024-10-26T19:29:10.831+0000] {logging_mixin.py:190} INFO - Task instance in success state
[2024-10-26T19:29:10.832+0000] {logging_mixin.py:190} INFO -  Previous state of the Task instance: running
[2024-10-26T19:29:10.832+0000] {logging_mixin.py:190} INFO - Dag name:fetch_and_store_amazon_books queued_at:2024-10-26 19:29:03.570290+00:00
[2024-10-26T19:29:10.833+0000] {logging_mixin.py:190} INFO - Task hostname:f1b284c02f67 operator:PostgresOperator
[2024-10-26T19:29:10.851+0000] {local_task_job_runner.py:266} INFO - Task exited with return code 0
[2024-10-26T19:29:10.861+0000] {warnings.py:112} WARNING - /home/***/.local/lib/python3.12/site-packages/***/models/baseoperator.py:1378: AirflowProviderDeprecationWarning: Call to deprecated class PostgresOperator. (Please use `***.providers.common.sql.operators.sql.SQLExecuteQueryOperator`.Also, you can provide `hook_params={'schema': <database>}`.)
  result = cls.__new__(cls)

[2024-10-26T19:29:10.874+0000] {taskinstance.py:3900} INFO - 1 downstream tasks scheduled from follow-on schedule check
[2024-10-26T19:29:10.876+0000] {local_task_job_runner.py:245} INFO - ::endgroup::
