[2024-10-26T19:24:21.363+0000] {local_task_job_runner.py:123} INFO - ::group::Pre task execution logs
[2024-10-26T19:24:21.380+0000] {taskinstance.py:2612} INFO - Dependencies all met for dep_context=non-requeueable deps ti=<TaskInstance: fetch_and_store_amazon_books.create_table scheduled__2024-07-06T00:00:00+00:00 [queued]>
[2024-10-26T19:24:21.389+0000] {taskinstance.py:2612} INFO - Dependencies all met for dep_context=requeueable deps ti=<TaskInstance: fetch_and_store_amazon_books.create_table scheduled__2024-07-06T00:00:00+00:00 [queued]>
[2024-10-26T19:24:21.389+0000] {taskinstance.py:2865} INFO - Starting attempt 1 of 2
[2024-10-26T19:24:21.403+0000] {taskinstance.py:2888} INFO - Executing <Task(PostgresOperator): create_table> on 2024-07-06 00:00:00+00:00
[2024-10-26T19:24:21.410+0000] {warnings.py:112} WARNING - /home/***/.local/lib/python3.12/site-packages/***/task/task_runner/standard_task_runner.py:70: DeprecationWarning: This process (pid=953) is multi-threaded, use of fork() may lead to deadlocks in the child.
  pid = os.fork()

[2024-10-26T19:24:21.412+0000] {standard_task_runner.py:72} INFO - Started process 956 to run task
[2024-10-26T19:24:21.414+0000] {standard_task_runner.py:104} INFO - Running: ['***', 'tasks', 'run', 'fetch_and_store_amazon_books', 'create_table', 'scheduled__2024-07-06T00:00:00+00:00', '--job-id', '120', '--raw', '--subdir', 'DAGS_FOLDER/dag.py', '--cfg-path', '/tmp/tmp3d3w6g1b']
[2024-10-26T19:24:21.416+0000] {standard_task_runner.py:105} INFO - Job 120: Subtask create_table
[2024-10-26T19:24:21.462+0000] {task_command.py:467} INFO - Running <TaskInstance: fetch_and_store_amazon_books.create_table scheduled__2024-07-06T00:00:00+00:00 [running]> on host f1b284c02f67
[2024-10-26T19:24:21.535+0000] {taskinstance.py:3131} INFO - Exporting env vars: AIRFLOW_CTX_DAG_OWNER='***' AIRFLOW_CTX_DAG_ID='fetch_and_store_amazon_books' AIRFLOW_CTX_TASK_ID='create_table' AIRFLOW_CTX_EXECUTION_DATE='2024-07-06T00:00:00+00:00' AIRFLOW_CTX_TRY_NUMBER='1' AIRFLOW_CTX_DAG_RUN_ID='scheduled__2024-07-06T00:00:00+00:00'
[2024-10-26T19:24:21.537+0000] {logging_mixin.py:190} INFO - Task instance is in running state
[2024-10-26T19:24:21.537+0000] {logging_mixin.py:190} INFO -  Previous state of the Task instance: queued
[2024-10-26T19:24:21.538+0000] {logging_mixin.py:190} INFO - Current task name:create_table state:running start_date:2024-10-26 19:24:21.381654+00:00
[2024-10-26T19:24:21.538+0000] {logging_mixin.py:190} INFO - Dag name:fetch_and_store_amazon_books and current dag run status:running
[2024-10-26T19:24:21.539+0000] {taskinstance.py:731} INFO - ::endgroup::
[2024-10-26T19:24:21.539+0000] {sql.py:266} INFO - Executing: 
    CREATE TABLE IF NOT EXISTS books (
        id SERIAL PRIMARY KEY,
        title TEXT NOT NULL,
        authors TEXT,
        price TEXT,
        rating TEXT
    );
    
[2024-10-26T19:24:21.547+0000] {base.py:84} INFO - Retrieving connection 'books_connection'
[2024-10-26T19:24:21.553+0000] {base.py:84} INFO - Retrieving connection 'books_connection'
[2024-10-26T19:24:21.557+0000] {sql.py:509} INFO - Running statement: 
    CREATE TABLE IF NOT EXISTS books (
        id SERIAL PRIMARY KEY,
        title TEXT NOT NULL,
        authors TEXT,
        price TEXT,
        rating TEXT
    );
    , parameters: None
[2024-10-26T19:24:21.565+0000] {taskinstance.py:340} INFO - ::group::Post task execution logs
[2024-10-26T19:24:21.572+0000] {taskinstance.py:352} INFO - Marking task as SUCCESS. dag_id=fetch_and_store_amazon_books, task_id=create_table, run_id=scheduled__2024-07-06T00:00:00+00:00, execution_date=20240706T000000, start_date=20241026T192421, end_date=20241026T192421
[2024-10-26T19:24:21.582+0000] {logging_mixin.py:190} INFO - Task instance in success state
[2024-10-26T19:24:21.583+0000] {logging_mixin.py:190} INFO -  Previous state of the Task instance: running
[2024-10-26T19:24:21.584+0000] {logging_mixin.py:190} INFO - Dag name:fetch_and_store_amazon_books queued_at:2024-10-26 19:24:17.592729+00:00
[2024-10-26T19:24:21.592+0000] {logging_mixin.py:190} INFO - Task hostname:f1b284c02f67 operator:PostgresOperator
[2024-10-26T19:24:21.627+0000] {local_task_job_runner.py:266} INFO - Task exited with return code 0
[2024-10-26T19:24:21.640+0000] {warnings.py:112} WARNING - /home/***/.local/lib/python3.12/site-packages/***/models/baseoperator.py:1378: AirflowProviderDeprecationWarning: Call to deprecated class PostgresOperator. (Please use `***.providers.common.sql.operators.sql.SQLExecuteQueryOperator`.Also, you can provide `hook_params={'schema': <database>}`.)
  result = cls.__new__(cls)

[2024-10-26T19:24:21.652+0000] {taskinstance.py:3900} INFO - 1 downstream tasks scheduled from follow-on schedule check
[2024-10-26T19:24:21.654+0000] {local_task_job_runner.py:245} INFO - ::endgroup::
[2024-10-26T19:34:21.567+0000] {local_task_job_runner.py:123} INFO - ::group::Pre task execution logs
[2024-10-26T19:34:21.593+0000] {taskinstance.py:2612} INFO - Dependencies all met for dep_context=non-requeueable deps ti=<TaskInstance: fetch_and_store_amazon_books.create_table scheduled__2024-07-06T00:00:00+00:00 [queued]>
[2024-10-26T19:34:21.608+0000] {taskinstance.py:2612} INFO - Dependencies all met for dep_context=requeueable deps ti=<TaskInstance: fetch_and_store_amazon_books.create_table scheduled__2024-07-06T00:00:00+00:00 [queued]>
[2024-10-26T19:34:21.608+0000] {taskinstance.py:2865} INFO - Starting attempt 1 of 2
[2024-10-26T19:34:21.630+0000] {taskinstance.py:2888} INFO - Executing <Task(PostgresOperator): create_table> on 2024-07-06 00:00:00+00:00
[2024-10-26T19:34:21.641+0000] {warnings.py:112} WARNING - /home/***/.local/lib/python3.12/site-packages/***/task/task_runner/standard_task_runner.py:70: DeprecationWarning: This process (pid=1408) is multi-threaded, use of fork() may lead to deadlocks in the child.
  pid = os.fork()

[2024-10-26T19:34:21.643+0000] {standard_task_runner.py:72} INFO - Started process 1457 to run task
[2024-10-26T19:34:21.645+0000] {standard_task_runner.py:104} INFO - Running: ['***', 'tasks', 'run', 'fetch_and_store_amazon_books', 'create_table', 'scheduled__2024-07-06T00:00:00+00:00', '--job-id', '206', '--raw', '--subdir', 'DAGS_FOLDER/dag.py', '--cfg-path', '/tmp/tmp01rvd1ge']
[2024-10-26T19:34:21.647+0000] {standard_task_runner.py:105} INFO - Job 206: Subtask create_table
[2024-10-26T19:34:21.731+0000] {task_command.py:467} INFO - Running <TaskInstance: fetch_and_store_amazon_books.create_table scheduled__2024-07-06T00:00:00+00:00 [running]> on host f1b284c02f67
[2024-10-26T19:34:21.889+0000] {taskinstance.py:3131} INFO - Exporting env vars: AIRFLOW_CTX_DAG_OWNER='***' AIRFLOW_CTX_DAG_ID='fetch_and_store_amazon_books' AIRFLOW_CTX_TASK_ID='create_table' AIRFLOW_CTX_EXECUTION_DATE='2024-07-06T00:00:00+00:00' AIRFLOW_CTX_TRY_NUMBER='1' AIRFLOW_CTX_DAG_RUN_ID='scheduled__2024-07-06T00:00:00+00:00'
[2024-10-26T19:34:21.891+0000] {logging_mixin.py:190} INFO - Task instance is in running state
[2024-10-26T19:34:21.891+0000] {logging_mixin.py:190} INFO -  Previous state of the Task instance: queued
[2024-10-26T19:34:21.892+0000] {logging_mixin.py:190} INFO - Current task name:create_table state:running start_date:2024-10-26 19:34:21.594173+00:00
[2024-10-26T19:34:21.893+0000] {logging_mixin.py:190} INFO - Dag name:fetch_and_store_amazon_books and current dag run status:running
[2024-10-26T19:34:21.893+0000] {taskinstance.py:731} INFO - ::endgroup::
[2024-10-26T19:34:21.894+0000] {sql.py:266} INFO - Executing: 
    CREATE TABLE IF NOT EXISTS books (
        id SERIAL PRIMARY KEY,
        title TEXT NOT NULL,
        authors TEXT,
        price TEXT,
        rating TEXT
    );
    
[2024-10-26T19:34:21.906+0000] {base.py:84} INFO - Retrieving connection 'books_connection'
[2024-10-26T19:34:21.917+0000] {base.py:84} INFO - Retrieving connection 'books_connection'
[2024-10-26T19:34:21.925+0000] {sql.py:509} INFO - Running statement: 
    CREATE TABLE IF NOT EXISTS books (
        id SERIAL PRIMARY KEY,
        title TEXT NOT NULL,
        authors TEXT,
        price TEXT,
        rating TEXT
    );
    , parameters: None
[2024-10-26T19:34:21.945+0000] {taskinstance.py:340} INFO - ::group::Post task execution logs
[2024-10-26T19:34:21.947+0000] {taskinstance.py:352} INFO - Marking task as SUCCESS. dag_id=fetch_and_store_amazon_books, task_id=create_table, run_id=scheduled__2024-07-06T00:00:00+00:00, execution_date=20240706T000000, start_date=20241026T193421, end_date=20241026T193421
[2024-10-26T19:34:21.962+0000] {logging_mixin.py:190} INFO - Task instance in success state
[2024-10-26T19:34:21.963+0000] {logging_mixin.py:190} INFO -  Previous state of the Task instance: running
[2024-10-26T19:34:21.963+0000] {logging_mixin.py:190} INFO - Dag name:fetch_and_store_amazon_books queued_at:2024-10-26 19:34:16.895893+00:00
[2024-10-26T19:34:21.964+0000] {logging_mixin.py:190} INFO - Task hostname:f1b284c02f67 operator:PostgresOperator
[2024-10-26T19:34:21.984+0000] {local_task_job_runner.py:266} INFO - Task exited with return code 0
[2024-10-26T19:34:21.999+0000] {warnings.py:112} WARNING - /home/***/.local/lib/python3.12/site-packages/***/models/baseoperator.py:1378: AirflowProviderDeprecationWarning: Call to deprecated class PostgresOperator. (Please use `***.providers.common.sql.operators.sql.SQLExecuteQueryOperator`.Also, you can provide `hook_params={'schema': <database>}`.)
  result = cls.__new__(cls)

[2024-10-26T19:34:22.027+0000] {taskinstance.py:3900} INFO - 1 downstream tasks scheduled from follow-on schedule check
[2024-10-26T19:34:22.033+0000] {local_task_job_runner.py:245} INFO - ::endgroup::
