[2024-10-26T19:21:33.452+0000] {local_task_job_runner.py:123} INFO - ::group::Pre task execution logs
[2024-10-26T19:21:33.487+0000] {taskinstance.py:2612} INFO - Dependencies all met for dep_context=non-requeueable deps ti=<TaskInstance: fetch_and_store_amazon_books.fetch_book_data scheduled__2024-06-24T00:00:00+00:00 [queued]>
[2024-10-26T19:21:33.508+0000] {taskinstance.py:2612} INFO - Dependencies all met for dep_context=requeueable deps ti=<TaskInstance: fetch_and_store_amazon_books.fetch_book_data scheduled__2024-06-24T00:00:00+00:00 [queued]>
[2024-10-26T19:21:33.509+0000] {taskinstance.py:2865} INFO - Starting attempt 1 of 2
[2024-10-26T19:21:33.536+0000] {taskinstance.py:2888} INFO - Executing <Task(PythonOperator): fetch_book_data> on 2024-06-24 00:00:00+00:00
[2024-10-26T19:21:33.555+0000] {warnings.py:112} WARNING - /home/***/.local/lib/python3.12/site-packages/***/task/task_runner/standard_task_runner.py:70: DeprecationWarning: This process (pid=537) is multi-threaded, use of fork() may lead to deadlocks in the child.
  pid = os.fork()

[2024-10-26T19:21:33.562+0000] {standard_task_runner.py:72} INFO - Started process 567 to run task
[2024-10-26T19:21:33.563+0000] {standard_task_runner.py:104} INFO - Running: ['***', 'tasks', 'run', 'fetch_and_store_amazon_books', 'fetch_book_data', 'scheduled__2024-06-24T00:00:00+00:00', '--job-id', '26', '--raw', '--subdir', 'DAGS_FOLDER/dag.py', '--cfg-path', '/tmp/tmp59d_ezdr']
[2024-10-26T19:21:33.566+0000] {standard_task_runner.py:105} INFO - Job 26: Subtask fetch_book_data
[2024-10-26T19:21:33.707+0000] {task_command.py:467} INFO - Running <TaskInstance: fetch_and_store_amazon_books.fetch_book_data scheduled__2024-06-24T00:00:00+00:00 [running]> on host f1b284c02f67
[2024-10-26T19:21:33.923+0000] {taskinstance.py:3131} INFO - Exporting env vars: AIRFLOW_CTX_DAG_OWNER='***' AIRFLOW_CTX_DAG_ID='fetch_and_store_amazon_books' AIRFLOW_CTX_TASK_ID='fetch_book_data' AIRFLOW_CTX_EXECUTION_DATE='2024-06-24T00:00:00+00:00' AIRFLOW_CTX_TRY_NUMBER='1' AIRFLOW_CTX_DAG_RUN_ID='scheduled__2024-06-24T00:00:00+00:00'
[2024-10-26T19:21:33.936+0000] {logging_mixin.py:190} INFO - Task instance is in running state
[2024-10-26T19:21:33.938+0000] {logging_mixin.py:190} INFO -  Previous state of the Task instance: queued
[2024-10-26T19:21:33.938+0000] {logging_mixin.py:190} INFO - Current task name:fetch_book_data state:running start_date:2024-10-26 19:21:33.489318+00:00
[2024-10-26T19:21:33.939+0000] {logging_mixin.py:190} INFO - Dag name:fetch_and_store_amazon_books and current dag run status:running
[2024-10-26T19:21:33.940+0000] {taskinstance.py:731} INFO - ::endgroup::
[2024-10-26T19:21:34.145+0000] {logging_mixin.py:190} INFO - Failed to retrieve the page
[2024-10-26T19:21:34.206+0000] {python.py:240} INFO - Done. Returned value was: None
[2024-10-26T19:21:34.251+0000] {taskinstance.py:340} INFO - ::group::Post task execution logs
[2024-10-26T19:21:34.258+0000] {taskinstance.py:352} INFO - Marking task as SUCCESS. dag_id=fetch_and_store_amazon_books, task_id=fetch_book_data, run_id=scheduled__2024-06-24T00:00:00+00:00, execution_date=20240624T000000, start_date=20241026T192133, end_date=20241026T192134
[2024-10-26T19:21:34.384+0000] {logging_mixin.py:190} INFO - Task instance in success state
[2024-10-26T19:21:34.385+0000] {logging_mixin.py:190} INFO -  Previous state of the Task instance: running
[2024-10-26T19:21:34.386+0000] {logging_mixin.py:190} INFO - Dag name:fetch_and_store_amazon_books queued_at:2024-10-26 19:21:29.096952+00:00
[2024-10-26T19:21:34.387+0000] {logging_mixin.py:190} INFO - Task hostname:f1b284c02f67 operator:PythonOperator
[2024-10-26T19:21:34.412+0000] {local_task_job_runner.py:266} INFO - Task exited with return code 0
[2024-10-26T19:21:34.430+0000] {warnings.py:112} WARNING - /home/***/.local/lib/python3.12/site-packages/***/models/baseoperator.py:1378: AirflowProviderDeprecationWarning: Call to deprecated class PostgresOperator. (Please use `***.providers.common.sql.operators.sql.SQLExecuteQueryOperator`.Also, you can provide `hook_params={'schema': <database>}`.)
  result = cls.__new__(cls)

[2024-10-26T19:21:34.467+0000] {taskinstance.py:3900} INFO - 1 downstream tasks scheduled from follow-on schedule check
[2024-10-26T19:21:34.473+0000] {local_task_job_runner.py:245} INFO - ::endgroup::
[2024-10-26T19:24:02.658+0000] {local_task_job_runner.py:123} INFO - ::group::Pre task execution logs
[2024-10-26T19:24:02.683+0000] {taskinstance.py:2612} INFO - Dependencies all met for dep_context=non-requeueable deps ti=<TaskInstance: fetch_and_store_amazon_books.fetch_book_data scheduled__2024-06-24T00:00:00+00:00 [queued]>
[2024-10-26T19:24:02.697+0000] {taskinstance.py:2612} INFO - Dependencies all met for dep_context=requeueable deps ti=<TaskInstance: fetch_and_store_amazon_books.fetch_book_data scheduled__2024-06-24T00:00:00+00:00 [queued]>
[2024-10-26T19:24:02.698+0000] {taskinstance.py:2865} INFO - Starting attempt 1 of 2
[2024-10-26T19:24:02.725+0000] {taskinstance.py:2888} INFO - Executing <Task(PythonOperator): fetch_book_data> on 2024-06-24 00:00:00+00:00
[2024-10-26T19:24:02.737+0000] {warnings.py:112} WARNING - /home/***/.local/lib/python3.12/site-packages/***/task/task_runner/standard_task_runner.py:70: DeprecationWarning: This process (pid=762) is multi-threaded, use of fork() may lead to deadlocks in the child.
  pid = os.fork()

[2024-10-26T19:24:02.739+0000] {standard_task_runner.py:72} INFO - Started process 792 to run task
[2024-10-26T19:24:02.740+0000] {standard_task_runner.py:104} INFO - Running: ['***', 'tasks', 'run', 'fetch_and_store_amazon_books', 'fetch_book_data', 'scheduled__2024-06-24T00:00:00+00:00', '--job-id', '75', '--raw', '--subdir', 'DAGS_FOLDER/dag.py', '--cfg-path', '/tmp/tmpo06k978z']
[2024-10-26T19:24:02.742+0000] {standard_task_runner.py:105} INFO - Job 75: Subtask fetch_book_data
[2024-10-26T19:24:02.809+0000] {task_command.py:467} INFO - Running <TaskInstance: fetch_and_store_amazon_books.fetch_book_data scheduled__2024-06-24T00:00:00+00:00 [running]> on host f1b284c02f67
[2024-10-26T19:24:02.920+0000] {taskinstance.py:3131} INFO - Exporting env vars: AIRFLOW_CTX_DAG_OWNER='***' AIRFLOW_CTX_DAG_ID='fetch_and_store_amazon_books' AIRFLOW_CTX_TASK_ID='fetch_book_data' AIRFLOW_CTX_EXECUTION_DATE='2024-06-24T00:00:00+00:00' AIRFLOW_CTX_TRY_NUMBER='1' AIRFLOW_CTX_DAG_RUN_ID='scheduled__2024-06-24T00:00:00+00:00'
[2024-10-26T19:24:02.922+0000] {logging_mixin.py:190} INFO - Task instance is in running state
[2024-10-26T19:24:02.923+0000] {logging_mixin.py:190} INFO -  Previous state of the Task instance: queued
[2024-10-26T19:24:02.924+0000] {logging_mixin.py:190} INFO - Current task name:fetch_book_data state:running start_date:2024-10-26 19:24:02.684576+00:00
[2024-10-26T19:24:02.925+0000] {logging_mixin.py:190} INFO - Dag name:fetch_and_store_amazon_books and current dag run status:running
[2024-10-26T19:24:02.926+0000] {taskinstance.py:731} INFO - ::endgroup::
[2024-10-26T19:24:03.062+0000] {logging_mixin.py:190} INFO - Failed to retrieve the page
[2024-10-26T19:24:03.086+0000] {logging_mixin.py:190} INFO - --> <TaskInstance: fetch_and_store_amazon_books.fetch_book_data scheduled__2024-06-24T00:00:00+00:00 [running]>
[2024-10-26T19:24:03.088+0000] {python.py:240} INFO - Done. Returned value was: None
[2024-10-26T19:24:03.101+0000] {taskinstance.py:340} INFO - ::group::Post task execution logs
[2024-10-26T19:24:03.101+0000] {taskinstance.py:352} INFO - Marking task as SUCCESS. dag_id=fetch_and_store_amazon_books, task_id=fetch_book_data, run_id=scheduled__2024-06-24T00:00:00+00:00, execution_date=20240624T000000, start_date=20241026T192402, end_date=20241026T192403
[2024-10-26T19:24:03.118+0000] {logging_mixin.py:190} INFO - Task instance in success state
[2024-10-26T19:24:03.119+0000] {logging_mixin.py:190} INFO -  Previous state of the Task instance: running
[2024-10-26T19:24:03.121+0000] {logging_mixin.py:190} INFO - Dag name:fetch_and_store_amazon_books queued_at:2024-10-26 19:24:00.398361+00:00
[2024-10-26T19:24:03.122+0000] {logging_mixin.py:190} INFO - Task hostname:f1b284c02f67 operator:PythonOperator
[2024-10-26T19:24:03.157+0000] {local_task_job_runner.py:266} INFO - Task exited with return code 0
[2024-10-26T19:24:03.172+0000] {warnings.py:112} WARNING - /home/***/.local/lib/python3.12/site-packages/***/models/baseoperator.py:1378: AirflowProviderDeprecationWarning: Call to deprecated class PostgresOperator. (Please use `***.providers.common.sql.operators.sql.SQLExecuteQueryOperator`.Also, you can provide `hook_params={'schema': <database>}`.)
  result = cls.__new__(cls)

[2024-10-26T19:24:03.200+0000] {taskinstance.py:3900} INFO - 1 downstream tasks scheduled from follow-on schedule check
[2024-10-26T19:24:03.203+0000] {local_task_job_runner.py:245} INFO - ::endgroup::
[2024-10-26T19:29:03.861+0000] {local_task_job_runner.py:123} INFO - ::group::Pre task execution logs
[2024-10-26T19:29:03.887+0000] {taskinstance.py:2612} INFO - Dependencies all met for dep_context=non-requeueable deps ti=<TaskInstance: fetch_and_store_amazon_books.fetch_book_data scheduled__2024-06-24T00:00:00+00:00 [queued]>
[2024-10-26T19:29:03.900+0000] {taskinstance.py:2612} INFO - Dependencies all met for dep_context=requeueable deps ti=<TaskInstance: fetch_and_store_amazon_books.fetch_book_data scheduled__2024-06-24T00:00:00+00:00 [queued]>
[2024-10-26T19:29:03.902+0000] {taskinstance.py:2865} INFO - Starting attempt 1 of 2
[2024-10-26T19:29:03.921+0000] {taskinstance.py:2888} INFO - Executing <Task(PythonOperator): fetch_book_data> on 2024-06-24 00:00:00+00:00
[2024-10-26T19:29:03.931+0000] {warnings.py:112} WARNING - /home/***/.local/lib/python3.12/site-packages/***/task/task_runner/standard_task_runner.py:70: DeprecationWarning: This process (pid=1048) is multi-threaded, use of fork() may lead to deadlocks in the child.
  pid = os.fork()

[2024-10-26T19:29:03.933+0000] {standard_task_runner.py:72} INFO - Started process 1076 to run task
[2024-10-26T19:29:03.934+0000] {standard_task_runner.py:104} INFO - Running: ['***', 'tasks', 'run', 'fetch_and_store_amazon_books', 'fetch_book_data', 'scheduled__2024-06-24T00:00:00+00:00', '--job-id', '131', '--raw', '--subdir', 'DAGS_FOLDER/dag.py', '--cfg-path', '/tmp/tmppq5qeko0']
[2024-10-26T19:29:03.936+0000] {standard_task_runner.py:105} INFO - Job 131: Subtask fetch_book_data
[2024-10-26T19:29:04.002+0000] {task_command.py:467} INFO - Running <TaskInstance: fetch_and_store_amazon_books.fetch_book_data scheduled__2024-06-24T00:00:00+00:00 [running]> on host f1b284c02f67
[2024-10-26T19:29:04.120+0000] {taskinstance.py:3131} INFO - Exporting env vars: AIRFLOW_CTX_DAG_OWNER='***' AIRFLOW_CTX_DAG_ID='fetch_and_store_amazon_books' AIRFLOW_CTX_TASK_ID='fetch_book_data' AIRFLOW_CTX_EXECUTION_DATE='2024-06-24T00:00:00+00:00' AIRFLOW_CTX_TRY_NUMBER='1' AIRFLOW_CTX_DAG_RUN_ID='scheduled__2024-06-24T00:00:00+00:00'
[2024-10-26T19:29:04.123+0000] {logging_mixin.py:190} INFO - Task instance is in running state
[2024-10-26T19:29:04.123+0000] {logging_mixin.py:190} INFO -  Previous state of the Task instance: queued
[2024-10-26T19:29:04.124+0000] {logging_mixin.py:190} INFO - Current task name:fetch_book_data state:running start_date:2024-10-26 19:29:03.888881+00:00
[2024-10-26T19:29:04.125+0000] {logging_mixin.py:190} INFO - Dag name:fetch_and_store_amazon_books and current dag run status:running
[2024-10-26T19:29:04.126+0000] {taskinstance.py:731} INFO - ::endgroup::
[2024-10-26T19:29:04.256+0000] {logging_mixin.py:190} INFO - Failed to retrieve the page
[2024-10-26T19:29:04.281+0000] {logging_mixin.py:190} INFO - --> <TaskInstance: fetch_and_store_amazon_books.fetch_book_data scheduled__2024-06-24T00:00:00+00:00 [running]>
[2024-10-26T19:29:04.283+0000] {python.py:240} INFO - Done. Returned value was: None
[2024-10-26T19:29:04.297+0000] {taskinstance.py:340} INFO - ::group::Post task execution logs
[2024-10-26T19:29:04.298+0000] {taskinstance.py:352} INFO - Marking task as SUCCESS. dag_id=fetch_and_store_amazon_books, task_id=fetch_book_data, run_id=scheduled__2024-06-24T00:00:00+00:00, execution_date=20240624T000000, start_date=20241026T192903, end_date=20241026T192904
[2024-10-26T19:29:04.311+0000] {logging_mixin.py:190} INFO - Task instance in success state
[2024-10-26T19:29:04.312+0000] {logging_mixin.py:190} INFO -  Previous state of the Task instance: running
[2024-10-26T19:29:04.313+0000] {logging_mixin.py:190} INFO - Dag name:fetch_and_store_amazon_books queued_at:2024-10-26 19:29:01.980211+00:00
[2024-10-26T19:29:04.313+0000] {logging_mixin.py:190} INFO - Task hostname:f1b284c02f67 operator:PythonOperator
[2024-10-26T19:29:04.350+0000] {local_task_job_runner.py:266} INFO - Task exited with return code 0
[2024-10-26T19:29:04.360+0000] {local_task_job_runner.py:245} INFO - ::endgroup::
