[2024-10-26T19:34:22.078+0000] {local_task_job_runner.py:123} INFO - ::group::Pre task execution logs
[2024-10-26T19:34:22.103+0000] {taskinstance.py:2612} INFO - Dependencies all met for dep_context=non-requeueable deps ti=<TaskInstance: fetch_and_store_amazon_books.create_table scheduled__2024-07-08T00:00:00+00:00 [queued]>
[2024-10-26T19:34:22.121+0000] {taskinstance.py:2612} INFO - Dependencies all met for dep_context=requeueable deps ti=<TaskInstance: fetch_and_store_amazon_books.create_table scheduled__2024-07-08T00:00:00+00:00 [queued]>
[2024-10-26T19:34:22.123+0000] {taskinstance.py:2865} INFO - Starting attempt 1 of 2
[2024-10-26T19:34:22.148+0000] {taskinstance.py:2888} INFO - Executing <Task(PostgresOperator): create_table> on 2024-07-08 00:00:00+00:00
[2024-10-26T19:34:22.159+0000] {warnings.py:112} WARNING - /home/***/.local/lib/python3.12/site-packages/***/task/task_runner/standard_task_runner.py:70: DeprecationWarning: This process (pid=1416) is multi-threaded, use of fork() may lead to deadlocks in the child.
  pid = os.fork()

[2024-10-26T19:34:22.161+0000] {standard_task_runner.py:72} INFO - Started process 1468 to run task
[2024-10-26T19:34:22.161+0000] {standard_task_runner.py:104} INFO - Running: ['***', 'tasks', 'run', 'fetch_and_store_amazon_books', 'create_table', 'scheduled__2024-07-08T00:00:00+00:00', '--job-id', '211', '--raw', '--subdir', 'DAGS_FOLDER/dag.py', '--cfg-path', '/tmp/tmpa0cqleem']
[2024-10-26T19:34:22.163+0000] {standard_task_runner.py:105} INFO - Job 211: Subtask create_table
[2024-10-26T19:34:22.228+0000] {task_command.py:467} INFO - Running <TaskInstance: fetch_and_store_amazon_books.create_table scheduled__2024-07-08T00:00:00+00:00 [running]> on host f1b284c02f67
[2024-10-26T19:34:22.339+0000] {taskinstance.py:3131} INFO - Exporting env vars: AIRFLOW_CTX_DAG_OWNER='***' AIRFLOW_CTX_DAG_ID='fetch_and_store_amazon_books' AIRFLOW_CTX_TASK_ID='create_table' AIRFLOW_CTX_EXECUTION_DATE='2024-07-08T00:00:00+00:00' AIRFLOW_CTX_TRY_NUMBER='1' AIRFLOW_CTX_DAG_RUN_ID='scheduled__2024-07-08T00:00:00+00:00'
[2024-10-26T19:34:22.342+0000] {logging_mixin.py:190} INFO - Task instance is in running state
[2024-10-26T19:34:22.343+0000] {logging_mixin.py:190} INFO -  Previous state of the Task instance: queued
[2024-10-26T19:34:22.345+0000] {logging_mixin.py:190} INFO - Current task name:create_table state:running start_date:2024-10-26 19:34:22.105540+00:00
[2024-10-26T19:34:22.346+0000] {logging_mixin.py:190} INFO - Dag name:fetch_and_store_amazon_books and current dag run status:running
[2024-10-26T19:34:22.346+0000] {taskinstance.py:731} INFO - ::endgroup::
[2024-10-26T19:34:22.347+0000] {sql.py:266} INFO - Executing: 
    CREATE TABLE IF NOT EXISTS books (
        id SERIAL PRIMARY KEY,
        title TEXT NOT NULL,
        authors TEXT,
        price TEXT,
        rating TEXT
    );
    
[2024-10-26T19:34:22.362+0000] {base.py:84} INFO - Retrieving connection 'books_connection'
[2024-10-26T19:34:22.374+0000] {base.py:84} INFO - Retrieving connection 'books_connection'
[2024-10-26T19:34:22.382+0000] {sql.py:509} INFO - Running statement: 
    CREATE TABLE IF NOT EXISTS books (
        id SERIAL PRIMARY KEY,
        title TEXT NOT NULL,
        authors TEXT,
        price TEXT,
        rating TEXT
    );
    , parameters: None
[2024-10-26T19:34:22.400+0000] {taskinstance.py:340} INFO - ::group::Post task execution logs
[2024-10-26T19:34:22.405+0000] {taskinstance.py:352} INFO - Marking task as SUCCESS. dag_id=fetch_and_store_amazon_books, task_id=create_table, run_id=scheduled__2024-07-08T00:00:00+00:00, execution_date=20240708T000000, start_date=20241026T193422, end_date=20241026T193422
[2024-10-26T19:34:22.422+0000] {logging_mixin.py:190} INFO - Task instance in success state
[2024-10-26T19:34:22.423+0000] {logging_mixin.py:190} INFO -  Previous state of the Task instance: running
[2024-10-26T19:34:22.425+0000] {logging_mixin.py:190} INFO - Dag name:fetch_and_store_amazon_books queued_at:2024-10-26 19:34:17.143827+00:00
[2024-10-26T19:34:22.426+0000] {logging_mixin.py:190} INFO - Task hostname:f1b284c02f67 operator:PostgresOperator
[2024-10-26T19:34:22.461+0000] {local_task_job_runner.py:266} INFO - Task exited with return code 0
[2024-10-26T19:34:22.476+0000] {warnings.py:112} WARNING - /home/***/.local/lib/python3.12/site-packages/***/models/baseoperator.py:1378: AirflowProviderDeprecationWarning: Call to deprecated class PostgresOperator. (Please use `***.providers.common.sql.operators.sql.SQLExecuteQueryOperator`.Also, you can provide `hook_params={'schema': <database>}`.)
  result = cls.__new__(cls)

[2024-10-26T19:34:22.501+0000] {taskinstance.py:3900} INFO - 1 downstream tasks scheduled from follow-on schedule check
[2024-10-26T19:34:22.505+0000] {local_task_job_runner.py:245} INFO - ::endgroup::
