[2024-10-26T19:21:38.514+0000] {local_task_job_runner.py:123} INFO - ::group::Pre task execution logs
[2024-10-26T19:21:38.556+0000] {taskinstance.py:2612} INFO - Dependencies all met for dep_context=non-requeueable deps ti=<TaskInstance: fetch_and_store_amazon_books.create_table scheduled__2024-06-29T00:00:00+00:00 [queued]>
[2024-10-26T19:21:38.575+0000] {taskinstance.py:2612} INFO - Dependencies all met for dep_context=requeueable deps ti=<TaskInstance: fetch_and_store_amazon_books.create_table scheduled__2024-06-29T00:00:00+00:00 [queued]>
[2024-10-26T19:21:38.576+0000] {taskinstance.py:2865} INFO - Starting attempt 1 of 2
[2024-10-26T19:21:38.600+0000] {taskinstance.py:2888} INFO - Executing <Task(PostgresOperator): create_table> on 2024-06-29 00:00:00+00:00
[2024-10-26T19:21:38.653+0000] {warnings.py:112} WARNING - /home/***/.local/lib/python3.12/site-packages/***/task/task_runner/standard_task_runner.py:70: DeprecationWarning: This process (pid=608) is multi-threaded, use of fork() may lead to deadlocks in the child.
  pid = os.fork()

[2024-10-26T19:21:38.667+0000] {standard_task_runner.py:104} INFO - Running: ['***', 'tasks', 'run', 'fetch_and_store_amazon_books', 'create_table', 'scheduled__2024-06-29T00:00:00+00:00', '--job-id', '43', '--raw', '--subdir', 'DAGS_FOLDER/dag.py', '--cfg-path', '/tmp/tmpo2axn5d3']
[2024-10-26T19:21:38.668+0000] {standard_task_runner.py:72} INFO - Started process 633 to run task
[2024-10-26T19:21:38.685+0000] {standard_task_runner.py:105} INFO - Job 43: Subtask create_table
[2024-10-26T19:21:38.902+0000] {task_command.py:467} INFO - Running <TaskInstance: fetch_and_store_amazon_books.create_table scheduled__2024-06-29T00:00:00+00:00 [running]> on host f1b284c02f67
[2024-10-26T19:21:39.059+0000] {taskinstance.py:3131} INFO - Exporting env vars: AIRFLOW_CTX_DAG_OWNER='***' AIRFLOW_CTX_DAG_ID='fetch_and_store_amazon_books' AIRFLOW_CTX_TASK_ID='create_table' AIRFLOW_CTX_EXECUTION_DATE='2024-06-29T00:00:00+00:00' AIRFLOW_CTX_TRY_NUMBER='1' AIRFLOW_CTX_DAG_RUN_ID='scheduled__2024-06-29T00:00:00+00:00'
[2024-10-26T19:21:39.063+0000] {logging_mixin.py:190} INFO - Task instance is in running state
[2024-10-26T19:21:39.065+0000] {logging_mixin.py:190} INFO -  Previous state of the Task instance: queued
[2024-10-26T19:21:39.066+0000] {logging_mixin.py:190} INFO - Current task name:create_table state:running start_date:2024-10-26 19:21:38.558196+00:00
[2024-10-26T19:21:39.070+0000] {logging_mixin.py:190} INFO - Dag name:fetch_and_store_amazon_books and current dag run status:running
[2024-10-26T19:21:39.071+0000] {taskinstance.py:731} INFO - ::endgroup::
[2024-10-26T19:21:39.072+0000] {sql.py:266} INFO - Executing: 
    CREATE TABLE IF NOT EXISTS books (
        id SERIAL PRIMARY KEY,
        title TEXT NOT NULL,
        authors TEXT,
        price TEXT,
        rating TEXT
    );
    
[2024-10-26T19:21:39.096+0000] {base.py:84} INFO - Retrieving connection 'books_connection'
[2024-10-26T19:21:39.109+0000] {base.py:84} INFO - Retrieving connection 'books_connection'
[2024-10-26T19:21:39.118+0000] {sql.py:509} INFO - Running statement: 
    CREATE TABLE IF NOT EXISTS books (
        id SERIAL PRIMARY KEY,
        title TEXT NOT NULL,
        authors TEXT,
        price TEXT,
        rating TEXT
    );
    , parameters: None
[2024-10-26T19:21:39.138+0000] {taskinstance.py:340} INFO - ::group::Post task execution logs
[2024-10-26T19:21:39.142+0000] {taskinstance.py:352} INFO - Marking task as SUCCESS. dag_id=fetch_and_store_amazon_books, task_id=create_table, run_id=scheduled__2024-06-29T00:00:00+00:00, execution_date=20240629T000000, start_date=20241026T192138, end_date=20241026T192139
[2024-10-26T19:21:39.160+0000] {logging_mixin.py:190} INFO - Task instance in success state
[2024-10-26T19:21:39.162+0000] {logging_mixin.py:190} INFO -  Previous state of the Task instance: running
[2024-10-26T19:21:39.164+0000] {logging_mixin.py:190} INFO - Dag name:fetch_and_store_amazon_books queued_at:2024-10-26 19:21:30.089757+00:00
[2024-10-26T19:21:39.166+0000] {logging_mixin.py:190} INFO - Task hostname:f1b284c02f67 operator:PostgresOperator
[2024-10-26T19:21:39.224+0000] {local_task_job_runner.py:266} INFO - Task exited with return code 0
[2024-10-26T19:21:39.251+0000] {warnings.py:112} WARNING - /home/***/.local/lib/python3.12/site-packages/***/models/baseoperator.py:1378: AirflowProviderDeprecationWarning: Call to deprecated class PostgresOperator. (Please use `***.providers.common.sql.operators.sql.SQLExecuteQueryOperator`.Also, you can provide `hook_params={'schema': <database>}`.)
  result = cls.__new__(cls)

[2024-10-26T19:21:39.285+0000] {taskinstance.py:3900} INFO - 1 downstream tasks scheduled from follow-on schedule check
[2024-10-26T19:21:39.292+0000] {local_task_job_runner.py:245} INFO - ::endgroup::
[2024-10-26T19:24:06.637+0000] {local_task_job_runner.py:123} INFO - ::group::Pre task execution logs
[2024-10-26T19:24:06.665+0000] {taskinstance.py:2612} INFO - Dependencies all met for dep_context=non-requeueable deps ti=<TaskInstance: fetch_and_store_amazon_books.create_table scheduled__2024-06-29T00:00:00+00:00 [queued]>
[2024-10-26T19:24:06.679+0000] {taskinstance.py:2612} INFO - Dependencies all met for dep_context=requeueable deps ti=<TaskInstance: fetch_and_store_amazon_books.create_table scheduled__2024-06-29T00:00:00+00:00 [queued]>
[2024-10-26T19:24:06.680+0000] {taskinstance.py:2865} INFO - Starting attempt 1 of 2
[2024-10-26T19:24:06.702+0000] {taskinstance.py:2888} INFO - Executing <Task(PostgresOperator): create_table> on 2024-06-29 00:00:00+00:00
[2024-10-26T19:24:06.714+0000] {warnings.py:112} WARNING - /home/***/.local/lib/python3.12/site-packages/***/task/task_runner/standard_task_runner.py:70: DeprecationWarning: This process (pid=829) is multi-threaded, use of fork() may lead to deadlocks in the child.
  pid = os.fork()

[2024-10-26T19:24:06.717+0000] {standard_task_runner.py:72} INFO - Started process 876 to run task
[2024-10-26T19:24:06.717+0000] {standard_task_runner.py:104} INFO - Running: ['***', 'tasks', 'run', 'fetch_and_store_amazon_books', 'create_table', 'scheduled__2024-06-29T00:00:00+00:00', '--job-id', '93', '--raw', '--subdir', 'DAGS_FOLDER/dag.py', '--cfg-path', '/tmp/tmpnn2jyw0w']
[2024-10-26T19:24:06.718+0000] {standard_task_runner.py:105} INFO - Job 93: Subtask create_table
[2024-10-26T19:24:06.787+0000] {task_command.py:467} INFO - Running <TaskInstance: fetch_and_store_amazon_books.create_table scheduled__2024-06-29T00:00:00+00:00 [running]> on host f1b284c02f67
[2024-10-26T19:24:06.901+0000] {taskinstance.py:3131} INFO - Exporting env vars: AIRFLOW_CTX_DAG_OWNER='***' AIRFLOW_CTX_DAG_ID='fetch_and_store_amazon_books' AIRFLOW_CTX_TASK_ID='create_table' AIRFLOW_CTX_EXECUTION_DATE='2024-06-29T00:00:00+00:00' AIRFLOW_CTX_TRY_NUMBER='1' AIRFLOW_CTX_DAG_RUN_ID='scheduled__2024-06-29T00:00:00+00:00'
[2024-10-26T19:24:06.904+0000] {logging_mixin.py:190} INFO - Task instance is in running state
[2024-10-26T19:24:06.905+0000] {logging_mixin.py:190} INFO -  Previous state of the Task instance: queued
[2024-10-26T19:24:06.906+0000] {logging_mixin.py:190} INFO - Current task name:create_table state:running start_date:2024-10-26 19:24:06.666550+00:00
[2024-10-26T19:24:06.906+0000] {logging_mixin.py:190} INFO - Dag name:fetch_and_store_amazon_books and current dag run status:running
[2024-10-26T19:24:06.909+0000] {taskinstance.py:731} INFO - ::endgroup::
[2024-10-26T19:24:06.910+0000] {sql.py:266} INFO - Executing: 
    CREATE TABLE IF NOT EXISTS books (
        id SERIAL PRIMARY KEY,
        title TEXT NOT NULL,
        authors TEXT,
        price TEXT,
        rating TEXT
    );
    
[2024-10-26T19:24:06.924+0000] {base.py:84} INFO - Retrieving connection 'books_connection'
[2024-10-26T19:24:06.937+0000] {base.py:84} INFO - Retrieving connection 'books_connection'
[2024-10-26T19:24:06.944+0000] {sql.py:509} INFO - Running statement: 
    CREATE TABLE IF NOT EXISTS books (
        id SERIAL PRIMARY KEY,
        title TEXT NOT NULL,
        authors TEXT,
        price TEXT,
        rating TEXT
    );
    , parameters: None
[2024-10-26T19:24:06.959+0000] {taskinstance.py:340} INFO - ::group::Post task execution logs
[2024-10-26T19:24:06.961+0000] {taskinstance.py:352} INFO - Marking task as SUCCESS. dag_id=fetch_and_store_amazon_books, task_id=create_table, run_id=scheduled__2024-06-29T00:00:00+00:00, execution_date=20240629T000000, start_date=20241026T192406, end_date=20241026T192406
[2024-10-26T19:24:06.975+0000] {logging_mixin.py:190} INFO - Task instance in success state
[2024-10-26T19:24:06.976+0000] {logging_mixin.py:190} INFO -  Previous state of the Task instance: running
[2024-10-26T19:24:06.977+0000] {logging_mixin.py:190} INFO - Dag name:fetch_and_store_amazon_books queued_at:2024-10-26 19:24:01.251127+00:00
[2024-10-26T19:24:06.978+0000] {logging_mixin.py:190} INFO - Task hostname:f1b284c02f67 operator:PostgresOperator
[2024-10-26T19:24:07.016+0000] {local_task_job_runner.py:266} INFO - Task exited with return code 0
[2024-10-26T19:24:07.035+0000] {warnings.py:112} WARNING - /home/***/.local/lib/python3.12/site-packages/***/models/baseoperator.py:1378: AirflowProviderDeprecationWarning: Call to deprecated class PostgresOperator. (Please use `***.providers.common.sql.operators.sql.SQLExecuteQueryOperator`.Also, you can provide `hook_params={'schema': <database>}`.)
  result = cls.__new__(cls)

[2024-10-26T19:24:07.059+0000] {taskinstance.py:3900} INFO - 1 downstream tasks scheduled from follow-on schedule check
[2024-10-26T19:24:07.065+0000] {local_task_job_runner.py:245} INFO - ::endgroup::
[2024-10-26T19:29:08.014+0000] {local_task_job_runner.py:123} INFO - ::group::Pre task execution logs
[2024-10-26T19:29:08.042+0000] {taskinstance.py:2612} INFO - Dependencies all met for dep_context=non-requeueable deps ti=<TaskInstance: fetch_and_store_amazon_books.create_table scheduled__2024-06-29T00:00:00+00:00 [queued]>
[2024-10-26T19:29:08.055+0000] {taskinstance.py:2612} INFO - Dependencies all met for dep_context=requeueable deps ti=<TaskInstance: fetch_and_store_amazon_books.create_table scheduled__2024-06-29T00:00:00+00:00 [queued]>
[2024-10-26T19:29:08.057+0000] {taskinstance.py:2865} INFO - Starting attempt 1 of 2
[2024-10-26T19:29:08.082+0000] {taskinstance.py:2888} INFO - Executing <Task(PostgresOperator): create_table> on 2024-06-29 00:00:00+00:00
[2024-10-26T19:29:08.098+0000] {warnings.py:112} WARNING - /home/***/.local/lib/python3.12/site-packages/***/task/task_runner/standard_task_runner.py:70: DeprecationWarning: This process (pid=1116) is multi-threaded, use of fork() may lead to deadlocks in the child.
  pid = os.fork()

[2024-10-26T19:29:08.101+0000] {standard_task_runner.py:104} INFO - Running: ['***', 'tasks', 'run', 'fetch_and_store_amazon_books', 'create_table', 'scheduled__2024-06-29T00:00:00+00:00', '--job-id', '152', '--raw', '--subdir', 'DAGS_FOLDER/dag.py', '--cfg-path', '/tmp/tmp621lp1vs']
[2024-10-26T19:29:08.104+0000] {standard_task_runner.py:72} INFO - Started process 1171 to run task
[2024-10-26T19:29:08.104+0000] {standard_task_runner.py:105} INFO - Job 152: Subtask create_table
[2024-10-26T19:29:08.180+0000] {task_command.py:467} INFO - Running <TaskInstance: fetch_and_store_amazon_books.create_table scheduled__2024-06-29T00:00:00+00:00 [running]> on host f1b284c02f67
[2024-10-26T19:29:08.295+0000] {taskinstance.py:3131} INFO - Exporting env vars: AIRFLOW_CTX_DAG_OWNER='***' AIRFLOW_CTX_DAG_ID='fetch_and_store_amazon_books' AIRFLOW_CTX_TASK_ID='create_table' AIRFLOW_CTX_EXECUTION_DATE='2024-06-29T00:00:00+00:00' AIRFLOW_CTX_TRY_NUMBER='1' AIRFLOW_CTX_DAG_RUN_ID='scheduled__2024-06-29T00:00:00+00:00'
[2024-10-26T19:29:08.297+0000] {logging_mixin.py:190} INFO - Task instance is in running state
[2024-10-26T19:29:08.297+0000] {logging_mixin.py:190} INFO -  Previous state of the Task instance: queued
[2024-10-26T19:29:08.298+0000] {logging_mixin.py:190} INFO - Current task name:create_table state:running start_date:2024-10-26 19:29:08.042851+00:00
[2024-10-26T19:29:08.299+0000] {logging_mixin.py:190} INFO - Dag name:fetch_and_store_amazon_books and current dag run status:running
[2024-10-26T19:29:08.299+0000] {taskinstance.py:731} INFO - ::endgroup::
[2024-10-26T19:29:08.300+0000] {sql.py:266} INFO - Executing: 
    CREATE TABLE IF NOT EXISTS books (
        id SERIAL PRIMARY KEY,
        title TEXT NOT NULL,
        authors TEXT,
        price TEXT,
        rating TEXT
    );
    
[2024-10-26T19:29:08.313+0000] {base.py:84} INFO - Retrieving connection 'books_connection'
[2024-10-26T19:29:08.325+0000] {base.py:84} INFO - Retrieving connection 'books_connection'
[2024-10-26T19:29:08.340+0000] {sql.py:509} INFO - Running statement: 
    CREATE TABLE IF NOT EXISTS books (
        id SERIAL PRIMARY KEY,
        title TEXT NOT NULL,
        authors TEXT,
        price TEXT,
        rating TEXT
    );
    , parameters: None
[2024-10-26T19:29:08.366+0000] {taskinstance.py:340} INFO - ::group::Post task execution logs
[2024-10-26T19:29:08.367+0000] {taskinstance.py:352} INFO - Marking task as SUCCESS. dag_id=fetch_and_store_amazon_books, task_id=create_table, run_id=scheduled__2024-06-29T00:00:00+00:00, execution_date=20240629T000000, start_date=20241026T192908, end_date=20241026T192908
[2024-10-26T19:29:08.382+0000] {logging_mixin.py:190} INFO - Task instance in success state
[2024-10-26T19:29:08.383+0000] {logging_mixin.py:190} INFO -  Previous state of the Task instance: running
[2024-10-26T19:29:08.383+0000] {logging_mixin.py:190} INFO - Dag name:fetch_and_store_amazon_books queued_at:2024-10-26 19:29:02.850726+00:00
[2024-10-26T19:29:08.384+0000] {logging_mixin.py:190} INFO - Task hostname:f1b284c02f67 operator:PostgresOperator
[2024-10-26T19:29:08.404+0000] {local_task_job_runner.py:266} INFO - Task exited with return code 0
[2024-10-26T19:29:08.416+0000] {local_task_job_runner.py:245} INFO - ::endgroup::
