[2024-10-26T19:39:37.183+0000] {local_task_job_runner.py:123} INFO - ::group::Pre task execution logs
[2024-10-26T19:39:37.206+0000] {taskinstance.py:2612} INFO - Dependencies all met for dep_context=non-requeueable deps ti=<TaskInstance: fetch_and_store_amazon_books.fetch_book_data scheduled__2024-07-24T00:00:00+00:00 [queued]>
[2024-10-26T19:39:37.217+0000] {taskinstance.py:2612} INFO - Dependencies all met for dep_context=requeueable deps ti=<TaskInstance: fetch_and_store_amazon_books.fetch_book_data scheduled__2024-07-24T00:00:00+00:00 [queued]>
[2024-10-26T19:39:37.219+0000] {taskinstance.py:2865} INFO - Starting attempt 1 of 2
[2024-10-26T19:39:37.366+0000] {taskinstance.py:2888} INFO - Executing <Task(PythonOperator): fetch_book_data> on 2024-07-24 00:00:00+00:00
[2024-10-26T19:39:37.376+0000] {warnings.py:112} WARNING - /home/***/.local/lib/python3.12/site-packages/***/task/task_runner/standard_task_runner.py:70: DeprecationWarning: This process (pid=1693) is multi-threaded, use of fork() may lead to deadlocks in the child.
  pid = os.fork()

[2024-10-26T19:39:37.379+0000] {standard_task_runner.py:72} INFO - Started process 1719 to run task
[2024-10-26T19:39:37.379+0000] {standard_task_runner.py:104} INFO - Running: ['***', 'tasks', 'run', 'fetch_and_store_amazon_books', 'fetch_book_data', 'scheduled__2024-07-24T00:00:00+00:00', '--job-id', '258', '--raw', '--subdir', 'DAGS_FOLDER/dag.py', '--cfg-path', '/tmp/tmpz6h3sxdd']
[2024-10-26T19:39:37.380+0000] {standard_task_runner.py:105} INFO - Job 258: Subtask fetch_book_data
[2024-10-26T19:39:37.451+0000] {task_command.py:467} INFO - Running <TaskInstance: fetch_and_store_amazon_books.fetch_book_data scheduled__2024-07-24T00:00:00+00:00 [running]> on host f1b284c02f67
[2024-10-26T19:39:37.562+0000] {taskinstance.py:3131} INFO - Exporting env vars: AIRFLOW_CTX_DAG_OWNER='***' AIRFLOW_CTX_DAG_ID='fetch_and_store_amazon_books' AIRFLOW_CTX_TASK_ID='fetch_book_data' AIRFLOW_CTX_EXECUTION_DATE='2024-07-24T00:00:00+00:00' AIRFLOW_CTX_TRY_NUMBER='1' AIRFLOW_CTX_DAG_RUN_ID='scheduled__2024-07-24T00:00:00+00:00'
[2024-10-26T19:39:37.564+0000] {logging_mixin.py:190} INFO - Task instance is in running state
[2024-10-26T19:39:37.565+0000] {logging_mixin.py:190} INFO -  Previous state of the Task instance: queued
[2024-10-26T19:39:37.566+0000] {logging_mixin.py:190} INFO - Current task name:fetch_book_data state:running start_date:2024-10-26 19:39:37.207422+00:00
[2024-10-26T19:39:37.567+0000] {logging_mixin.py:190} INFO - Dag name:fetch_and_store_amazon_books and current dag run status:running
[2024-10-26T19:39:37.568+0000] {taskinstance.py:731} INFO - ::endgroup::
[2024-10-26T19:39:37.708+0000] {logging_mixin.py:190} INFO - Failed to retrieve the page
[2024-10-26T19:39:37.737+0000] {logging_mixin.py:190} INFO - --> <TaskInstance: fetch_and_store_amazon_books.fetch_book_data scheduled__2024-07-24T00:00:00+00:00 [running]>
[2024-10-26T19:39:37.738+0000] {python.py:240} INFO - Done. Returned value was: None
[2024-10-26T19:39:37.752+0000] {taskinstance.py:340} INFO - ::group::Post task execution logs
[2024-10-26T19:39:37.754+0000] {taskinstance.py:352} INFO - Marking task as SUCCESS. dag_id=fetch_and_store_amazon_books, task_id=fetch_book_data, run_id=scheduled__2024-07-24T00:00:00+00:00, execution_date=20240724T000000, start_date=20241026T193937, end_date=20241026T193937
[2024-10-26T19:39:37.777+0000] {logging_mixin.py:190} INFO - Task instance in success state
[2024-10-26T19:39:37.778+0000] {logging_mixin.py:190} INFO -  Previous state of the Task instance: running
[2024-10-26T19:39:37.779+0000] {logging_mixin.py:190} INFO - Dag name:fetch_and_store_amazon_books queued_at:2024-10-26 19:39:35.217633+00:00
[2024-10-26T19:39:37.780+0000] {logging_mixin.py:190} INFO - Task hostname:f1b284c02f67 operator:PythonOperator
[2024-10-26T19:39:37.796+0000] {local_task_job_runner.py:266} INFO - Task exited with return code 0
[2024-10-26T19:39:37.817+0000] {warnings.py:112} WARNING - /home/***/.local/lib/python3.12/site-packages/***/models/baseoperator.py:1378: AirflowProviderDeprecationWarning: Call to deprecated class PostgresOperator. (Please use `***.providers.common.sql.operators.sql.SQLExecuteQueryOperator`.Also, you can provide `hook_params={'schema': <database>}`.)
  result = cls.__new__(cls)

[2024-10-26T19:39:37.849+0000] {taskinstance.py:3900} INFO - 1 downstream tasks scheduled from follow-on schedule check
[2024-10-26T19:39:37.855+0000] {local_task_job_runner.py:245} INFO - ::endgroup::
