[2024-10-26T19:39:40.394+0000] {local_task_job_runner.py:123} INFO - ::group::Pre task execution logs
[2024-10-26T19:39:40.420+0000] {taskinstance.py:2612} INFO - Dependencies all met for dep_context=non-requeueable deps ti=<TaskInstance: fetch_and_store_amazon_books.create_table scheduled__2024-07-20T00:00:00+00:00 [queued]>
[2024-10-26T19:39:40.433+0000] {taskinstance.py:2612} INFO - Dependencies all met for dep_context=requeueable deps ti=<TaskInstance: fetch_and_store_amazon_books.create_table scheduled__2024-07-20T00:00:00+00:00 [queued]>
[2024-10-26T19:39:40.434+0000] {taskinstance.py:2865} INFO - Starting attempt 1 of 2
[2024-10-26T19:39:40.454+0000] {taskinstance.py:2888} INFO - Executing <Task(PostgresOperator): create_table> on 2024-07-20 00:00:00+00:00
[2024-10-26T19:39:40.465+0000] {warnings.py:112} WARNING - /home/***/.local/lib/python3.12/site-packages/***/task/task_runner/standard_task_runner.py:70: DeprecationWarning: This process (pid=1727) is multi-threaded, use of fork() may lead to deadlocks in the child.
  pid = os.fork()

[2024-10-26T19:39:40.467+0000] {standard_task_runner.py:72} INFO - Started process 1765 to run task
[2024-10-26T19:39:40.467+0000] {standard_task_runner.py:104} INFO - Running: ['***', 'tasks', 'run', 'fetch_and_store_amazon_books', 'create_table', 'scheduled__2024-07-20T00:00:00+00:00', '--job-id', '269', '--raw', '--subdir', 'DAGS_FOLDER/dag.py', '--cfg-path', '/tmp/tmp7zibpzjp']
[2024-10-26T19:39:40.469+0000] {standard_task_runner.py:105} INFO - Job 269: Subtask create_table
[2024-10-26T19:39:40.567+0000] {task_command.py:467} INFO - Running <TaskInstance: fetch_and_store_amazon_books.create_table scheduled__2024-07-20T00:00:00+00:00 [running]> on host f1b284c02f67
[2024-10-26T19:39:40.698+0000] {taskinstance.py:3131} INFO - Exporting env vars: AIRFLOW_CTX_DAG_OWNER='***' AIRFLOW_CTX_DAG_ID='fetch_and_store_amazon_books' AIRFLOW_CTX_TASK_ID='create_table' AIRFLOW_CTX_EXECUTION_DATE='2024-07-20T00:00:00+00:00' AIRFLOW_CTX_TRY_NUMBER='1' AIRFLOW_CTX_DAG_RUN_ID='scheduled__2024-07-20T00:00:00+00:00'
[2024-10-26T19:39:40.700+0000] {logging_mixin.py:190} INFO - Task instance is in running state
[2024-10-26T19:39:40.700+0000] {logging_mixin.py:190} INFO -  Previous state of the Task instance: queued
[2024-10-26T19:39:40.701+0000] {logging_mixin.py:190} INFO - Current task name:create_table state:running start_date:2024-10-26 19:39:40.421089+00:00
[2024-10-26T19:39:40.702+0000] {logging_mixin.py:190} INFO - Dag name:fetch_and_store_amazon_books and current dag run status:running
[2024-10-26T19:39:40.703+0000] {taskinstance.py:731} INFO - ::endgroup::
[2024-10-26T19:39:40.704+0000] {sql.py:266} INFO - Executing: 
    CREATE TABLE IF NOT EXISTS books (
        id SERIAL PRIMARY KEY,
        title TEXT NOT NULL,
        authors TEXT,
        price TEXT,
        rating TEXT
    );
    
[2024-10-26T19:39:40.716+0000] {base.py:84} INFO - Retrieving connection 'books_connection'
[2024-10-26T19:39:40.728+0000] {base.py:84} INFO - Retrieving connection 'books_connection'
[2024-10-26T19:39:40.733+0000] {sql.py:509} INFO - Running statement: 
    CREATE TABLE IF NOT EXISTS books (
        id SERIAL PRIMARY KEY,
        title TEXT NOT NULL,
        authors TEXT,
        price TEXT,
        rating TEXT
    );
    , parameters: None
[2024-10-26T19:39:40.748+0000] {taskinstance.py:340} INFO - ::group::Post task execution logs
[2024-10-26T19:39:40.749+0000] {taskinstance.py:352} INFO - Marking task as SUCCESS. dag_id=fetch_and_store_amazon_books, task_id=create_table, run_id=scheduled__2024-07-20T00:00:00+00:00, execution_date=20240720T000000, start_date=20241026T193940, end_date=20241026T193940
[2024-10-26T19:39:40.761+0000] {logging_mixin.py:190} INFO - Task instance in success state
[2024-10-26T19:39:40.762+0000] {logging_mixin.py:190} INFO -  Previous state of the Task instance: running
[2024-10-26T19:39:40.763+0000] {logging_mixin.py:190} INFO - Dag name:fetch_and_store_amazon_books queued_at:2024-10-26 19:39:34.819941+00:00
[2024-10-26T19:39:40.764+0000] {logging_mixin.py:190} INFO - Task hostname:f1b284c02f67 operator:PostgresOperator
[2024-10-26T19:39:40.804+0000] {local_task_job_runner.py:266} INFO - Task exited with return code 0
[2024-10-26T19:39:40.814+0000] {local_task_job_runner.py:245} INFO - ::endgroup::
