[2024-10-26T19:21:40.295+0000] {local_task_job_runner.py:123} INFO - ::group::Pre task execution logs
[2024-10-26T19:21:40.323+0000] {taskinstance.py:2612} INFO - Dependencies all met for dep_context=non-requeueable deps ti=<TaskInstance: fetch_and_store_amazon_books.create_table scheduled__2024-06-26T00:00:00+00:00 [queued]>
[2024-10-26T19:21:40.338+0000] {taskinstance.py:2612} INFO - Dependencies all met for dep_context=requeueable deps ti=<TaskInstance: fetch_and_store_amazon_books.create_table scheduled__2024-06-26T00:00:00+00:00 [queued]>
[2024-10-26T19:21:40.339+0000] {taskinstance.py:2865} INFO - Starting attempt 1 of 2
[2024-10-26T19:21:40.366+0000] {taskinstance.py:2888} INFO - Executing <Task(PostgresOperator): create_table> on 2024-06-26 00:00:00+00:00
[2024-10-26T19:21:40.380+0000] {warnings.py:112} WARNING - /home/***/.local/lib/python3.12/site-packages/***/task/task_runner/standard_task_runner.py:70: DeprecationWarning: This process (pid=586) is multi-threaded, use of fork() may lead to deadlocks in the child.
  pid = os.fork()

[2024-10-26T19:21:40.383+0000] {standard_task_runner.py:72} INFO - Started process 663 to run task
[2024-10-26T19:21:40.382+0000] {standard_task_runner.py:104} INFO - Running: ['***', 'tasks', 'run', 'fetch_and_store_amazon_books', 'create_table', 'scheduled__2024-06-26T00:00:00+00:00', '--job-id', '51', '--raw', '--subdir', 'DAGS_FOLDER/dag.py', '--cfg-path', '/tmp/tmp4_efmdl7']
[2024-10-26T19:21:40.385+0000] {standard_task_runner.py:105} INFO - Job 51: Subtask create_table
[2024-10-26T19:21:40.462+0000] {task_command.py:467} INFO - Running <TaskInstance: fetch_and_store_amazon_books.create_table scheduled__2024-06-26T00:00:00+00:00 [running]> on host f1b284c02f67
[2024-10-26T19:21:40.619+0000] {taskinstance.py:3131} INFO - Exporting env vars: AIRFLOW_CTX_DAG_OWNER='***' AIRFLOW_CTX_DAG_ID='fetch_and_store_amazon_books' AIRFLOW_CTX_TASK_ID='create_table' AIRFLOW_CTX_EXECUTION_DATE='2024-06-26T00:00:00+00:00' AIRFLOW_CTX_TRY_NUMBER='1' AIRFLOW_CTX_DAG_RUN_ID='scheduled__2024-06-26T00:00:00+00:00'
[2024-10-26T19:21:40.623+0000] {logging_mixin.py:190} INFO - Task instance is in running state
[2024-10-26T19:21:40.625+0000] {logging_mixin.py:190} INFO -  Previous state of the Task instance: queued
[2024-10-26T19:21:40.626+0000] {logging_mixin.py:190} INFO - Current task name:create_table state:running start_date:2024-10-26 19:21:40.324735+00:00
[2024-10-26T19:21:40.627+0000] {logging_mixin.py:190} INFO - Dag name:fetch_and_store_amazon_books and current dag run status:running
[2024-10-26T19:21:40.629+0000] {taskinstance.py:731} INFO - ::endgroup::
[2024-10-26T19:21:40.633+0000] {sql.py:266} INFO - Executing: 
    CREATE TABLE IF NOT EXISTS books (
        id SERIAL PRIMARY KEY,
        title TEXT NOT NULL,
        authors TEXT,
        price TEXT,
        rating TEXT
    );
    
[2024-10-26T19:21:40.649+0000] {base.py:84} INFO - Retrieving connection 'books_connection'
[2024-10-26T19:21:40.660+0000] {base.py:84} INFO - Retrieving connection 'books_connection'
[2024-10-26T19:21:40.667+0000] {sql.py:509} INFO - Running statement: 
    CREATE TABLE IF NOT EXISTS books (
        id SERIAL PRIMARY KEY,
        title TEXT NOT NULL,
        authors TEXT,
        price TEXT,
        rating TEXT
    );
    , parameters: None
[2024-10-26T19:21:40.690+0000] {taskinstance.py:340} INFO - ::group::Post task execution logs
[2024-10-26T19:21:40.691+0000] {taskinstance.py:352} INFO - Marking task as SUCCESS. dag_id=fetch_and_store_amazon_books, task_id=create_table, run_id=scheduled__2024-06-26T00:00:00+00:00, execution_date=20240626T000000, start_date=20241026T192140, end_date=20241026T192140
[2024-10-26T19:21:40.710+0000] {logging_mixin.py:190} INFO - Task instance in success state
[2024-10-26T19:21:40.711+0000] {logging_mixin.py:190} INFO -  Previous state of the Task instance: running
[2024-10-26T19:21:40.712+0000] {logging_mixin.py:190} INFO - Dag name:fetch_and_store_amazon_books queued_at:2024-10-26 19:21:29.426323+00:00
[2024-10-26T19:21:40.712+0000] {logging_mixin.py:190} INFO - Task hostname:f1b284c02f67 operator:PostgresOperator
[2024-10-26T19:21:40.761+0000] {local_task_job_runner.py:266} INFO - Task exited with return code 0
[2024-10-26T19:21:40.784+0000] {warnings.py:112} WARNING - /home/***/.local/lib/python3.12/site-packages/***/models/baseoperator.py:1378: AirflowProviderDeprecationWarning: Call to deprecated class PostgresOperator. (Please use `***.providers.common.sql.operators.sql.SQLExecuteQueryOperator`.Also, you can provide `hook_params={'schema': <database>}`.)
  result = cls.__new__(cls)

[2024-10-26T19:21:40.813+0000] {taskinstance.py:3900} INFO - 1 downstream tasks scheduled from follow-on schedule check
[2024-10-26T19:21:40.824+0000] {local_task_job_runner.py:245} INFO - ::endgroup::
[2024-10-26T19:24:05.824+0000] {local_task_job_runner.py:123} INFO - ::group::Pre task execution logs
[2024-10-26T19:24:05.845+0000] {taskinstance.py:2612} INFO - Dependencies all met for dep_context=non-requeueable deps ti=<TaskInstance: fetch_and_store_amazon_books.create_table scheduled__2024-06-26T00:00:00+00:00 [queued]>
[2024-10-26T19:24:05.855+0000] {taskinstance.py:2612} INFO - Dependencies all met for dep_context=requeueable deps ti=<TaskInstance: fetch_and_store_amazon_books.create_table scheduled__2024-06-26T00:00:00+00:00 [queued]>
[2024-10-26T19:24:05.856+0000] {taskinstance.py:2865} INFO - Starting attempt 1 of 2
[2024-10-26T19:24:05.873+0000] {taskinstance.py:2888} INFO - Executing <Task(PostgresOperator): create_table> on 2024-06-26 00:00:00+00:00
[2024-10-26T19:24:05.883+0000] {warnings.py:112} WARNING - /home/***/.local/lib/python3.12/site-packages/***/task/task_runner/standard_task_runner.py:70: DeprecationWarning: This process (pid=813) is multi-threaded, use of fork() may lead to deadlocks in the child.
  pid = os.fork()

[2024-10-26T19:24:05.885+0000] {standard_task_runner.py:72} INFO - Started process 848 to run task
[2024-10-26T19:24:05.885+0000] {standard_task_runner.py:104} INFO - Running: ['***', 'tasks', 'run', 'fetch_and_store_amazon_books', 'create_table', 'scheduled__2024-06-26T00:00:00+00:00', '--job-id', '91', '--raw', '--subdir', 'DAGS_FOLDER/dag.py', '--cfg-path', '/tmp/tmpaieap5g4']
[2024-10-26T19:24:05.887+0000] {standard_task_runner.py:105} INFO - Job 91: Subtask create_table
[2024-10-26T19:24:05.950+0000] {task_command.py:467} INFO - Running <TaskInstance: fetch_and_store_amazon_books.create_table scheduled__2024-06-26T00:00:00+00:00 [running]> on host f1b284c02f67
[2024-10-26T19:24:06.060+0000] {taskinstance.py:3131} INFO - Exporting env vars: AIRFLOW_CTX_DAG_OWNER='***' AIRFLOW_CTX_DAG_ID='fetch_and_store_amazon_books' AIRFLOW_CTX_TASK_ID='create_table' AIRFLOW_CTX_EXECUTION_DATE='2024-06-26T00:00:00+00:00' AIRFLOW_CTX_TRY_NUMBER='1' AIRFLOW_CTX_DAG_RUN_ID='scheduled__2024-06-26T00:00:00+00:00'
[2024-10-26T19:24:06.062+0000] {logging_mixin.py:190} INFO - Task instance is in running state
[2024-10-26T19:24:06.063+0000] {logging_mixin.py:190} INFO -  Previous state of the Task instance: queued
[2024-10-26T19:24:06.063+0000] {logging_mixin.py:190} INFO - Current task name:create_table state:running start_date:2024-10-26 19:24:05.846087+00:00
[2024-10-26T19:24:06.064+0000] {logging_mixin.py:190} INFO - Dag name:fetch_and_store_amazon_books and current dag run status:running
[2024-10-26T19:24:06.065+0000] {taskinstance.py:731} INFO - ::endgroup::
[2024-10-26T19:24:06.065+0000] {sql.py:266} INFO - Executing: 
    CREATE TABLE IF NOT EXISTS books (
        id SERIAL PRIMARY KEY,
        title TEXT NOT NULL,
        authors TEXT,
        price TEXT,
        rating TEXT
    );
    
[2024-10-26T19:24:06.076+0000] {base.py:84} INFO - Retrieving connection 'books_connection'
[2024-10-26T19:24:06.086+0000] {base.py:84} INFO - Retrieving connection 'books_connection'
[2024-10-26T19:24:06.091+0000] {sql.py:509} INFO - Running statement: 
    CREATE TABLE IF NOT EXISTS books (
        id SERIAL PRIMARY KEY,
        title TEXT NOT NULL,
        authors TEXT,
        price TEXT,
        rating TEXT
    );
    , parameters: None
[2024-10-26T19:24:06.105+0000] {taskinstance.py:340} INFO - ::group::Post task execution logs
[2024-10-26T19:24:06.106+0000] {taskinstance.py:352} INFO - Marking task as SUCCESS. dag_id=fetch_and_store_amazon_books, task_id=create_table, run_id=scheduled__2024-06-26T00:00:00+00:00, execution_date=20240626T000000, start_date=20241026T192405, end_date=20241026T192406
[2024-10-26T19:24:06.120+0000] {logging_mixin.py:190} INFO - Task instance in success state
[2024-10-26T19:24:06.120+0000] {logging_mixin.py:190} INFO -  Previous state of the Task instance: running
[2024-10-26T19:24:06.121+0000] {logging_mixin.py:190} INFO - Dag name:fetch_and_store_amazon_books queued_at:2024-10-26 19:24:00.702935+00:00
[2024-10-26T19:24:06.122+0000] {logging_mixin.py:190} INFO - Task hostname:f1b284c02f67 operator:PostgresOperator
[2024-10-26T19:24:06.139+0000] {local_task_job_runner.py:266} INFO - Task exited with return code 0
[2024-10-26T19:24:06.154+0000] {warnings.py:112} WARNING - /home/***/.local/lib/python3.12/site-packages/***/models/baseoperator.py:1378: AirflowProviderDeprecationWarning: Call to deprecated class PostgresOperator. (Please use `***.providers.common.sql.operators.sql.SQLExecuteQueryOperator`.Also, you can provide `hook_params={'schema': <database>}`.)
  result = cls.__new__(cls)

[2024-10-26T19:24:06.174+0000] {taskinstance.py:3900} INFO - 1 downstream tasks scheduled from follow-on schedule check
[2024-10-26T19:24:06.181+0000] {local_task_job_runner.py:245} INFO - ::endgroup::
[2024-10-26T19:29:07.040+0000] {local_task_job_runner.py:123} INFO - ::group::Pre task execution logs
[2024-10-26T19:29:07.084+0000] {taskinstance.py:2612} INFO - Dependencies all met for dep_context=non-requeueable deps ti=<TaskInstance: fetch_and_store_amazon_books.create_table scheduled__2024-06-26T00:00:00+00:00 [queued]>
[2024-10-26T19:29:07.107+0000] {taskinstance.py:2612} INFO - Dependencies all met for dep_context=requeueable deps ti=<TaskInstance: fetch_and_store_amazon_books.create_table scheduled__2024-06-26T00:00:00+00:00 [queued]>
[2024-10-26T19:29:07.108+0000] {taskinstance.py:2865} INFO - Starting attempt 1 of 2
[2024-10-26T19:29:07.127+0000] {taskinstance.py:2888} INFO - Executing <Task(PostgresOperator): create_table> on 2024-06-26 00:00:00+00:00
[2024-10-26T19:29:07.138+0000] {warnings.py:112} WARNING - /home/***/.local/lib/python3.12/site-packages/***/task/task_runner/standard_task_runner.py:70: DeprecationWarning: This process (pid=1103) is multi-threaded, use of fork() may lead to deadlocks in the child.
  pid = os.fork()

[2024-10-26T19:29:07.140+0000] {standard_task_runner.py:72} INFO - Started process 1143 to run task
[2024-10-26T19:29:07.142+0000] {standard_task_runner.py:104} INFO - Running: ['***', 'tasks', 'run', 'fetch_and_store_amazon_books', 'create_table', 'scheduled__2024-06-26T00:00:00+00:00', '--job-id', '148', '--raw', '--subdir', 'DAGS_FOLDER/dag.py', '--cfg-path', '/tmp/tmpg1jfcq8_']
[2024-10-26T19:29:07.144+0000] {standard_task_runner.py:105} INFO - Job 148: Subtask create_table
[2024-10-26T19:29:07.202+0000] {task_command.py:467} INFO - Running <TaskInstance: fetch_and_store_amazon_books.create_table scheduled__2024-06-26T00:00:00+00:00 [running]> on host f1b284c02f67
[2024-10-26T19:29:07.305+0000] {taskinstance.py:3131} INFO - Exporting env vars: AIRFLOW_CTX_DAG_OWNER='***' AIRFLOW_CTX_DAG_ID='fetch_and_store_amazon_books' AIRFLOW_CTX_TASK_ID='create_table' AIRFLOW_CTX_EXECUTION_DATE='2024-06-26T00:00:00+00:00' AIRFLOW_CTX_TRY_NUMBER='1' AIRFLOW_CTX_DAG_RUN_ID='scheduled__2024-06-26T00:00:00+00:00'
[2024-10-26T19:29:07.307+0000] {logging_mixin.py:190} INFO - Task instance is in running state
[2024-10-26T19:29:07.308+0000] {logging_mixin.py:190} INFO -  Previous state of the Task instance: queued
[2024-10-26T19:29:07.309+0000] {logging_mixin.py:190} INFO - Current task name:create_table state:running start_date:2024-10-26 19:29:07.086287+00:00
[2024-10-26T19:29:07.309+0000] {logging_mixin.py:190} INFO - Dag name:fetch_and_store_amazon_books and current dag run status:running
[2024-10-26T19:29:07.310+0000] {taskinstance.py:731} INFO - ::endgroup::
[2024-10-26T19:29:07.310+0000] {sql.py:266} INFO - Executing: 
    CREATE TABLE IF NOT EXISTS books (
        id SERIAL PRIMARY KEY,
        title TEXT NOT NULL,
        authors TEXT,
        price TEXT,
        rating TEXT
    );
    
[2024-10-26T19:29:07.321+0000] {base.py:84} INFO - Retrieving connection 'books_connection'
[2024-10-26T19:29:07.330+0000] {base.py:84} INFO - Retrieving connection 'books_connection'
[2024-10-26T19:29:07.335+0000] {sql.py:509} INFO - Running statement: 
    CREATE TABLE IF NOT EXISTS books (
        id SERIAL PRIMARY KEY,
        title TEXT NOT NULL,
        authors TEXT,
        price TEXT,
        rating TEXT
    );
    , parameters: None
[2024-10-26T19:29:07.349+0000] {taskinstance.py:340} INFO - ::group::Post task execution logs
[2024-10-26T19:29:07.350+0000] {taskinstance.py:352} INFO - Marking task as SUCCESS. dag_id=fetch_and_store_amazon_books, task_id=create_table, run_id=scheduled__2024-06-26T00:00:00+00:00, execution_date=20240626T000000, start_date=20241026T192907, end_date=20241026T192907
[2024-10-26T19:29:07.363+0000] {logging_mixin.py:190} INFO - Task instance in success state
[2024-10-26T19:29:07.364+0000] {logging_mixin.py:190} INFO -  Previous state of the Task instance: running
[2024-10-26T19:29:07.364+0000] {logging_mixin.py:190} INFO - Dag name:fetch_and_store_amazon_books queued_at:2024-10-26 19:29:02.263546+00:00
[2024-10-26T19:29:07.365+0000] {logging_mixin.py:190} INFO - Task hostname:f1b284c02f67 operator:PostgresOperator
[2024-10-26T19:29:07.397+0000] {local_task_job_runner.py:266} INFO - Task exited with return code 0
[2024-10-26T19:29:07.409+0000] {local_task_job_runner.py:245} INFO - ::endgroup::
