[2024-10-26T19:21:39.150+0000] {local_task_job_runner.py:123} INFO - ::group::Pre task execution logs
[2024-10-26T19:21:39.183+0000] {taskinstance.py:2612} INFO - Dependencies all met for dep_context=non-requeueable deps ti=<TaskInstance: fetch_and_store_amazon_books.create_table scheduled__2024-07-01T00:00:00+00:00 [queued]>
[2024-10-26T19:21:39.201+0000] {taskinstance.py:2612} INFO - Dependencies all met for dep_context=requeueable deps ti=<TaskInstance: fetch_and_store_amazon_books.create_table scheduled__2024-07-01T00:00:00+00:00 [queued]>
[2024-10-26T19:21:39.203+0000] {taskinstance.py:2865} INFO - Starting attempt 1 of 2
[2024-10-26T19:21:39.233+0000] {taskinstance.py:2888} INFO - Executing <Task(PostgresOperator): create_table> on 2024-07-01 00:00:00+00:00
[2024-10-26T19:21:39.255+0000] {warnings.py:112} WARNING - /home/***/.local/lib/python3.12/site-packages/***/task/task_runner/standard_task_runner.py:70: DeprecationWarning: This process (pid=615) is multi-threaded, use of fork() may lead to deadlocks in the child.
  pid = os.fork()

[2024-10-26T19:21:39.259+0000] {standard_task_runner.py:104} INFO - Running: ['***', 'tasks', 'run', 'fetch_and_store_amazon_books', 'create_table', 'scheduled__2024-07-01T00:00:00+00:00', '--job-id', '45', '--raw', '--subdir', 'DAGS_FOLDER/dag.py', '--cfg-path', '/tmp/tmpnl9udqrb']
[2024-10-26T19:21:39.261+0000] {standard_task_runner.py:105} INFO - Job 45: Subtask create_table
[2024-10-26T19:21:39.261+0000] {standard_task_runner.py:72} INFO - Started process 637 to run task
[2024-10-26T19:21:39.383+0000] {task_command.py:467} INFO - Running <TaskInstance: fetch_and_store_amazon_books.create_table scheduled__2024-07-01T00:00:00+00:00 [running]> on host f1b284c02f67
[2024-10-26T19:21:39.539+0000] {taskinstance.py:3131} INFO - Exporting env vars: AIRFLOW_CTX_DAG_OWNER='***' AIRFLOW_CTX_DAG_ID='fetch_and_store_amazon_books' AIRFLOW_CTX_TASK_ID='create_table' AIRFLOW_CTX_EXECUTION_DATE='2024-07-01T00:00:00+00:00' AIRFLOW_CTX_TRY_NUMBER='1' AIRFLOW_CTX_DAG_RUN_ID='scheduled__2024-07-01T00:00:00+00:00'
[2024-10-26T19:21:39.541+0000] {logging_mixin.py:190} INFO - Task instance is in running state
[2024-10-26T19:21:39.543+0000] {logging_mixin.py:190} INFO -  Previous state of the Task instance: queued
[2024-10-26T19:21:39.544+0000] {logging_mixin.py:190} INFO - Current task name:create_table state:running start_date:2024-10-26 19:21:39.184008+00:00
[2024-10-26T19:21:39.545+0000] {logging_mixin.py:190} INFO - Dag name:fetch_and_store_amazon_books and current dag run status:running
[2024-10-26T19:21:39.545+0000] {taskinstance.py:731} INFO - ::endgroup::
[2024-10-26T19:21:39.546+0000] {sql.py:266} INFO - Executing: 
    CREATE TABLE IF NOT EXISTS books (
        id SERIAL PRIMARY KEY,
        title TEXT NOT NULL,
        authors TEXT,
        price TEXT,
        rating TEXT
    );
    
[2024-10-26T19:21:39.562+0000] {base.py:84} INFO - Retrieving connection 'books_connection'
[2024-10-26T19:21:39.574+0000] {base.py:84} INFO - Retrieving connection 'books_connection'
[2024-10-26T19:21:39.580+0000] {sql.py:509} INFO - Running statement: 
    CREATE TABLE IF NOT EXISTS books (
        id SERIAL PRIMARY KEY,
        title TEXT NOT NULL,
        authors TEXT,
        price TEXT,
        rating TEXT
    );
    , parameters: None
[2024-10-26T19:21:39.597+0000] {taskinstance.py:340} INFO - ::group::Post task execution logs
[2024-10-26T19:21:39.599+0000] {taskinstance.py:352} INFO - Marking task as SUCCESS. dag_id=fetch_and_store_amazon_books, task_id=create_table, run_id=scheduled__2024-07-01T00:00:00+00:00, execution_date=20240701T000000, start_date=20241026T192139, end_date=20241026T192139
[2024-10-26T19:21:39.613+0000] {logging_mixin.py:190} INFO - Task instance in success state
[2024-10-26T19:21:39.614+0000] {logging_mixin.py:190} INFO -  Previous state of the Task instance: running
[2024-10-26T19:21:39.615+0000] {logging_mixin.py:190} INFO - Dag name:fetch_and_store_amazon_books queued_at:2024-10-26 19:21:30.625720+00:00
[2024-10-26T19:21:39.615+0000] {logging_mixin.py:190} INFO - Task hostname:f1b284c02f67 operator:PostgresOperator
[2024-10-26T19:21:39.642+0000] {local_task_job_runner.py:266} INFO - Task exited with return code 0
[2024-10-26T19:21:39.658+0000] {local_task_job_runner.py:245} INFO - ::endgroup::
[2024-10-26T19:24:08.059+0000] {local_task_job_runner.py:123} INFO - ::group::Pre task execution logs
[2024-10-26T19:24:08.080+0000] {taskinstance.py:2612} INFO - Dependencies all met for dep_context=non-requeueable deps ti=<TaskInstance: fetch_and_store_amazon_books.create_table scheduled__2024-07-01T00:00:00+00:00 [queued]>
[2024-10-26T19:24:08.091+0000] {taskinstance.py:2612} INFO - Dependencies all met for dep_context=requeueable deps ti=<TaskInstance: fetch_and_store_amazon_books.create_table scheduled__2024-07-01T00:00:00+00:00 [queued]>
[2024-10-26T19:24:08.092+0000] {taskinstance.py:2865} INFO - Starting attempt 1 of 2
[2024-10-26T19:24:08.110+0000] {taskinstance.py:2888} INFO - Executing <Task(PostgresOperator): create_table> on 2024-07-01 00:00:00+00:00
[2024-10-26T19:24:08.124+0000] {warnings.py:112} WARNING - /home/***/.local/lib/python3.12/site-packages/***/task/task_runner/standard_task_runner.py:70: DeprecationWarning: This process (pid=852) is multi-threaded, use of fork() may lead to deadlocks in the child.
  pid = os.fork()

[2024-10-26T19:24:08.126+0000] {standard_task_runner.py:72} INFO - Started process 886 to run task
[2024-10-26T19:24:08.127+0000] {standard_task_runner.py:104} INFO - Running: ['***', 'tasks', 'run', 'fetch_and_store_amazon_books', 'create_table', 'scheduled__2024-07-01T00:00:00+00:00', '--job-id', '98', '--raw', '--subdir', 'DAGS_FOLDER/dag.py', '--cfg-path', '/tmp/tmpe6v9ho0c']
[2024-10-26T19:24:08.128+0000] {standard_task_runner.py:105} INFO - Job 98: Subtask create_table
[2024-10-26T19:24:08.194+0000] {task_command.py:467} INFO - Running <TaskInstance: fetch_and_store_amazon_books.create_table scheduled__2024-07-01T00:00:00+00:00 [running]> on host f1b284c02f67
[2024-10-26T19:24:08.372+0000] {taskinstance.py:3131} INFO - Exporting env vars: AIRFLOW_CTX_DAG_OWNER='***' AIRFLOW_CTX_DAG_ID='fetch_and_store_amazon_books' AIRFLOW_CTX_TASK_ID='create_table' AIRFLOW_CTX_EXECUTION_DATE='2024-07-01T00:00:00+00:00' AIRFLOW_CTX_TRY_NUMBER='1' AIRFLOW_CTX_DAG_RUN_ID='scheduled__2024-07-01T00:00:00+00:00'
[2024-10-26T19:24:08.376+0000] {logging_mixin.py:190} INFO - Task instance is in running state
[2024-10-26T19:24:08.377+0000] {logging_mixin.py:190} INFO -  Previous state of the Task instance: queued
[2024-10-26T19:24:08.379+0000] {logging_mixin.py:190} INFO - Current task name:create_table state:running start_date:2024-10-26 19:24:08.081415+00:00
[2024-10-26T19:24:08.379+0000] {logging_mixin.py:190} INFO - Dag name:fetch_and_store_amazon_books and current dag run status:running
[2024-10-26T19:24:08.381+0000] {taskinstance.py:731} INFO - ::endgroup::
[2024-10-26T19:24:08.383+0000] {sql.py:266} INFO - Executing: 
    CREATE TABLE IF NOT EXISTS books (
        id SERIAL PRIMARY KEY,
        title TEXT NOT NULL,
        authors TEXT,
        price TEXT,
        rating TEXT
    );
    
[2024-10-26T19:24:08.402+0000] {base.py:84} INFO - Retrieving connection 'books_connection'
[2024-10-26T19:24:08.419+0000] {base.py:84} INFO - Retrieving connection 'books_connection'
[2024-10-26T19:24:08.433+0000] {sql.py:509} INFO - Running statement: 
    CREATE TABLE IF NOT EXISTS books (
        id SERIAL PRIMARY KEY,
        title TEXT NOT NULL,
        authors TEXT,
        price TEXT,
        rating TEXT
    );
    , parameters: None
[2024-10-26T19:24:08.455+0000] {taskinstance.py:340} INFO - ::group::Post task execution logs
[2024-10-26T19:24:08.457+0000] {taskinstance.py:352} INFO - Marking task as SUCCESS. dag_id=fetch_and_store_amazon_books, task_id=create_table, run_id=scheduled__2024-07-01T00:00:00+00:00, execution_date=20240701T000000, start_date=20241026T192408, end_date=20241026T192408
[2024-10-26T19:24:08.475+0000] {logging_mixin.py:190} INFO - Task instance in success state
[2024-10-26T19:24:08.478+0000] {logging_mixin.py:190} INFO -  Previous state of the Task instance: running
[2024-10-26T19:24:08.479+0000] {logging_mixin.py:190} INFO - Dag name:fetch_and_store_amazon_books queued_at:2024-10-26 19:24:01.808220+00:00
[2024-10-26T19:24:08.479+0000] {logging_mixin.py:190} INFO - Task hostname:f1b284c02f67 operator:PostgresOperator
[2024-10-26T19:24:08.503+0000] {local_task_job_runner.py:266} INFO - Task exited with return code 0
[2024-10-26T19:24:08.523+0000] {warnings.py:112} WARNING - /home/***/.local/lib/python3.12/site-packages/***/models/baseoperator.py:1378: AirflowProviderDeprecationWarning: Call to deprecated class PostgresOperator. (Please use `***.providers.common.sql.operators.sql.SQLExecuteQueryOperator`.Also, you can provide `hook_params={'schema': <database>}`.)
  result = cls.__new__(cls)

[2024-10-26T19:24:08.551+0000] {taskinstance.py:3900} INFO - 1 downstream tasks scheduled from follow-on schedule check
[2024-10-26T19:24:08.553+0000] {local_task_job_runner.py:245} INFO - ::endgroup::
[2024-10-26T19:29:09.032+0000] {local_task_job_runner.py:123} INFO - ::group::Pre task execution logs
[2024-10-26T19:29:09.055+0000] {taskinstance.py:2612} INFO - Dependencies all met for dep_context=non-requeueable deps ti=<TaskInstance: fetch_and_store_amazon_books.create_table scheduled__2024-07-01T00:00:00+00:00 [queued]>
[2024-10-26T19:29:09.066+0000] {taskinstance.py:2612} INFO - Dependencies all met for dep_context=requeueable deps ti=<TaskInstance: fetch_and_store_amazon_books.create_table scheduled__2024-07-01T00:00:00+00:00 [queued]>
[2024-10-26T19:29:09.067+0000] {taskinstance.py:2865} INFO - Starting attempt 1 of 2
[2024-10-26T19:29:09.085+0000] {taskinstance.py:2888} INFO - Executing <Task(PostgresOperator): create_table> on 2024-07-01 00:00:00+00:00
[2024-10-26T19:29:09.096+0000] {warnings.py:112} WARNING - /home/***/.local/lib/python3.12/site-packages/***/task/task_runner/standard_task_runner.py:70: DeprecationWarning: This process (pid=1139) is multi-threaded, use of fork() may lead to deadlocks in the child.
  pid = os.fork()

[2024-10-26T19:29:09.098+0000] {standard_task_runner.py:72} INFO - Started process 1182 to run task
[2024-10-26T19:29:09.098+0000] {standard_task_runner.py:104} INFO - Running: ['***', 'tasks', 'run', 'fetch_and_store_amazon_books', 'create_table', 'scheduled__2024-07-01T00:00:00+00:00', '--job-id', '155', '--raw', '--subdir', 'DAGS_FOLDER/dag.py', '--cfg-path', '/tmp/tmpf0lf7wby']
[2024-10-26T19:29:09.100+0000] {standard_task_runner.py:105} INFO - Job 155: Subtask create_table
[2024-10-26T19:29:09.162+0000] {task_command.py:467} INFO - Running <TaskInstance: fetch_and_store_amazon_books.create_table scheduled__2024-07-01T00:00:00+00:00 [running]> on host f1b284c02f67
[2024-10-26T19:29:09.269+0000] {taskinstance.py:3131} INFO - Exporting env vars: AIRFLOW_CTX_DAG_OWNER='***' AIRFLOW_CTX_DAG_ID='fetch_and_store_amazon_books' AIRFLOW_CTX_TASK_ID='create_table' AIRFLOW_CTX_EXECUTION_DATE='2024-07-01T00:00:00+00:00' AIRFLOW_CTX_TRY_NUMBER='1' AIRFLOW_CTX_DAG_RUN_ID='scheduled__2024-07-01T00:00:00+00:00'
[2024-10-26T19:29:09.272+0000] {logging_mixin.py:190} INFO - Task instance is in running state
[2024-10-26T19:29:09.273+0000] {logging_mixin.py:190} INFO -  Previous state of the Task instance: queued
[2024-10-26T19:29:09.273+0000] {logging_mixin.py:190} INFO - Current task name:create_table state:running start_date:2024-10-26 19:29:09.055885+00:00
[2024-10-26T19:29:09.274+0000] {logging_mixin.py:190} INFO - Dag name:fetch_and_store_amazon_books and current dag run status:running
[2024-10-26T19:29:09.275+0000] {taskinstance.py:731} INFO - ::endgroup::
[2024-10-26T19:29:09.276+0000] {sql.py:266} INFO - Executing: 
    CREATE TABLE IF NOT EXISTS books (
        id SERIAL PRIMARY KEY,
        title TEXT NOT NULL,
        authors TEXT,
        price TEXT,
        rating TEXT
    );
    
[2024-10-26T19:29:09.291+0000] {base.py:84} INFO - Retrieving connection 'books_connection'
[2024-10-26T19:29:09.306+0000] {base.py:84} INFO - Retrieving connection 'books_connection'
[2024-10-26T19:29:09.311+0000] {sql.py:509} INFO - Running statement: 
    CREATE TABLE IF NOT EXISTS books (
        id SERIAL PRIMARY KEY,
        title TEXT NOT NULL,
        authors TEXT,
        price TEXT,
        rating TEXT
    );
    , parameters: None
[2024-10-26T19:29:09.336+0000] {taskinstance.py:340} INFO - ::group::Post task execution logs
[2024-10-26T19:29:09.337+0000] {taskinstance.py:352} INFO - Marking task as SUCCESS. dag_id=fetch_and_store_amazon_books, task_id=create_table, run_id=scheduled__2024-07-01T00:00:00+00:00, execution_date=20240701T000000, start_date=20241026T192909, end_date=20241026T192909
[2024-10-26T19:29:09.350+0000] {logging_mixin.py:190} INFO - Task instance in success state
[2024-10-26T19:29:09.351+0000] {logging_mixin.py:190} INFO -  Previous state of the Task instance: running
[2024-10-26T19:29:09.352+0000] {logging_mixin.py:190} INFO - Dag name:fetch_and_store_amazon_books queued_at:2024-10-26 19:29:03.326924+00:00
[2024-10-26T19:29:09.353+0000] {logging_mixin.py:190} INFO - Task hostname:f1b284c02f67 operator:PostgresOperator
[2024-10-26T19:29:09.395+0000] {local_task_job_runner.py:266} INFO - Task exited with return code 0
[2024-10-26T19:29:09.411+0000] {warnings.py:112} WARNING - /home/***/.local/lib/python3.12/site-packages/***/models/baseoperator.py:1378: AirflowProviderDeprecationWarning: Call to deprecated class PostgresOperator. (Please use `***.providers.common.sql.operators.sql.SQLExecuteQueryOperator`.Also, you can provide `hook_params={'schema': <database>}`.)
  result = cls.__new__(cls)

[2024-10-26T19:29:09.432+0000] {taskinstance.py:3900} INFO - 1 downstream tasks scheduled from follow-on schedule check
[2024-10-26T19:29:09.434+0000] {local_task_job_runner.py:245} INFO - ::endgroup::
