[2024-10-26T19:21:34.496+0000] {local_task_job_runner.py:123} INFO - ::group::Pre task execution logs
[2024-10-26T19:21:34.527+0000] {taskinstance.py:2612} INFO - Dependencies all met for dep_context=non-requeueable deps ti=<TaskInstance: fetch_and_store_amazon_books.fetch_book_data scheduled__2024-06-28T00:00:00+00:00 [queued]>
[2024-10-26T19:21:34.542+0000] {taskinstance.py:2612} INFO - Dependencies all met for dep_context=requeueable deps ti=<TaskInstance: fetch_and_store_amazon_books.fetch_book_data scheduled__2024-06-28T00:00:00+00:00 [queued]>
[2024-10-26T19:21:34.544+0000] {taskinstance.py:2865} INFO - Starting attempt 1 of 2
[2024-10-26T19:21:34.719+0000] {taskinstance.py:2888} INFO - Executing <Task(PythonOperator): fetch_book_data> on 2024-06-28 00:00:00+00:00
[2024-10-26T19:21:34.734+0000] {warnings.py:112} WARNING - /home/***/.local/lib/python3.12/site-packages/***/task/task_runner/standard_task_runner.py:70: DeprecationWarning: This process (pid=544) is multi-threaded, use of fork() may lead to deadlocks in the child.
  pid = os.fork()

[2024-10-26T19:21:34.739+0000] {standard_task_runner.py:72} INFO - Started process 577 to run task
[2024-10-26T19:21:34.739+0000] {standard_task_runner.py:104} INFO - Running: ['***', 'tasks', 'run', 'fetch_and_store_amazon_books', 'fetch_book_data', 'scheduled__2024-06-28T00:00:00+00:00', '--job-id', '30', '--raw', '--subdir', 'DAGS_FOLDER/dag.py', '--cfg-path', '/tmp/tmpf51nom8r']
[2024-10-26T19:21:34.743+0000] {standard_task_runner.py:105} INFO - Job 30: Subtask fetch_book_data
[2024-10-26T19:21:34.837+0000] {task_command.py:467} INFO - Running <TaskInstance: fetch_and_store_amazon_books.fetch_book_data scheduled__2024-06-28T00:00:00+00:00 [running]> on host f1b284c02f67
[2024-10-26T19:21:34.961+0000] {taskinstance.py:3131} INFO - Exporting env vars: AIRFLOW_CTX_DAG_OWNER='***' AIRFLOW_CTX_DAG_ID='fetch_and_store_amazon_books' AIRFLOW_CTX_TASK_ID='fetch_book_data' AIRFLOW_CTX_EXECUTION_DATE='2024-06-28T00:00:00+00:00' AIRFLOW_CTX_TRY_NUMBER='1' AIRFLOW_CTX_DAG_RUN_ID='scheduled__2024-06-28T00:00:00+00:00'
[2024-10-26T19:21:34.963+0000] {logging_mixin.py:190} INFO - Task instance is in running state
[2024-10-26T19:21:34.964+0000] {logging_mixin.py:190} INFO -  Previous state of the Task instance: queued
[2024-10-26T19:21:34.965+0000] {logging_mixin.py:190} INFO - Current task name:fetch_book_data state:running start_date:2024-10-26 19:21:34.529350+00:00
[2024-10-26T19:21:34.965+0000] {logging_mixin.py:190} INFO - Dag name:fetch_and_store_amazon_books and current dag run status:running
[2024-10-26T19:21:34.966+0000] {taskinstance.py:731} INFO - ::endgroup::
[2024-10-26T19:21:35.132+0000] {logging_mixin.py:190} INFO - Failed to retrieve the page
[2024-10-26T19:21:35.165+0000] {python.py:240} INFO - Done. Returned value was: None
[2024-10-26T19:21:35.187+0000] {taskinstance.py:340} INFO - ::group::Post task execution logs
[2024-10-26T19:21:35.188+0000] {taskinstance.py:352} INFO - Marking task as SUCCESS. dag_id=fetch_and_store_amazon_books, task_id=fetch_book_data, run_id=scheduled__2024-06-28T00:00:00+00:00, execution_date=20240628T000000, start_date=20241026T192134, end_date=20241026T192135
[2024-10-26T19:21:35.218+0000] {logging_mixin.py:190} INFO - Task instance in success state
[2024-10-26T19:21:35.219+0000] {logging_mixin.py:190} INFO -  Previous state of the Task instance: running
[2024-10-26T19:21:35.223+0000] {logging_mixin.py:190} INFO - Dag name:fetch_and_store_amazon_books queued_at:2024-10-26 19:21:29.864095+00:00
[2024-10-26T19:21:35.225+0000] {logging_mixin.py:190} INFO - Task hostname:f1b284c02f67 operator:PythonOperator
[2024-10-26T19:21:35.280+0000] {local_task_job_runner.py:266} INFO - Task exited with return code 0
[2024-10-26T19:21:35.304+0000] {warnings.py:112} WARNING - /home/***/.local/lib/python3.12/site-packages/***/models/baseoperator.py:1378: AirflowProviderDeprecationWarning: Call to deprecated class PostgresOperator. (Please use `***.providers.common.sql.operators.sql.SQLExecuteQueryOperator`.Also, you can provide `hook_params={'schema': <database>}`.)
  result = cls.__new__(cls)

[2024-10-26T19:21:35.344+0000] {taskinstance.py:3900} INFO - 1 downstream tasks scheduled from follow-on schedule check
[2024-10-26T19:21:35.347+0000] {local_task_job_runner.py:245} INFO - ::endgroup::
[2024-10-26T19:24:03.412+0000] {local_task_job_runner.py:123} INFO - ::group::Pre task execution logs
[2024-10-26T19:24:03.436+0000] {taskinstance.py:2612} INFO - Dependencies all met for dep_context=non-requeueable deps ti=<TaskInstance: fetch_and_store_amazon_books.fetch_book_data scheduled__2024-06-28T00:00:00+00:00 [queued]>
[2024-10-26T19:24:03.449+0000] {taskinstance.py:2612} INFO - Dependencies all met for dep_context=requeueable deps ti=<TaskInstance: fetch_and_store_amazon_books.fetch_book_data scheduled__2024-06-28T00:00:00+00:00 [queued]>
[2024-10-26T19:24:03.450+0000] {taskinstance.py:2865} INFO - Starting attempt 1 of 2
[2024-10-26T19:24:03.470+0000] {taskinstance.py:2888} INFO - Executing <Task(PythonOperator): fetch_book_data> on 2024-06-28 00:00:00+00:00
[2024-10-26T19:24:03.480+0000] {warnings.py:112} WARNING - /home/***/.local/lib/python3.12/site-packages/***/task/task_runner/standard_task_runner.py:70: DeprecationWarning: This process (pid=770) is multi-threaded, use of fork() may lead to deadlocks in the child.
  pid = os.fork()

[2024-10-26T19:24:03.482+0000] {standard_task_runner.py:72} INFO - Started process 808 to run task
[2024-10-26T19:24:03.482+0000] {standard_task_runner.py:104} INFO - Running: ['***', 'tasks', 'run', 'fetch_and_store_amazon_books', 'fetch_book_data', 'scheduled__2024-06-28T00:00:00+00:00', '--job-id', '79', '--raw', '--subdir', 'DAGS_FOLDER/dag.py', '--cfg-path', '/tmp/tmpioslwlc1']
[2024-10-26T19:24:03.484+0000] {standard_task_runner.py:105} INFO - Job 79: Subtask fetch_book_data
[2024-10-26T19:24:03.556+0000] {task_command.py:467} INFO - Running <TaskInstance: fetch_and_store_amazon_books.fetch_book_data scheduled__2024-06-28T00:00:00+00:00 [running]> on host f1b284c02f67
[2024-10-26T19:24:03.692+0000] {taskinstance.py:3131} INFO - Exporting env vars: AIRFLOW_CTX_DAG_OWNER='***' AIRFLOW_CTX_DAG_ID='fetch_and_store_amazon_books' AIRFLOW_CTX_TASK_ID='fetch_book_data' AIRFLOW_CTX_EXECUTION_DATE='2024-06-28T00:00:00+00:00' AIRFLOW_CTX_TRY_NUMBER='1' AIRFLOW_CTX_DAG_RUN_ID='scheduled__2024-06-28T00:00:00+00:00'
[2024-10-26T19:24:03.696+0000] {logging_mixin.py:190} INFO - Task instance is in running state
[2024-10-26T19:24:03.697+0000] {logging_mixin.py:190} INFO -  Previous state of the Task instance: queued
[2024-10-26T19:24:03.698+0000] {logging_mixin.py:190} INFO - Current task name:fetch_book_data state:running start_date:2024-10-26 19:24:03.437976+00:00
[2024-10-26T19:24:03.700+0000] {logging_mixin.py:190} INFO - Dag name:fetch_and_store_amazon_books and current dag run status:running
[2024-10-26T19:24:03.700+0000] {taskinstance.py:731} INFO - ::endgroup::
[2024-10-26T19:24:03.833+0000] {logging_mixin.py:190} INFO - Failed to retrieve the page
[2024-10-26T19:24:03.857+0000] {logging_mixin.py:190} INFO - --> <TaskInstance: fetch_and_store_amazon_books.fetch_book_data scheduled__2024-06-28T00:00:00+00:00 [running]>
[2024-10-26T19:24:03.859+0000] {python.py:240} INFO - Done. Returned value was: None
[2024-10-26T19:24:03.873+0000] {taskinstance.py:340} INFO - ::group::Post task execution logs
[2024-10-26T19:24:03.874+0000] {taskinstance.py:352} INFO - Marking task as SUCCESS. dag_id=fetch_and_store_amazon_books, task_id=fetch_book_data, run_id=scheduled__2024-06-28T00:00:00+00:00, execution_date=20240628T000000, start_date=20241026T192403, end_date=20241026T192403
[2024-10-26T19:24:03.887+0000] {logging_mixin.py:190} INFO - Task instance in success state
[2024-10-26T19:24:03.888+0000] {logging_mixin.py:190} INFO -  Previous state of the Task instance: running
[2024-10-26T19:24:03.890+0000] {logging_mixin.py:190} INFO - Dag name:fetch_and_store_amazon_books queued_at:2024-10-26 19:24:01.040995+00:00
[2024-10-26T19:24:03.891+0000] {logging_mixin.py:190} INFO - Task hostname:f1b284c02f67 operator:PythonOperator
[2024-10-26T19:24:03.941+0000] {local_task_job_runner.py:266} INFO - Task exited with return code 0
[2024-10-26T19:24:03.955+0000] {local_task_job_runner.py:245} INFO - ::endgroup::
[2024-10-26T19:29:04.774+0000] {local_task_job_runner.py:123} INFO - ::group::Pre task execution logs
[2024-10-26T19:29:04.797+0000] {taskinstance.py:2612} INFO - Dependencies all met for dep_context=non-requeueable deps ti=<TaskInstance: fetch_and_store_amazon_books.fetch_book_data scheduled__2024-06-28T00:00:00+00:00 [queued]>
[2024-10-26T19:29:04.808+0000] {taskinstance.py:2612} INFO - Dependencies all met for dep_context=requeueable deps ti=<TaskInstance: fetch_and_store_amazon_books.fetch_book_data scheduled__2024-06-28T00:00:00+00:00 [queued]>
[2024-10-26T19:29:04.809+0000] {taskinstance.py:2865} INFO - Starting attempt 1 of 2
[2024-10-26T19:29:04.826+0000] {taskinstance.py:2888} INFO - Executing <Task(PythonOperator): fetch_book_data> on 2024-06-28 00:00:00+00:00
[2024-10-26T19:29:04.834+0000] {warnings.py:112} WARNING - /home/***/.local/lib/python3.12/site-packages/***/task/task_runner/standard_task_runner.py:70: DeprecationWarning: This process (pid=1056) is multi-threaded, use of fork() may lead to deadlocks in the child.
  pid = os.fork()

[2024-10-26T19:29:04.835+0000] {standard_task_runner.py:72} INFO - Started process 1100 to run task
[2024-10-26T19:29:04.836+0000] {standard_task_runner.py:104} INFO - Running: ['***', 'tasks', 'run', 'fetch_and_store_amazon_books', 'fetch_book_data', 'scheduled__2024-06-28T00:00:00+00:00', '--job-id', '135', '--raw', '--subdir', 'DAGS_FOLDER/dag.py', '--cfg-path', '/tmp/tmpjf1z7d0p']
[2024-10-26T19:29:04.837+0000] {standard_task_runner.py:105} INFO - Job 135: Subtask fetch_book_data
[2024-10-26T19:29:04.897+0000] {task_command.py:467} INFO - Running <TaskInstance: fetch_and_store_amazon_books.fetch_book_data scheduled__2024-06-28T00:00:00+00:00 [running]> on host f1b284c02f67
[2024-10-26T19:29:05.001+0000] {taskinstance.py:3131} INFO - Exporting env vars: AIRFLOW_CTX_DAG_OWNER='***' AIRFLOW_CTX_DAG_ID='fetch_and_store_amazon_books' AIRFLOW_CTX_TASK_ID='fetch_book_data' AIRFLOW_CTX_EXECUTION_DATE='2024-06-28T00:00:00+00:00' AIRFLOW_CTX_TRY_NUMBER='1' AIRFLOW_CTX_DAG_RUN_ID='scheduled__2024-06-28T00:00:00+00:00'
[2024-10-26T19:29:05.003+0000] {logging_mixin.py:190} INFO - Task instance is in running state
[2024-10-26T19:29:05.004+0000] {logging_mixin.py:190} INFO -  Previous state of the Task instance: queued
[2024-10-26T19:29:05.005+0000] {logging_mixin.py:190} INFO - Current task name:fetch_book_data state:running start_date:2024-10-26 19:29:04.798040+00:00
[2024-10-26T19:29:05.006+0000] {logging_mixin.py:190} INFO - Dag name:fetch_and_store_amazon_books and current dag run status:running
[2024-10-26T19:29:05.007+0000] {taskinstance.py:731} INFO - ::endgroup::
[2024-10-26T19:29:05.146+0000] {logging_mixin.py:190} INFO - Failed to retrieve the page
[2024-10-26T19:29:05.173+0000] {logging_mixin.py:190} INFO - --> <TaskInstance: fetch_and_store_amazon_books.fetch_book_data scheduled__2024-06-28T00:00:00+00:00 [running]>
[2024-10-26T19:29:05.174+0000] {python.py:240} INFO - Done. Returned value was: None
[2024-10-26T19:29:05.188+0000] {taskinstance.py:340} INFO - ::group::Post task execution logs
[2024-10-26T19:29:05.188+0000] {taskinstance.py:352} INFO - Marking task as SUCCESS. dag_id=fetch_and_store_amazon_books, task_id=fetch_book_data, run_id=scheduled__2024-06-28T00:00:00+00:00, execution_date=20240628T000000, start_date=20241026T192904, end_date=20241026T192905
[2024-10-26T19:29:05.200+0000] {logging_mixin.py:190} INFO - Task instance in success state
[2024-10-26T19:29:05.201+0000] {logging_mixin.py:190} INFO -  Previous state of the Task instance: running
[2024-10-26T19:29:05.201+0000] {logging_mixin.py:190} INFO - Dag name:fetch_and_store_amazon_books queued_at:2024-10-26 19:29:02.636642+00:00
[2024-10-26T19:29:05.202+0000] {logging_mixin.py:190} INFO - Task hostname:f1b284c02f67 operator:PythonOperator
[2024-10-26T19:29:05.253+0000] {local_task_job_runner.py:266} INFO - Task exited with return code 0
[2024-10-26T19:29:05.263+0000] {local_task_job_runner.py:245} INFO - ::endgroup::
