[2024-10-26T19:21:35.462+0000] {local_task_job_runner.py:123} INFO - ::group::Pre task execution logs
[2024-10-26T19:21:35.488+0000] {taskinstance.py:2612} INFO - Dependencies all met for dep_context=non-requeueable deps ti=<TaskInstance: fetch_and_store_amazon_books.fetch_book_data scheduled__2024-06-30T00:00:00+00:00 [queued]>
[2024-10-26T19:21:35.503+0000] {taskinstance.py:2612} INFO - Dependencies all met for dep_context=requeueable deps ti=<TaskInstance: fetch_and_store_amazon_books.fetch_book_data scheduled__2024-06-30T00:00:00+00:00 [queued]>
[2024-10-26T19:21:35.504+0000] {taskinstance.py:2865} INFO - Starting attempt 1 of 2
[2024-10-26T19:21:35.522+0000] {taskinstance.py:2888} INFO - Executing <Task(PythonOperator): fetch_book_data> on 2024-06-30 00:00:00+00:00
[2024-10-26T19:21:35.536+0000] {warnings.py:112} WARNING - /home/***/.local/lib/python3.12/site-packages/***/task/task_runner/standard_task_runner.py:70: DeprecationWarning: This process (pid=550) is multi-threaded, use of fork() may lead to deadlocks in the child.
  pid = os.fork()

[2024-10-26T19:21:35.538+0000] {standard_task_runner.py:72} INFO - Started process 592 to run task
[2024-10-26T19:21:35.539+0000] {standard_task_runner.py:104} INFO - Running: ['***', 'tasks', 'run', 'fetch_and_store_amazon_books', 'fetch_book_data', 'scheduled__2024-06-30T00:00:00+00:00', '--job-id', '34', '--raw', '--subdir', 'DAGS_FOLDER/dag.py', '--cfg-path', '/tmp/tmpzvpwma43']
[2024-10-26T19:21:35.541+0000] {standard_task_runner.py:105} INFO - Job 34: Subtask fetch_book_data
[2024-10-26T19:21:35.615+0000] {task_command.py:467} INFO - Running <TaskInstance: fetch_and_store_amazon_books.fetch_book_data scheduled__2024-06-30T00:00:00+00:00 [running]> on host f1b284c02f67
[2024-10-26T19:21:35.765+0000] {taskinstance.py:3131} INFO - Exporting env vars: AIRFLOW_CTX_DAG_OWNER='***' AIRFLOW_CTX_DAG_ID='fetch_and_store_amazon_books' AIRFLOW_CTX_TASK_ID='fetch_book_data' AIRFLOW_CTX_EXECUTION_DATE='2024-06-30T00:00:00+00:00' AIRFLOW_CTX_TRY_NUMBER='1' AIRFLOW_CTX_DAG_RUN_ID='scheduled__2024-06-30T00:00:00+00:00'
[2024-10-26T19:21:35.768+0000] {logging_mixin.py:190} INFO - Task instance is in running state
[2024-10-26T19:21:35.769+0000] {logging_mixin.py:190} INFO -  Previous state of the Task instance: queued
[2024-10-26T19:21:35.770+0000] {logging_mixin.py:190} INFO - Current task name:fetch_book_data state:running start_date:2024-10-26 19:21:35.489967+00:00
[2024-10-26T19:21:35.771+0000] {logging_mixin.py:190} INFO - Dag name:fetch_and_store_amazon_books and current dag run status:running
[2024-10-26T19:21:35.771+0000] {taskinstance.py:731} INFO - ::endgroup::
[2024-10-26T19:21:35.923+0000] {logging_mixin.py:190} INFO - Failed to retrieve the page
[2024-10-26T19:21:35.956+0000] {python.py:240} INFO - Done. Returned value was: None
[2024-10-26T19:21:35.974+0000] {taskinstance.py:340} INFO - ::group::Post task execution logs
[2024-10-26T19:21:35.975+0000] {taskinstance.py:352} INFO - Marking task as SUCCESS. dag_id=fetch_and_store_amazon_books, task_id=fetch_book_data, run_id=scheduled__2024-06-30T00:00:00+00:00, execution_date=20240630T000000, start_date=20241026T192135, end_date=20241026T192135
[2024-10-26T19:21:35.991+0000] {logging_mixin.py:190} INFO - Task instance in success state
[2024-10-26T19:21:35.992+0000] {logging_mixin.py:190} INFO -  Previous state of the Task instance: running
[2024-10-26T19:21:35.993+0000] {logging_mixin.py:190} INFO - Dag name:fetch_and_store_amazon_books queued_at:2024-10-26 19:21:30.341571+00:00
[2024-10-26T19:21:35.994+0000] {logging_mixin.py:190} INFO - Task hostname:f1b284c02f67 operator:PythonOperator
[2024-10-26T19:21:36.036+0000] {local_task_job_runner.py:266} INFO - Task exited with return code 0
[2024-10-26T19:21:36.049+0000] {local_task_job_runner.py:245} INFO - ::endgroup::
[2024-10-26T19:24:03.979+0000] {local_task_job_runner.py:123} INFO - ::group::Pre task execution logs
[2024-10-26T19:24:04.003+0000] {taskinstance.py:2612} INFO - Dependencies all met for dep_context=non-requeueable deps ti=<TaskInstance: fetch_and_store_amazon_books.fetch_book_data scheduled__2024-06-30T00:00:00+00:00 [queued]>
[2024-10-26T19:24:04.016+0000] {taskinstance.py:2612} INFO - Dependencies all met for dep_context=requeueable deps ti=<TaskInstance: fetch_and_store_amazon_books.fetch_book_data scheduled__2024-06-30T00:00:00+00:00 [queued]>
[2024-10-26T19:24:04.017+0000] {taskinstance.py:2865} INFO - Starting attempt 1 of 2
[2024-10-26T19:24:04.038+0000] {taskinstance.py:2888} INFO - Executing <Task(PythonOperator): fetch_book_data> on 2024-06-30 00:00:00+00:00
[2024-10-26T19:24:04.049+0000] {warnings.py:112} WARNING - /home/***/.local/lib/python3.12/site-packages/***/task/task_runner/standard_task_runner.py:70: DeprecationWarning: This process (pid=777) is multi-threaded, use of fork() may lead to deadlocks in the child.
  pid = os.fork()

[2024-10-26T19:24:04.052+0000] {standard_task_runner.py:72} INFO - Started process 820 to run task
[2024-10-26T19:24:04.053+0000] {standard_task_runner.py:104} INFO - Running: ['***', 'tasks', 'run', 'fetch_and_store_amazon_books', 'fetch_book_data', 'scheduled__2024-06-30T00:00:00+00:00', '--job-id', '81', '--raw', '--subdir', 'DAGS_FOLDER/dag.py', '--cfg-path', '/tmp/tmp7yr9llac']
[2024-10-26T19:24:04.055+0000] {standard_task_runner.py:105} INFO - Job 81: Subtask fetch_book_data
[2024-10-26T19:24:04.131+0000] {task_command.py:467} INFO - Running <TaskInstance: fetch_and_store_amazon_books.fetch_book_data scheduled__2024-06-30T00:00:00+00:00 [running]> on host f1b284c02f67
[2024-10-26T19:24:04.253+0000] {taskinstance.py:3131} INFO - Exporting env vars: AIRFLOW_CTX_DAG_OWNER='***' AIRFLOW_CTX_DAG_ID='fetch_and_store_amazon_books' AIRFLOW_CTX_TASK_ID='fetch_book_data' AIRFLOW_CTX_EXECUTION_DATE='2024-06-30T00:00:00+00:00' AIRFLOW_CTX_TRY_NUMBER='1' AIRFLOW_CTX_DAG_RUN_ID='scheduled__2024-06-30T00:00:00+00:00'
[2024-10-26T19:24:04.255+0000] {logging_mixin.py:190} INFO - Task instance is in running state
[2024-10-26T19:24:04.256+0000] {logging_mixin.py:190} INFO -  Previous state of the Task instance: queued
[2024-10-26T19:24:04.257+0000] {logging_mixin.py:190} INFO - Current task name:fetch_book_data state:running start_date:2024-10-26 19:24:04.004862+00:00
[2024-10-26T19:24:04.257+0000] {logging_mixin.py:190} INFO - Dag name:fetch_and_store_amazon_books and current dag run status:running
[2024-10-26T19:24:04.258+0000] {taskinstance.py:731} INFO - ::endgroup::
[2024-10-26T19:24:06.126+0000] {logging_mixin.py:190} INFO - --> <TaskInstance: fetch_and_store_amazon_books.fetch_book_data scheduled__2024-06-30T00:00:00+00:00 [running]>
[2024-10-26T19:24:06.128+0000] {python.py:240} INFO - Done. Returned value was: None
[2024-10-26T19:24:06.146+0000] {taskinstance.py:340} INFO - ::group::Post task execution logs
[2024-10-26T19:24:06.147+0000] {taskinstance.py:352} INFO - Marking task as SUCCESS. dag_id=fetch_and_store_amazon_books, task_id=fetch_book_data, run_id=scheduled__2024-06-30T00:00:00+00:00, execution_date=20240630T000000, start_date=20241026T192404, end_date=20241026T192406
[2024-10-26T19:24:06.164+0000] {logging_mixin.py:190} INFO - Task instance in success state
[2024-10-26T19:24:06.165+0000] {logging_mixin.py:190} INFO -  Previous state of the Task instance: running
[2024-10-26T19:24:06.166+0000] {logging_mixin.py:190} INFO - Dag name:fetch_and_store_amazon_books queued_at:2024-10-26 19:24:01.506929+00:00
[2024-10-26T19:24:06.167+0000] {logging_mixin.py:190} INFO - Task hostname:f1b284c02f67 operator:PythonOperator
[2024-10-26T19:24:06.195+0000] {local_task_job_runner.py:266} INFO - Task exited with return code 0
[2024-10-26T19:24:06.210+0000] {warnings.py:112} WARNING - /home/***/.local/lib/python3.12/site-packages/***/models/baseoperator.py:1378: AirflowProviderDeprecationWarning: Call to deprecated class PostgresOperator. (Please use `***.providers.common.sql.operators.sql.SQLExecuteQueryOperator`.Also, you can provide `hook_params={'schema': <database>}`.)
  result = cls.__new__(cls)

[2024-10-26T19:24:06.239+0000] {taskinstance.py:3900} INFO - 1 downstream tasks scheduled from follow-on schedule check
[2024-10-26T19:24:06.242+0000] {local_task_job_runner.py:245} INFO - ::endgroup::
[2024-10-26T19:29:06.583+0000] {local_task_job_runner.py:123} INFO - ::group::Pre task execution logs
[2024-10-26T19:29:06.604+0000] {taskinstance.py:2612} INFO - Dependencies all met for dep_context=non-requeueable deps ti=<TaskInstance: fetch_and_store_amazon_books.fetch_book_data scheduled__2024-06-30T00:00:00+00:00 [queued]>
[2024-10-26T19:29:06.619+0000] {taskinstance.py:2612} INFO - Dependencies all met for dep_context=requeueable deps ti=<TaskInstance: fetch_and_store_amazon_books.fetch_book_data scheduled__2024-06-30T00:00:00+00:00 [queued]>
[2024-10-26T19:29:06.619+0000] {taskinstance.py:2865} INFO - Starting attempt 1 of 2
[2024-10-26T19:29:06.643+0000] {taskinstance.py:2888} INFO - Executing <Task(PythonOperator): fetch_book_data> on 2024-06-30 00:00:00+00:00
[2024-10-26T19:29:06.655+0000] {warnings.py:112} WARNING - /home/***/.local/lib/python3.12/site-packages/***/task/task_runner/standard_task_runner.py:70: DeprecationWarning: This process (pid=1064) is multi-threaded, use of fork() may lead to deadlocks in the child.
  pid = os.fork()

[2024-10-26T19:29:06.658+0000] {standard_task_runner.py:72} INFO - Started process 1134 to run task
[2024-10-26T19:29:06.658+0000] {standard_task_runner.py:104} INFO - Running: ['***', 'tasks', 'run', 'fetch_and_store_amazon_books', 'fetch_book_data', 'scheduled__2024-06-30T00:00:00+00:00', '--job-id', '147', '--raw', '--subdir', 'DAGS_FOLDER/dag.py', '--cfg-path', '/tmp/tmp_7ldjrsc']
[2024-10-26T19:29:06.660+0000] {standard_task_runner.py:105} INFO - Job 147: Subtask fetch_book_data
[2024-10-26T19:29:06.729+0000] {task_command.py:467} INFO - Running <TaskInstance: fetch_and_store_amazon_books.fetch_book_data scheduled__2024-06-30T00:00:00+00:00 [running]> on host f1b284c02f67
[2024-10-26T19:29:06.829+0000] {taskinstance.py:3131} INFO - Exporting env vars: AIRFLOW_CTX_DAG_OWNER='***' AIRFLOW_CTX_DAG_ID='fetch_and_store_amazon_books' AIRFLOW_CTX_TASK_ID='fetch_book_data' AIRFLOW_CTX_EXECUTION_DATE='2024-06-30T00:00:00+00:00' AIRFLOW_CTX_TRY_NUMBER='1' AIRFLOW_CTX_DAG_RUN_ID='scheduled__2024-06-30T00:00:00+00:00'
[2024-10-26T19:29:06.831+0000] {logging_mixin.py:190} INFO - Task instance is in running state
[2024-10-26T19:29:06.832+0000] {logging_mixin.py:190} INFO -  Previous state of the Task instance: queued
[2024-10-26T19:29:06.833+0000] {logging_mixin.py:190} INFO - Current task name:fetch_book_data state:running start_date:2024-10-26 19:29:06.605593+00:00
[2024-10-26T19:29:06.833+0000] {logging_mixin.py:190} INFO - Dag name:fetch_and_store_amazon_books and current dag run status:running
[2024-10-26T19:29:06.834+0000] {taskinstance.py:731} INFO - ::endgroup::
[2024-10-26T19:29:06.953+0000] {logging_mixin.py:190} INFO - Failed to retrieve the page
[2024-10-26T19:29:06.975+0000] {logging_mixin.py:190} INFO - --> <TaskInstance: fetch_and_store_amazon_books.fetch_book_data scheduled__2024-06-30T00:00:00+00:00 [running]>
[2024-10-26T19:29:06.976+0000] {python.py:240} INFO - Done. Returned value was: None
[2024-10-26T19:29:06.989+0000] {taskinstance.py:340} INFO - ::group::Post task execution logs
[2024-10-26T19:29:06.990+0000] {taskinstance.py:352} INFO - Marking task as SUCCESS. dag_id=fetch_and_store_amazon_books, task_id=fetch_book_data, run_id=scheduled__2024-06-30T00:00:00+00:00, execution_date=20240630T000000, start_date=20241026T192906, end_date=20241026T192906
[2024-10-26T19:29:07.008+0000] {logging_mixin.py:190} INFO - Task instance in success state
[2024-10-26T19:29:07.008+0000] {logging_mixin.py:190} INFO -  Previous state of the Task instance: running
[2024-10-26T19:29:07.010+0000] {logging_mixin.py:190} INFO - Dag name:fetch_and_store_amazon_books queued_at:2024-10-26 19:29:03.075704+00:00
[2024-10-26T19:29:07.011+0000] {logging_mixin.py:190} INFO - Task hostname:f1b284c02f67 operator:PythonOperator
[2024-10-26T19:29:07.035+0000] {local_task_job_runner.py:266} INFO - Task exited with return code 0
[2024-10-26T19:29:07.064+0000] {warnings.py:112} WARNING - /home/***/.local/lib/python3.12/site-packages/***/models/baseoperator.py:1378: AirflowProviderDeprecationWarning: Call to deprecated class PostgresOperator. (Please use `***.providers.common.sql.operators.sql.SQLExecuteQueryOperator`.Also, you can provide `hook_params={'schema': <database>}`.)
  result = cls.__new__(cls)

[2024-10-26T19:29:07.100+0000] {taskinstance.py:3900} INFO - 1 downstream tasks scheduled from follow-on schedule check
[2024-10-26T19:29:07.103+0000] {local_task_job_runner.py:245} INFO - ::endgroup::
