[2024-10-26T19:39:38.746+0000] {local_task_job_runner.py:123} INFO - ::group::Pre task execution logs
[2024-10-26T19:39:38.777+0000] {taskinstance.py:2612} INFO - Dependencies all met for dep_context=non-requeueable deps ti=<TaskInstance: fetch_and_store_amazon_books.fetch_book_data scheduled__2024-07-30T00:00:00+00:00 [queued]>
[2024-10-26T19:39:38.793+0000] {taskinstance.py:2612} INFO - Dependencies all met for dep_context=requeueable deps ti=<TaskInstance: fetch_and_store_amazon_books.fetch_book_data scheduled__2024-07-30T00:00:00+00:00 [queued]>
[2024-10-26T19:39:38.795+0000] {taskinstance.py:2865} INFO - Starting attempt 1 of 2
[2024-10-26T19:39:38.827+0000] {taskinstance.py:2888} INFO - Executing <Task(PythonOperator): fetch_book_data> on 2024-07-30 00:00:00+00:00
[2024-10-26T19:39:38.848+0000] {warnings.py:112} WARNING - /home/***/.local/lib/python3.12/site-packages/***/task/task_runner/standard_task_runner.py:70: DeprecationWarning: This process (pid=1705) is multi-threaded, use of fork() may lead to deadlocks in the child.
  pid = os.fork()

[2024-10-26T19:39:38.850+0000] {standard_task_runner.py:72} INFO - Started process 1751 to run task
[2024-10-26T19:39:38.857+0000] {standard_task_runner.py:104} INFO - Running: ['***', 'tasks', 'run', 'fetch_and_store_amazon_books', 'fetch_book_data', 'scheduled__2024-07-30T00:00:00+00:00', '--job-id', '264', '--raw', '--subdir', 'DAGS_FOLDER/dag.py', '--cfg-path', '/tmp/tmpmibrosdb']
[2024-10-26T19:39:38.858+0000] {standard_task_runner.py:105} INFO - Job 264: Subtask fetch_book_data
[2024-10-26T19:39:38.989+0000] {task_command.py:467} INFO - Running <TaskInstance: fetch_and_store_amazon_books.fetch_book_data scheduled__2024-07-30T00:00:00+00:00 [running]> on host f1b284c02f67
[2024-10-26T19:39:39.210+0000] {taskinstance.py:3131} INFO - Exporting env vars: AIRFLOW_CTX_DAG_OWNER='***' AIRFLOW_CTX_DAG_ID='fetch_and_store_amazon_books' AIRFLOW_CTX_TASK_ID='fetch_book_data' AIRFLOW_CTX_EXECUTION_DATE='2024-07-30T00:00:00+00:00' AIRFLOW_CTX_TRY_NUMBER='1' AIRFLOW_CTX_DAG_RUN_ID='scheduled__2024-07-30T00:00:00+00:00'
[2024-10-26T19:39:39.213+0000] {logging_mixin.py:190} INFO - Task instance is in running state
[2024-10-26T19:39:39.215+0000] {logging_mixin.py:190} INFO -  Previous state of the Task instance: queued
[2024-10-26T19:39:39.217+0000] {logging_mixin.py:190} INFO - Current task name:fetch_book_data state:running start_date:2024-10-26 19:39:38.778808+00:00
[2024-10-26T19:39:39.221+0000] {logging_mixin.py:190} INFO - Dag name:fetch_and_store_amazon_books and current dag run status:running
[2024-10-26T19:39:39.222+0000] {taskinstance.py:731} INFO - ::endgroup::
[2024-10-26T19:39:39.381+0000] {logging_mixin.py:190} INFO - Failed to retrieve the page
[2024-10-26T19:39:39.426+0000] {logging_mixin.py:190} INFO - --> <TaskInstance: fetch_and_store_amazon_books.fetch_book_data scheduled__2024-07-30T00:00:00+00:00 [running]>
[2024-10-26T19:39:39.429+0000] {python.py:240} INFO - Done. Returned value was: None
[2024-10-26T19:39:39.450+0000] {taskinstance.py:340} INFO - ::group::Post task execution logs
[2024-10-26T19:39:39.450+0000] {taskinstance.py:352} INFO - Marking task as SUCCESS. dag_id=fetch_and_store_amazon_books, task_id=fetch_book_data, run_id=scheduled__2024-07-30T00:00:00+00:00, execution_date=20240730T000000, start_date=20241026T193938, end_date=20241026T193939
[2024-10-26T19:39:41.134+0000] {logging_mixin.py:190} INFO - Task instance in success state
[2024-10-26T19:39:41.136+0000] {logging_mixin.py:190} INFO -  Previous state of the Task instance: running
[2024-10-26T19:39:41.137+0000] {logging_mixin.py:190} INFO - Dag name:fetch_and_store_amazon_books queued_at:2024-10-26 19:39:36.328085+00:00
[2024-10-26T19:39:41.138+0000] {logging_mixin.py:190} INFO - Task hostname:f1b284c02f67 operator:PythonOperator
[2024-10-26T19:39:41.167+0000] {local_task_job_runner.py:266} INFO - Task exited with return code 0
[2024-10-26T19:39:41.184+0000] {warnings.py:112} WARNING - /home/***/.local/lib/python3.12/site-packages/***/models/baseoperator.py:1378: AirflowProviderDeprecationWarning: Call to deprecated class PostgresOperator. (Please use `***.providers.common.sql.operators.sql.SQLExecuteQueryOperator`.Also, you can provide `hook_params={'schema': <database>}`.)
  result = cls.__new__(cls)

[2024-10-26T19:39:41.211+0000] {taskinstance.py:3900} INFO - 1 downstream tasks scheduled from follow-on schedule check
[2024-10-26T19:39:41.214+0000] {local_task_job_runner.py:245} INFO - ::endgroup::
