[2024-10-26T19:21:41.177+0000] {local_task_job_runner.py:123} INFO - ::group::Pre task execution logs
[2024-10-26T19:21:41.207+0000] {taskinstance.py:2612} INFO - Dependencies all met for dep_context=non-requeueable deps ti=<TaskInstance: fetch_and_store_amazon_books.create_table scheduled__2024-06-25T00:00:00+00:00 [queued]>
[2024-10-26T19:21:41.224+0000] {taskinstance.py:2612} INFO - Dependencies all met for dep_context=requeueable deps ti=<TaskInstance: fetch_and_store_amazon_books.create_table scheduled__2024-06-25T00:00:00+00:00 [queued]>
[2024-10-26T19:21:41.225+0000] {taskinstance.py:2865} INFO - Starting attempt 1 of 2
[2024-10-26T19:21:41.250+0000] {taskinstance.py:2888} INFO - Executing <Task(PostgresOperator): create_table> on 2024-06-25 00:00:00+00:00
[2024-10-26T19:21:41.265+0000] {warnings.py:112} WARNING - /home/***/.local/lib/python3.12/site-packages/***/task/task_runner/standard_task_runner.py:70: DeprecationWarning: This process (pid=587) is multi-threaded, use of fork() may lead to deadlocks in the child.
  pid = os.fork()

[2024-10-26T19:21:41.269+0000] {standard_task_runner.py:72} INFO - Started process 675 to run task
[2024-10-26T19:21:41.272+0000] {standard_task_runner.py:104} INFO - Running: ['***', 'tasks', 'run', 'fetch_and_store_amazon_books', 'create_table', 'scheduled__2024-06-25T00:00:00+00:00', '--job-id', '54', '--raw', '--subdir', 'DAGS_FOLDER/dag.py', '--cfg-path', '/tmp/tmpzs2qeqcl']
[2024-10-26T19:21:41.276+0000] {standard_task_runner.py:105} INFO - Job 54: Subtask create_table
[2024-10-26T19:21:41.372+0000] {task_command.py:467} INFO - Running <TaskInstance: fetch_and_store_amazon_books.create_table scheduled__2024-06-25T00:00:00+00:00 [running]> on host f1b284c02f67
[2024-10-26T19:21:41.505+0000] {taskinstance.py:3131} INFO - Exporting env vars: AIRFLOW_CTX_DAG_OWNER='***' AIRFLOW_CTX_DAG_ID='fetch_and_store_amazon_books' AIRFLOW_CTX_TASK_ID='create_table' AIRFLOW_CTX_EXECUTION_DATE='2024-06-25T00:00:00+00:00' AIRFLOW_CTX_TRY_NUMBER='1' AIRFLOW_CTX_DAG_RUN_ID='scheduled__2024-06-25T00:00:00+00:00'
[2024-10-26T19:21:41.508+0000] {logging_mixin.py:190} INFO - Task instance is in running state
[2024-10-26T19:21:41.509+0000] {logging_mixin.py:190} INFO -  Previous state of the Task instance: queued
[2024-10-26T19:21:41.510+0000] {logging_mixin.py:190} INFO - Current task name:create_table state:running start_date:2024-10-26 19:21:41.208530+00:00
[2024-10-26T19:21:41.512+0000] {logging_mixin.py:190} INFO - Dag name:fetch_and_store_amazon_books and current dag run status:running
[2024-10-26T19:21:41.513+0000] {taskinstance.py:731} INFO - ::endgroup::
[2024-10-26T19:21:41.514+0000] {sql.py:266} INFO - Executing: 
    CREATE TABLE IF NOT EXISTS books (
        id SERIAL PRIMARY KEY,
        title TEXT NOT NULL,
        authors TEXT,
        price TEXT,
        rating TEXT
    );
    
[2024-10-26T19:21:41.527+0000] {base.py:84} INFO - Retrieving connection 'books_connection'
[2024-10-26T19:21:41.545+0000] {base.py:84} INFO - Retrieving connection 'books_connection'
[2024-10-26T19:21:41.550+0000] {sql.py:509} INFO - Running statement: 
    CREATE TABLE IF NOT EXISTS books (
        id SERIAL PRIMARY KEY,
        title TEXT NOT NULL,
        authors TEXT,
        price TEXT,
        rating TEXT
    );
    , parameters: None
[2024-10-26T19:21:41.569+0000] {taskinstance.py:340} INFO - ::group::Post task execution logs
[2024-10-26T19:21:41.570+0000] {taskinstance.py:352} INFO - Marking task as SUCCESS. dag_id=fetch_and_store_amazon_books, task_id=create_table, run_id=scheduled__2024-06-25T00:00:00+00:00, execution_date=20240625T000000, start_date=20241026T192141, end_date=20241026T192141
[2024-10-26T19:21:41.592+0000] {logging_mixin.py:190} INFO - Task instance in success state
[2024-10-26T19:21:41.593+0000] {logging_mixin.py:190} INFO -  Previous state of the Task instance: running
[2024-10-26T19:21:41.594+0000] {logging_mixin.py:190} INFO - Dag name:fetch_and_store_amazon_books queued_at:2024-10-26 19:21:29.251285+00:00
[2024-10-26T19:21:41.594+0000] {logging_mixin.py:190} INFO - Task hostname:f1b284c02f67 operator:PostgresOperator
[2024-10-26T19:21:41.651+0000] {local_task_job_runner.py:266} INFO - Task exited with return code 0
[2024-10-26T19:21:41.667+0000] {local_task_job_runner.py:245} INFO - ::endgroup::
[2024-10-26T19:24:05.814+0000] {local_task_job_runner.py:123} INFO - ::group::Pre task execution logs
[2024-10-26T19:24:05.836+0000] {taskinstance.py:2612} INFO - Dependencies all met for dep_context=non-requeueable deps ti=<TaskInstance: fetch_and_store_amazon_books.create_table scheduled__2024-06-25T00:00:00+00:00 [queued]>
[2024-10-26T19:24:05.849+0000] {taskinstance.py:2612} INFO - Dependencies all met for dep_context=requeueable deps ti=<TaskInstance: fetch_and_store_amazon_books.create_table scheduled__2024-06-25T00:00:00+00:00 [queued]>
[2024-10-26T19:24:05.849+0000] {taskinstance.py:2865} INFO - Starting attempt 1 of 2
[2024-10-26T19:24:05.863+0000] {taskinstance.py:2888} INFO - Executing <Task(PostgresOperator): create_table> on 2024-06-25 00:00:00+00:00
[2024-10-26T19:24:05.872+0000] {warnings.py:112} WARNING - /home/***/.local/lib/python3.12/site-packages/***/task/task_runner/standard_task_runner.py:70: DeprecationWarning: This process (pid=811) is multi-threaded, use of fork() may lead to deadlocks in the child.
  pid = os.fork()

[2024-10-26T19:24:05.874+0000] {standard_task_runner.py:72} INFO - Started process 846 to run task
[2024-10-26T19:24:05.874+0000] {standard_task_runner.py:104} INFO - Running: ['***', 'tasks', 'run', 'fetch_and_store_amazon_books', 'create_table', 'scheduled__2024-06-25T00:00:00+00:00', '--job-id', '90', '--raw', '--subdir', 'DAGS_FOLDER/dag.py', '--cfg-path', '/tmp/tmpioomqwur']
[2024-10-26T19:24:05.876+0000] {standard_task_runner.py:105} INFO - Job 90: Subtask create_table
[2024-10-26T19:24:05.940+0000] {task_command.py:467} INFO - Running <TaskInstance: fetch_and_store_amazon_books.create_table scheduled__2024-06-25T00:00:00+00:00 [running]> on host f1b284c02f67
[2024-10-26T19:24:06.059+0000] {taskinstance.py:3131} INFO - Exporting env vars: AIRFLOW_CTX_DAG_OWNER='***' AIRFLOW_CTX_DAG_ID='fetch_and_store_amazon_books' AIRFLOW_CTX_TASK_ID='create_table' AIRFLOW_CTX_EXECUTION_DATE='2024-06-25T00:00:00+00:00' AIRFLOW_CTX_TRY_NUMBER='1' AIRFLOW_CTX_DAG_RUN_ID='scheduled__2024-06-25T00:00:00+00:00'
[2024-10-26T19:24:06.061+0000] {logging_mixin.py:190} INFO - Task instance is in running state
[2024-10-26T19:24:06.062+0000] {logging_mixin.py:190} INFO -  Previous state of the Task instance: queued
[2024-10-26T19:24:06.063+0000] {logging_mixin.py:190} INFO - Current task name:create_table state:running start_date:2024-10-26 19:24:05.837689+00:00
[2024-10-26T19:24:06.063+0000] {logging_mixin.py:190} INFO - Dag name:fetch_and_store_amazon_books and current dag run status:running
[2024-10-26T19:24:06.064+0000] {taskinstance.py:731} INFO - ::endgroup::
[2024-10-26T19:24:06.065+0000] {sql.py:266} INFO - Executing: 
    CREATE TABLE IF NOT EXISTS books (
        id SERIAL PRIMARY KEY,
        title TEXT NOT NULL,
        authors TEXT,
        price TEXT,
        rating TEXT
    );
    
[2024-10-26T19:24:06.076+0000] {base.py:84} INFO - Retrieving connection 'books_connection'
[2024-10-26T19:24:06.086+0000] {base.py:84} INFO - Retrieving connection 'books_connection'
[2024-10-26T19:24:06.091+0000] {sql.py:509} INFO - Running statement: 
    CREATE TABLE IF NOT EXISTS books (
        id SERIAL PRIMARY KEY,
        title TEXT NOT NULL,
        authors TEXT,
        price TEXT,
        rating TEXT
    );
    , parameters: None
[2024-10-26T19:24:06.105+0000] {taskinstance.py:340} INFO - ::group::Post task execution logs
[2024-10-26T19:24:06.106+0000] {taskinstance.py:352} INFO - Marking task as SUCCESS. dag_id=fetch_and_store_amazon_books, task_id=create_table, run_id=scheduled__2024-06-25T00:00:00+00:00, execution_date=20240625T000000, start_date=20241026T192405, end_date=20241026T192406
[2024-10-26T19:24:06.119+0000] {logging_mixin.py:190} INFO - Task instance in success state
[2024-10-26T19:24:06.120+0000] {logging_mixin.py:190} INFO -  Previous state of the Task instance: running
[2024-10-26T19:24:06.120+0000] {logging_mixin.py:190} INFO - Dag name:fetch_and_store_amazon_books queued_at:2024-10-26 19:24:00.541625+00:00
[2024-10-26T19:24:06.121+0000] {logging_mixin.py:190} INFO - Task hostname:f1b284c02f67 operator:PostgresOperator
[2024-10-26T19:24:06.168+0000] {local_task_job_runner.py:266} INFO - Task exited with return code 0
[2024-10-26T19:24:06.185+0000] {warnings.py:112} WARNING - /home/***/.local/lib/python3.12/site-packages/***/models/baseoperator.py:1378: AirflowProviderDeprecationWarning: Call to deprecated class PostgresOperator. (Please use `***.providers.common.sql.operators.sql.SQLExecuteQueryOperator`.Also, you can provide `hook_params={'schema': <database>}`.)
  result = cls.__new__(cls)

[2024-10-26T19:24:06.206+0000] {taskinstance.py:3900} INFO - 1 downstream tasks scheduled from follow-on schedule check
[2024-10-26T19:24:06.209+0000] {local_task_job_runner.py:245} INFO - ::endgroup::
[2024-10-26T19:29:07.084+0000] {local_task_job_runner.py:123} INFO - ::group::Pre task execution logs
[2024-10-26T19:29:07.119+0000] {taskinstance.py:2612} INFO - Dependencies all met for dep_context=non-requeueable deps ti=<TaskInstance: fetch_and_store_amazon_books.create_table scheduled__2024-06-25T00:00:00+00:00 [queued]>
[2024-10-26T19:29:07.133+0000] {taskinstance.py:2612} INFO - Dependencies all met for dep_context=requeueable deps ti=<TaskInstance: fetch_and_store_amazon_books.create_table scheduled__2024-06-25T00:00:00+00:00 [queued]>
[2024-10-26T19:29:07.134+0000] {taskinstance.py:2865} INFO - Starting attempt 1 of 2
[2024-10-26T19:29:07.152+0000] {taskinstance.py:2888} INFO - Executing <Task(PostgresOperator): create_table> on 2024-06-25 00:00:00+00:00
[2024-10-26T19:29:07.162+0000] {warnings.py:112} WARNING - /home/***/.local/lib/python3.12/site-packages/***/task/task_runner/standard_task_runner.py:70: DeprecationWarning: This process (pid=1102) is multi-threaded, use of fork() may lead to deadlocks in the child.
  pid = os.fork()

[2024-10-26T19:29:07.165+0000] {standard_task_runner.py:72} INFO - Started process 1145 to run task
[2024-10-26T19:29:07.165+0000] {standard_task_runner.py:104} INFO - Running: ['***', 'tasks', 'run', 'fetch_and_store_amazon_books', 'create_table', 'scheduled__2024-06-25T00:00:00+00:00', '--job-id', '149', '--raw', '--subdir', 'DAGS_FOLDER/dag.py', '--cfg-path', '/tmp/tmpi74302bz']
[2024-10-26T19:29:07.167+0000] {standard_task_runner.py:105} INFO - Job 149: Subtask create_table
[2024-10-26T19:29:07.223+0000] {task_command.py:467} INFO - Running <TaskInstance: fetch_and_store_amazon_books.create_table scheduled__2024-06-25T00:00:00+00:00 [running]> on host f1b284c02f67
[2024-10-26T19:29:07.323+0000] {taskinstance.py:3131} INFO - Exporting env vars: AIRFLOW_CTX_DAG_OWNER='***' AIRFLOW_CTX_DAG_ID='fetch_and_store_amazon_books' AIRFLOW_CTX_TASK_ID='create_table' AIRFLOW_CTX_EXECUTION_DATE='2024-06-25T00:00:00+00:00' AIRFLOW_CTX_TRY_NUMBER='1' AIRFLOW_CTX_DAG_RUN_ID='scheduled__2024-06-25T00:00:00+00:00'
[2024-10-26T19:29:07.325+0000] {logging_mixin.py:190} INFO - Task instance is in running state
[2024-10-26T19:29:07.325+0000] {logging_mixin.py:190} INFO -  Previous state of the Task instance: queued
[2024-10-26T19:29:07.326+0000] {logging_mixin.py:190} INFO - Current task name:create_table state:running start_date:2024-10-26 19:29:07.120292+00:00
[2024-10-26T19:29:07.326+0000] {logging_mixin.py:190} INFO - Dag name:fetch_and_store_amazon_books and current dag run status:running
[2024-10-26T19:29:07.327+0000] {taskinstance.py:731} INFO - ::endgroup::
[2024-10-26T19:29:07.328+0000] {sql.py:266} INFO - Executing: 
    CREATE TABLE IF NOT EXISTS books (
        id SERIAL PRIMARY KEY,
        title TEXT NOT NULL,
        authors TEXT,
        price TEXT,
        rating TEXT
    );
    
[2024-10-26T19:29:07.340+0000] {base.py:84} INFO - Retrieving connection 'books_connection'
[2024-10-26T19:29:07.350+0000] {base.py:84} INFO - Retrieving connection 'books_connection'
[2024-10-26T19:29:07.354+0000] {sql.py:509} INFO - Running statement: 
    CREATE TABLE IF NOT EXISTS books (
        id SERIAL PRIMARY KEY,
        title TEXT NOT NULL,
        authors TEXT,
        price TEXT,
        rating TEXT
    );
    , parameters: None
[2024-10-26T19:29:07.367+0000] {taskinstance.py:340} INFO - ::group::Post task execution logs
[2024-10-26T19:29:07.368+0000] {taskinstance.py:352} INFO - Marking task as SUCCESS. dag_id=fetch_and_store_amazon_books, task_id=create_table, run_id=scheduled__2024-06-25T00:00:00+00:00, execution_date=20240625T000000, start_date=20241026T192907, end_date=20241026T192907
[2024-10-26T19:29:07.380+0000] {logging_mixin.py:190} INFO - Task instance in success state
[2024-10-26T19:29:07.381+0000] {logging_mixin.py:190} INFO -  Previous state of the Task instance: running
[2024-10-26T19:29:07.381+0000] {logging_mixin.py:190} INFO - Dag name:fetch_and_store_amazon_books queued_at:2024-10-26 19:29:02.115370+00:00
[2024-10-26T19:29:07.382+0000] {logging_mixin.py:190} INFO - Task hostname:f1b284c02f67 operator:PostgresOperator
[2024-10-26T19:29:07.421+0000] {local_task_job_runner.py:266} INFO - Task exited with return code 0
[2024-10-26T19:29:07.431+0000] {local_task_job_runner.py:245} INFO - ::endgroup::
