[2024-10-26T19:21:40.201+0000] {local_task_job_runner.py:123} INFO - ::group::Pre task execution logs
[2024-10-26T19:21:40.228+0000] {taskinstance.py:2612} INFO - Dependencies all met for dep_context=non-requeueable deps ti=<TaskInstance: fetch_and_store_amazon_books.create_table scheduled__2024-07-04T00:00:00+00:00 [queued]>
[2024-10-26T19:21:40.243+0000] {taskinstance.py:2612} INFO - Dependencies all met for dep_context=requeueable deps ti=<TaskInstance: fetch_and_store_amazon_books.create_table scheduled__2024-07-04T00:00:00+00:00 [queued]>
[2024-10-26T19:21:40.244+0000] {taskinstance.py:2865} INFO - Starting attempt 1 of 2
[2024-10-26T19:21:40.270+0000] {taskinstance.py:2888} INFO - Executing <Task(PostgresOperator): create_table> on 2024-07-04 00:00:00+00:00
[2024-10-26T19:21:40.282+0000] {warnings.py:112} WARNING - /home/***/.local/lib/python3.12/site-packages/***/task/task_runner/standard_task_runner.py:70: DeprecationWarning: This process (pid=623) is multi-threaded, use of fork() may lead to deadlocks in the child.
  pid = os.fork()

[2024-10-26T19:21:40.285+0000] {standard_task_runner.py:72} INFO - Started process 659 to run task
[2024-10-26T19:21:40.285+0000] {standard_task_runner.py:104} INFO - Running: ['***', 'tasks', 'run', 'fetch_and_store_amazon_books', 'create_table', 'scheduled__2024-07-04T00:00:00+00:00', '--job-id', '50', '--raw', '--subdir', 'DAGS_FOLDER/dag.py', '--cfg-path', '/tmp/tmpfokviz74']
[2024-10-26T19:21:40.286+0000] {standard_task_runner.py:105} INFO - Job 50: Subtask create_table
[2024-10-26T19:21:40.363+0000] {task_command.py:467} INFO - Running <TaskInstance: fetch_and_store_amazon_books.create_table scheduled__2024-07-04T00:00:00+00:00 [running]> on host f1b284c02f67
[2024-10-26T19:21:40.495+0000] {taskinstance.py:3131} INFO - Exporting env vars: AIRFLOW_CTX_DAG_OWNER='***' AIRFLOW_CTX_DAG_ID='fetch_and_store_amazon_books' AIRFLOW_CTX_TASK_ID='create_table' AIRFLOW_CTX_EXECUTION_DATE='2024-07-04T00:00:00+00:00' AIRFLOW_CTX_TRY_NUMBER='1' AIRFLOW_CTX_DAG_RUN_ID='scheduled__2024-07-04T00:00:00+00:00'
[2024-10-26T19:21:40.497+0000] {logging_mixin.py:190} INFO - Task instance is in running state
[2024-10-26T19:21:40.500+0000] {logging_mixin.py:190} INFO -  Previous state of the Task instance: queued
[2024-10-26T19:21:40.501+0000] {logging_mixin.py:190} INFO - Current task name:create_table state:running start_date:2024-10-26 19:21:40.229819+00:00
[2024-10-26T19:21:40.502+0000] {logging_mixin.py:190} INFO - Dag name:fetch_and_store_amazon_books and current dag run status:running
[2024-10-26T19:21:40.503+0000] {taskinstance.py:731} INFO - ::endgroup::
[2024-10-26T19:21:40.504+0000] {sql.py:266} INFO - Executing: 
    CREATE TABLE IF NOT EXISTS books (
        id SERIAL PRIMARY KEY,
        title TEXT NOT NULL,
        authors TEXT,
        price TEXT,
        rating TEXT
    );
    
[2024-10-26T19:21:40.521+0000] {base.py:84} INFO - Retrieving connection 'books_connection'
[2024-10-26T19:21:40.533+0000] {base.py:84} INFO - Retrieving connection 'books_connection'
[2024-10-26T19:21:40.541+0000] {sql.py:509} INFO - Running statement: 
    CREATE TABLE IF NOT EXISTS books (
        id SERIAL PRIMARY KEY,
        title TEXT NOT NULL,
        authors TEXT,
        price TEXT,
        rating TEXT
    );
    , parameters: None
[2024-10-26T19:21:40.561+0000] {taskinstance.py:340} INFO - ::group::Post task execution logs
[2024-10-26T19:21:40.563+0000] {taskinstance.py:352} INFO - Marking task as SUCCESS. dag_id=fetch_and_store_amazon_books, task_id=create_table, run_id=scheduled__2024-07-04T00:00:00+00:00, execution_date=20240704T000000, start_date=20241026T192140, end_date=20241026T192140
[2024-10-26T19:21:40.584+0000] {logging_mixin.py:190} INFO - Task instance in success state
[2024-10-26T19:21:40.587+0000] {logging_mixin.py:190} INFO -  Previous state of the Task instance: running
[2024-10-26T19:21:40.588+0000] {logging_mixin.py:190} INFO - Dag name:fetch_and_store_amazon_books queued_at:2024-10-26 19:21:31.642861+00:00
[2024-10-26T19:21:40.589+0000] {logging_mixin.py:190} INFO - Task hostname:f1b284c02f67 operator:PostgresOperator
[2024-10-26T19:21:40.625+0000] {local_task_job_runner.py:266} INFO - Task exited with return code 0
[2024-10-26T19:21:40.649+0000] {local_task_job_runner.py:245} INFO - ::endgroup::
[2024-10-26T19:24:08.765+0000] {local_task_job_runner.py:123} INFO - ::group::Pre task execution logs
[2024-10-26T19:24:08.792+0000] {taskinstance.py:2612} INFO - Dependencies all met for dep_context=non-requeueable deps ti=<TaskInstance: fetch_and_store_amazon_books.create_table scheduled__2024-07-04T00:00:00+00:00 [queued]>
[2024-10-26T19:24:08.810+0000] {taskinstance.py:2612} INFO - Dependencies all met for dep_context=requeueable deps ti=<TaskInstance: fetch_and_store_amazon_books.create_table scheduled__2024-07-04T00:00:00+00:00 [queued]>
[2024-10-26T19:24:08.812+0000] {taskinstance.py:2865} INFO - Starting attempt 1 of 2
[2024-10-26T19:24:08.843+0000] {taskinstance.py:2888} INFO - Executing <Task(PostgresOperator): create_table> on 2024-07-04 00:00:00+00:00
[2024-10-26T19:24:08.858+0000] {warnings.py:112} WARNING - /home/***/.local/lib/python3.12/site-packages/***/task/task_runner/standard_task_runner.py:70: DeprecationWarning: This process (pid=869) is multi-threaded, use of fork() may lead to deadlocks in the child.
  pid = os.fork()

[2024-10-26T19:24:08.861+0000] {standard_task_runner.py:72} INFO - Started process 912 to run task
[2024-10-26T19:24:08.862+0000] {standard_task_runner.py:104} INFO - Running: ['***', 'tasks', 'run', 'fetch_and_store_amazon_books', 'create_table', 'scheduled__2024-07-04T00:00:00+00:00', '--job-id', '107', '--raw', '--subdir', 'DAGS_FOLDER/dag.py', '--cfg-path', '/tmp/tmpevyhbfrp']
[2024-10-26T19:24:08.872+0000] {standard_task_runner.py:105} INFO - Job 107: Subtask create_table
[2024-10-26T19:24:08.967+0000] {task_command.py:467} INFO - Running <TaskInstance: fetch_and_store_amazon_books.create_table scheduled__2024-07-04T00:00:00+00:00 [running]> on host f1b284c02f67
[2024-10-26T19:24:09.107+0000] {taskinstance.py:3131} INFO - Exporting env vars: AIRFLOW_CTX_DAG_OWNER='***' AIRFLOW_CTX_DAG_ID='fetch_and_store_amazon_books' AIRFLOW_CTX_TASK_ID='create_table' AIRFLOW_CTX_EXECUTION_DATE='2024-07-04T00:00:00+00:00' AIRFLOW_CTX_TRY_NUMBER='1' AIRFLOW_CTX_DAG_RUN_ID='scheduled__2024-07-04T00:00:00+00:00'
[2024-10-26T19:24:09.109+0000] {logging_mixin.py:190} INFO - Task instance is in running state
[2024-10-26T19:24:09.110+0000] {logging_mixin.py:190} INFO -  Previous state of the Task instance: queued
[2024-10-26T19:24:09.111+0000] {logging_mixin.py:190} INFO - Current task name:create_table state:running start_date:2024-10-26 19:24:08.793253+00:00
[2024-10-26T19:24:09.112+0000] {logging_mixin.py:190} INFO - Dag name:fetch_and_store_amazon_books and current dag run status:running
[2024-10-26T19:24:09.114+0000] {taskinstance.py:731} INFO - ::endgroup::
[2024-10-26T19:24:09.115+0000] {sql.py:266} INFO - Executing: 
    CREATE TABLE IF NOT EXISTS books (
        id SERIAL PRIMARY KEY,
        title TEXT NOT NULL,
        authors TEXT,
        price TEXT,
        rating TEXT
    );
    
[2024-10-26T19:24:09.128+0000] {base.py:84} INFO - Retrieving connection 'books_connection'
[2024-10-26T19:24:09.138+0000] {base.py:84} INFO - Retrieving connection 'books_connection'
[2024-10-26T19:24:09.145+0000] {sql.py:509} INFO - Running statement: 
    CREATE TABLE IF NOT EXISTS books (
        id SERIAL PRIMARY KEY,
        title TEXT NOT NULL,
        authors TEXT,
        price TEXT,
        rating TEXT
    );
    , parameters: None
[2024-10-26T19:24:09.161+0000] {taskinstance.py:340} INFO - ::group::Post task execution logs
[2024-10-26T19:24:09.163+0000] {taskinstance.py:352} INFO - Marking task as SUCCESS. dag_id=fetch_and_store_amazon_books, task_id=create_table, run_id=scheduled__2024-07-04T00:00:00+00:00, execution_date=20240704T000000, start_date=20241026T192408, end_date=20241026T192409
[2024-10-26T19:24:09.178+0000] {logging_mixin.py:190} INFO - Task instance in success state
[2024-10-26T19:24:09.179+0000] {logging_mixin.py:190} INFO -  Previous state of the Task instance: running
[2024-10-26T19:24:09.182+0000] {logging_mixin.py:190} INFO - Dag name:fetch_and_store_amazon_books queued_at:2024-10-26 19:24:02.832938+00:00
[2024-10-26T19:24:09.183+0000] {logging_mixin.py:190} INFO - Task hostname:f1b284c02f67 operator:PostgresOperator
[2024-10-26T19:24:09.201+0000] {local_task_job_runner.py:266} INFO - Task exited with return code 0
[2024-10-26T19:24:09.219+0000] {local_task_job_runner.py:245} INFO - ::endgroup::
[2024-10-26T19:29:09.558+0000] {local_task_job_runner.py:123} INFO - ::group::Pre task execution logs
[2024-10-26T19:29:09.581+0000] {taskinstance.py:2612} INFO - Dependencies all met for dep_context=non-requeueable deps ti=<TaskInstance: fetch_and_store_amazon_books.create_table scheduled__2024-07-04T00:00:00+00:00 [queued]>
[2024-10-26T19:29:09.593+0000] {taskinstance.py:2612} INFO - Dependencies all met for dep_context=requeueable deps ti=<TaskInstance: fetch_and_store_amazon_books.create_table scheduled__2024-07-04T00:00:00+00:00 [queued]>
[2024-10-26T19:29:09.594+0000] {taskinstance.py:2865} INFO - Starting attempt 1 of 2
[2024-10-26T19:29:09.608+0000] {taskinstance.py:2888} INFO - Executing <Task(PostgresOperator): create_table> on 2024-07-04 00:00:00+00:00
[2024-10-26T19:29:09.616+0000] {warnings.py:112} WARNING - /home/***/.local/lib/python3.12/site-packages/***/task/task_runner/standard_task_runner.py:70: DeprecationWarning: This process (pid=1158) is multi-threaded, use of fork() may lead to deadlocks in the child.
  pid = os.fork()

[2024-10-26T19:29:09.618+0000] {standard_task_runner.py:72} INFO - Started process 1188 to run task
[2024-10-26T19:29:09.619+0000] {standard_task_runner.py:104} INFO - Running: ['***', 'tasks', 'run', 'fetch_and_store_amazon_books', 'create_table', 'scheduled__2024-07-04T00:00:00+00:00', '--job-id', '158', '--raw', '--subdir', 'DAGS_FOLDER/dag.py', '--cfg-path', '/tmp/tmpifw1lj_o']
[2024-10-26T19:29:09.620+0000] {standard_task_runner.py:105} INFO - Job 158: Subtask create_table
[2024-10-26T19:29:09.679+0000] {task_command.py:467} INFO - Running <TaskInstance: fetch_and_store_amazon_books.create_table scheduled__2024-07-04T00:00:00+00:00 [running]> on host f1b284c02f67
[2024-10-26T19:29:09.782+0000] {taskinstance.py:3131} INFO - Exporting env vars: AIRFLOW_CTX_DAG_OWNER='***' AIRFLOW_CTX_DAG_ID='fetch_and_store_amazon_books' AIRFLOW_CTX_TASK_ID='create_table' AIRFLOW_CTX_EXECUTION_DATE='2024-07-04T00:00:00+00:00' AIRFLOW_CTX_TRY_NUMBER='1' AIRFLOW_CTX_DAG_RUN_ID='scheduled__2024-07-04T00:00:00+00:00'
[2024-10-26T19:29:09.784+0000] {logging_mixin.py:190} INFO - Task instance is in running state
[2024-10-26T19:29:09.785+0000] {logging_mixin.py:190} INFO -  Previous state of the Task instance: queued
[2024-10-26T19:29:09.786+0000] {logging_mixin.py:190} INFO - Current task name:create_table state:running start_date:2024-10-26 19:29:09.582480+00:00
[2024-10-26T19:29:09.786+0000] {logging_mixin.py:190} INFO - Dag name:fetch_and_store_amazon_books and current dag run status:running
[2024-10-26T19:29:09.787+0000] {taskinstance.py:731} INFO - ::endgroup::
[2024-10-26T19:29:09.788+0000] {sql.py:266} INFO - Executing: 
    CREATE TABLE IF NOT EXISTS books (
        id SERIAL PRIMARY KEY,
        title TEXT NOT NULL,
        authors TEXT,
        price TEXT,
        rating TEXT
    );
    
[2024-10-26T19:29:09.799+0000] {base.py:84} INFO - Retrieving connection 'books_connection'
[2024-10-26T19:29:09.810+0000] {base.py:84} INFO - Retrieving connection 'books_connection'
[2024-10-26T19:29:09.814+0000] {sql.py:509} INFO - Running statement: 
    CREATE TABLE IF NOT EXISTS books (
        id SERIAL PRIMARY KEY,
        title TEXT NOT NULL,
        authors TEXT,
        price TEXT,
        rating TEXT
    );
    , parameters: None
[2024-10-26T19:29:09.827+0000] {taskinstance.py:340} INFO - ::group::Post task execution logs
[2024-10-26T19:29:09.827+0000] {taskinstance.py:352} INFO - Marking task as SUCCESS. dag_id=fetch_and_store_amazon_books, task_id=create_table, run_id=scheduled__2024-07-04T00:00:00+00:00, execution_date=20240704T000000, start_date=20241026T192909, end_date=20241026T192909
[2024-10-26T19:29:09.839+0000] {logging_mixin.py:190} INFO - Task instance in success state
[2024-10-26T19:29:09.840+0000] {logging_mixin.py:190} INFO -  Previous state of the Task instance: running
[2024-10-26T19:29:09.840+0000] {logging_mixin.py:190} INFO - Dag name:fetch_and_store_amazon_books queued_at:2024-10-26 19:29:04.323490+00:00
[2024-10-26T19:29:09.841+0000] {logging_mixin.py:190} INFO - Task hostname:f1b284c02f67 operator:PostgresOperator
[2024-10-26T19:29:09.874+0000] {local_task_job_runner.py:266} INFO - Task exited with return code 0
[2024-10-26T19:29:09.888+0000] {local_task_job_runner.py:245} INFO - ::endgroup::
